CRITICAL - 2023-07-13 11:05:48 --> Undefined property: stdClass::$rating
in APPPATH\Views\Product\list.php on line 130.
 1 APPPATH\Views\Product\list.php(130): CodeIgniter\Debug\Exceptions->errorHandler(2, 'Undefined property: stdClass::$rating', 'APPPATH\\Views\\Product\\list.php', 130)
 2 SYSTEMPATH\View\View.php(213): include('APPPATH\\Views\\Product\\list.php')
 3 SYSTEMPATH\View\View.php(216): CodeIgniter\View\View->CodeIgniter\View\{closure}()
 4 SYSTEMPATH\Common.php(1184): CodeIgniter\View\View->render('Product/list', [], true)
 5 APPPATH\Controllers\ProductController.php(78): view('Product/list', [...])
 6 SYSTEMPATH\CodeIgniter.php(934): App\Controllers\ProductController->list()
 7 SYSTEMPATH\CodeIgniter.php(499): CodeIgniter\CodeIgniter->runController(Object(App\Controllers\ProductController))
 8 SYSTEMPATH\CodeIgniter.php(368): CodeIgniter\CodeIgniter->handleRequest(null, Object(Config\Cache), false)
 9 FCPATH\index.php(67): CodeIgniter\CodeIgniter->run()
10 SYSTEMPATH\Commands\Server\rewrite.php(47): require_once('FCPATH\\index.php')
CRITICAL - 2023-07-13 11:06:38 --> Unsupported operand types: string * int
in APPPATH\Views\Product\list.php on line 130.
 1 SYSTEMPATH\View\View.php(213): include()
 2 SYSTEMPATH\View\View.php(216): CodeIgniter\View\View->CodeIgniter\View\{closure}()
 3 SYSTEMPATH\Common.php(1184): CodeIgniter\View\View->render('Product/list', [], true)
 4 APPPATH\Controllers\ProductController.php(78): view('Product/list', [...])
 5 SYSTEMPATH\CodeIgniter.php(934): App\Controllers\ProductController->list()
 6 SYSTEMPATH\CodeIgniter.php(499): CodeIgniter\CodeIgniter->runController(Object(App\Controllers\ProductController))
 7 SYSTEMPATH\CodeIgniter.php(368): CodeIgniter\CodeIgniter->handleRequest(null, Object(Config\Cache), false)
 8 FCPATH\index.php(67): CodeIgniter\CodeIgniter->run()
 9 SYSTEMPATH\Commands\Server\rewrite.php(47): require_once('FCPATH\\index.php')
CRITICAL - 2023-07-13 11:06:40 --> Unsupported operand types: string * int
in APPPATH\Views\Product\list.php on line 130.
 1 SYSTEMPATH\View\View.php(213): include()
 2 SYSTEMPATH\View\View.php(216): CodeIgniter\View\View->CodeIgniter\View\{closure}()
 3 SYSTEMPATH\Common.php(1184): CodeIgniter\View\View->render('Product/list', [], true)
 4 APPPATH\Controllers\ProductController.php(78): view('Product/list', [...])
 5 SYSTEMPATH\CodeIgniter.php(934): App\Controllers\ProductController->list()
 6 SYSTEMPATH\CodeIgniter.php(499): CodeIgniter\CodeIgniter->runController(Object(App\Controllers\ProductController))
 7 SYSTEMPATH\CodeIgniter.php(368): CodeIgniter\CodeIgniter->handleRequest(null, Object(Config\Cache), false)
 8 FCPATH\index.php(67): CodeIgniter\CodeIgniter->run()
 9 SYSTEMPATH\Commands\Server\rewrite.php(47): require_once('FCPATH\\index.php')
