CRITICAL - 2023-08-21 05:54:01 --> foreach() argument must be of type array|object, string given
in APPPATH\Controllers\MarketingController.php on line 52.
 1 APPPATH\Controllers\MarketingController.php(52): CodeIgniter\Debug\Exceptions->errorHandler(2, 'foreach() argument must be of type array|object, string given', 'APPPATH\\Controllers\\MarketingController.php', 52)
 2 SYSTEMPATH\CodeIgniter.php(934): App\Controllers\MarketingController->sendEmail()
 3 SYSTEMPATH\CodeIgniter.php(499): CodeIgniter\CodeIgniter->runController(Object(App\Controllers\MarketingController))
 4 SYSTEMPATH\CodeIgniter.php(368): CodeIgniter\CodeIgniter->handleRequest(null, Object(Config\Cache), false)
 5 FCPATH\index.php(67): CodeIgniter\CodeIgniter->run()
 6 SYSTEMPATH\Commands\Server\rewrite.php(47): require_once('FCPATH\\index.php')
CRITICAL - 2023-08-21 05:54:05 --> foreach() argument must be of type array|object, string given
in APPPATH\Controllers\MarketingController.php on line 52.
 1 APPPATH\Controllers\MarketingController.php(52): CodeIgniter\Debug\Exceptions->errorHandler(2, 'foreach() argument must be of type array|object, string given', 'APPPATH\\Controllers\\MarketingController.php', 52)
 2 SYSTEMPATH\CodeIgniter.php(934): App\Controllers\MarketingController->sendEmail()
 3 SYSTEMPATH\CodeIgniter.php(499): CodeIgniter\CodeIgniter->runController(Object(App\Controllers\MarketingController))
 4 SYSTEMPATH\CodeIgniter.php(368): CodeIgniter\CodeIgniter->handleRequest(null, Object(Config\Cache), false)
 5 FCPATH\index.php(67): CodeIgniter\CodeIgniter->run()
 6 SYSTEMPATH\Commands\Server\rewrite.php(47): require_once('FCPATH\\index.php')
CRITICAL - 2023-08-21 06:13:30 --> foreach() argument must be of type array|object, string given
in APPPATH\Controllers\MarketingController.php on line 52.
 1 APPPATH\Controllers\MarketingController.php(52): CodeIgniter\Debug\Exceptions->errorHandler(2, 'foreach() argument must be of type array|object, string given', 'APPPATH\\Controllers\\MarketingController.php', 52)
 2 SYSTEMPATH\CodeIgniter.php(934): App\Controllers\MarketingController->sendEmail()
 3 SYSTEMPATH\CodeIgniter.php(499): CodeIgniter\CodeIgniter->runController(Object(App\Controllers\MarketingController))
 4 SYSTEMPATH\CodeIgniter.php(368): CodeIgniter\CodeIgniter->handleRequest(null, Object(Config\Cache), false)
 5 FCPATH\index.php(67): CodeIgniter\CodeIgniter->run()
 6 SYSTEMPATH\Commands\Server\rewrite.php(47): require_once('FCPATH\\index.php')
CRITICAL - 2023-08-21 06:13:43 --> foreach() argument must be of type array|object, string given
in APPPATH\Controllers\MarketingController.php on line 52.
 1 APPPATH\Controllers\MarketingController.php(52): CodeIgniter\Debug\Exceptions->errorHandler(2, 'foreach() argument must be of type array|object, string given', 'APPPATH\\Controllers\\MarketingController.php', 52)
 2 SYSTEMPATH\CodeIgniter.php(934): App\Controllers\MarketingController->sendEmail()
 3 SYSTEMPATH\CodeIgniter.php(499): CodeIgniter\CodeIgniter->runController(Object(App\Controllers\MarketingController))
 4 SYSTEMPATH\CodeIgniter.php(368): CodeIgniter\CodeIgniter->handleRequest(null, Object(Config\Cache), false)
 5 FCPATH\index.php(67): CodeIgniter\CodeIgniter->run()
 6 SYSTEMPATH\Commands\Server\rewrite.php(47): require_once('FCPATH\\index.php')
CRITICAL - 2023-08-21 06:28:18 --> foreach() argument must be of type array|object, string given
in APPPATH\Controllers\MarketingController.php on line 52.
 1 APPPATH\Controllers\MarketingController.php(52): CodeIgniter\Debug\Exceptions->errorHandler(2, 'foreach() argument must be of type array|object, string given', 'APPPATH\\Controllers\\MarketingController.php', 52)
 2 SYSTEMPATH\CodeIgniter.php(934): App\Controllers\MarketingController->sendEmail()
 3 SYSTEMPATH\CodeIgniter.php(499): CodeIgniter\CodeIgniter->runController(Object(App\Controllers\MarketingController))
 4 SYSTEMPATH\CodeIgniter.php(368): CodeIgniter\CodeIgniter->handleRequest(null, Object(Config\Cache), false)
 5 FCPATH\index.php(67): CodeIgniter\CodeIgniter->run()
 6 SYSTEMPATH\Commands\Server\rewrite.php(47): require_once('FCPATH\\index.php')
CRITICAL - 2023-08-21 06:33:33 --> foreach() argument must be of type array|object, string given
in APPPATH\Controllers\MarketingController.php on line 52.
 1 APPPATH\Controllers\MarketingController.php(52): CodeIgniter\Debug\Exceptions->errorHandler(2, 'foreach() argument must be of type array|object, string given', 'APPPATH\\Controllers\\MarketingController.php', 52)
 2 SYSTEMPATH\CodeIgniter.php(934): App\Controllers\MarketingController->sendEmail()
 3 SYSTEMPATH\CodeIgniter.php(499): CodeIgniter\CodeIgniter->runController(Object(App\Controllers\MarketingController))
 4 SYSTEMPATH\CodeIgniter.php(368): CodeIgniter\CodeIgniter->handleRequest(null, Object(Config\Cache), false)
 5 FCPATH\index.php(67): CodeIgniter\CodeIgniter->run()
 6 SYSTEMPATH\Commands\Server\rewrite.php(47): require_once('FCPATH\\index.php')
CRITICAL - 2023-08-21 06:34:17 --> foreach() argument must be of type array|object, string given
in APPPATH\Controllers\MarketingController.php on line 52.
 1 APPPATH\Controllers\MarketingController.php(52): CodeIgniter\Debug\Exceptions->errorHandler(2, 'foreach() argument must be of type array|object, string given', 'APPPATH\\Controllers\\MarketingController.php', 52)
 2 SYSTEMPATH\CodeIgniter.php(934): App\Controllers\MarketingController->sendEmail()
 3 SYSTEMPATH\CodeIgniter.php(499): CodeIgniter\CodeIgniter->runController(Object(App\Controllers\MarketingController))
 4 SYSTEMPATH\CodeIgniter.php(368): CodeIgniter\CodeIgniter->handleRequest(null, Object(Config\Cache), false)
 5 FCPATH\index.php(67): CodeIgniter\CodeIgniter->run()
 6 SYSTEMPATH\Commands\Server\rewrite.php(47): require_once('FCPATH\\index.php')
ERROR - 2023-08-21 06:56:10 --> mysqli_sql_exception: Unknown column 'registration_date' in 'where clause' in C:\xampp\htdocs\New folder\Darwin_Jewels\backend\system\Database\MySQLi\Connection.php:295
Stack trace:
#0 C:\xampp\htdocs\New folder\Darwin_Jewels\backend\system\Database\MySQLi\Connection.php(295): mysqli->query('SELECT *\nFROM `...', 0)
#1 C:\xampp\htdocs\New folder\Darwin_Jewels\backend\system\Database\BaseConnection.php(691): CodeIgniter\Database\MySQLi\Connection->execute('SELECT *\nFROM `...')
#2 C:\xampp\htdocs\New folder\Darwin_Jewels\backend\system\Database\BaseConnection.php(605): CodeIgniter\Database\BaseConnection->simpleQuery('SELECT *\nFROM `...')
#3 C:\xampp\htdocs\New folder\Darwin_Jewels\backend\system\Database\BaseBuilder.php(1616): CodeIgniter\Database\BaseConnection->query('SELECT *\nFROM `...', Array, false)
#4 C:\xampp\htdocs\New folder\Darwin_Jewels\backend\system\Model.php(241): CodeIgniter\Database\BaseBuilder->get()
#5 C:\xampp\htdocs\New folder\Darwin_Jewels\backend\system\BaseModel.php(618): CodeIgniter\Model->doFindAll(0, 0)
#6 C:\xampp\htdocs\New folder\Darwin_Jewels\backend\app\Models\UserModel.php(52): CodeIgniter\BaseModel->findAll()
#7 C:\xampp\htdocs\New folder\Darwin_Jewels\backend\app\Controllers\MarketingController.php(40): App\Models\UserModel->getUsersByFilter('last30')
#8 C:\xampp\htdocs\New folder\Darwin_Jewels\backend\system\CodeIgniter.php(934): App\Controllers\MarketingController->setSelectedFilter('last30')
#9 C:\xampp\htdocs\New folder\Darwin_Jewels\backend\system\CodeIgniter.php(499): CodeIgniter\CodeIgniter->runController(Object(App\Controllers\MarketingController))
#10 C:\xampp\htdocs\New folder\Darwin_Jewels\backend\system\CodeIgniter.php(368): CodeIgniter\CodeIgniter->handleRequest(NULL, Object(Config\Cache), false)
#11 C:\xampp\htdocs\New folder\Darwin_Jewels\backend\public\index.php(67): CodeIgniter\CodeIgniter->run()
#12 C:\xampp\htdocs\New folder\Darwin_Jewels\backend\system\Commands\Server\rewrite.php(47): require_once('C:\\xampp\\htdocs...')
#13 {main}
CRITICAL - 2023-08-21 06:56:10 --> Unknown column 'registration_date' in 'where clause'
in SYSTEMPATH\Database\BaseConnection.php on line 645.
 1 SYSTEMPATH\Database\BaseBuilder.php(1616): CodeIgniter\Database\BaseConnection->query('SELECT *
FROM `users`
WHERE `registration_date` > :registration_date:', [...], false)
 2 SYSTEMPATH\Model.php(241): CodeIgniter\Database\BaseBuilder->get()
 3 SYSTEMPATH\BaseModel.php(618): CodeIgniter\Model->doFindAll(0, 0)
 4 APPPATH\Models\UserModel.php(52): CodeIgniter\BaseModel->findAll()
 5 APPPATH\Controllers\MarketingController.php(40): App\Models\UserModel->getUsersByFilter('last30')
 6 SYSTEMPATH\CodeIgniter.php(934): App\Controllers\MarketingController->setSelectedFilter('last30')
 7 SYSTEMPATH\CodeIgniter.php(499): CodeIgniter\CodeIgniter->runController(Object(App\Controllers\MarketingController))
 8 SYSTEMPATH\CodeIgniter.php(368): CodeIgniter\CodeIgniter->handleRequest(null, Object(Config\Cache), false)
 9 FCPATH\index.php(67): CodeIgniter\CodeIgniter->run()
10 SYSTEMPATH\Commands\Server\rewrite.php(47): require_once('FCPATH\\index.php')
ERROR - 2023-08-21 07:03:04 --> Email: Unable to send email using SMTP. Your server might not be configured to send mail using this method.
ERROR - 2023-08-21 07:03:04 --> 220 smtp.googlemail.com ESMTP v21-20020aa78095000000b00687087d8bc3sm5648757pff.141 - gsmtp

hello: 250-smtp.googlemail.com at your service, [114.143.182.34]
250-SIZE 35882577
250-8BITMIME
250-AUTH LOGIN PLAIN XOAUTH2 PLAIN-CLIENTTOKEN OAUTHBEARER XOAUTH
250-ENHANCEDSTATUSCODES
250-PIPELINING
250-CHUNKING
250 SMTPUTF8

from: 250 2.1.0 OK v21-20020aa78095000000b00687087d8bc3sm5648757pff.141 - gsmtp

to: 555 5.5.2 Syntax error. v21-20020aa78095000000b00687087d8bc3sm5648757pff.141 - gsmtp

The following SMTP error was encountered: 555 5.5.2 Syntax error. v21-20020aa78095000000b00687087d8bc3sm5648757pff.141 - gsmtp

quit: 221 2.0.0 closing connection v21-20020aa78095000000b00687087d8bc3sm5648757pff.141 - gsmtp

ERROR - 2023-08-21 07:14:01 --> Email: Unable to send email using SMTP. Your server might not be configured to send mail using this method.
ERROR - 2023-08-21 07:14:01 --> 220 smtp.googlemail.com ESMTP fm25-20020a056a002f9900b00689f3d73639sm1718064pfb.65 - gsmtp

hello: 250-smtp.googlemail.com at your service, [114.143.182.34]
250-SIZE 35882577
250-8BITMIME
250-AUTH LOGIN PLAIN XOAUTH2 PLAIN-CLIENTTOKEN OAUTHBEARER XOAUTH
250-ENHANCEDSTATUSCODES
250-PIPELINING
250-CHUNKING
250 SMTPUTF8

from: 250 2.1.0 OK fm25-20020a056a002f9900b00689f3d73639sm1718064pfb.65 - gsmtp

to: 555 5.5.2 Syntax error. fm25-20020a056a002f9900b00689f3d73639sm1718064pfb.65 - gsmtp

The following SMTP error was encountered: 555 5.5.2 Syntax error. fm25-20020a056a002f9900b00689f3d73639sm1718064pfb.65 - gsmtp

quit: 221 2.0.0 closing connection fm25-20020a056a002f9900b00689f3d73639sm1718064pfb.65 - gsmtp

ERROR - 2023-08-21 08:55:38 --> Email: Unable to send email using SMTP. Your server might not be configured to send mail using this method.
ERROR - 2023-08-21 08:55:38 --> 220 smtp.googlemail.com ESMTP n14-20020a170902d2ce00b001b9de67285dsm6481858plc.156 - gsmtp

hello: 250-smtp.googlemail.com at your service, [114.143.182.34]
250-SIZE 35882577
250-8BITMIME
250-AUTH LOGIN PLAIN XOAUTH2 PLAIN-CLIENTTOKEN OAUTHBEARER XOAUTH
250-ENHANCEDSTATUSCODES
250-PIPELINING
250-CHUNKING
250 SMTPUTF8

from: 250 2.1.0 OK n14-20020a170902d2ce00b001b9de67285dsm6481858plc.156 - gsmtp

to: 555 5.5.2 Syntax error. n14-20020a170902d2ce00b001b9de67285dsm6481858plc.156 - gsmtp

The following SMTP error was encountered: 555 5.5.2 Syntax error. n14-20020a170902d2ce00b001b9de67285dsm6481858plc.156 - gsmtp

quit: 221 2.0.0 closing connection n14-20020a170902d2ce00b001b9de67285dsm6481858plc.156 - gsmtp

ERROR - 2023-08-21 09:23:48 --> Email: Unable to send email using SMTP. Your server might not be configured to send mail using this method.
ERROR - 2023-08-21 09:23:48 --> 220 smtp.googlemail.com ESMTP o15-20020a637e4f000000b00565e96d9874sm5872706pgn.89 - gsmtp

hello: 250-smtp.googlemail.com at your service, [114.143.182.34]
250-SIZE 35882577
250-8BITMIME
250-AUTH LOGIN PLAIN XOAUTH2 PLAIN-CLIENTTOKEN OAUTHBEARER XOAUTH
250-ENHANCEDSTATUSCODES
250-PIPELINING
250-CHUNKING
250 SMTPUTF8

from: 250 2.1.0 OK o15-20020a637e4f000000b00565e96d9874sm5872706pgn.89 - gsmtp

to: 553-5.1.3 The recipient address <vishal.naik@darwinpgc.com; test@gmi.i> is not a
553-5.1.3 valid RFC-5321 address. Learn more at
553 5.1.3  https://support.google.com/mail/answer/6596 o15-20020a637e4f000000b00565e96d9874sm5872706pgn.89 - gsmtp

The following SMTP error was encountered: 553-5.1.3 The recipient address <vishal.naik@darwinpgc.com; test@gmi.i> is not a
553-5.1.3 valid RFC-5321 address. Learn more at
553 5.1.3  https://support.google.com/mail/answer/6596 o15-20020a637e4f000000b00565e96d9874sm5872706pgn.89 - gsmtp

quit: 221 2.0.0 closing connection o15-20020a637e4f000000b00565e96d9874sm5872706pgn.89 - gsmtp

ERROR - 2023-08-21 09:33:15 --> Email: Unable to send email using SMTP. Your server might not be configured to send mail using this method.
ERROR - 2023-08-21 09:33:15 --> 220 smtp.googlemail.com ESMTP 12-20020a170902ee4c00b001bbb1eec92dsm6584786plo.224 - gsmtp

hello: 250-smtp.googlemail.com at your service, [114.143.182.34]
250-SIZE 35882577
250-8BITMIME
250-AUTH LOGIN PLAIN XOAUTH2 PLAIN-CLIENTTOKEN OAUTHBEARER XOAUTH
250-ENHANCEDSTATUSCODES
250-PIPELINING
250-CHUNKING
250 SMTPUTF8

from: 250 2.1.0 OK 12-20020a170902ee4c00b001bbb1eec92dsm6584786plo.224 - gsmtp

to: 553-5.1.3 The recipient address <vishal.naik@darwinpgc.com; test@gmi.i> is not a
553-5.1.3 valid RFC-5321 address. Learn more at
553 5.1.3  https://support.google.com/mail/answer/6596 12-20020a170902ee4c00b001bbb1eec92dsm6584786plo.224 - gsmtp

The following SMTP error was encountered: 553-5.1.3 The recipient address <vishal.naik@darwinpgc.com; test@gmi.i> is not a
553-5.1.3 valid RFC-5321 address. Learn more at
553 5.1.3  https://support.google.com/mail/answer/6596 12-20020a170902ee4c00b001bbb1eec92dsm6584786plo.224 - gsmtp

quit: 221 2.0.0 closing connection 12-20020a170902ee4c00b001bbb1eec92dsm6584786plo.224 - gsmtp

ERROR - 2023-08-21 09:42:33 --> Email: Unable to send email using SMTP. Your server might not be configured to send mail using this method.
ERROR - 2023-08-21 09:42:33 --> 220 smtp.googlemail.com ESMTP c26-20020aa7881a000000b0067a1f4f4f7dsm1689464pfo.169 - gsmtp

hello: 250-smtp.googlemail.com at your service, [114.143.182.34]
250-SIZE 35882577
250-8BITMIME
250-AUTH LOGIN PLAIN XOAUTH2 PLAIN-CLIENTTOKEN OAUTHBEARER XOAUTH
250-ENHANCEDSTATUSCODES
250-PIPELINING
250-CHUNKING
250 SMTPUTF8

from: 250 2.1.0 OK c26-20020aa7881a000000b0067a1f4f4f7dsm1689464pfo.169 - gsmtp

to: 553-5.1.3 The recipient address <vishal.naik@darwinpgc.com; vishal75naik@gmail.c
553-5.1.3 om> is not a valid RFC-5321 address. Learn more at
553 5.1.3  https://support.google.com/mail/answer/6596 c26-20020aa7881a000000b0067a1f4f4f7dsm1689464pfo.169 - gsmtp

The following SMTP error was encountered: 553-5.1.3 The recipient address <vishal.naik@darwinpgc.com; vishal75naik@gmail.c
553-5.1.3 om> is not a valid RFC-5321 address. Learn more at
553 5.1.3  https://support.google.com/mail/answer/6596 c26-20020aa7881a000000b0067a1f4f4f7dsm1689464pfo.169 - gsmtp

quit: 221 2.0.0 closing connection c26-20020aa7881a000000b0067a1f4f4f7dsm1689464pfo.169 - gsmtp

ERROR - 2023-08-21 09:55:00 --> mysqli_sql_exception: Unknown column 'registration_date' in 'where clause' in C:\xampp\htdocs\New folder\Darwin_Jewels\backend\system\Database\MySQLi\Connection.php:295
Stack trace:
#0 C:\xampp\htdocs\New folder\Darwin_Jewels\backend\system\Database\MySQLi\Connection.php(295): mysqli->query('SELECT *\nFROM `...', 0)
#1 C:\xampp\htdocs\New folder\Darwin_Jewels\backend\system\Database\BaseConnection.php(691): CodeIgniter\Database\MySQLi\Connection->execute('SELECT *\nFROM `...')
#2 C:\xampp\htdocs\New folder\Darwin_Jewels\backend\system\Database\BaseConnection.php(605): CodeIgniter\Database\BaseConnection->simpleQuery('SELECT *\nFROM `...')
#3 C:\xampp\htdocs\New folder\Darwin_Jewels\backend\system\Database\BaseBuilder.php(1616): CodeIgniter\Database\BaseConnection->query('SELECT *\nFROM `...', Array, false)
#4 C:\xampp\htdocs\New folder\Darwin_Jewels\backend\system\Model.php(241): CodeIgniter\Database\BaseBuilder->get()
#5 C:\xampp\htdocs\New folder\Darwin_Jewels\backend\system\BaseModel.php(618): CodeIgniter\Model->doFindAll(0, 0)
#6 C:\xampp\htdocs\New folder\Darwin_Jewels\backend\app\Models\UserModel.php(52): CodeIgniter\BaseModel->findAll()
#7 C:\xampp\htdocs\New folder\Darwin_Jewels\backend\app\Controllers\MarketingController.php(39): App\Models\UserModel->getUsersByFilter('last30')
#8 C:\xampp\htdocs\New folder\Darwin_Jewels\backend\system\CodeIgniter.php(934): App\Controllers\MarketingController->setSelectedFilter('last30')
#9 C:\xampp\htdocs\New folder\Darwin_Jewels\backend\system\CodeIgniter.php(499): CodeIgniter\CodeIgniter->runController(Object(App\Controllers\MarketingController))
#10 C:\xampp\htdocs\New folder\Darwin_Jewels\backend\system\CodeIgniter.php(368): CodeIgniter\CodeIgniter->handleRequest(NULL, Object(Config\Cache), false)
#11 C:\xampp\htdocs\New folder\Darwin_Jewels\backend\public\index.php(67): CodeIgniter\CodeIgniter->run()
#12 C:\xampp\htdocs\New folder\Darwin_Jewels\backend\system\Commands\Server\rewrite.php(47): require_once('C:\\xampp\\htdocs...')
#13 {main}
CRITICAL - 2023-08-21 09:55:00 --> Unknown column 'registration_date' in 'where clause'
in SYSTEMPATH\Database\BaseConnection.php on line 645.
 1 SYSTEMPATH\Database\BaseBuilder.php(1616): CodeIgniter\Database\BaseConnection->query('SELECT *
FROM `users`
WHERE `registration_date` > :registration_date:', [...], false)
 2 SYSTEMPATH\Model.php(241): CodeIgniter\Database\BaseBuilder->get()
 3 SYSTEMPATH\BaseModel.php(618): CodeIgniter\Model->doFindAll(0, 0)
 4 APPPATH\Models\UserModel.php(52): CodeIgniter\BaseModel->findAll()
 5 APPPATH\Controllers\MarketingController.php(39): App\Models\UserModel->getUsersByFilter('last30')
 6 SYSTEMPATH\CodeIgniter.php(934): App\Controllers\MarketingController->setSelectedFilter('last30')
 7 SYSTEMPATH\CodeIgniter.php(499): CodeIgniter\CodeIgniter->runController(Object(App\Controllers\MarketingController))
 8 SYSTEMPATH\CodeIgniter.php(368): CodeIgniter\CodeIgniter->handleRequest(null, Object(Config\Cache), false)
 9 FCPATH\index.php(67): CodeIgniter\CodeIgniter->run()
10 SYSTEMPATH\Commands\Server\rewrite.php(47): require_once('FCPATH\\index.php')
