CRITICAL - 2023-08-05 05:01:45 --> Undefined property: App\Controllers\OrderController::$input
in APPPATH\Controllers\OrderController.php on line 44.
 1 APPPATH\Controllers\OrderController.php(44): CodeIgniter\Debug\Exceptions->errorHandler(2, 'Undefined property: App\\Controllers\\OrderController::$input', 'APPPATH\\Controllers\\OrderController.php', 44)
 2 SYSTEMPATH\CodeIgniter.php(934): App\Controllers\OrderController->update_order_status()
 3 SYSTEMPATH\CodeIgniter.php(499): CodeIgniter\CodeIgniter->runController(Object(App\Controllers\OrderController))
 4 SYSTEMPATH\CodeIgniter.php(368): CodeIgniter\CodeIgniter->handleRequest(null, Object(Config\Cache), false)
 5 FCPATH\index.php(67): CodeIgniter\CodeIgniter->run()
 6 SYSTEMPATH\Commands\Server\rewrite.php(47): require_once('FCPATH\\index.php')
CRITICAL - 2023-08-05 05:01:46 --> Undefined property: App\Controllers\OrderController::$input
in APPPATH\Controllers\OrderController.php on line 44.
 1 APPPATH\Controllers\OrderController.php(44): CodeIgniter\Debug\Exceptions->errorHandler(2, 'Undefined property: App\\Controllers\\OrderController::$input', 'APPPATH\\Controllers\\OrderController.php', 44)
 2 SYSTEMPATH\CodeIgniter.php(934): App\Controllers\OrderController->update_order_status()
 3 SYSTEMPATH\CodeIgniter.php(499): CodeIgniter\CodeIgniter->runController(Object(App\Controllers\OrderController))
 4 SYSTEMPATH\CodeIgniter.php(368): CodeIgniter\CodeIgniter->handleRequest(null, Object(Config\Cache), false)
 5 FCPATH\index.php(67): CodeIgniter\CodeIgniter->run()
 6 SYSTEMPATH\Commands\Server\rewrite.php(47): require_once('FCPATH\\index.php')
CRITICAL - 2023-08-05 05:01:46 --> Undefined property: App\Controllers\OrderController::$input
in APPPATH\Controllers\OrderController.php on line 44.
 1 APPPATH\Controllers\OrderController.php(44): CodeIgniter\Debug\Exceptions->errorHandler(2, 'Undefined property: App\\Controllers\\OrderController::$input', 'APPPATH\\Controllers\\OrderController.php', 44)
 2 SYSTEMPATH\CodeIgniter.php(934): App\Controllers\OrderController->update_order_status()
 3 SYSTEMPATH\CodeIgniter.php(499): CodeIgniter\CodeIgniter->runController(Object(App\Controllers\OrderController))
 4 SYSTEMPATH\CodeIgniter.php(368): CodeIgniter\CodeIgniter->handleRequest(null, Object(Config\Cache), false)
 5 FCPATH\index.php(67): CodeIgniter\CodeIgniter->run()
 6 SYSTEMPATH\Commands\Server\rewrite.php(47): require_once('FCPATH\\index.php')
CRITICAL - 2023-08-05 05:01:46 --> Undefined property: App\Controllers\OrderController::$input
in APPPATH\Controllers\OrderController.php on line 44.
 1 APPPATH\Controllers\OrderController.php(44): CodeIgniter\Debug\Exceptions->errorHandler(2, 'Undefined property: App\\Controllers\\OrderController::$input', 'APPPATH\\Controllers\\OrderController.php', 44)
 2 SYSTEMPATH\CodeIgniter.php(934): App\Controllers\OrderController->update_order_status()
 3 SYSTEMPATH\CodeIgniter.php(499): CodeIgniter\CodeIgniter->runController(Object(App\Controllers\OrderController))
 4 SYSTEMPATH\CodeIgniter.php(368): CodeIgniter\CodeIgniter->handleRequest(null, Object(Config\Cache), false)
 5 FCPATH\index.php(67): CodeIgniter\CodeIgniter->run()
 6 SYSTEMPATH\Commands\Server\rewrite.php(47): require_once('FCPATH\\index.php')
CRITICAL - 2023-08-05 05:01:47 --> Undefined property: App\Controllers\OrderController::$input
in APPPATH\Controllers\OrderController.php on line 44.
 1 APPPATH\Controllers\OrderController.php(44): CodeIgniter\Debug\Exceptions->errorHandler(2, 'Undefined property: App\\Controllers\\OrderController::$input', 'APPPATH\\Controllers\\OrderController.php', 44)
 2 SYSTEMPATH\CodeIgniter.php(934): App\Controllers\OrderController->update_order_status()
 3 SYSTEMPATH\CodeIgniter.php(499): CodeIgniter\CodeIgniter->runController(Object(App\Controllers\OrderController))
 4 SYSTEMPATH\CodeIgniter.php(368): CodeIgniter\CodeIgniter->handleRequest(null, Object(Config\Cache), false)
 5 FCPATH\index.php(67): CodeIgniter\CodeIgniter->run()
 6 SYSTEMPATH\Commands\Server\rewrite.php(47): require_once('FCPATH\\index.php')
CRITICAL - 2023-08-05 05:55:43 --> There is no data to update.
in SYSTEMPATH\BaseModel.php on line 1680.
 1 SYSTEMPATH\BaseModel.php(1680): CodeIgniter\Database\Exceptions\DataException::forEmptyDataset('update')
 2 SYSTEMPATH\BaseModel.php(910): CodeIgniter\BaseModel->transformDataToArray(null, 'update')
 3 SYSTEMPATH\Model.php(756): CodeIgniter\BaseModel->update([...], null)
 4 APPPATH\Models\OrderDetailModel.php(53): CodeIgniter\Model->update([...])
 5 APPPATH\Controllers\OrderController.php(42): App\Models\OrderDetailModel->updateOrderStatus('1', 'accepted')
 6 SYSTEMPATH\CodeIgniter.php(934): App\Controllers\OrderController->updateOrderStatus()
 7 SYSTEMPATH\CodeIgniter.php(499): CodeIgniter\CodeIgniter->runController(Object(App\Controllers\OrderController))
 8 SYSTEMPATH\CodeIgniter.php(368): CodeIgniter\CodeIgniter->handleRequest(null, Object(Config\Cache), false)
 9 FCPATH\index.php(67): CodeIgniter\CodeIgniter->run()
10 SYSTEMPATH\Commands\Server\rewrite.php(47): require_once('FCPATH\\index.php')
CRITICAL - 2023-08-05 05:55:43 --> There is no data to update.
in SYSTEMPATH\BaseModel.php on line 1680.
 1 SYSTEMPATH\BaseModel.php(1680): CodeIgniter\Database\Exceptions\DataException::forEmptyDataset('update')
 2 SYSTEMPATH\BaseModel.php(910): CodeIgniter\BaseModel->transformDataToArray(null, 'update')
 3 SYSTEMPATH\Model.php(756): CodeIgniter\BaseModel->update([...], null)
 4 APPPATH\Models\OrderDetailModel.php(53): CodeIgniter\Model->update([...])
 5 APPPATH\Controllers\OrderController.php(42): App\Models\OrderDetailModel->updateOrderStatus('1', 'accepted')
 6 SYSTEMPATH\CodeIgniter.php(934): App\Controllers\OrderController->updateOrderStatus()
 7 SYSTEMPATH\CodeIgniter.php(499): CodeIgniter\CodeIgniter->runController(Object(App\Controllers\OrderController))
 8 SYSTEMPATH\CodeIgniter.php(368): CodeIgniter\CodeIgniter->handleRequest(null, Object(Config\Cache), false)
 9 FCPATH\index.php(67): CodeIgniter\CodeIgniter->run()
10 SYSTEMPATH\Commands\Server\rewrite.php(47): require_once('FCPATH\\index.php')
CRITICAL - 2023-08-05 05:55:44 --> There is no data to update.
in SYSTEMPATH\BaseModel.php on line 1680.
 1 SYSTEMPATH\BaseModel.php(1680): CodeIgniter\Database\Exceptions\DataException::forEmptyDataset('update')
 2 SYSTEMPATH\BaseModel.php(910): CodeIgniter\BaseModel->transformDataToArray(null, 'update')
 3 SYSTEMPATH\Model.php(756): CodeIgniter\BaseModel->update([...], null)
 4 APPPATH\Models\OrderDetailModel.php(53): CodeIgniter\Model->update([...])
 5 APPPATH\Controllers\OrderController.php(42): App\Models\OrderDetailModel->updateOrderStatus('1', 'accepted')
 6 SYSTEMPATH\CodeIgniter.php(934): App\Controllers\OrderController->updateOrderStatus()
 7 SYSTEMPATH\CodeIgniter.php(499): CodeIgniter\CodeIgniter->runController(Object(App\Controllers\OrderController))
 8 SYSTEMPATH\CodeIgniter.php(368): CodeIgniter\CodeIgniter->handleRequest(null, Object(Config\Cache), false)
 9 FCPATH\index.php(67): CodeIgniter\CodeIgniter->run()
10 SYSTEMPATH\Commands\Server\rewrite.php(47): require_once('FCPATH\\index.php')
CRITICAL - 2023-08-05 05:55:44 --> There is no data to update.
in SYSTEMPATH\BaseModel.php on line 1680.
 1 SYSTEMPATH\BaseModel.php(1680): CodeIgniter\Database\Exceptions\DataException::forEmptyDataset('update')
 2 SYSTEMPATH\BaseModel.php(910): CodeIgniter\BaseModel->transformDataToArray(null, 'update')
 3 SYSTEMPATH\Model.php(756): CodeIgniter\BaseModel->update([...], null)
 4 APPPATH\Models\OrderDetailModel.php(53): CodeIgniter\Model->update([...])
 5 APPPATH\Controllers\OrderController.php(42): App\Models\OrderDetailModel->updateOrderStatus('1', 'accepted')
 6 SYSTEMPATH\CodeIgniter.php(934): App\Controllers\OrderController->updateOrderStatus()
 7 SYSTEMPATH\CodeIgniter.php(499): CodeIgniter\CodeIgniter->runController(Object(App\Controllers\OrderController))
 8 SYSTEMPATH\CodeIgniter.php(368): CodeIgniter\CodeIgniter->handleRequest(null, Object(Config\Cache), false)
 9 FCPATH\index.php(67): CodeIgniter\CodeIgniter->run()
10 SYSTEMPATH\Commands\Server\rewrite.php(47): require_once('FCPATH\\index.php')
CRITICAL - 2023-08-05 05:55:44 --> There is no data to update.
in SYSTEMPATH\BaseModel.php on line 1680.
 1 SYSTEMPATH\BaseModel.php(1680): CodeIgniter\Database\Exceptions\DataException::forEmptyDataset('update')
 2 SYSTEMPATH\BaseModel.php(910): CodeIgniter\BaseModel->transformDataToArray(null, 'update')
 3 SYSTEMPATH\Model.php(756): CodeIgniter\BaseModel->update([...], null)
 4 APPPATH\Models\OrderDetailModel.php(53): CodeIgniter\Model->update([...])
 5 APPPATH\Controllers\OrderController.php(42): App\Models\OrderDetailModel->updateOrderStatus('1', 'accepted')
 6 SYSTEMPATH\CodeIgniter.php(934): App\Controllers\OrderController->updateOrderStatus()
 7 SYSTEMPATH\CodeIgniter.php(499): CodeIgniter\CodeIgniter->runController(Object(App\Controllers\OrderController))
 8 SYSTEMPATH\CodeIgniter.php(368): CodeIgniter\CodeIgniter->handleRequest(null, Object(Config\Cache), false)
 9 FCPATH\index.php(67): CodeIgniter\CodeIgniter->run()
10 SYSTEMPATH\Commands\Server\rewrite.php(47): require_once('FCPATH\\index.php')
CRITICAL - 2023-08-05 05:55:50 --> There is no data to update.
in SYSTEMPATH\BaseModel.php on line 1680.
 1 SYSTEMPATH\BaseModel.php(1680): CodeIgniter\Database\Exceptions\DataException::forEmptyDataset('update')
 2 SYSTEMPATH\BaseModel.php(910): CodeIgniter\BaseModel->transformDataToArray(null, 'update')
 3 SYSTEMPATH\Model.php(756): CodeIgniter\BaseModel->update([...], null)
 4 APPPATH\Models\OrderDetailModel.php(53): CodeIgniter\Model->update([...])
 5 APPPATH\Controllers\OrderController.php(42): App\Models\OrderDetailModel->updateOrderStatus('14', 'accepted')
 6 SYSTEMPATH\CodeIgniter.php(934): App\Controllers\OrderController->updateOrderStatus()
 7 SYSTEMPATH\CodeIgniter.php(499): CodeIgniter\CodeIgniter->runController(Object(App\Controllers\OrderController))
 8 SYSTEMPATH\CodeIgniter.php(368): CodeIgniter\CodeIgniter->handleRequest(null, Object(Config\Cache), false)
 9 FCPATH\index.php(67): CodeIgniter\CodeIgniter->run()
10 SYSTEMPATH\Commands\Server\rewrite.php(47): require_once('FCPATH\\index.php')
CRITICAL - 2023-08-05 05:57:04 --> There is no data to update.
in SYSTEMPATH\BaseModel.php on line 1680.
 1 SYSTEMPATH\BaseModel.php(1680): CodeIgniter\Database\Exceptions\DataException::forEmptyDataset('update')
 2 SYSTEMPATH\BaseModel.php(910): CodeIgniter\BaseModel->transformDataToArray(null, 'update')
 3 SYSTEMPATH\Model.php(756): CodeIgniter\BaseModel->update([...], null)
 4 APPPATH\Models\OrderDetailModel.php(53): CodeIgniter\Model->update([...])
 5 APPPATH\Controllers\OrderController.php(42): App\Models\OrderDetailModel->updateOrderStatus('11', 'accepted')
 6 SYSTEMPATH\CodeIgniter.php(934): App\Controllers\OrderController->updateOrderStatus()
 7 SYSTEMPATH\CodeIgniter.php(499): CodeIgniter\CodeIgniter->runController(Object(App\Controllers\OrderController))
 8 SYSTEMPATH\CodeIgniter.php(368): CodeIgniter\CodeIgniter->handleRequest(null, Object(Config\Cache), false)
 9 FCPATH\index.php(67): CodeIgniter\CodeIgniter->run()
10 SYSTEMPATH\Commands\Server\rewrite.php(47): require_once('FCPATH\\index.php')
CRITICAL - 2023-08-05 05:57:05 --> There is no data to update.
in SYSTEMPATH\BaseModel.php on line 1680.
 1 SYSTEMPATH\BaseModel.php(1680): CodeIgniter\Database\Exceptions\DataException::forEmptyDataset('update')
 2 SYSTEMPATH\BaseModel.php(910): CodeIgniter\BaseModel->transformDataToArray(null, 'update')
 3 SYSTEMPATH\Model.php(756): CodeIgniter\BaseModel->update([...], null)
 4 APPPATH\Models\OrderDetailModel.php(53): CodeIgniter\Model->update([...])
 5 APPPATH\Controllers\OrderController.php(42): App\Models\OrderDetailModel->updateOrderStatus('11', 'accepted')
 6 SYSTEMPATH\CodeIgniter.php(934): App\Controllers\OrderController->updateOrderStatus()
 7 SYSTEMPATH\CodeIgniter.php(499): CodeIgniter\CodeIgniter->runController(Object(App\Controllers\OrderController))
 8 SYSTEMPATH\CodeIgniter.php(368): CodeIgniter\CodeIgniter->handleRequest(null, Object(Config\Cache), false)
 9 FCPATH\index.php(67): CodeIgniter\CodeIgniter->run()
10 SYSTEMPATH\Commands\Server\rewrite.php(47): require_once('FCPATH\\index.php')
CRITICAL - 2023-08-05 05:57:05 --> There is no data to update.
in SYSTEMPATH\BaseModel.php on line 1680.
 1 SYSTEMPATH\BaseModel.php(1680): CodeIgniter\Database\Exceptions\DataException::forEmptyDataset('update')
 2 SYSTEMPATH\BaseModel.php(910): CodeIgniter\BaseModel->transformDataToArray(null, 'update')
 3 SYSTEMPATH\Model.php(756): CodeIgniter\BaseModel->update([...], null)
 4 APPPATH\Models\OrderDetailModel.php(53): CodeIgniter\Model->update([...])
 5 APPPATH\Controllers\OrderController.php(42): App\Models\OrderDetailModel->updateOrderStatus('11', 'accepted')
 6 SYSTEMPATH\CodeIgniter.php(934): App\Controllers\OrderController->updateOrderStatus()
 7 SYSTEMPATH\CodeIgniter.php(499): CodeIgniter\CodeIgniter->runController(Object(App\Controllers\OrderController))
 8 SYSTEMPATH\CodeIgniter.php(368): CodeIgniter\CodeIgniter->handleRequest(null, Object(Config\Cache), false)
 9 FCPATH\index.php(67): CodeIgniter\CodeIgniter->run()
10 SYSTEMPATH\Commands\Server\rewrite.php(47): require_once('FCPATH\\index.php')
CRITICAL - 2023-08-05 05:57:06 --> There is no data to update.
in SYSTEMPATH\BaseModel.php on line 1680.
 1 SYSTEMPATH\BaseModel.php(1680): CodeIgniter\Database\Exceptions\DataException::forEmptyDataset('update')
 2 SYSTEMPATH\BaseModel.php(910): CodeIgniter\BaseModel->transformDataToArray(null, 'update')
 3 SYSTEMPATH\Model.php(756): CodeIgniter\BaseModel->update([...], null)
 4 APPPATH\Models\OrderDetailModel.php(53): CodeIgniter\Model->update([...])
 5 APPPATH\Controllers\OrderController.php(42): App\Models\OrderDetailModel->updateOrderStatus('11', 'rejected')
 6 SYSTEMPATH\CodeIgniter.php(934): App\Controllers\OrderController->updateOrderStatus()
 7 SYSTEMPATH\CodeIgniter.php(499): CodeIgniter\CodeIgniter->runController(Object(App\Controllers\OrderController))
 8 SYSTEMPATH\CodeIgniter.php(368): CodeIgniter\CodeIgniter->handleRequest(null, Object(Config\Cache), false)
 9 FCPATH\index.php(67): CodeIgniter\CodeIgniter->run()
10 SYSTEMPATH\Commands\Server\rewrite.php(47): require_once('FCPATH\\index.php')
CRITICAL - 2023-08-05 05:57:06 --> There is no data to update.
in SYSTEMPATH\BaseModel.php on line 1680.
 1 SYSTEMPATH\BaseModel.php(1680): CodeIgniter\Database\Exceptions\DataException::forEmptyDataset('update')
 2 SYSTEMPATH\BaseModel.php(910): CodeIgniter\BaseModel->transformDataToArray(null, 'update')
 3 SYSTEMPATH\Model.php(756): CodeIgniter\BaseModel->update([...], null)
 4 APPPATH\Models\OrderDetailModel.php(53): CodeIgniter\Model->update([...])
 5 APPPATH\Controllers\OrderController.php(42): App\Models\OrderDetailModel->updateOrderStatus('11', 'progress')
 6 SYSTEMPATH\CodeIgniter.php(934): App\Controllers\OrderController->updateOrderStatus()
 7 SYSTEMPATH\CodeIgniter.php(499): CodeIgniter\CodeIgniter->runController(Object(App\Controllers\OrderController))
 8 SYSTEMPATH\CodeIgniter.php(368): CodeIgniter\CodeIgniter->handleRequest(null, Object(Config\Cache), false)
 9 FCPATH\index.php(67): CodeIgniter\CodeIgniter->run()
10 SYSTEMPATH\Commands\Server\rewrite.php(47): require_once('FCPATH\\index.php')
CRITICAL - 2023-08-05 05:57:08 --> There is no data to update.
in SYSTEMPATH\BaseModel.php on line 1680.
 1 SYSTEMPATH\BaseModel.php(1680): CodeIgniter\Database\Exceptions\DataException::forEmptyDataset('update')
 2 SYSTEMPATH\BaseModel.php(910): CodeIgniter\BaseModel->transformDataToArray(null, 'update')
 3 SYSTEMPATH\Model.php(756): CodeIgniter\BaseModel->update([...], null)
 4 APPPATH\Models\OrderDetailModel.php(53): CodeIgniter\Model->update([...])
 5 APPPATH\Controllers\OrderController.php(42): App\Models\OrderDetailModel->updateOrderStatus('13', 'accepted')
 6 SYSTEMPATH\CodeIgniter.php(934): App\Controllers\OrderController->updateOrderStatus()
 7 SYSTEMPATH\CodeIgniter.php(499): CodeIgniter\CodeIgniter->runController(Object(App\Controllers\OrderController))
 8 SYSTEMPATH\CodeIgniter.php(368): CodeIgniter\CodeIgniter->handleRequest(null, Object(Config\Cache), false)
 9 FCPATH\index.php(67): CodeIgniter\CodeIgniter->run()
10 SYSTEMPATH\Commands\Server\rewrite.php(47): require_once('FCPATH\\index.php')
CRITICAL - 2023-08-05 05:57:09 --> There is no data to update.
in SYSTEMPATH\BaseModel.php on line 1680.
 1 SYSTEMPATH\BaseModel.php(1680): CodeIgniter\Database\Exceptions\DataException::forEmptyDataset('update')
 2 SYSTEMPATH\BaseModel.php(910): CodeIgniter\BaseModel->transformDataToArray(null, 'update')
 3 SYSTEMPATH\Model.php(756): CodeIgniter\BaseModel->update([...], null)
 4 APPPATH\Models\OrderDetailModel.php(53): CodeIgniter\Model->update([...])
 5 APPPATH\Controllers\OrderController.php(42): App\Models\OrderDetailModel->updateOrderStatus('14', 'accepted')
 6 SYSTEMPATH\CodeIgniter.php(934): App\Controllers\OrderController->updateOrderStatus()
 7 SYSTEMPATH\CodeIgniter.php(499): CodeIgniter\CodeIgniter->runController(Object(App\Controllers\OrderController))
 8 SYSTEMPATH\CodeIgniter.php(368): CodeIgniter\CodeIgniter->handleRequest(null, Object(Config\Cache), false)
 9 FCPATH\index.php(67): CodeIgniter\CodeIgniter->run()
10 SYSTEMPATH\Commands\Server\rewrite.php(47): require_once('FCPATH\\index.php')
CRITICAL - 2023-08-05 05:57:09 --> There is no data to update.
in SYSTEMPATH\BaseModel.php on line 1680.
 1 SYSTEMPATH\BaseModel.php(1680): CodeIgniter\Database\Exceptions\DataException::forEmptyDataset('update')
 2 SYSTEMPATH\BaseModel.php(910): CodeIgniter\BaseModel->transformDataToArray(null, 'update')
 3 SYSTEMPATH\Model.php(756): CodeIgniter\BaseModel->update([...], null)
 4 APPPATH\Models\OrderDetailModel.php(53): CodeIgniter\Model->update([...])
 5 APPPATH\Controllers\OrderController.php(42): App\Models\OrderDetailModel->updateOrderStatus('14', 'progress')
 6 SYSTEMPATH\CodeIgniter.php(934): App\Controllers\OrderController->updateOrderStatus()
 7 SYSTEMPATH\CodeIgniter.php(499): CodeIgniter\CodeIgniter->runController(Object(App\Controllers\OrderController))
 8 SYSTEMPATH\CodeIgniter.php(368): CodeIgniter\CodeIgniter->handleRequest(null, Object(Config\Cache), false)
 9 FCPATH\index.php(67): CodeIgniter\CodeIgniter->run()
10 SYSTEMPATH\Commands\Server\rewrite.php(47): require_once('FCPATH\\index.php')
CRITICAL - 2023-08-05 05:58:14 --> There is no data to update.
in SYSTEMPATH\BaseModel.php on line 1680.
 1 SYSTEMPATH\BaseModel.php(1680): CodeIgniter\Database\Exceptions\DataException::forEmptyDataset('update')
 2 SYSTEMPATH\BaseModel.php(910): CodeIgniter\BaseModel->transformDataToArray(null, 'update')
 3 SYSTEMPATH\Model.php(756): CodeIgniter\BaseModel->update([...], null)
 4 APPPATH\Models\OrderDetailModel.php(53): CodeIgniter\Model->update([...])
 5 APPPATH\Controllers\OrderController.php(42): App\Models\OrderDetailModel->updateOrderStatus('14', 'accepted')
 6 SYSTEMPATH\CodeIgniter.php(934): App\Controllers\OrderController->updateOrderStatus()
 7 SYSTEMPATH\CodeIgniter.php(499): CodeIgniter\CodeIgniter->runController(Object(App\Controllers\OrderController))
 8 SYSTEMPATH\CodeIgniter.php(368): CodeIgniter\CodeIgniter->handleRequest(null, Object(Config\Cache), false)
 9 FCPATH\index.php(67): CodeIgniter\CodeIgniter->run()
10 SYSTEMPATH\Commands\Server\rewrite.php(47): require_once('FCPATH\\index.php')
CRITICAL - 2023-08-05 05:58:15 --> There is no data to update.
in SYSTEMPATH\BaseModel.php on line 1680.
 1 SYSTEMPATH\BaseModel.php(1680): CodeIgniter\Database\Exceptions\DataException::forEmptyDataset('update')
 2 SYSTEMPATH\BaseModel.php(910): CodeIgniter\BaseModel->transformDataToArray(null, 'update')
 3 SYSTEMPATH\Model.php(756): CodeIgniter\BaseModel->update([...], null)
 4 APPPATH\Models\OrderDetailModel.php(53): CodeIgniter\Model->update([...])
 5 APPPATH\Controllers\OrderController.php(42): App\Models\OrderDetailModel->updateOrderStatus('14', 'accepted')
 6 SYSTEMPATH\CodeIgniter.php(934): App\Controllers\OrderController->updateOrderStatus()
 7 SYSTEMPATH\CodeIgniter.php(499): CodeIgniter\CodeIgniter->runController(Object(App\Controllers\OrderController))
 8 SYSTEMPATH\CodeIgniter.php(368): CodeIgniter\CodeIgniter->handleRequest(null, Object(Config\Cache), false)
 9 FCPATH\index.php(67): CodeIgniter\CodeIgniter->run()
10 SYSTEMPATH\Commands\Server\rewrite.php(47): require_once('FCPATH\\index.php')
CRITICAL - 2023-08-05 05:58:16 --> There is no data to update.
in SYSTEMPATH\BaseModel.php on line 1680.
 1 SYSTEMPATH\BaseModel.php(1680): CodeIgniter\Database\Exceptions\DataException::forEmptyDataset('update')
 2 SYSTEMPATH\BaseModel.php(910): CodeIgniter\BaseModel->transformDataToArray(null, 'update')
 3 SYSTEMPATH\Model.php(756): CodeIgniter\BaseModel->update([...], null)
 4 APPPATH\Models\OrderDetailModel.php(53): CodeIgniter\Model->update([...])
 5 APPPATH\Controllers\OrderController.php(42): App\Models\OrderDetailModel->updateOrderStatus('14', 'accepted')
 6 SYSTEMPATH\CodeIgniter.php(934): App\Controllers\OrderController->updateOrderStatus()
 7 SYSTEMPATH\CodeIgniter.php(499): CodeIgniter\CodeIgniter->runController(Object(App\Controllers\OrderController))
 8 SYSTEMPATH\CodeIgniter.php(368): CodeIgniter\CodeIgniter->handleRequest(null, Object(Config\Cache), false)
 9 FCPATH\index.php(67): CodeIgniter\CodeIgniter->run()
10 SYSTEMPATH\Commands\Server\rewrite.php(47): require_once('FCPATH\\index.php')
CRITICAL - 2023-08-05 06:08:03 --> There is no data to update.
in SYSTEMPATH\BaseModel.php on line 1680.
 1 SYSTEMPATH\BaseModel.php(1680): CodeIgniter\Database\Exceptions\DataException::forEmptyDataset('update')
 2 SYSTEMPATH\BaseModel.php(910): CodeIgniter\BaseModel->transformDataToArray(null, 'update')
 3 SYSTEMPATH\Model.php(756): CodeIgniter\BaseModel->update([...], null)
 4 APPPATH\Models\OrderDetailModel.php(53): CodeIgniter\Model->update([...])
 5 APPPATH\Controllers\OrderController.php(42): App\Models\OrderDetailModel->updateOrderStatus('1', 'progress')
 6 SYSTEMPATH\CodeIgniter.php(934): App\Controllers\OrderController->updateOrderStatus()
 7 SYSTEMPATH\CodeIgniter.php(499): CodeIgniter\CodeIgniter->runController(Object(App\Controllers\OrderController))
 8 SYSTEMPATH\CodeIgniter.php(368): CodeIgniter\CodeIgniter->handleRequest(null, Object(Config\Cache), false)
 9 FCPATH\index.php(67): CodeIgniter\CodeIgniter->run()
10 SYSTEMPATH\Commands\Server\rewrite.php(47): require_once('FCPATH\\index.php')
CRITICAL - 2023-08-05 06:08:05 --> There is no data to update.
in SYSTEMPATH\BaseModel.php on line 1680.
 1 SYSTEMPATH\BaseModel.php(1680): CodeIgniter\Database\Exceptions\DataException::forEmptyDataset('update')
 2 SYSTEMPATH\BaseModel.php(910): CodeIgniter\BaseModel->transformDataToArray(null, 'update')
 3 SYSTEMPATH\Model.php(756): CodeIgniter\BaseModel->update([...], null)
 4 APPPATH\Models\OrderDetailModel.php(53): CodeIgniter\Model->update([...])
 5 APPPATH\Controllers\OrderController.php(42): App\Models\OrderDetailModel->updateOrderStatus('1', 'progress')
 6 SYSTEMPATH\CodeIgniter.php(934): App\Controllers\OrderController->updateOrderStatus()
 7 SYSTEMPATH\CodeIgniter.php(499): CodeIgniter\CodeIgniter->runController(Object(App\Controllers\OrderController))
 8 SYSTEMPATH\CodeIgniter.php(368): CodeIgniter\CodeIgniter->handleRequest(null, Object(Config\Cache), false)
 9 FCPATH\index.php(67): CodeIgniter\CodeIgniter->run()
10 SYSTEMPATH\Commands\Server\rewrite.php(47): require_once('FCPATH\\index.php')
CRITICAL - 2023-08-05 06:08:06 --> There is no data to update.
in SYSTEMPATH\BaseModel.php on line 1680.
 1 SYSTEMPATH\BaseModel.php(1680): CodeIgniter\Database\Exceptions\DataException::forEmptyDataset('update')
 2 SYSTEMPATH\BaseModel.php(910): CodeIgniter\BaseModel->transformDataToArray(null, 'update')
 3 SYSTEMPATH\Model.php(756): CodeIgniter\BaseModel->update([...], null)
 4 APPPATH\Models\OrderDetailModel.php(53): CodeIgniter\Model->update([...])
 5 APPPATH\Controllers\OrderController.php(42): App\Models\OrderDetailModel->updateOrderStatus('1', 'progress')
 6 SYSTEMPATH\CodeIgniter.php(934): App\Controllers\OrderController->updateOrderStatus()
 7 SYSTEMPATH\CodeIgniter.php(499): CodeIgniter\CodeIgniter->runController(Object(App\Controllers\OrderController))
 8 SYSTEMPATH\CodeIgniter.php(368): CodeIgniter\CodeIgniter->handleRequest(null, Object(Config\Cache), false)
 9 FCPATH\index.php(67): CodeIgniter\CodeIgniter->run()
10 SYSTEMPATH\Commands\Server\rewrite.php(47): require_once('FCPATH\\index.php')
CRITICAL - 2023-08-05 06:38:22 --> Undefined variable $orders
in APPPATH\Views\Order\order_details.php on line 19.
 1 APPPATH\Views\Order\order_details.php(19): CodeIgniter\Debug\Exceptions->errorHandler(2, 'Undefined variable $orders', 'APPPATH\\Views\\Order\\order_details.php', 19)
 2 SYSTEMPATH\View\View.php(213): include('APPPATH\\Views\\Order\\order_details.php')
 3 SYSTEMPATH\View\View.php(216): CodeIgniter\View\View->CodeIgniter\View\{closure}()
 4 SYSTEMPATH\Common.php(1184): CodeIgniter\View\View->render('Order/order_details', [], true)
 5 APPPATH\Controllers\OrderController.php(29): view('Order/order_details', [...])
 6 SYSTEMPATH\CodeIgniter.php(934): App\Controllers\OrderController->index()
 7 SYSTEMPATH\CodeIgniter.php(499): CodeIgniter\CodeIgniter->runController(Object(App\Controllers\OrderController))
 8 SYSTEMPATH\CodeIgniter.php(368): CodeIgniter\CodeIgniter->handleRequest(null, Object(Config\Cache), false)
 9 FCPATH\index.php(67): CodeIgniter\CodeIgniter->run()
10 SYSTEMPATH\Commands\Server\rewrite.php(47): require_once('FCPATH\\index.php')
CRITICAL - 2023-08-05 10:31:20 --> Undefined array key "username"
in APPPATH\Views\Order\bill.php on line 69.
 1 APPPATH\Views\Order\bill.php(69): CodeIgniter\Debug\Exceptions->errorHandler(2, 'Undefined array key "username"', 'APPPATH\\Views\\Order\\bill.php', 69)
 2 SYSTEMPATH\View\View.php(213): include('APPPATH\\Views\\Order\\bill.php')
 3 SYSTEMPATH\View\View.php(216): CodeIgniter\View\View->CodeIgniter\View\{closure}()
 4 SYSTEMPATH\Common.php(1184): CodeIgniter\View\View->render('Order/bill', [], true)
 5 APPPATH\Controllers\OrderController.php(49): view('Order/bill', [...])
 6 SYSTEMPATH\CodeIgniter.php(934): App\Controllers\OrderController->fetch_invoice_data('23')
 7 SYSTEMPATH\CodeIgniter.php(499): CodeIgniter\CodeIgniter->runController(Object(App\Controllers\OrderController))
 8 SYSTEMPATH\CodeIgniter.php(368): CodeIgniter\CodeIgniter->handleRequest(null, Object(Config\Cache), false)
 9 FCPATH\index.php(67): CodeIgniter\CodeIgniter->run()
10 SYSTEMPATH\Commands\Server\rewrite.php(47): require_once('FCPATH\\index.php')
CRITICAL - 2023-08-05 10:31:32 --> Undefined array key ""
in APPPATH\Views\Order\bill.php on line 69.
 1 APPPATH\Views\Order\bill.php(69): CodeIgniter\Debug\Exceptions->errorHandler(2, 'Undefined array key ""', 'APPPATH\\Views\\Order\\bill.php', 69)
 2 SYSTEMPATH\View\View.php(213): include('APPPATH\\Views\\Order\\bill.php')
 3 SYSTEMPATH\View\View.php(216): CodeIgniter\View\View->CodeIgniter\View\{closure}()
 4 SYSTEMPATH\Common.php(1184): CodeIgniter\View\View->render('Order/bill', [], true)
 5 APPPATH\Controllers\OrderController.php(49): view('Order/bill', [...])
 6 SYSTEMPATH\CodeIgniter.php(934): App\Controllers\OrderController->fetch_invoice_data('23')
 7 SYSTEMPATH\CodeIgniter.php(499): CodeIgniter\CodeIgniter->runController(Object(App\Controllers\OrderController))
 8 SYSTEMPATH\CodeIgniter.php(368): CodeIgniter\CodeIgniter->handleRequest(null, Object(Config\Cache), false)
 9 FCPATH\index.php(67): CodeIgniter\CodeIgniter->run()
10 SYSTEMPATH\Commands\Server\rewrite.php(47): require_once('FCPATH\\index.php')
CRITICAL - 2023-08-05 10:32:22 --> Cannot use object of type stdClass as array
in APPPATH\Views\Order\bill.php on line 69.
 1 SYSTEMPATH\View\View.php(213): include()
 2 SYSTEMPATH\View\View.php(216): CodeIgniter\View\View->CodeIgniter\View\{closure}()
 3 SYSTEMPATH\Common.php(1184): CodeIgniter\View\View->render('Order/bill', [], true)
 4 APPPATH\Controllers\OrderController.php(49): view('Order/bill', [...])
 5 SYSTEMPATH\CodeIgniter.php(934): App\Controllers\OrderController->fetch_invoice_data('23')
 6 SYSTEMPATH\CodeIgniter.php(499): CodeIgniter\CodeIgniter->runController(Object(App\Controllers\OrderController))
 7 SYSTEMPATH\CodeIgniter.php(368): CodeIgniter\CodeIgniter->handleRequest(null, Object(Config\Cache), false)
 8 FCPATH\index.php(67): CodeIgniter\CodeIgniter->run()
 9 SYSTEMPATH\Commands\Server\rewrite.php(47): require_once('FCPATH\\index.php')
CRITICAL - 2023-08-05 10:33:20 --> Attempt to read property "username" on array
in APPPATH\Views\Order\bill.php on line 69.
 1 APPPATH\Views\Order\bill.php(69): CodeIgniter\Debug\Exceptions->errorHandler(2, 'Attempt to read property "username" on array', 'APPPATH\\Views\\Order\\bill.php', 69)
 2 SYSTEMPATH\View\View.php(213): include('APPPATH\\Views\\Order\\bill.php')
 3 SYSTEMPATH\View\View.php(216): CodeIgniter\View\View->CodeIgniter\View\{closure}()
 4 SYSTEMPATH\Common.php(1184): CodeIgniter\View\View->render('Order/bill', [], true)
 5 APPPATH\Controllers\OrderController.php(49): view('Order/bill', [...])
 6 SYSTEMPATH\CodeIgniter.php(934): App\Controllers\OrderController->fetch_invoice_data('23')
 7 SYSTEMPATH\CodeIgniter.php(499): CodeIgniter\CodeIgniter->runController(Object(App\Controllers\OrderController))
 8 SYSTEMPATH\CodeIgniter.php(368): CodeIgniter\CodeIgniter->handleRequest(null, Object(Config\Cache), false)
 9 FCPATH\index.php(67): CodeIgniter\CodeIgniter->run()
10 SYSTEMPATH\Commands\Server\rewrite.php(47): require_once('FCPATH\\index.php')
CRITICAL - 2023-08-05 10:39:49 --> Attempt to read property "product_name" on array
in APPPATH\Views\Order\bill.php on line 84.
 1 APPPATH\Views\Order\bill.php(84): CodeIgniter\Debug\Exceptions->errorHandler(2, 'Attempt to read property "product_name" on array', 'APPPATH\\Views\\Order\\bill.php', 84)
 2 SYSTEMPATH\View\View.php(213): include('APPPATH\\Views\\Order\\bill.php')
 3 SYSTEMPATH\View\View.php(216): CodeIgniter\View\View->CodeIgniter\View\{closure}()
 4 SYSTEMPATH\Common.php(1184): CodeIgniter\View\View->render('Order/bill', [], true)
 5 APPPATH\Controllers\OrderController.php(49): view('Order/bill', [...])
 6 SYSTEMPATH\CodeIgniter.php(934): App\Controllers\OrderController->fetch_invoice_data('23')
 7 SYSTEMPATH\CodeIgniter.php(499): CodeIgniter\CodeIgniter->runController(Object(App\Controllers\OrderController))
 8 SYSTEMPATH\CodeIgniter.php(368): CodeIgniter\CodeIgniter->handleRequest(null, Object(Config\Cache), false)
 9 FCPATH\index.php(67): CodeIgniter\CodeIgniter->run()
10 SYSTEMPATH\Commands\Server\rewrite.php(47): require_once('FCPATH\\index.php')
CRITICAL - 2023-08-05 10:44:26 --> Undefined variable $orderItem
in APPPATH\Views\Order\bill.php on line 64.
 1 APPPATH\Views\Order\bill.php(64): CodeIgniter\Debug\Exceptions->errorHandler(2, 'Undefined variable $orderItem', 'APPPATH\\Views\\Order\\bill.php', 64)
 2 SYSTEMPATH\View\View.php(213): include('APPPATH\\Views\\Order\\bill.php')
 3 SYSTEMPATH\View\View.php(216): CodeIgniter\View\View->CodeIgniter\View\{closure}()
 4 SYSTEMPATH\Common.php(1184): CodeIgniter\View\View->render('Order/bill', [], true)
 5 APPPATH\Controllers\OrderController.php(49): view('Order/bill', [...])
 6 SYSTEMPATH\CodeIgniter.php(934): App\Controllers\OrderController->fetch_invoice_data('23')
 7 SYSTEMPATH\CodeIgniter.php(499): CodeIgniter\CodeIgniter->runController(Object(App\Controllers\OrderController))
 8 SYSTEMPATH\CodeIgniter.php(368): CodeIgniter\CodeIgniter->handleRequest(null, Object(Config\Cache), false)
 9 FCPATH\index.php(67): CodeIgniter\CodeIgniter->run()
10 SYSTEMPATH\Commands\Server\rewrite.php(47): require_once('FCPATH\\index.php')
CRITICAL - 2023-08-05 11:47:27 --> Undefined array key "order_id"
in APPPATH\Views\Order\order_details.php on line 29.
 1 APPPATH\Views\Order\order_details.php(29): CodeIgniter\Debug\Exceptions->errorHandler(2, 'Undefined array key "order_id"', 'APPPATH\\Views\\Order\\order_details.php', 29)
 2 SYSTEMPATH\View\View.php(213): include('APPPATH\\Views\\Order\\order_details.php')
 3 SYSTEMPATH\View\View.php(216): CodeIgniter\View\View->CodeIgniter\View\{closure}()
 4 SYSTEMPATH\Common.php(1184): CodeIgniter\View\View->render('Order/order_details', [], true)
 5 APPPATH\Controllers\OrderController.php(31): view('Order/order_details', [...])
 6 SYSTEMPATH\CodeIgniter.php(934): App\Controllers\OrderController->index()
 7 SYSTEMPATH\CodeIgniter.php(499): CodeIgniter\CodeIgniter->runController(Object(App\Controllers\OrderController))
 8 SYSTEMPATH\CodeIgniter.php(368): CodeIgniter\CodeIgniter->handleRequest(null, Object(Config\Cache), false)
 9 FCPATH\index.php(67): CodeIgniter\CodeIgniter->run()
10 SYSTEMPATH\Commands\Server\rewrite.php(47): require_once('FCPATH\\index.php')
CRITICAL - 2023-08-05 11:47:58 --> Undefined array key "order_id"
in APPPATH\Views\Order\order_details.php on line 29.
 1 APPPATH\Views\Order\order_details.php(29): CodeIgniter\Debug\Exceptions->errorHandler(2, 'Undefined array key "order_id"', 'APPPATH\\Views\\Order\\order_details.php', 29)
 2 SYSTEMPATH\View\View.php(213): include('APPPATH\\Views\\Order\\order_details.php')
 3 SYSTEMPATH\View\View.php(216): CodeIgniter\View\View->CodeIgniter\View\{closure}()
 4 SYSTEMPATH\Common.php(1184): CodeIgniter\View\View->render('Order/order_details', [], true)
 5 APPPATH\Controllers\OrderController.php(31): view('Order/order_details', [...])
 6 SYSTEMPATH\CodeIgniter.php(934): App\Controllers\OrderController->index()
 7 SYSTEMPATH\CodeIgniter.php(499): CodeIgniter\CodeIgniter->runController(Object(App\Controllers\OrderController))
 8 SYSTEMPATH\CodeIgniter.php(368): CodeIgniter\CodeIgniter->handleRequest(null, Object(Config\Cache), false)
 9 FCPATH\index.php(67): CodeIgniter\CodeIgniter->run()
10 SYSTEMPATH\Commands\Server\rewrite.php(47): require_once('FCPATH\\index.php')
CRITICAL - 2023-08-05 11:48:58 --> Undefined array key 0
in APPPATH\Views\Order\bill.php on line 65.
 1 APPPATH\Views\Order\bill.php(65): CodeIgniter\Debug\Exceptions->errorHandler(2, 'Undefined array key 0', 'APPPATH\\Views\\Order\\bill.php', 65)
 2 SYSTEMPATH\View\View.php(213): include('APPPATH\\Views\\Order\\bill.php')
 3 SYSTEMPATH\View\View.php(216): CodeIgniter\View\View->CodeIgniter\View\{closure}()
 4 SYSTEMPATH\Common.php(1184): CodeIgniter\View\View->render('Order/bill', [], true)
 5 APPPATH\Controllers\OrderController.php(55): view('Order/bill', [...])
 6 SYSTEMPATH\CodeIgniter.php(934): App\Controllers\OrderController->fetch_invoice_data('1')
 7 SYSTEMPATH\CodeIgniter.php(499): CodeIgniter\CodeIgniter->runController(Object(App\Controllers\OrderController))
 8 SYSTEMPATH\CodeIgniter.php(368): CodeIgniter\CodeIgniter->handleRequest(null, Object(Config\Cache), false)
 9 FCPATH\index.php(67): CodeIgniter\CodeIgniter->run()
10 SYSTEMPATH\Commands\Server\rewrite.php(47): require_once('FCPATH\\index.php')
CRITICAL - 2023-08-05 11:49:04 --> Undefined array key 0
in APPPATH\Views\Order\bill.php on line 65.
 1 APPPATH\Views\Order\bill.php(65): CodeIgniter\Debug\Exceptions->errorHandler(2, 'Undefined array key 0', 'APPPATH\\Views\\Order\\bill.php', 65)
 2 SYSTEMPATH\View\View.php(213): include('APPPATH\\Views\\Order\\bill.php')
 3 SYSTEMPATH\View\View.php(216): CodeIgniter\View\View->CodeIgniter\View\{closure}()
 4 SYSTEMPATH\Common.php(1184): CodeIgniter\View\View->render('Order/bill', [], true)
 5 APPPATH\Controllers\OrderController.php(55): view('Order/bill', [...])
 6 SYSTEMPATH\CodeIgniter.php(934): App\Controllers\OrderController->fetch_invoice_data('1')
 7 SYSTEMPATH\CodeIgniter.php(499): CodeIgniter\CodeIgniter->runController(Object(App\Controllers\OrderController))
 8 SYSTEMPATH\CodeIgniter.php(368): CodeIgniter\CodeIgniter->handleRequest(null, Object(Config\Cache), false)
 9 FCPATH\index.php(67): CodeIgniter\CodeIgniter->run()
10 SYSTEMPATH\Commands\Server\rewrite.php(47): require_once('FCPATH\\index.php')
CRITICAL - 2023-08-05 11:49:25 --> Undefined array key 0
in APPPATH\Views\Order\bill.php on line 65.
 1 APPPATH\Views\Order\bill.php(65): CodeIgniter\Debug\Exceptions->errorHandler(2, 'Undefined array key 0', 'APPPATH\\Views\\Order\\bill.php', 65)
 2 SYSTEMPATH\View\View.php(213): include('APPPATH\\Views\\Order\\bill.php')
 3 SYSTEMPATH\View\View.php(216): CodeIgniter\View\View->CodeIgniter\View\{closure}()
 4 SYSTEMPATH\Common.php(1184): CodeIgniter\View\View->render('Order/bill', [], true)
 5 APPPATH\Controllers\OrderController.php(55): view('Order/bill', [...])
 6 SYSTEMPATH\CodeIgniter.php(934): App\Controllers\OrderController->fetch_invoice_data('1')
 7 SYSTEMPATH\CodeIgniter.php(499): CodeIgniter\CodeIgniter->runController(Object(App\Controllers\OrderController))
 8 SYSTEMPATH\CodeIgniter.php(368): CodeIgniter\CodeIgniter->handleRequest(null, Object(Config\Cache), false)
 9 FCPATH\index.php(67): CodeIgniter\CodeIgniter->run()
10 SYSTEMPATH\Commands\Server\rewrite.php(47): require_once('FCPATH\\index.php')
CRITICAL - 2023-08-05 11:49:52 --> Attempt to read property "created_at" on array
in APPPATH\Views\Order\bill.php on line 65.
 1 APPPATH\Views\Order\bill.php(65): CodeIgniter\Debug\Exceptions->errorHandler(2, 'Attempt to read property "created_at" on array', 'APPPATH\\Views\\Order\\bill.php', 65)
 2 SYSTEMPATH\View\View.php(213): include('APPPATH\\Views\\Order\\bill.php')
 3 SYSTEMPATH\View\View.php(216): CodeIgniter\View\View->CodeIgniter\View\{closure}()
 4 SYSTEMPATH\Common.php(1184): CodeIgniter\View\View->render('Order/bill', [], true)
 5 APPPATH\Controllers\OrderController.php(55): view('Order/bill', [...])
 6 SYSTEMPATH\CodeIgniter.php(934): App\Controllers\OrderController->fetch_invoice_data('1')
 7 SYSTEMPATH\CodeIgniter.php(499): CodeIgniter\CodeIgniter->runController(Object(App\Controllers\OrderController))
 8 SYSTEMPATH\CodeIgniter.php(368): CodeIgniter\CodeIgniter->handleRequest(null, Object(Config\Cache), false)
 9 FCPATH\index.php(67): CodeIgniter\CodeIgniter->run()
10 SYSTEMPATH\Commands\Server\rewrite.php(47): require_once('FCPATH\\index.php')
CRITICAL - 2023-08-05 11:57:54 --> Attempt to read property "created_at" on array
in APPPATH\Views\Order\bill.php on line 64.
 1 APPPATH\Views\Order\bill.php(64): CodeIgniter\Debug\Exceptions->errorHandler(2, 'Attempt to read property "created_at" on array', 'APPPATH\\Views\\Order\\bill.php', 64)
 2 SYSTEMPATH\View\View.php(213): include('APPPATH\\Views\\Order\\bill.php')
 3 SYSTEMPATH\View\View.php(216): CodeIgniter\View\View->CodeIgniter\View\{closure}()
 4 SYSTEMPATH\Common.php(1184): CodeIgniter\View\View->render('Order/bill', [], true)
 5 APPPATH\Controllers\OrderController.php(53): view('Order/bill', [...])
 6 SYSTEMPATH\CodeIgniter.php(934): App\Controllers\OrderController->fetch_invoice_data('10')
 7 SYSTEMPATH\CodeIgniter.php(499): CodeIgniter\CodeIgniter->runController(Object(App\Controllers\OrderController))
 8 SYSTEMPATH\CodeIgniter.php(368): CodeIgniter\CodeIgniter->handleRequest(null, Object(Config\Cache), false)
 9 FCPATH\index.php(67): CodeIgniter\CodeIgniter->run()
10 SYSTEMPATH\Commands\Server\rewrite.php(47): require_once('FCPATH\\index.php')
CRITICAL - 2023-08-05 17:28:25 --> Undefined variable $html
in APPPATH\Controllers\OrderController.php on line 54.
 1 APPPATH\Controllers\OrderController.php(54): CodeIgniter\Debug\Exceptions->errorHandler(2, 'Undefined variable $html', 'APPPATH\\Controllers\\OrderController.php', 54)
 2 SYSTEMPATH\CodeIgniter.php(934): App\Controllers\OrderController->fetch_invoice_data('10')
 3 SYSTEMPATH\CodeIgniter.php(499): CodeIgniter\CodeIgniter->runController(Object(App\Controllers\OrderController))
 4 SYSTEMPATH\CodeIgniter.php(368): CodeIgniter\CodeIgniter->handleRequest(null, Object(Config\Cache), false)
 5 FCPATH\index.php(67): CodeIgniter\CodeIgniter->run()
 6 SYSTEMPATH\Commands\Server\rewrite.php(47): require_once('FCPATH\\index.php')
CRITICAL - 2023-08-05 11:59:19 --> Undefined array key 0
in APPPATH\Views\Order\bill.php on line 64.
 1 APPPATH\Views\Order\bill.php(64): CodeIgniter\Debug\Exceptions->errorHandler(2, 'Undefined array key 0', 'APPPATH\\Views\\Order\\bill.php', 64)
 2 SYSTEMPATH\View\View.php(213): include('APPPATH\\Views\\Order\\bill.php')
 3 SYSTEMPATH\View\View.php(216): CodeIgniter\View\View->CodeIgniter\View\{closure}()
 4 SYSTEMPATH\Common.php(1184): CodeIgniter\View\View->render('Order/bill', [], true)
 5 APPPATH\Controllers\OrderController.php(53): view('Order/bill', [...])
 6 SYSTEMPATH\CodeIgniter.php(934): App\Controllers\OrderController->fetch_invoice_data('1')
 7 SYSTEMPATH\CodeIgniter.php(499): CodeIgniter\CodeIgniter->runController(Object(App\Controllers\OrderController))
 8 SYSTEMPATH\CodeIgniter.php(368): CodeIgniter\CodeIgniter->handleRequest(null, Object(Config\Cache), false)
 9 FCPATH\index.php(67): CodeIgniter\CodeIgniter->run()
10 SYSTEMPATH\Commands\Server\rewrite.php(47): require_once('FCPATH\\index.php')
CRITICAL - 2023-08-05 11:59:40 --> Undefined array key 0
in APPPATH\Views\Order\bill.php on line 64.
 1 APPPATH\Views\Order\bill.php(64): CodeIgniter\Debug\Exceptions->errorHandler(2, 'Undefined array key 0', 'APPPATH\\Views\\Order\\bill.php', 64)
 2 SYSTEMPATH\View\View.php(213): include('APPPATH\\Views\\Order\\bill.php')
 3 SYSTEMPATH\View\View.php(216): CodeIgniter\View\View->CodeIgniter\View\{closure}()
 4 SYSTEMPATH\Common.php(1184): CodeIgniter\View\View->render('Order/bill', [], true)
 5 APPPATH\Controllers\OrderController.php(53): view('Order/bill', [...])
 6 SYSTEMPATH\CodeIgniter.php(934): App\Controllers\OrderController->fetch_invoice_data('1')
 7 SYSTEMPATH\CodeIgniter.php(499): CodeIgniter\CodeIgniter->runController(Object(App\Controllers\OrderController))
 8 SYSTEMPATH\CodeIgniter.php(368): CodeIgniter\CodeIgniter->handleRequest(null, Object(Config\Cache), false)
 9 FCPATH\index.php(67): CodeIgniter\CodeIgniter->run()
10 SYSTEMPATH\Commands\Server\rewrite.php(47): require_once('FCPATH\\index.php')
CRITICAL - 2023-08-05 12:03:05 --> Undefined array key "order_id"
in APPPATH\Views\Order\order_details.php on line 29.
 1 APPPATH\Views\Order\order_details.php(29): CodeIgniter\Debug\Exceptions->errorHandler(2, 'Undefined array key "order_id"', 'APPPATH\\Views\\Order\\order_details.php', 29)
 2 SYSTEMPATH\View\View.php(213): include('APPPATH\\Views\\Order\\order_details.php')
 3 SYSTEMPATH\View\View.php(216): CodeIgniter\View\View->CodeIgniter\View\{closure}()
 4 SYSTEMPATH\Common.php(1184): CodeIgniter\View\View->render('Order/order_details', [], true)
 5 APPPATH\Controllers\OrderController.php(31): view('Order/order_details', [...])
 6 SYSTEMPATH\CodeIgniter.php(934): App\Controllers\OrderController->index()
 7 SYSTEMPATH\CodeIgniter.php(499): CodeIgniter\CodeIgniter->runController(Object(App\Controllers\OrderController))
 8 SYSTEMPATH\CodeIgniter.php(368): CodeIgniter\CodeIgniter->handleRequest(null, Object(Config\Cache), false)
 9 FCPATH\index.php(67): CodeIgniter\CodeIgniter->run()
10 SYSTEMPATH\Commands\Server\rewrite.php(47): require_once('FCPATH\\index.php')
CRITICAL - 2023-08-05 12:12:29 --> Undefined array key "order_id"
in APPPATH\Views\Order\order_details.php on line 39.
 1 APPPATH\Views\Order\order_details.php(39): CodeIgniter\Debug\Exceptions->errorHandler(2, 'Undefined array key "order_id"', 'APPPATH\\Views\\Order\\order_details.php', 39)
 2 SYSTEMPATH\View\View.php(213): include('APPPATH\\Views\\Order\\order_details.php')
 3 SYSTEMPATH\View\View.php(216): CodeIgniter\View\View->CodeIgniter\View\{closure}()
 4 SYSTEMPATH\Common.php(1184): CodeIgniter\View\View->render('Order/order_details', [], true)
 5 APPPATH\Controllers\OrderController.php(31): view('Order/order_details', [...])
 6 SYSTEMPATH\CodeIgniter.php(934): App\Controllers\OrderController->index()
 7 SYSTEMPATH\CodeIgniter.php(499): CodeIgniter\CodeIgniter->runController(Object(App\Controllers\OrderController))
 8 SYSTEMPATH\CodeIgniter.php(368): CodeIgniter\CodeIgniter->handleRequest(null, Object(Config\Cache), false)
 9 FCPATH\index.php(67): CodeIgniter\CodeIgniter->run()
10 SYSTEMPATH\Commands\Server\rewrite.php(47): require_once('FCPATH\\index.php')
CRITICAL - 2023-08-05 12:13:50 --> Undefined array key "order_id"
in APPPATH\Views\Order\order_details.php on line 26.
 1 APPPATH\Views\Order\order_details.php(26): CodeIgniter\Debug\Exceptions->errorHandler(2, 'Undefined array key "order_id"', 'APPPATH\\Views\\Order\\order_details.php', 26)
 2 SYSTEMPATH\View\View.php(213): include('APPPATH\\Views\\Order\\order_details.php')
 3 SYSTEMPATH\View\View.php(216): CodeIgniter\View\View->CodeIgniter\View\{closure}()
 4 SYSTEMPATH\Common.php(1184): CodeIgniter\View\View->render('Order/order_details', [], true)
 5 APPPATH\Controllers\OrderController.php(31): view('Order/order_details', [...])
 6 SYSTEMPATH\CodeIgniter.php(934): App\Controllers\OrderController->index()
 7 SYSTEMPATH\CodeIgniter.php(499): CodeIgniter\CodeIgniter->runController(Object(App\Controllers\OrderController))
 8 SYSTEMPATH\CodeIgniter.php(368): CodeIgniter\CodeIgniter->handleRequest(null, Object(Config\Cache), false)
 9 FCPATH\index.php(67): CodeIgniter\CodeIgniter->run()
10 SYSTEMPATH\Commands\Server\rewrite.php(47): require_once('FCPATH\\index.php')
CRITICAL - 2023-08-05 12:31:53 --> Call to undefined method CodeIgniter\Database\MySQLi\Connection::select()
in APPPATH\Models\OrderDetailModel.php on line 58.
 1 APPPATH\Controllers\AdminController.php(244): App\Models\OrderDetailModel->getTotalOrderCount()
 2 SYSTEMPATH\CodeIgniter.php(934): App\Controllers\AdminController->dashboard()
 3 SYSTEMPATH\CodeIgniter.php(499): CodeIgniter\CodeIgniter->runController(Object(App\Controllers\AdminController))
 4 SYSTEMPATH\CodeIgniter.php(368): CodeIgniter\CodeIgniter->handleRequest(null, Object(Config\Cache), false)
 5 FCPATH\index.php(67): CodeIgniter\CodeIgniter->run()
 6 SYSTEMPATH\Commands\Server\rewrite.php(47): require_once('FCPATH\\index.php')
CRITICAL - 2023-08-05 12:33:05 --> Call to undefined method CodeIgniter\Database\MySQLi\Connection::countDistinct()
in APPPATH\Models\OrderDetailModel.php on line 58.
 1 APPPATH\Controllers\AdminController.php(244): App\Models\OrderDetailModel->getTotalOrderCount()
 2 SYSTEMPATH\CodeIgniter.php(934): App\Controllers\AdminController->dashboard()
 3 SYSTEMPATH\CodeIgniter.php(499): CodeIgniter\CodeIgniter->runController(Object(App\Controllers\AdminController))
 4 SYSTEMPATH\CodeIgniter.php(368): CodeIgniter\CodeIgniter->handleRequest(null, Object(Config\Cache), false)
 5 FCPATH\index.php(67): CodeIgniter\CodeIgniter->run()
 6 SYSTEMPATH\Commands\Server\rewrite.php(47): require_once('FCPATH\\index.php')
CRITICAL - 2023-08-05 12:38:27 --> Call to undefined method App\Models\OrderDetailModel::countUniqueShippedOrders
in SYSTEMPATH\Model.php on line 842.
 1 APPPATH\Controllers\AdminController.php(244): CodeIgniter\Model->__call('countUniqueShippedOrders', [])
 2 SYSTEMPATH\CodeIgniter.php(934): App\Controllers\AdminController->dashboard()
 3 SYSTEMPATH\CodeIgniter.php(499): CodeIgniter\CodeIgniter->runController(Object(App\Controllers\AdminController))
 4 SYSTEMPATH\CodeIgniter.php(368): CodeIgniter\CodeIgniter->handleRequest(null, Object(Config\Cache), false)
 5 FCPATH\index.php(67): CodeIgniter\CodeIgniter->run()
 6 SYSTEMPATH\Commands\Server\rewrite.php(47): require_once('FCPATH\\index.php')
CRITICAL - 2023-08-05 12:38:50 --> Call to undefined method App\Models\OrderDetailModel::countUniqueOrdersByStatus
in SYSTEMPATH\Model.php on line 842.
 1 APPPATH\Models\OrderDetailModel.php(79): CodeIgniter\Model->__call('countUniqueOrdersByStatus', [...])
 2 APPPATH\Controllers\AdminController.php(244): App\Models\OrderDetailModel->countUniqueShippedOrders()
 3 SYSTEMPATH\CodeIgniter.php(934): App\Controllers\AdminController->dashboard()
 4 SYSTEMPATH\CodeIgniter.php(499): CodeIgniter\CodeIgniter->runController(Object(App\Controllers\AdminController))
 5 SYSTEMPATH\CodeIgniter.php(368): CodeIgniter\CodeIgniter->handleRequest(null, Object(Config\Cache), false)
 6 FCPATH\index.php(67): CodeIgniter\CodeIgniter->run()
 7 SYSTEMPATH\Commands\Server\rewrite.php(47): require_once('FCPATH\\index.php')
CRITICAL - 2023-08-05 12:39:49 --> Call to undefined method App\Models\OrderDetailModel::countUniqueOrdersByStatus
in SYSTEMPATH\Model.php on line 842.
 1 APPPATH\Models\OrderDetailModel.php(79): CodeIgniter\Model->__call('countUniqueOrdersByStatus', [...])
 2 APPPATH\Controllers\AdminController.php(244): App\Models\OrderDetailModel->countUniqueShippedOrders()
 3 SYSTEMPATH\CodeIgniter.php(934): App\Controllers\AdminController->dashboard()
 4 SYSTEMPATH\CodeIgniter.php(499): CodeIgniter\CodeIgniter->runController(Object(App\Controllers\AdminController))
 5 SYSTEMPATH\CodeIgniter.php(368): CodeIgniter\CodeIgniter->handleRequest(null, Object(Config\Cache), false)
 6 FCPATH\index.php(67): CodeIgniter\CodeIgniter->run()
 7 SYSTEMPATH\Commands\Server\rewrite.php(47): require_once('FCPATH\\index.php')
CRITICAL - 2023-08-05 12:39:52 --> Call to undefined method App\Models\OrderDetailModel::countUniqueOrdersByStatus
in SYSTEMPATH\Model.php on line 842.
 1 APPPATH\Models\OrderDetailModel.php(79): CodeIgniter\Model->__call('countUniqueOrdersByStatus', [...])
 2 APPPATH\Controllers\AdminController.php(244): App\Models\OrderDetailModel->countUniqueShippedOrders()
 3 SYSTEMPATH\CodeIgniter.php(934): App\Controllers\AdminController->dashboard()
 4 SYSTEMPATH\CodeIgniter.php(499): CodeIgniter\CodeIgniter->runController(Object(App\Controllers\AdminController))
 5 SYSTEMPATH\CodeIgniter.php(368): CodeIgniter\CodeIgniter->handleRequest(null, Object(Config\Cache), false)
 6 FCPATH\index.php(67): CodeIgniter\CodeIgniter->run()
 7 SYSTEMPATH\Commands\Server\rewrite.php(47): require_once('FCPATH\\index.php')
CRITICAL - 2023-08-05 12:39:52 --> Call to undefined method App\Models\OrderDetailModel::countUniqueOrdersByStatus
in SYSTEMPATH\Model.php on line 842.
 1 APPPATH\Models\OrderDetailModel.php(79): CodeIgniter\Model->__call('countUniqueOrdersByStatus', [...])
 2 APPPATH\Controllers\AdminController.php(244): App\Models\OrderDetailModel->countUniqueShippedOrders()
 3 SYSTEMPATH\CodeIgniter.php(934): App\Controllers\AdminController->dashboard()
 4 SYSTEMPATH\CodeIgniter.php(499): CodeIgniter\CodeIgniter->runController(Object(App\Controllers\AdminController))
 5 SYSTEMPATH\CodeIgniter.php(368): CodeIgniter\CodeIgniter->handleRequest(null, Object(Config\Cache), false)
 6 FCPATH\index.php(67): CodeIgniter\CodeIgniter->run()
 7 SYSTEMPATH\Commands\Server\rewrite.php(47): require_once('FCPATH\\index.php')
CRITICAL - 2023-08-05 12:39:52 --> Call to undefined method App\Models\OrderDetailModel::countUniqueOrdersByStatus
in SYSTEMPATH\Model.php on line 842.
 1 APPPATH\Models\OrderDetailModel.php(79): CodeIgniter\Model->__call('countUniqueOrdersByStatus', [...])
 2 APPPATH\Controllers\AdminController.php(244): App\Models\OrderDetailModel->countUniqueShippedOrders()
 3 SYSTEMPATH\CodeIgniter.php(934): App\Controllers\AdminController->dashboard()
 4 SYSTEMPATH\CodeIgniter.php(499): CodeIgniter\CodeIgniter->runController(Object(App\Controllers\AdminController))
 5 SYSTEMPATH\CodeIgniter.php(368): CodeIgniter\CodeIgniter->handleRequest(null, Object(Config\Cache), false)
 6 FCPATH\index.php(67): CodeIgniter\CodeIgniter->run()
 7 SYSTEMPATH\Commands\Server\rewrite.php(47): require_once('FCPATH\\index.php')
CRITICAL - 2023-08-05 12:42:57 --> Call to undefined method App\Models\OrderDetailModel::countUniqueOrdersByStatus
in SYSTEMPATH\Model.php on line 842.
 1 APPPATH\Models\OrderDetailModel.php(79): CodeIgniter\Model->__call('countUniqueOrdersByStatus', [...])
 2 APPPATH\Controllers\AdminController.php(248): App\Models\OrderDetailModel->countUniqueShippedOrders()
 3 SYSTEMPATH\CodeIgniter.php(934): App\Controllers\AdminController->dashboard()
 4 SYSTEMPATH\CodeIgniter.php(499): CodeIgniter\CodeIgniter->runController(Object(App\Controllers\AdminController))
 5 SYSTEMPATH\CodeIgniter.php(368): CodeIgniter\CodeIgniter->handleRequest(null, Object(Config\Cache), false)
 6 FCPATH\index.php(67): CodeIgniter\CodeIgniter->run()
 7 SYSTEMPATH\Commands\Server\rewrite.php(47): require_once('FCPATH\\index.php')
