CRITICAL - 2023-08-07 06:09:29 --> Call to undefined method App\Models\UserModel::getUserById
in SYSTEMPATH\Model.php on line 842.
 1 APPPATH\Controllers\UserController.php(39): CodeIgniter\Model->__call('getUserById', [...])
 2 SYSTEMPATH\CodeIgniter.php(934): App\Controllers\UserController->login_user()
 3 SYSTEMPATH\CodeIgniter.php(499): CodeIgniter\CodeIgniter->runController(Object(App\Controllers\UserController))
 4 SYSTEMPATH\CodeIgniter.php(368): CodeIgniter\CodeIgniter->handleRequest(null, Object(Config\Cache), false)
 5 FCPATH\index.php(67): CodeIgniter\CodeIgniter->run()
 6 SYSTEMPATH\Commands\Server\rewrite.php(47): require_once('FCPATH\\index.php')
CRITICAL - 2023-08-07 06:09:50 --> Call to undefined method App\Models\UserModel::getUserById
in SYSTEMPATH\Model.php on line 842.
 1 APPPATH\Controllers\UserController.php(39): CodeIgniter\Model->__call('getUserById', [...])
 2 SYSTEMPATH\CodeIgniter.php(934): App\Controllers\UserController->login_user()
 3 SYSTEMPATH\CodeIgniter.php(499): CodeIgniter\CodeIgniter->runController(Object(App\Controllers\UserController))
 4 SYSTEMPATH\CodeIgniter.php(368): CodeIgniter\CodeIgniter->handleRequest(null, Object(Config\Cache), false)
 5 FCPATH\index.php(67): CodeIgniter\CodeIgniter->run()
 6 SYSTEMPATH\Commands\Server\rewrite.php(47): require_once('FCPATH\\index.php')
CRITICAL - 2023-08-07 06:09:52 --> Call to undefined method App\Models\UserModel::getUserById
in SYSTEMPATH\Model.php on line 842.
 1 APPPATH\Controllers\UserController.php(39): CodeIgniter\Model->__call('getUserById', [...])
 2 SYSTEMPATH\CodeIgniter.php(934): App\Controllers\UserController->login_user()
 3 SYSTEMPATH\CodeIgniter.php(499): CodeIgniter\CodeIgniter->runController(Object(App\Controllers\UserController))
 4 SYSTEMPATH\CodeIgniter.php(368): CodeIgniter\CodeIgniter->handleRequest(null, Object(Config\Cache), false)
 5 FCPATH\index.php(67): CodeIgniter\CodeIgniter->run()
 6 SYSTEMPATH\Commands\Server\rewrite.php(47): require_once('FCPATH\\index.php')
CRITICAL - 2023-08-07 06:12:06 --> Call to undefined method CodeIgniter\Database\MySQLi\Connection::get_where()
in APPPATH\Models\UserModel.php on line 28.
 1 APPPATH\Controllers\UserController.php(37): App\Models\UserModel->getUserById('2')
 2 SYSTEMPATH\CodeIgniter.php(934): App\Controllers\UserController->login_user()
 3 SYSTEMPATH\CodeIgniter.php(499): CodeIgniter\CodeIgniter->runController(Object(App\Controllers\UserController))
 4 SYSTEMPATH\CodeIgniter.php(368): CodeIgniter\CodeIgniter->handleRequest(null, Object(Config\Cache), false)
 5 FCPATH\index.php(67): CodeIgniter\CodeIgniter->run()
 6 SYSTEMPATH\Commands\Server\rewrite.php(47): require_once('FCPATH\\index.php')
CRITICAL - 2023-08-07 06:13:59 --> Call to undefined method CodeIgniter\Database\MySQLi\Connection::get_where()
in APPPATH\Models\UserModel.php on line 28.
 1 APPPATH\Controllers\UserController.php(37): App\Models\UserModel->getUserById('2')
 2 SYSTEMPATH\CodeIgniter.php(934): App\Controllers\UserController->login_user()
 3 SYSTEMPATH\CodeIgniter.php(499): CodeIgniter\CodeIgniter->runController(Object(App\Controllers\UserController))
 4 SYSTEMPATH\CodeIgniter.php(368): CodeIgniter\CodeIgniter->handleRequest(null, Object(Config\Cache), false)
 5 FCPATH\index.php(67): CodeIgniter\CodeIgniter->run()
 6 SYSTEMPATH\Commands\Server\rewrite.php(47): require_once('FCPATH\\index.php')
CRITICAL - 2023-08-07 06:14:50 --> Call to undefined method CodeIgniter\Database\MySQLi\Connection::get_where()
in APPPATH\Models\UserModel.php on line 28.
 1 APPPATH\Controllers\UserController.php(37): App\Models\UserModel->getUserById('2')
 2 SYSTEMPATH\CodeIgniter.php(934): App\Controllers\UserController->login_user()
 3 SYSTEMPATH\CodeIgniter.php(499): CodeIgniter\CodeIgniter->runController(Object(App\Controllers\UserController))
 4 SYSTEMPATH\CodeIgniter.php(368): CodeIgniter\CodeIgniter->handleRequest(null, Object(Config\Cache), false)
 5 FCPATH\index.php(67): CodeIgniter\CodeIgniter->run()
 6 SYSTEMPATH\Commands\Server\rewrite.php(47): require_once('FCPATH\\index.php')
CRITICAL - 2023-08-07 06:18:19 --> Call to undefined method CodeIgniter\Database\MySQLi\Connection::get_where()
in APPPATH\Models\UserModel.php on line 28.
 1 APPPATH\Controllers\UserController.php(48): App\Models\UserModel->getUserById('1')
 2 SYSTEMPATH\CodeIgniter.php(934): App\Controllers\UserController->login_user()
 3 SYSTEMPATH\CodeIgniter.php(499): CodeIgniter\CodeIgniter->runController(Object(App\Controllers\UserController))
 4 SYSTEMPATH\CodeIgniter.php(368): CodeIgniter\CodeIgniter->handleRequest(null, Object(Config\Cache), false)
 5 FCPATH\index.php(67): CodeIgniter\CodeIgniter->run()
 6 SYSTEMPATH\Commands\Server\rewrite.php(47): require_once('FCPATH\\index.php')
CRITICAL - 2023-08-07 06:20:51 --> Call to undefined method CodeIgniter\Database\MySQLi\Connection::get_where()
in APPPATH\Models\UserModel.php on line 28.
 1 APPPATH\Controllers\UserController.php(37): App\Models\UserModel->getUserById('1')
 2 SYSTEMPATH\CodeIgniter.php(934): App\Controllers\UserController->login_user()
 3 SYSTEMPATH\CodeIgniter.php(499): CodeIgniter\CodeIgniter->runController(Object(App\Controllers\UserController))
 4 SYSTEMPATH\CodeIgniter.php(368): CodeIgniter\CodeIgniter->handleRequest(null, Object(Config\Cache), false)
 5 FCPATH\index.php(67): CodeIgniter\CodeIgniter->run()
 6 SYSTEMPATH\Commands\Server\rewrite.php(47): require_once('FCPATH\\index.php')
CRITICAL - 2023-08-07 06:21:18 --> Call to undefined method CodeIgniter\Database\MySQLi\Connection::get_where()
in APPPATH\Models\UserModel.php on line 28.
 1 APPPATH\Controllers\UserController.php(37): App\Models\UserModel->getUserById('1')
 2 SYSTEMPATH\CodeIgniter.php(934): App\Controllers\UserController->login_user()
 3 SYSTEMPATH\CodeIgniter.php(499): CodeIgniter\CodeIgniter->runController(Object(App\Controllers\UserController))
 4 SYSTEMPATH\CodeIgniter.php(368): CodeIgniter\CodeIgniter->handleRequest(null, Object(Config\Cache), false)
 5 FCPATH\index.php(67): CodeIgniter\CodeIgniter->run()
 6 SYSTEMPATH\Commands\Server\rewrite.php(47): require_once('FCPATH\\index.php')
CRITICAL - 2023-08-07 06:40:30 --> Cannot access offset of type string on string
in APPPATH\Controllers\UserController.php on line 50.
 1 SYSTEMPATH\CodeIgniter.php(934): App\Controllers\UserController->getUserOrders()
 2 SYSTEMPATH\CodeIgniter.php(499): CodeIgniter\CodeIgniter->runController(Object(App\Controllers\UserController))
 3 SYSTEMPATH\CodeIgniter.php(368): CodeIgniter\CodeIgniter->handleRequest(null, Object(Config\Cache), false)
 4 FCPATH\index.php(67): CodeIgniter\CodeIgniter->run()
 5 SYSTEMPATH\Commands\Server\rewrite.php(47): require_once('FCPATH\\index.php')
CRITICAL - 2023-08-07 06:43:22 --> Cannot access offset of type string on string
in APPPATH\Controllers\UserController.php on line 51.
 1 SYSTEMPATH\CodeIgniter.php(934): App\Controllers\UserController->getUserOrders()
 2 SYSTEMPATH\CodeIgniter.php(499): CodeIgniter\CodeIgniter->runController(Object(App\Controllers\UserController))
 3 SYSTEMPATH\CodeIgniter.php(368): CodeIgniter\CodeIgniter->handleRequest(null, Object(Config\Cache), false)
 4 FCPATH\index.php(67): CodeIgniter\CodeIgniter->run()
 5 SYSTEMPATH\Commands\Server\rewrite.php(47): require_once('FCPATH\\index.php')
CRITICAL - 2023-08-07 06:46:18 --> Undefined property: App\Controllers\UserController::$OrderDetailModel
in APPPATH\Controllers\UserController.php on line 56.
 1 APPPATH\Controllers\UserController.php(56): CodeIgniter\Debug\Exceptions->errorHandler(2, 'Undefined property: App\\Controllers\\UserController::$OrderDetailModel', 'APPPATH\\Controllers\\UserController.php', 56)
 2 SYSTEMPATH\CodeIgniter.php(934): App\Controllers\UserController->getUserOrders()
 3 SYSTEMPATH\CodeIgniter.php(499): CodeIgniter\CodeIgniter->runController(Object(App\Controllers\UserController))
 4 SYSTEMPATH\CodeIgniter.php(368): CodeIgniter\CodeIgniter->handleRequest(null, Object(Config\Cache), false)
 5 FCPATH\index.php(67): CodeIgniter\CodeIgniter->run()
 6 SYSTEMPATH\Commands\Server\rewrite.php(47): require_once('FCPATH\\index.php')
CRITICAL - 2023-08-07 06:50:17 --> Undefined property: App\Controllers\UserController::$OrderDetailModel
in APPPATH\Controllers\UserController.php on line 56.
 1 APPPATH\Controllers\UserController.php(56): CodeIgniter\Debug\Exceptions->errorHandler(2, 'Undefined property: App\\Controllers\\UserController::$OrderDetailModel', 'APPPATH\\Controllers\\UserController.php', 56)
 2 SYSTEMPATH\CodeIgniter.php(934): App\Controllers\UserController->getUserOrders()
 3 SYSTEMPATH\CodeIgniter.php(499): CodeIgniter\CodeIgniter->runController(Object(App\Controllers\UserController))
 4 SYSTEMPATH\CodeIgniter.php(368): CodeIgniter\CodeIgniter->handleRequest(null, Object(Config\Cache), false)
 5 FCPATH\index.php(67): CodeIgniter\CodeIgniter->run()
 6 SYSTEMPATH\Commands\Server\rewrite.php(47): require_once('FCPATH\\index.php')
CRITICAL - 2023-08-07 06:52:46 --> Undefined property: App\Controllers\UserController::$OrderDetailModel
in APPPATH\Controllers\UserController.php on line 56.
 1 APPPATH\Controllers\UserController.php(56): CodeIgniter\Debug\Exceptions->errorHandler(2, 'Undefined property: App\\Controllers\\UserController::$OrderDetailModel', 'APPPATH\\Controllers\\UserController.php', 56)
 2 SYSTEMPATH\CodeIgniter.php(934): App\Controllers\UserController->getUserOrders()
 3 SYSTEMPATH\CodeIgniter.php(499): CodeIgniter\CodeIgniter->runController(Object(App\Controllers\UserController))
 4 SYSTEMPATH\CodeIgniter.php(368): CodeIgniter\CodeIgniter->handleRequest(null, Object(Config\Cache), false)
 5 FCPATH\index.php(67): CodeIgniter\CodeIgniter->run()
 6 SYSTEMPATH\Commands\Server\rewrite.php(47): require_once('FCPATH\\index.php')
CRITICAL - 2023-08-07 06:54:09 --> Undefined property: App\Controllers\UserController::$OrderDetailModel
in APPPATH\Controllers\UserController.php on line 56.
 1 APPPATH\Controllers\UserController.php(56): CodeIgniter\Debug\Exceptions->errorHandler(2, 'Undefined property: App\\Controllers\\UserController::$OrderDetailModel', 'APPPATH\\Controllers\\UserController.php', 56)
 2 SYSTEMPATH\CodeIgniter.php(934): App\Controllers\UserController->getUserOrders()
 3 SYSTEMPATH\CodeIgniter.php(499): CodeIgniter\CodeIgniter->runController(Object(App\Controllers\UserController))
 4 SYSTEMPATH\CodeIgniter.php(368): CodeIgniter\CodeIgniter->handleRequest(null, Object(Config\Cache), false)
 5 FCPATH\index.php(67): CodeIgniter\CodeIgniter->run()
 6 SYSTEMPATH\Commands\Server\rewrite.php(47): require_once('FCPATH\\index.php')
CRITICAL - 2023-08-07 06:54:50 --> Undefined property: App\Controllers\UserController::$OrderDetailModel
in APPPATH\Controllers\UserController.php on line 56.
 1 APPPATH\Controllers\UserController.php(56): CodeIgniter\Debug\Exceptions->errorHandler(2, 'Undefined property: App\\Controllers\\UserController::$OrderDetailModel', 'APPPATH\\Controllers\\UserController.php', 56)
 2 SYSTEMPATH\CodeIgniter.php(934): App\Controllers\UserController->getUserOrders()
 3 SYSTEMPATH\CodeIgniter.php(499): CodeIgniter\CodeIgniter->runController(Object(App\Controllers\UserController))
 4 SYSTEMPATH\CodeIgniter.php(368): CodeIgniter\CodeIgniter->handleRequest(null, Object(Config\Cache), false)
 5 FCPATH\index.php(67): CodeIgniter\CodeIgniter->run()
 6 SYSTEMPATH\Commands\Server\rewrite.php(47): require_once('FCPATH\\index.php')
CRITICAL - 2023-08-07 06:56:27 --> Undefined property: App\Controllers\UserController::$OrderDetailModel
in APPPATH\Controllers\UserController.php on line 56.
 1 APPPATH\Controllers\UserController.php(56): CodeIgniter\Debug\Exceptions->errorHandler(2, 'Undefined property: App\\Controllers\\UserController::$OrderDetailModel', 'APPPATH\\Controllers\\UserController.php', 56)
 2 SYSTEMPATH\CodeIgniter.php(934): App\Controllers\UserController->getUserOrders()
 3 SYSTEMPATH\CodeIgniter.php(499): CodeIgniter\CodeIgniter->runController(Object(App\Controllers\UserController))
 4 SYSTEMPATH\CodeIgniter.php(368): CodeIgniter\CodeIgniter->handleRequest(null, Object(Config\Cache), false)
 5 FCPATH\index.php(67): CodeIgniter\CodeIgniter->run()
 6 SYSTEMPATH\Commands\Server\rewrite.php(47): require_once('FCPATH\\index.php')
CRITICAL - 2023-08-07 06:57:00 --> Invalid file: "user/order_list.php"
in SYSTEMPATH\Exceptions\FrameworkException.php on line 33.
 1 SYSTEMPATH\View\View.php(201): CodeIgniter\Exceptions\FrameworkException::forInvalidFile('user/order_list.php')
 2 SYSTEMPATH\Common.php(1184): CodeIgniter\View\View->render('user/order_list', [], true)
 3 APPPATH\Controllers\UserController.php(57): view('user/order_list', [...])
 4 SYSTEMPATH\CodeIgniter.php(934): App\Controllers\UserController->getUserOrders()
 5 SYSTEMPATH\CodeIgniter.php(499): CodeIgniter\CodeIgniter->runController(Object(App\Controllers\UserController))
 6 SYSTEMPATH\CodeIgniter.php(368): CodeIgniter\CodeIgniter->handleRequest(null, Object(Config\Cache), false)
 7 FCPATH\index.php(67): CodeIgniter\CodeIgniter->run()
 8 SYSTEMPATH\Commands\Server\rewrite.php(47): require_once('FCPATH\\index.php')
CRITICAL - 2023-08-07 09:48:20 --> Undefined variable $orderItem
in APPPATH\Views\User\order_details.php on line 24.
 1 APPPATH\Views\User\order_details.php(24): CodeIgniter\Debug\Exceptions->errorHandler(2, 'Undefined variable $orderItem', 'APPPATH\\Views\\User\\order_details.php', 24)
 2 SYSTEMPATH\View\View.php(213): include('APPPATH\\Views\\User\\order_details.php')
 3 SYSTEMPATH\View\View.php(216): CodeIgniter\View\View->CodeIgniter\View\{closure}()
 4 SYSTEMPATH\Common.php(1184): CodeIgniter\View\View->render('user/order_details', [], true)
 5 APPPATH\Controllers\UserController.php(57): view('user/order_details', [...])
 6 SYSTEMPATH\CodeIgniter.php(934): App\Controllers\UserController->getUserOrders()
 7 SYSTEMPATH\CodeIgniter.php(499): CodeIgniter\CodeIgniter->runController(Object(App\Controllers\UserController))
 8 SYSTEMPATH\CodeIgniter.php(368): CodeIgniter\CodeIgniter->handleRequest(null, Object(Config\Cache), false)
 9 FCPATH\index.php(67): CodeIgniter\CodeIgniter->run()
10 SYSTEMPATH\Commands\Server\rewrite.php(47): require_once('FCPATH\\index.php')
CRITICAL - 2023-08-07 09:48:38 --> Undefined array key 0
in APPPATH\Views\Order\bill.php on line 65.
 1 APPPATH\Views\Order\bill.php(65): CodeIgniter\Debug\Exceptions->errorHandler(2, 'Undefined array key 0', 'APPPATH\\Views\\Order\\bill.php', 65)
 2 SYSTEMPATH\View\View.php(213): include('APPPATH\\Views\\Order\\bill.php')
 3 SYSTEMPATH\View\View.php(216): CodeIgniter\View\View->CodeIgniter\View\{closure}()
 4 SYSTEMPATH\Common.php(1184): CodeIgniter\View\View->render('Order/bill', [], true)
 5 APPPATH\Controllers\OrderController.php(55): view('Order/bill', [...])
 6 SYSTEMPATH\CodeIgniter.php(934): App\Controllers\OrderController->fetch_invoice_data('32')
 7 SYSTEMPATH\CodeIgniter.php(499): CodeIgniter\CodeIgniter->runController(Object(App\Controllers\OrderController))
 8 SYSTEMPATH\CodeIgniter.php(368): CodeIgniter\CodeIgniter->handleRequest(null, Object(Config\Cache), false)
 9 FCPATH\index.php(67): CodeIgniter\CodeIgniter->run()
10 SYSTEMPATH\Commands\Server\rewrite.php(47): require_once('FCPATH\\index.php')
CRITICAL - 2023-08-07 10:19:09 --> Call to undefined method Endroid\QrCode\QrCode::writeDataUri()
in APPPATH\Controllers\OrderController.php on line 34.
 1 SYSTEMPATH\CodeIgniter.php(934): App\Controllers\OrderController->index()
 2 SYSTEMPATH\CodeIgniter.php(499): CodeIgniter\CodeIgniter->runController(Object(App\Controllers\OrderController))
 3 SYSTEMPATH\CodeIgniter.php(368): CodeIgniter\CodeIgniter->handleRequest(null, Object(Config\Cache), false)
 4 FCPATH\index.php(67): CodeIgniter\CodeIgniter->run()
 5 SYSTEMPATH\Commands\Server\rewrite.php(47): require_once('FCPATH\\index.php')
CRITICAL - 2023-08-07 10:19:38 --> Call to undefined method Endroid\QrCode\QrCode::writeDataUri()
in APPPATH\Controllers\OrderController.php on line 34.
 1 SYSTEMPATH\CodeIgniter.php(934): App\Controllers\OrderController->index()
 2 SYSTEMPATH\CodeIgniter.php(499): CodeIgniter\CodeIgniter->runController(Object(App\Controllers\OrderController))
 3 SYSTEMPATH\CodeIgniter.php(368): CodeIgniter\CodeIgniter->handleRequest(null, Object(Config\Cache), false)
 4 FCPATH\index.php(67): CodeIgniter\CodeIgniter->run()
 5 SYSTEMPATH\Commands\Server\rewrite.php(47): require_once('FCPATH\\index.php')
CRITICAL - 2023-08-07 10:21:26 --> Call to undefined method Endroid\QrCode\QrCode::writeDataUri()
in APPPATH\Controllers\OrderController.php on line 34.
 1 SYSTEMPATH\CodeIgniter.php(934): App\Controllers\OrderController->index()
 2 SYSTEMPATH\CodeIgniter.php(499): CodeIgniter\CodeIgniter->runController(Object(App\Controllers\OrderController))
 3 SYSTEMPATH\CodeIgniter.php(368): CodeIgniter\CodeIgniter->handleRequest(null, Object(Config\Cache), false)
 4 FCPATH\index.php(67): CodeIgniter\CodeIgniter->run()
 5 SYSTEMPATH\Commands\Server\rewrite.php(47): require_once('FCPATH\\index.php')
CRITICAL - 2023-08-07 10:22:38 --> Call to undefined method Endroid\QrCode\QrCode::writeString()
in APPPATH\Controllers\OrderController.php on line 33.
 1 SYSTEMPATH\CodeIgniter.php(934): App\Controllers\OrderController->index()
 2 SYSTEMPATH\CodeIgniter.php(499): CodeIgniter\CodeIgniter->runController(Object(App\Controllers\OrderController))
 3 SYSTEMPATH\CodeIgniter.php(368): CodeIgniter\CodeIgniter->handleRequest(null, Object(Config\Cache), false)
 4 FCPATH\index.php(67): CodeIgniter\CodeIgniter->run()
 5 SYSTEMPATH\Commands\Server\rewrite.php(47): require_once('FCPATH\\index.php')
CRITICAL - 2023-08-07 10:23:54 --> Call to undefined method Endroid\QrCode\QrCode::writeFile()
in APPPATH\Controllers\OrderController.php on line 37.
 1 SYSTEMPATH\CodeIgniter.php(934): App\Controllers\OrderController->index()
 2 SYSTEMPATH\CodeIgniter.php(499): CodeIgniter\CodeIgniter->runController(Object(App\Controllers\OrderController))
 3 SYSTEMPATH\CodeIgniter.php(368): CodeIgniter\CodeIgniter->handleRequest(null, Object(Config\Cache), false)
 4 FCPATH\index.php(67): CodeIgniter\CodeIgniter->run()
 5 SYSTEMPATH\Commands\Server\rewrite.php(47): require_once('FCPATH\\index.php')
CRITICAL - 2023-08-07 10:26:08 --> Class "Endroid\QrCode\Response\QrCodeResponse" not found
in APPPATH\Controllers\OrderController.php on line 37.
 1 SYSTEMPATH\CodeIgniter.php(934): App\Controllers\OrderController->index()
 2 SYSTEMPATH\CodeIgniter.php(499): CodeIgniter\CodeIgniter->runController(Object(App\Controllers\OrderController))
 3 SYSTEMPATH\CodeIgniter.php(368): CodeIgniter\CodeIgniter->handleRequest(null, Object(Config\Cache), false)
 4 FCPATH\index.php(67): CodeIgniter\CodeIgniter->run()
 5 SYSTEMPATH\Commands\Server\rewrite.php(47): require_once('FCPATH\\index.php')
CRITICAL - 2023-08-07 10:26:16 --> Class "Endroid\QrCode\Response\QrCodeResponse" not found
in APPPATH\Controllers\OrderController.php on line 37.
 1 SYSTEMPATH\CodeIgniter.php(934): App\Controllers\OrderController->index()
 2 SYSTEMPATH\CodeIgniter.php(499): CodeIgniter\CodeIgniter->runController(Object(App\Controllers\OrderController))
 3 SYSTEMPATH\CodeIgniter.php(368): CodeIgniter\CodeIgniter->handleRequest(null, Object(Config\Cache), false)
 4 FCPATH\index.php(67): CodeIgniter\CodeIgniter->run()
 5 SYSTEMPATH\Commands\Server\rewrite.php(47): require_once('FCPATH\\index.php')
CRITICAL - 2023-08-07 10:26:17 --> Class "Endroid\QrCode\Response\QrCodeResponse" not found
in APPPATH\Controllers\OrderController.php on line 37.
 1 SYSTEMPATH\CodeIgniter.php(934): App\Controllers\OrderController->index()
 2 SYSTEMPATH\CodeIgniter.php(499): CodeIgniter\CodeIgniter->runController(Object(App\Controllers\OrderController))
 3 SYSTEMPATH\CodeIgniter.php(368): CodeIgniter\CodeIgniter->handleRequest(null, Object(Config\Cache), false)
 4 FCPATH\index.php(67): CodeIgniter\CodeIgniter->run()
 5 SYSTEMPATH\Commands\Server\rewrite.php(47): require_once('FCPATH\\index.php')
CRITICAL - 2023-08-07 10:26:17 --> Class "Endroid\QrCode\Response\QrCodeResponse" not found
in APPPATH\Controllers\OrderController.php on line 37.
 1 SYSTEMPATH\CodeIgniter.php(934): App\Controllers\OrderController->index()
 2 SYSTEMPATH\CodeIgniter.php(499): CodeIgniter\CodeIgniter->runController(Object(App\Controllers\OrderController))
 3 SYSTEMPATH\CodeIgniter.php(368): CodeIgniter\CodeIgniter->handleRequest(null, Object(Config\Cache), false)
 4 FCPATH\index.php(67): CodeIgniter\CodeIgniter->run()
 5 SYSTEMPATH\Commands\Server\rewrite.php(47): require_once('FCPATH\\index.php')
CRITICAL - 2023-08-07 10:26:18 --> Class "Endroid\QrCode\Response\QrCodeResponse" not found
in APPPATH\Controllers\OrderController.php on line 37.
 1 SYSTEMPATH\CodeIgniter.php(934): App\Controllers\OrderController->index()
 2 SYSTEMPATH\CodeIgniter.php(499): CodeIgniter\CodeIgniter->runController(Object(App\Controllers\OrderController))
 3 SYSTEMPATH\CodeIgniter.php(368): CodeIgniter\CodeIgniter->handleRequest(null, Object(Config\Cache), false)
 4 FCPATH\index.php(67): CodeIgniter\CodeIgniter->run()
 5 SYSTEMPATH\Commands\Server\rewrite.php(47): require_once('FCPATH\\index.php')
CRITICAL - 2023-08-07 11:41:28 --> Trying to access array offset on value of type null
in APPPATH\Models\UserModel.php on line 33.
 1 APPPATH\Models\UserModel.php(33): CodeIgniter\Debug\Exceptions->errorHandler(2, 'Trying to access array offset on value of type null', 'APPPATH\\Models\\UserModel.php', 33)
 2 APPPATH\Controllers\OrderController.php(56): App\Models\UserModel->increaseWalletAmount('30', 100)
 3 SYSTEMPATH\CodeIgniter.php(934): App\Controllers\OrderController->updateOrderStatus()
 4 SYSTEMPATH\CodeIgniter.php(499): CodeIgniter\CodeIgniter->runController(Object(App\Controllers\OrderController))
 5 SYSTEMPATH\CodeIgniter.php(368): CodeIgniter\CodeIgniter->handleRequest(null, Object(Config\Cache), false)
 6 FCPATH\index.php(67): CodeIgniter\CodeIgniter->run()
 7 SYSTEMPATH\Commands\Server\rewrite.php(47): require_once('FCPATH\\index.php')
CRITICAL - 2023-08-07 11:41:36 --> Trying to access array offset on value of type null
in APPPATH\Models\UserModel.php on line 33.
 1 APPPATH\Models\UserModel.php(33): CodeIgniter\Debug\Exceptions->errorHandler(2, 'Trying to access array offset on value of type null', 'APPPATH\\Models\\UserModel.php', 33)
 2 APPPATH\Controllers\OrderController.php(56): App\Models\UserModel->increaseWalletAmount('30', 100)
 3 SYSTEMPATH\CodeIgniter.php(934): App\Controllers\OrderController->updateOrderStatus()
 4 SYSTEMPATH\CodeIgniter.php(499): CodeIgniter\CodeIgniter->runController(Object(App\Controllers\OrderController))
 5 SYSTEMPATH\CodeIgniter.php(368): CodeIgniter\CodeIgniter->handleRequest(null, Object(Config\Cache), false)
 6 FCPATH\index.php(67): CodeIgniter\CodeIgniter->run()
 7 SYSTEMPATH\Commands\Server\rewrite.php(47): require_once('FCPATH\\index.php')
CRITICAL - 2023-08-07 11:41:48 --> Trying to access array offset on value of type null
in APPPATH\Models\UserModel.php on line 33.
 1 APPPATH\Models\UserModel.php(33): CodeIgniter\Debug\Exceptions->errorHandler(2, 'Trying to access array offset on value of type null', 'APPPATH\\Models\\UserModel.php', 33)
 2 APPPATH\Controllers\OrderController.php(56): App\Models\UserModel->increaseWalletAmount('30', 100)
 3 SYSTEMPATH\CodeIgniter.php(934): App\Controllers\OrderController->updateOrderStatus()
 4 SYSTEMPATH\CodeIgniter.php(499): CodeIgniter\CodeIgniter->runController(Object(App\Controllers\OrderController))
 5 SYSTEMPATH\CodeIgniter.php(368): CodeIgniter\CodeIgniter->handleRequest(null, Object(Config\Cache), false)
 6 FCPATH\index.php(67): CodeIgniter\CodeIgniter->run()
 7 SYSTEMPATH\Commands\Server\rewrite.php(47): require_once('FCPATH\\index.php')
CRITICAL - 2023-08-07 11:44:12 --> Unsupported operand types: string + int
in APPPATH\Models\UserModel.php on line 34.
 1 APPPATH\Controllers\OrderController.php(56): App\Models\UserModel->increaseWalletAmount(1, 100)
 2 SYSTEMPATH\CodeIgniter.php(934): App\Controllers\OrderController->updateOrderStatus()
 3 SYSTEMPATH\CodeIgniter.php(499): CodeIgniter\CodeIgniter->runController(Object(App\Controllers\OrderController))
 4 SYSTEMPATH\CodeIgniter.php(368): CodeIgniter\CodeIgniter->handleRequest(null, Object(Config\Cache), false)
 5 FCPATH\index.php(67): CodeIgniter\CodeIgniter->run()
 6 SYSTEMPATH\Commands\Server\rewrite.php(47): require_once('FCPATH\\index.php')
CRITICAL - 2023-08-07 11:44:15 --> Unsupported operand types: string + int
in APPPATH\Models\UserModel.php on line 34.
 1 APPPATH\Controllers\OrderController.php(56): App\Models\UserModel->increaseWalletAmount(1, 100)
 2 SYSTEMPATH\CodeIgniter.php(934): App\Controllers\OrderController->updateOrderStatus()
 3 SYSTEMPATH\CodeIgniter.php(499): CodeIgniter\CodeIgniter->runController(Object(App\Controllers\OrderController))
 4 SYSTEMPATH\CodeIgniter.php(368): CodeIgniter\CodeIgniter->handleRequest(null, Object(Config\Cache), false)
 5 FCPATH\index.php(67): CodeIgniter\CodeIgniter->run()
 6 SYSTEMPATH\Commands\Server\rewrite.php(47): require_once('FCPATH\\index.php')
CRITICAL - 2023-08-07 11:57:38 --> Unsupported operand types: string + int
in APPPATH\Models\UserModel.php on line 34.
 1 APPPATH\Controllers\OrderController.php(63): App\Models\UserModel->increaseWalletAmount('1', 100)
 2 SYSTEMPATH\CodeIgniter.php(934): App\Controllers\OrderController->increase_wallet()
 3 SYSTEMPATH\CodeIgniter.php(499): CodeIgniter\CodeIgniter->runController(Object(App\Controllers\OrderController))
 4 SYSTEMPATH\CodeIgniter.php(368): CodeIgniter\CodeIgniter->handleRequest(null, Object(Config\Cache), false)
 5 FCPATH\index.php(67): CodeIgniter\CodeIgniter->run()
 6 SYSTEMPATH\Commands\Server\rewrite.php(47): require_once('FCPATH\\index.php')
CRITICAL - 2023-08-07 12:01:58 --> Unsupported operand types: string + int
in APPPATH\Models\UserModel.php on line 34.
 1 APPPATH\Controllers\OrderController.php(63): App\Models\UserModel->increaseWalletAmount('1', 100)
 2 SYSTEMPATH\CodeIgniter.php(934): App\Controllers\OrderController->increase_wallet()
 3 SYSTEMPATH\CodeIgniter.php(499): CodeIgniter\CodeIgniter->runController(Object(App\Controllers\OrderController))
 4 SYSTEMPATH\CodeIgniter.php(368): CodeIgniter\CodeIgniter->handleRequest(null, Object(Config\Cache), false)
 5 FCPATH\index.php(67): CodeIgniter\CodeIgniter->run()
 6 SYSTEMPATH\Commands\Server\rewrite.php(47): require_once('FCPATH\\index.php')
CRITICAL - 2023-08-07 12:23:14 --> Undefined variable $orderDetails
in APPPATH\Controllers\OrderController.php on line 41.
 1 APPPATH\Controllers\OrderController.php(41): CodeIgniter\Debug\Exceptions->errorHandler(2, 'Undefined variable $orderDetails', 'APPPATH\\Controllers\\OrderController.php', 41)
 2 SYSTEMPATH\CodeIgniter.php(934): App\Controllers\OrderController->getOrderDetails()
 3 SYSTEMPATH\CodeIgniter.php(499): CodeIgniter\CodeIgniter->runController(Object(App\Controllers\OrderController))
 4 SYSTEMPATH\CodeIgniter.php(368): CodeIgniter\CodeIgniter->handleRequest(null, Object(Config\Cache), false)
 5 FCPATH\index.php(67): CodeIgniter\CodeIgniter->run()
 6 SYSTEMPATH\Commands\Server\rewrite.php(47): require_once('FCPATH\\index.php')
