CRITICAL - 2023-07-08 06:31:17 --> include(sidenavbar): Failed to open stream: No such file or directory
in APPPATH\Views\Admin\dashboard.php on line 3.
 1 APPPATH\Views\Admin\dashboard.php(3): CodeIgniter\Debug\Exceptions->errorHandler(2, 'include(sidenavbar): Failed to open stream: No such file or directory', 'APPPATH\\Views\\Admin\\dashboard.php', 3)
 2 APPPATH\Views\Admin\dashboard.php(3): include()
 3 SYSTEMPATH\View\View.php(213): include('APPPATH\\Views\\Admin\\dashboard.php')
 4 SYSTEMPATH\View\View.php(216): CodeIgniter\View\View->CodeIgniter\View\{closure}()
 5 SYSTEMPATH\Common.php(1184): CodeIgniter\View\View->render('Admin/dashboard', [], true)
 6 APPPATH\Controllers\AdminController.php(128): view('Admin/dashboard')
 7 SYSTEMPATH\CodeIgniter.php(934): App\Controllers\AdminController->list()
 8 SYSTEMPATH\CodeIgniter.php(499): CodeIgniter\CodeIgniter->runController(Object(App\Controllers\AdminController))
 9 SYSTEMPATH\CodeIgniter.php(368): CodeIgniter\CodeIgniter->handleRequest(null, Object(Config\Cache), false)
10 FCPATH\index.php(67): CodeIgniter\CodeIgniter->run()
11 SYSTEMPATH\Commands\Server\rewrite.php(47): require_once('FCPATH\\index.php')
CRITICAL - 2023-07-08 06:31:31 --> include(sidenavbar.php): Failed to open stream: No such file or directory
in APPPATH\Views\Admin\dashboard.php on line 3.
 1 APPPATH\Views\Admin\dashboard.php(3): CodeIgniter\Debug\Exceptions->errorHandler(2, 'include(sidenavbar.php): Failed to open stream: No such file or directory', 'APPPATH\\Views\\Admin\\dashboard.php', 3)
 2 APPPATH\Views\Admin\dashboard.php(3): include()
 3 SYSTEMPATH\View\View.php(213): include('APPPATH\\Views\\Admin\\dashboard.php')
 4 SYSTEMPATH\View\View.php(216): CodeIgniter\View\View->CodeIgniter\View\{closure}()
 5 SYSTEMPATH\Common.php(1184): CodeIgniter\View\View->render('Admin/dashboard', [], true)
 6 APPPATH\Controllers\AdminController.php(128): view('Admin/dashboard')
 7 SYSTEMPATH\CodeIgniter.php(934): App\Controllers\AdminController->list()
 8 SYSTEMPATH\CodeIgniter.php(499): CodeIgniter\CodeIgniter->runController(Object(App\Controllers\AdminController))
 9 SYSTEMPATH\CodeIgniter.php(368): CodeIgniter\CodeIgniter->handleRequest(null, Object(Config\Cache), false)
10 FCPATH\index.php(67): CodeIgniter\CodeIgniter->run()
11 SYSTEMPATH\Commands\Server\rewrite.php(47): require_once('FCPATH\\index.php')
CRITICAL - 2023-07-08 06:32:05 --> include(sidenavbar): Failed to open stream: No such file or directory
in APPPATH\Views\Admin\dashboard.php on line 3.
 1 APPPATH\Views\Admin\dashboard.php(3): CodeIgniter\Debug\Exceptions->errorHandler(2, 'include(sidenavbar): Failed to open stream: No such file or directory', 'APPPATH\\Views\\Admin\\dashboard.php', 3)
 2 APPPATH\Views\Admin\dashboard.php(3): include()
 3 SYSTEMPATH\View\View.php(213): include('APPPATH\\Views\\Admin\\dashboard.php')
 4 SYSTEMPATH\View\View.php(216): CodeIgniter\View\View->CodeIgniter\View\{closure}()
 5 SYSTEMPATH\Common.php(1184): CodeIgniter\View\View->render('Admin/dashboard', [], true)
 6 APPPATH\Controllers\AdminController.php(128): view('Admin/dashboard')
 7 SYSTEMPATH\CodeIgniter.php(934): App\Controllers\AdminController->list()
 8 SYSTEMPATH\CodeIgniter.php(499): CodeIgniter\CodeIgniter->runController(Object(App\Controllers\AdminController))
 9 SYSTEMPATH\CodeIgniter.php(368): CodeIgniter\CodeIgniter->handleRequest(null, Object(Config\Cache), false)
10 FCPATH\index.php(67): CodeIgniter\CodeIgniter->run()
11 SYSTEMPATH\Commands\Server\rewrite.php(47): require_once('FCPATH\\index.php')
CRITICAL - 2023-07-08 06:32:24 --> include(sidenavbar): Failed to open stream: No such file or directory
in APPPATH\Views\Admin\dashboard.php on line 1.
 1 APPPATH\Views\Admin\dashboard.php(1): CodeIgniter\Debug\Exceptions->errorHandler(2, 'include(sidenavbar): Failed to open stream: No such file or directory', 'APPPATH\\Views\\Admin\\dashboard.php', 1)
 2 APPPATH\Views\Admin\dashboard.php(1): include()
 3 SYSTEMPATH\View\View.php(213): include('APPPATH\\Views\\Admin\\dashboard.php')
 4 SYSTEMPATH\View\View.php(216): CodeIgniter\View\View->CodeIgniter\View\{closure}()
 5 SYSTEMPATH\Common.php(1184): CodeIgniter\View\View->render('Admin/dashboard', [], true)
 6 APPPATH\Controllers\AdminController.php(128): view('Admin/dashboard')
 7 SYSTEMPATH\CodeIgniter.php(934): App\Controllers\AdminController->list()
 8 SYSTEMPATH\CodeIgniter.php(499): CodeIgniter\CodeIgniter->runController(Object(App\Controllers\AdminController))
 9 SYSTEMPATH\CodeIgniter.php(368): CodeIgniter\CodeIgniter->handleRequest(null, Object(Config\Cache), false)
10 FCPATH\index.php(67): CodeIgniter\CodeIgniter->run()
11 SYSTEMPATH\Commands\Server\rewrite.php(47): require_once('FCPATH\\index.php')
CRITICAL - 2023-07-08 06:32:43 --> include(sidenavbar): Failed to open stream: No such file or directory
in APPPATH\Views\Admin\dashboard.php on line 1960.
 1 APPPATH\Views\Admin\dashboard.php(1960): CodeIgniter\Debug\Exceptions->errorHandler(2, 'include(sidenavbar): Failed to open stream: No such file or directory', 'APPPATH\\Views\\Admin\\dashboard.php', 1960)
 2 APPPATH\Views\Admin\dashboard.php(1960): include()
 3 SYSTEMPATH\View\View.php(213): include('APPPATH\\Views\\Admin\\dashboard.php')
 4 SYSTEMPATH\View\View.php(216): CodeIgniter\View\View->CodeIgniter\View\{closure}()
 5 SYSTEMPATH\Common.php(1184): CodeIgniter\View\View->render('Admin/dashboard', [], true)
 6 APPPATH\Controllers\AdminController.php(128): view('Admin/dashboard')
 7 SYSTEMPATH\CodeIgniter.php(934): App\Controllers\AdminController->list()
 8 SYSTEMPATH\CodeIgniter.php(499): CodeIgniter\CodeIgniter->runController(Object(App\Controllers\AdminController))
 9 SYSTEMPATH\CodeIgniter.php(368): CodeIgniter\CodeIgniter->handleRequest(null, Object(Config\Cache), false)
10 FCPATH\index.php(67): CodeIgniter\CodeIgniter->run()
11 SYSTEMPATH\Commands\Server\rewrite.php(47): require_once('FCPATH\\index.php')
CRITICAL - 2023-07-08 06:32:58 --> require(sidenavbar): Failed to open stream: No such file or directory
in APPPATH\Views\Admin\dashboard.php on line 1960.
 1 APPPATH\Views\Admin\dashboard.php(1960): CodeIgniter\Debug\Exceptions->errorHandler(2, 'require(sidenavbar): Failed to open stream: No such file or directory', 'APPPATH\\Views\\Admin\\dashboard.php', 1960)
 2 APPPATH\Views\Admin\dashboard.php(1960): require()
 3 SYSTEMPATH\View\View.php(213): include('APPPATH\\Views\\Admin\\dashboard.php')
 4 SYSTEMPATH\View\View.php(216): CodeIgniter\View\View->CodeIgniter\View\{closure}()
 5 SYSTEMPATH\Common.php(1184): CodeIgniter\View\View->render('Admin/dashboard', [], true)
 6 APPPATH\Controllers\AdminController.php(128): view('Admin/dashboard')
 7 SYSTEMPATH\CodeIgniter.php(934): App\Controllers\AdminController->list()
 8 SYSTEMPATH\CodeIgniter.php(499): CodeIgniter\CodeIgniter->runController(Object(App\Controllers\AdminController))
 9 SYSTEMPATH\CodeIgniter.php(368): CodeIgniter\CodeIgniter->handleRequest(null, Object(Config\Cache), false)
10 FCPATH\index.php(67): CodeIgniter\CodeIgniter->run()
11 SYSTEMPATH\Commands\Server\rewrite.php(47): require_once('FCPATH\\index.php')
CRITICAL - 2023-07-08 06:40:48 --> include(sidenavbar.php): Failed to open stream: No such file or directory
in APPPATH\Views\Admin\dashboard.php on line 3.
 1 APPPATH\Views\Admin\dashboard.php(3): CodeIgniter\Debug\Exceptions->errorHandler(2, 'include(sidenavbar.php): Failed to open stream: No such file or directory', 'APPPATH\\Views\\Admin\\dashboard.php', 3)
 2 APPPATH\Views\Admin\dashboard.php(3): include()
 3 SYSTEMPATH\View\View.php(213): include('APPPATH\\Views\\Admin\\dashboard.php')
 4 SYSTEMPATH\View\View.php(216): CodeIgniter\View\View->CodeIgniter\View\{closure}()
 5 SYSTEMPATH\Common.php(1184): CodeIgniter\View\View->render('Admin/dashboard', [], true)
 6 APPPATH\Controllers\AdminController.php(128): view('Admin/dashboard')
 7 SYSTEMPATH\CodeIgniter.php(934): App\Controllers\AdminController->list()
 8 SYSTEMPATH\CodeIgniter.php(499): CodeIgniter\CodeIgniter->runController(Object(App\Controllers\AdminController))
 9 SYSTEMPATH\CodeIgniter.php(368): CodeIgniter\CodeIgniter->handleRequest(null, Object(Config\Cache), false)
10 FCPATH\index.php(67): CodeIgniter\CodeIgniter->run()
11 SYSTEMPATH\Commands\Server\rewrite.php(47): require_once('FCPATH\\index.php')
CRITICAL - 2023-07-08 07:10:24 --> printf(): Argument #1 ($format) must be of type string, array given
in APPPATH\Views\Admin\dashboard.php on line 5.
 1 APPPATH\Views\Admin\dashboard.php(5): printf([...])
 2 SYSTEMPATH\View\View.php(213): include('APPPATH\\Views\\Admin\\dashboard.php')
 3 SYSTEMPATH\View\View.php(216): CodeIgniter\View\View->CodeIgniter\View\{closure}()
 4 SYSTEMPATH\Common.php(1184): CodeIgniter\View\View->render('Admin/dashboard', [], true)
 5 APPPATH\Controllers\AdminController.php(129): view('Admin/dashboard', [...])
 6 SYSTEMPATH\CodeIgniter.php(934): App\Controllers\AdminController->list()
 7 SYSTEMPATH\CodeIgniter.php(499): CodeIgniter\CodeIgniter->runController(Object(App\Controllers\AdminController))
 8 SYSTEMPATH\CodeIgniter.php(368): CodeIgniter\CodeIgniter->handleRequest(null, Object(Config\Cache), false)
 9 FCPATH\index.php(67): CodeIgniter\CodeIgniter->run()
10 SYSTEMPATH\Commands\Server\rewrite.php(47): require_once('FCPATH\\index.php')
CRITICAL - 2023-07-08 07:10:31 --> printf(): Argument #1 ($format) must be of type string, array given
in APPPATH\Views\Admin\dashboard.php on line 5.
 1 APPPATH\Views\Admin\dashboard.php(5): printf([...])
 2 SYSTEMPATH\View\View.php(213): include('APPPATH\\Views\\Admin\\dashboard.php')
 3 SYSTEMPATH\View\View.php(216): CodeIgniter\View\View->CodeIgniter\View\{closure}()
 4 SYSTEMPATH\Common.php(1184): CodeIgniter\View\View->render('Admin/dashboard', [], true)
 5 APPPATH\Controllers\AdminController.php(129): view('Admin/dashboard', [...])
 6 SYSTEMPATH\CodeIgniter.php(934): App\Controllers\AdminController->list()
 7 SYSTEMPATH\CodeIgniter.php(499): CodeIgniter\CodeIgniter->runController(Object(App\Controllers\AdminController))
 8 SYSTEMPATH\CodeIgniter.php(368): CodeIgniter\CodeIgniter->handleRequest(null, Object(Config\Cache), false)
 9 FCPATH\index.php(67): CodeIgniter\CodeIgniter->run()
10 SYSTEMPATH\Commands\Server\rewrite.php(47): require_once('FCPATH\\index.php')
CRITICAL - 2023-07-08 07:10:41 --> Undefined variable $data
in APPPATH\Views\Admin\dashboard.php on line 5.
 1 APPPATH\Views\Admin\dashboard.php(5): CodeIgniter\Debug\Exceptions->errorHandler(2, 'Undefined variable $data', 'APPPATH\\Views\\Admin\\dashboard.php', 5)
 2 SYSTEMPATH\View\View.php(213): include('APPPATH\\Views\\Admin\\dashboard.php')
 3 SYSTEMPATH\View\View.php(216): CodeIgniter\View\View->CodeIgniter\View\{closure}()
 4 SYSTEMPATH\Common.php(1184): CodeIgniter\View\View->render('Admin/dashboard', [], true)
 5 APPPATH\Controllers\AdminController.php(129): view('Admin/dashboard', [...])
 6 SYSTEMPATH\CodeIgniter.php(934): App\Controllers\AdminController->list()
 7 SYSTEMPATH\CodeIgniter.php(499): CodeIgniter\CodeIgniter->runController(Object(App\Controllers\AdminController))
 8 SYSTEMPATH\CodeIgniter.php(368): CodeIgniter\CodeIgniter->handleRequest(null, Object(Config\Cache), false)
 9 FCPATH\index.php(67): CodeIgniter\CodeIgniter->run()
10 SYSTEMPATH\Commands\Server\rewrite.php(47): require_once('FCPATH\\index.php')
CRITICAL - 2023-07-08 07:11:11 --> Undefined variable $data
in APPPATH\Views\Admin\dashboard.php on line 5.
 1 APPPATH\Views\Admin\dashboard.php(5): CodeIgniter\Debug\Exceptions->errorHandler(2, 'Undefined variable $data', 'APPPATH\\Views\\Admin\\dashboard.php', 5)
 2 SYSTEMPATH\View\View.php(213): include('APPPATH\\Views\\Admin\\dashboard.php')
 3 SYSTEMPATH\View\View.php(216): CodeIgniter\View\View->CodeIgniter\View\{closure}()
 4 SYSTEMPATH\Common.php(1184): CodeIgniter\View\View->render('Admin/dashboard', [], true)
 5 APPPATH\Controllers\AdminController.php(129): view('Admin/dashboard', [...])
 6 SYSTEMPATH\CodeIgniter.php(934): App\Controllers\AdminController->list()
 7 SYSTEMPATH\CodeIgniter.php(499): CodeIgniter\CodeIgniter->runController(Object(App\Controllers\AdminController))
 8 SYSTEMPATH\CodeIgniter.php(368): CodeIgniter\CodeIgniter->handleRequest(null, Object(Config\Cache), false)
 9 FCPATH\index.php(67): CodeIgniter\CodeIgniter->run()
10 SYSTEMPATH\Commands\Server\rewrite.php(47): require_once('FCPATH\\index.php')
CRITICAL - 2023-07-08 09:01:23 --> Undefined array key "first_name"
in APPPATH\Views\Admin\dashboard.php on line 29.
 1 APPPATH\Views\Admin\dashboard.php(29): CodeIgniter\Debug\Exceptions->errorHandler(2, 'Undefined array key "first_name"', 'APPPATH\\Views\\Admin\\dashboard.php', 29)
 2 SYSTEMPATH\View\View.php(213): include('APPPATH\\Views\\Admin\\dashboard.php')
 3 SYSTEMPATH\View\View.php(216): CodeIgniter\View\View->CodeIgniter\View\{closure}()
 4 SYSTEMPATH\Common.php(1184): CodeIgniter\View\View->render('Admin/dashboard', [], true)
 5 APPPATH\Controllers\AdminController.php(129): view('Admin/dashboard', [...])
 6 SYSTEMPATH\CodeIgniter.php(934): App\Controllers\AdminController->list()
 7 SYSTEMPATH\CodeIgniter.php(499): CodeIgniter\CodeIgniter->runController(Object(App\Controllers\AdminController))
 8 SYSTEMPATH\CodeIgniter.php(368): CodeIgniter\CodeIgniter->handleRequest(null, Object(Config\Cache), false)
 9 FCPATH\index.php(67): CodeIgniter\CodeIgniter->run()
10 SYSTEMPATH\Commands\Server\rewrite.php(47): require_once('FCPATH\\index.php')
CRITICAL - 2023-07-08 12:06:22 --> Updates are not allowed unless they contain a "where" or "like" clause.
in SYSTEMPATH\Model.php on line 391.
 1 SYSTEMPATH\BaseModel.php(943): CodeIgniter\Model->doUpdate(null, [...])
 2 SYSTEMPATH\Model.php(756): CodeIgniter\BaseModel->update(null, [...])
 3 APPPATH\Models\AdminModel.php(37): CodeIgniter\Model->update(null, [...])
 4 APPPATH\Controllers\AdminController.php(149): App\Models\AdminModel->updateAdmin(null, [...])
 5 SYSTEMPATH\CodeIgniter.php(934): App\Controllers\AdminController->update()
 6 SYSTEMPATH\CodeIgniter.php(499): CodeIgniter\CodeIgniter->runController(Object(App\Controllers\AdminController))
 7 SYSTEMPATH\CodeIgniter.php(368): CodeIgniter\CodeIgniter->handleRequest(null, Object(Config\Cache), false)
 8 FCPATH\index.php(67): CodeIgniter\CodeIgniter->run()
 9 SYSTEMPATH\Commands\Server\rewrite.php(47): require_once('FCPATH\\index.php')
CRITICAL - 2023-07-08 12:06:23 --> Updates are not allowed unless they contain a "where" or "like" clause.
in SYSTEMPATH\Model.php on line 391.
 1 SYSTEMPATH\BaseModel.php(943): CodeIgniter\Model->doUpdate(null, [...])
 2 SYSTEMPATH\Model.php(756): CodeIgniter\BaseModel->update(null, [...])
 3 APPPATH\Models\AdminModel.php(37): CodeIgniter\Model->update(null, [...])
 4 APPPATH\Controllers\AdminController.php(149): App\Models\AdminModel->updateAdmin(null, [...])
 5 SYSTEMPATH\CodeIgniter.php(934): App\Controllers\AdminController->update()
 6 SYSTEMPATH\CodeIgniter.php(499): CodeIgniter\CodeIgniter->runController(Object(App\Controllers\AdminController))
 7 SYSTEMPATH\CodeIgniter.php(368): CodeIgniter\CodeIgniter->handleRequest(null, Object(Config\Cache), false)
 8 FCPATH\index.php(67): CodeIgniter\CodeIgniter->run()
 9 SYSTEMPATH\Commands\Server\rewrite.php(47): require_once('FCPATH\\index.php')
CRITICAL - 2023-07-08 12:06:24 --> Updates are not allowed unless they contain a "where" or "like" clause.
in SYSTEMPATH\Model.php on line 391.
 1 SYSTEMPATH\BaseModel.php(943): CodeIgniter\Model->doUpdate(null, [...])
 2 SYSTEMPATH\Model.php(756): CodeIgniter\BaseModel->update(null, [...])
 3 APPPATH\Models\AdminModel.php(37): CodeIgniter\Model->update(null, [...])
 4 APPPATH\Controllers\AdminController.php(149): App\Models\AdminModel->updateAdmin(null, [...])
 5 SYSTEMPATH\CodeIgniter.php(934): App\Controllers\AdminController->update()
 6 SYSTEMPATH\CodeIgniter.php(499): CodeIgniter\CodeIgniter->runController(Object(App\Controllers\AdminController))
 7 SYSTEMPATH\CodeIgniter.php(368): CodeIgniter\CodeIgniter->handleRequest(null, Object(Config\Cache), false)
 8 FCPATH\index.php(67): CodeIgniter\CodeIgniter->run()
 9 SYSTEMPATH\Commands\Server\rewrite.php(47): require_once('FCPATH\\index.php')
CRITICAL - 2023-07-08 12:06:24 --> Updates are not allowed unless they contain a "where" or "like" clause.
in SYSTEMPATH\Model.php on line 391.
 1 SYSTEMPATH\BaseModel.php(943): CodeIgniter\Model->doUpdate(null, [...])
 2 SYSTEMPATH\Model.php(756): CodeIgniter\BaseModel->update(null, [...])
 3 APPPATH\Models\AdminModel.php(37): CodeIgniter\Model->update(null, [...])
 4 APPPATH\Controllers\AdminController.php(149): App\Models\AdminModel->updateAdmin(null, [...])
 5 SYSTEMPATH\CodeIgniter.php(934): App\Controllers\AdminController->update()
 6 SYSTEMPATH\CodeIgniter.php(499): CodeIgniter\CodeIgniter->runController(Object(App\Controllers\AdminController))
 7 SYSTEMPATH\CodeIgniter.php(368): CodeIgniter\CodeIgniter->handleRequest(null, Object(Config\Cache), false)
 8 FCPATH\index.php(67): CodeIgniter\CodeIgniter->run()
 9 SYSTEMPATH\Commands\Server\rewrite.php(47): require_once('FCPATH\\index.php')
CRITICAL - 2023-07-08 12:06:24 --> Updates are not allowed unless they contain a "where" or "like" clause.
in SYSTEMPATH\Model.php on line 391.
 1 SYSTEMPATH\BaseModel.php(943): CodeIgniter\Model->doUpdate(null, [...])
 2 SYSTEMPATH\Model.php(756): CodeIgniter\BaseModel->update(null, [...])
 3 APPPATH\Models\AdminModel.php(37): CodeIgniter\Model->update(null, [...])
 4 APPPATH\Controllers\AdminController.php(149): App\Models\AdminModel->updateAdmin(null, [...])
 5 SYSTEMPATH\CodeIgniter.php(934): App\Controllers\AdminController->update()
 6 SYSTEMPATH\CodeIgniter.php(499): CodeIgniter\CodeIgniter->runController(Object(App\Controllers\AdminController))
 7 SYSTEMPATH\CodeIgniter.php(368): CodeIgniter\CodeIgniter->handleRequest(null, Object(Config\Cache), false)
 8 FCPATH\index.php(67): CodeIgniter\CodeIgniter->run()
 9 SYSTEMPATH\Commands\Server\rewrite.php(47): require_once('FCPATH\\index.php')
CRITICAL - 2023-07-08 12:07:17 --> Updates are not allowed unless they contain a "where" or "like" clause.
in SYSTEMPATH\Model.php on line 391.
 1 SYSTEMPATH\BaseModel.php(943): CodeIgniter\Model->doUpdate(null, [...])
 2 SYSTEMPATH\Model.php(756): CodeIgniter\BaseModel->update(null, [...])
 3 APPPATH\Models\AdminModel.php(37): CodeIgniter\Model->update(null, [...])
 4 APPPATH\Controllers\AdminController.php(149): App\Models\AdminModel->updateAdmin(null, [...])
 5 SYSTEMPATH\CodeIgniter.php(934): App\Controllers\AdminController->update()
 6 SYSTEMPATH\CodeIgniter.php(499): CodeIgniter\CodeIgniter->runController(Object(App\Controllers\AdminController))
 7 SYSTEMPATH\CodeIgniter.php(368): CodeIgniter\CodeIgniter->handleRequest(null, Object(Config\Cache), false)
 8 FCPATH\index.php(67): CodeIgniter\CodeIgniter->run()
 9 SYSTEMPATH\Commands\Server\rewrite.php(47): require_once('FCPATH\\index.php')
CRITICAL - 2023-07-08 12:07:18 --> Updates are not allowed unless they contain a "where" or "like" clause.
in SYSTEMPATH\Model.php on line 391.
 1 SYSTEMPATH\BaseModel.php(943): CodeIgniter\Model->doUpdate(null, [...])
 2 SYSTEMPATH\Model.php(756): CodeIgniter\BaseModel->update(null, [...])
 3 APPPATH\Models\AdminModel.php(37): CodeIgniter\Model->update(null, [...])
 4 APPPATH\Controllers\AdminController.php(149): App\Models\AdminModel->updateAdmin(null, [...])
 5 SYSTEMPATH\CodeIgniter.php(934): App\Controllers\AdminController->update()
 6 SYSTEMPATH\CodeIgniter.php(499): CodeIgniter\CodeIgniter->runController(Object(App\Controllers\AdminController))
 7 SYSTEMPATH\CodeIgniter.php(368): CodeIgniter\CodeIgniter->handleRequest(null, Object(Config\Cache), false)
 8 FCPATH\index.php(67): CodeIgniter\CodeIgniter->run()
 9 SYSTEMPATH\Commands\Server\rewrite.php(47): require_once('FCPATH\\index.php')
CRITICAL - 2023-07-08 12:07:18 --> Updates are not allowed unless they contain a "where" or "like" clause.
in SYSTEMPATH\Model.php on line 391.
 1 SYSTEMPATH\BaseModel.php(943): CodeIgniter\Model->doUpdate(null, [...])
 2 SYSTEMPATH\Model.php(756): CodeIgniter\BaseModel->update(null, [...])
 3 APPPATH\Models\AdminModel.php(37): CodeIgniter\Model->update(null, [...])
 4 APPPATH\Controllers\AdminController.php(149): App\Models\AdminModel->updateAdmin(null, [...])
 5 SYSTEMPATH\CodeIgniter.php(934): App\Controllers\AdminController->update()
 6 SYSTEMPATH\CodeIgniter.php(499): CodeIgniter\CodeIgniter->runController(Object(App\Controllers\AdminController))
 7 SYSTEMPATH\CodeIgniter.php(368): CodeIgniter\CodeIgniter->handleRequest(null, Object(Config\Cache), false)
 8 FCPATH\index.php(67): CodeIgniter\CodeIgniter->run()
 9 SYSTEMPATH\Commands\Server\rewrite.php(47): require_once('FCPATH\\index.php')
CRITICAL - 2023-07-08 12:07:18 --> Updates are not allowed unless they contain a "where" or "like" clause.
in SYSTEMPATH\Model.php on line 391.
 1 SYSTEMPATH\BaseModel.php(943): CodeIgniter\Model->doUpdate(null, [...])
 2 SYSTEMPATH\Model.php(756): CodeIgniter\BaseModel->update(null, [...])
 3 APPPATH\Models\AdminModel.php(37): CodeIgniter\Model->update(null, [...])
 4 APPPATH\Controllers\AdminController.php(149): App\Models\AdminModel->updateAdmin(null, [...])
 5 SYSTEMPATH\CodeIgniter.php(934): App\Controllers\AdminController->update()
 6 SYSTEMPATH\CodeIgniter.php(499): CodeIgniter\CodeIgniter->runController(Object(App\Controllers\AdminController))
 7 SYSTEMPATH\CodeIgniter.php(368): CodeIgniter\CodeIgniter->handleRequest(null, Object(Config\Cache), false)
 8 FCPATH\index.php(67): CodeIgniter\CodeIgniter->run()
 9 SYSTEMPATH\Commands\Server\rewrite.php(47): require_once('FCPATH\\index.php')
CRITICAL - 2023-07-08 12:07:18 --> Updates are not allowed unless they contain a "where" or "like" clause.
in SYSTEMPATH\Model.php on line 391.
 1 SYSTEMPATH\BaseModel.php(943): CodeIgniter\Model->doUpdate(null, [...])
 2 SYSTEMPATH\Model.php(756): CodeIgniter\BaseModel->update(null, [...])
 3 APPPATH\Models\AdminModel.php(37): CodeIgniter\Model->update(null, [...])
 4 APPPATH\Controllers\AdminController.php(149): App\Models\AdminModel->updateAdmin(null, [...])
 5 SYSTEMPATH\CodeIgniter.php(934): App\Controllers\AdminController->update()
 6 SYSTEMPATH\CodeIgniter.php(499): CodeIgniter\CodeIgniter->runController(Object(App\Controllers\AdminController))
 7 SYSTEMPATH\CodeIgniter.php(368): CodeIgniter\CodeIgniter->handleRequest(null, Object(Config\Cache), false)
 8 FCPATH\index.php(67): CodeIgniter\CodeIgniter->run()
 9 SYSTEMPATH\Commands\Server\rewrite.php(47): require_once('FCPATH\\index.php')
CRITICAL - 2023-07-08 12:07:19 --> Updates are not allowed unless they contain a "where" or "like" clause.
in SYSTEMPATH\Model.php on line 391.
 1 SYSTEMPATH\BaseModel.php(943): CodeIgniter\Model->doUpdate(null, [...])
 2 SYSTEMPATH\Model.php(756): CodeIgniter\BaseModel->update(null, [...])
 3 APPPATH\Models\AdminModel.php(37): CodeIgniter\Model->update(null, [...])
 4 APPPATH\Controllers\AdminController.php(149): App\Models\AdminModel->updateAdmin(null, [...])
 5 SYSTEMPATH\CodeIgniter.php(934): App\Controllers\AdminController->update()
 6 SYSTEMPATH\CodeIgniter.php(499): CodeIgniter\CodeIgniter->runController(Object(App\Controllers\AdminController))
 7 SYSTEMPATH\CodeIgniter.php(368): CodeIgniter\CodeIgniter->handleRequest(null, Object(Config\Cache), false)
 8 FCPATH\index.php(67): CodeIgniter\CodeIgniter->run()
 9 SYSTEMPATH\Commands\Server\rewrite.php(47): require_once('FCPATH\\index.php')
CRITICAL - 2023-07-08 12:07:19 --> Updates are not allowed unless they contain a "where" or "like" clause.
in SYSTEMPATH\Model.php on line 391.
 1 SYSTEMPATH\BaseModel.php(943): CodeIgniter\Model->doUpdate(null, [...])
 2 SYSTEMPATH\Model.php(756): CodeIgniter\BaseModel->update(null, [...])
 3 APPPATH\Models\AdminModel.php(37): CodeIgniter\Model->update(null, [...])
 4 APPPATH\Controllers\AdminController.php(149): App\Models\AdminModel->updateAdmin(null, [...])
 5 SYSTEMPATH\CodeIgniter.php(934): App\Controllers\AdminController->update()
 6 SYSTEMPATH\CodeIgniter.php(499): CodeIgniter\CodeIgniter->runController(Object(App\Controllers\AdminController))
 7 SYSTEMPATH\CodeIgniter.php(368): CodeIgniter\CodeIgniter->handleRequest(null, Object(Config\Cache), false)
 8 FCPATH\index.php(67): CodeIgniter\CodeIgniter->run()
 9 SYSTEMPATH\Commands\Server\rewrite.php(47): require_once('FCPATH\\index.php')
CRITICAL - 2023-07-08 12:08:57 --> Updates are not allowed unless they contain a "where" or "like" clause.
in SYSTEMPATH\Model.php on line 391.
 1 SYSTEMPATH\BaseModel.php(943): CodeIgniter\Model->doUpdate(null, [...])
 2 SYSTEMPATH\Model.php(756): CodeIgniter\BaseModel->update(null, [...])
 3 APPPATH\Models\AdminModel.php(37): CodeIgniter\Model->update(null, [...])
 4 APPPATH\Controllers\AdminController.php(149): App\Models\AdminModel->updateAdmin(null, [...])
 5 SYSTEMPATH\CodeIgniter.php(934): App\Controllers\AdminController->update()
 6 SYSTEMPATH\CodeIgniter.php(499): CodeIgniter\CodeIgniter->runController(Object(App\Controllers\AdminController))
 7 SYSTEMPATH\CodeIgniter.php(368): CodeIgniter\CodeIgniter->handleRequest(null, Object(Config\Cache), false)
 8 FCPATH\index.php(67): CodeIgniter\CodeIgniter->run()
 9 SYSTEMPATH\Commands\Server\rewrite.php(47): require_once('FCPATH\\index.php')
CRITICAL - 2023-07-08 12:45:28 --> Updates are not allowed unless they contain a "where" or "like" clause.
in SYSTEMPATH\Model.php on line 391.
 1 SYSTEMPATH\BaseModel.php(943): CodeIgniter\Model->doUpdate(null, [...])
 2 SYSTEMPATH\Model.php(756): CodeIgniter\BaseModel->update(null, [...])
 3 APPPATH\Models\AdminModel.php(37): CodeIgniter\Model->update(null, [...])
 4 APPPATH\Controllers\AdminController.php(156): App\Models\AdminModel->updateAdmin(null, [...])
 5 SYSTEMPATH\CodeIgniter.php(934): App\Controllers\AdminController->update()
 6 SYSTEMPATH\CodeIgniter.php(499): CodeIgniter\CodeIgniter->runController(Object(App\Controllers\AdminController))
 7 SYSTEMPATH\CodeIgniter.php(368): CodeIgniter\CodeIgniter->handleRequest(null, Object(Config\Cache), false)
 8 FCPATH\index.php(67): CodeIgniter\CodeIgniter->run()
 9 SYSTEMPATH\Commands\Server\rewrite.php(47): require_once('FCPATH\\index.php')
CRITICAL - 2023-07-08 12:45:29 --> Updates are not allowed unless they contain a "where" or "like" clause.
in SYSTEMPATH\Model.php on line 391.
 1 SYSTEMPATH\BaseModel.php(943): CodeIgniter\Model->doUpdate(null, [...])
 2 SYSTEMPATH\Model.php(756): CodeIgniter\BaseModel->update(null, [...])
 3 APPPATH\Models\AdminModel.php(37): CodeIgniter\Model->update(null, [...])
 4 APPPATH\Controllers\AdminController.php(156): App\Models\AdminModel->updateAdmin(null, [...])
 5 SYSTEMPATH\CodeIgniter.php(934): App\Controllers\AdminController->update()
 6 SYSTEMPATH\CodeIgniter.php(499): CodeIgniter\CodeIgniter->runController(Object(App\Controllers\AdminController))
 7 SYSTEMPATH\CodeIgniter.php(368): CodeIgniter\CodeIgniter->handleRequest(null, Object(Config\Cache), false)
 8 FCPATH\index.php(67): CodeIgniter\CodeIgniter->run()
 9 SYSTEMPATH\Commands\Server\rewrite.php(47): require_once('FCPATH\\index.php')
CRITICAL - 2023-07-08 12:45:30 --> Updates are not allowed unless they contain a "where" or "like" clause.
in SYSTEMPATH\Model.php on line 391.
 1 SYSTEMPATH\BaseModel.php(943): CodeIgniter\Model->doUpdate(null, [...])
 2 SYSTEMPATH\Model.php(756): CodeIgniter\BaseModel->update(null, [...])
 3 APPPATH\Models\AdminModel.php(37): CodeIgniter\Model->update(null, [...])
 4 APPPATH\Controllers\AdminController.php(156): App\Models\AdminModel->updateAdmin(null, [...])
 5 SYSTEMPATH\CodeIgniter.php(934): App\Controllers\AdminController->update()
 6 SYSTEMPATH\CodeIgniter.php(499): CodeIgniter\CodeIgniter->runController(Object(App\Controllers\AdminController))
 7 SYSTEMPATH\CodeIgniter.php(368): CodeIgniter\CodeIgniter->handleRequest(null, Object(Config\Cache), false)
 8 FCPATH\index.php(67): CodeIgniter\CodeIgniter->run()
 9 SYSTEMPATH\Commands\Server\rewrite.php(47): require_once('FCPATH\\index.php')
CRITICAL - 2023-07-08 12:45:31 --> Updates are not allowed unless they contain a "where" or "like" clause.
in SYSTEMPATH\Model.php on line 391.
 1 SYSTEMPATH\BaseModel.php(943): CodeIgniter\Model->doUpdate(null, [...])
 2 SYSTEMPATH\Model.php(756): CodeIgniter\BaseModel->update(null, [...])
 3 APPPATH\Models\AdminModel.php(37): CodeIgniter\Model->update(null, [...])
 4 APPPATH\Controllers\AdminController.php(156): App\Models\AdminModel->updateAdmin(null, [...])
 5 SYSTEMPATH\CodeIgniter.php(934): App\Controllers\AdminController->update()
 6 SYSTEMPATH\CodeIgniter.php(499): CodeIgniter\CodeIgniter->runController(Object(App\Controllers\AdminController))
 7 SYSTEMPATH\CodeIgniter.php(368): CodeIgniter\CodeIgniter->handleRequest(null, Object(Config\Cache), false)
 8 FCPATH\index.php(67): CodeIgniter\CodeIgniter->run()
 9 SYSTEMPATH\Commands\Server\rewrite.php(47): require_once('FCPATH\\index.php')
CRITICAL - 2023-07-08 12:45:31 --> Updates are not allowed unless they contain a "where" or "like" clause.
in SYSTEMPATH\Model.php on line 391.
 1 SYSTEMPATH\BaseModel.php(943): CodeIgniter\Model->doUpdate(null, [...])
 2 SYSTEMPATH\Model.php(756): CodeIgniter\BaseModel->update(null, [...])
 3 APPPATH\Models\AdminModel.php(37): CodeIgniter\Model->update(null, [...])
 4 APPPATH\Controllers\AdminController.php(156): App\Models\AdminModel->updateAdmin(null, [...])
 5 SYSTEMPATH\CodeIgniter.php(934): App\Controllers\AdminController->update()
 6 SYSTEMPATH\CodeIgniter.php(499): CodeIgniter\CodeIgniter->runController(Object(App\Controllers\AdminController))
 7 SYSTEMPATH\CodeIgniter.php(368): CodeIgniter\CodeIgniter->handleRequest(null, Object(Config\Cache), false)
 8 FCPATH\index.php(67): CodeIgniter\CodeIgniter->run()
 9 SYSTEMPATH\Commands\Server\rewrite.php(47): require_once('FCPATH\\index.php')
CRITICAL - 2023-07-08 12:46:36 --> Updates are not allowed unless they contain a "where" or "like" clause.
in SYSTEMPATH\Model.php on line 391.
 1 SYSTEMPATH\BaseModel.php(943): CodeIgniter\Model->doUpdate(null, [...])
 2 SYSTEMPATH\Model.php(756): CodeIgniter\BaseModel->update(null, [...])
 3 APPPATH\Models\AdminModel.php(37): CodeIgniter\Model->update(null, [...])
 4 APPPATH\Controllers\AdminController.php(156): App\Models\AdminModel->updateAdmin(null, [...])
 5 SYSTEMPATH\CodeIgniter.php(934): App\Controllers\AdminController->update()
 6 SYSTEMPATH\CodeIgniter.php(499): CodeIgniter\CodeIgniter->runController(Object(App\Controllers\AdminController))
 7 SYSTEMPATH\CodeIgniter.php(368): CodeIgniter\CodeIgniter->handleRequest(null, Object(Config\Cache), false)
 8 FCPATH\index.php(67): CodeIgniter\CodeIgniter->run()
 9 SYSTEMPATH\Commands\Server\rewrite.php(47): require_once('FCPATH\\index.php')
CRITICAL - 2023-07-08 12:48:31 --> Updates are not allowed unless they contain a "where" or "like" clause.
in SYSTEMPATH\Model.php on line 391.
 1 SYSTEMPATH\BaseModel.php(943): CodeIgniter\Model->doUpdate(null, [...])
 2 SYSTEMPATH\Model.php(756): CodeIgniter\BaseModel->update(null, [...])
 3 APPPATH\Models\AdminModel.php(37): CodeIgniter\Model->update(null, [...])
 4 APPPATH\Controllers\AdminController.php(156): App\Models\AdminModel->updateAdmin(null, [...])
 5 SYSTEMPATH\CodeIgniter.php(934): App\Controllers\AdminController->update()
 6 SYSTEMPATH\CodeIgniter.php(499): CodeIgniter\CodeIgniter->runController(Object(App\Controllers\AdminController))
 7 SYSTEMPATH\CodeIgniter.php(368): CodeIgniter\CodeIgniter->handleRequest(null, Object(Config\Cache), false)
 8 FCPATH\index.php(67): CodeIgniter\CodeIgniter->run()
 9 SYSTEMPATH\Commands\Server\rewrite.php(47): require_once('FCPATH\\index.php')
CRITICAL - 2023-07-08 12:48:33 --> Updates are not allowed unless they contain a "where" or "like" clause.
in SYSTEMPATH\Model.php on line 391.
 1 SYSTEMPATH\BaseModel.php(943): CodeIgniter\Model->doUpdate(null, [...])
 2 SYSTEMPATH\Model.php(756): CodeIgniter\BaseModel->update(null, [...])
 3 APPPATH\Models\AdminModel.php(37): CodeIgniter\Model->update(null, [...])
 4 APPPATH\Controllers\AdminController.php(156): App\Models\AdminModel->updateAdmin(null, [...])
 5 SYSTEMPATH\CodeIgniter.php(934): App\Controllers\AdminController->update()
 6 SYSTEMPATH\CodeIgniter.php(499): CodeIgniter\CodeIgniter->runController(Object(App\Controllers\AdminController))
 7 SYSTEMPATH\CodeIgniter.php(368): CodeIgniter\CodeIgniter->handleRequest(null, Object(Config\Cache), false)
 8 FCPATH\index.php(67): CodeIgniter\CodeIgniter->run()
 9 SYSTEMPATH\Commands\Server\rewrite.php(47): require_once('FCPATH\\index.php')
CRITICAL - 2023-07-08 12:49:42 --> Updates are not allowed unless they contain a "where" or "like" clause.
in SYSTEMPATH\Model.php on line 391.
 1 SYSTEMPATH\BaseModel.php(943): CodeIgniter\Model->doUpdate(null, [...])
 2 SYSTEMPATH\Model.php(756): CodeIgniter\BaseModel->update(null, [...])
 3 APPPATH\Models\AdminModel.php(37): CodeIgniter\Model->update(null, [...])
 4 APPPATH\Controllers\AdminController.php(156): App\Models\AdminModel->updateAdmin(null, [...])
 5 SYSTEMPATH\CodeIgniter.php(934): App\Controllers\AdminController->update()
 6 SYSTEMPATH\CodeIgniter.php(499): CodeIgniter\CodeIgniter->runController(Object(App\Controllers\AdminController))
 7 SYSTEMPATH\CodeIgniter.php(368): CodeIgniter\CodeIgniter->handleRequest(null, Object(Config\Cache), false)
 8 FCPATH\index.php(67): CodeIgniter\CodeIgniter->run()
 9 SYSTEMPATH\Commands\Server\rewrite.php(47): require_once('FCPATH\\index.php')
CRITICAL - 2023-07-08 12:49:43 --> Updates are not allowed unless they contain a "where" or "like" clause.
in SYSTEMPATH\Model.php on line 391.
 1 SYSTEMPATH\BaseModel.php(943): CodeIgniter\Model->doUpdate(null, [...])
 2 SYSTEMPATH\Model.php(756): CodeIgniter\BaseModel->update(null, [...])
 3 APPPATH\Models\AdminModel.php(37): CodeIgniter\Model->update(null, [...])
 4 APPPATH\Controllers\AdminController.php(156): App\Models\AdminModel->updateAdmin(null, [...])
 5 SYSTEMPATH\CodeIgniter.php(934): App\Controllers\AdminController->update()
 6 SYSTEMPATH\CodeIgniter.php(499): CodeIgniter\CodeIgniter->runController(Object(App\Controllers\AdminController))
 7 SYSTEMPATH\CodeIgniter.php(368): CodeIgniter\CodeIgniter->handleRequest(null, Object(Config\Cache), false)
 8 FCPATH\index.php(67): CodeIgniter\CodeIgniter->run()
 9 SYSTEMPATH\Commands\Server\rewrite.php(47): require_once('FCPATH\\index.php')
