CRITICAL - 2023-08-17 05:58:34 --> Undefined variable $Category
in APPPATH\Views\Admin\slider.php on line 103.
 1 APPPATH\Views\Admin\slider.php(103): CodeIgniter\Debug\Exceptions->errorHandler(2, 'Undefined variable $Category', 'APPPATH\\Views\\Admin\\slider.php', 103)
 2 SYSTEMPATH\View\View.php(213): include('APPPATH\\Views\\Admin\\slider.php')
 3 SYSTEMPATH\View\View.php(216): CodeIgniter\View\View->CodeIgniter\View\{closure}()
 4 SYSTEMPATH\Common.php(1184): CodeIgniter\View\View->render('Admin/slider', [], true)
 5 APPPATH\Controllers\AdminController.php(234): view('Admin/slider', [...])
 6 SYSTEMPATH\CodeIgniter.php(934): App\Controllers\AdminController->slider()
 7 SYSTEMPATH\CodeIgniter.php(499): CodeIgniter\CodeIgniter->runController(Object(App\Controllers\AdminController))
 8 SYSTEMPATH\CodeIgniter.php(368): CodeIgniter\CodeIgniter->handleRequest(null, Object(Config\Cache), false)
 9 FCPATH\index.php(67): CodeIgniter\CodeIgniter->run()
10 SYSTEMPATH\Commands\Server\rewrite.php(47): require_once('FCPATH\\index.php')
ERROR - 2023-08-17 06:33:46 --> mysqli_sql_exception: Column 'main_heading' cannot be null in C:\xampp\htdocs\New folder\Darwin_Jewels\backend\system\Database\MySQLi\Connection.php:295
Stack trace:
#0 C:\xampp\htdocs\New folder\Darwin_Jewels\backend\system\Database\MySQLi\Connection.php(295): mysqli->query('INSERT INTO `sl...', 0)
#1 C:\xampp\htdocs\New folder\Darwin_Jewels\backend\system\Database\BaseConnection.php(691): CodeIgniter\Database\MySQLi\Connection->execute('INSERT INTO `sl...')
#2 C:\xampp\htdocs\New folder\Darwin_Jewels\backend\system\Database\BaseConnection.php(605): CodeIgniter\Database\BaseConnection->simpleQuery('INSERT INTO `sl...')
#3 C:\xampp\htdocs\New folder\Darwin_Jewels\backend\system\Database\BaseBuilder.php(2309): CodeIgniter\Database\BaseConnection->query('INSERT INTO `sl...', Array, false)
#4 C:\xampp\htdocs\New folder\Darwin_Jewels\backend\system\Model.php(330): CodeIgniter\Database\BaseBuilder->insert()
#5 C:\xampp\htdocs\New folder\Darwin_Jewels\backend\system\BaseModel.php(782): CodeIgniter\Model->doInsert(Array)
#6 C:\xampp\htdocs\New folder\Darwin_Jewels\backend\system\Model.php(730): CodeIgniter\BaseModel->insert(Array, true)
#7 C:\xampp\htdocs\New folder\Darwin_Jewels\backend\app\Controllers\AdminController.php(258): CodeIgniter\Model->insert(Array)
#8 C:\xampp\htdocs\New folder\Darwin_Jewels\backend\system\CodeIgniter.php(934): App\Controllers\AdminController->sliderStore()
#9 C:\xampp\htdocs\New folder\Darwin_Jewels\backend\system\CodeIgniter.php(499): CodeIgniter\CodeIgniter->runController(Object(App\Controllers\AdminController))
#10 C:\xampp\htdocs\New folder\Darwin_Jewels\backend\system\CodeIgniter.php(368): CodeIgniter\CodeIgniter->handleRequest(NULL, Object(Config\Cache), false)
#11 C:\xampp\htdocs\New folder\Darwin_Jewels\backend\public\index.php(67): CodeIgniter\CodeIgniter->run()
#12 C:\xampp\htdocs\New folder\Darwin_Jewels\backend\system\Commands\Server\rewrite.php(47): require_once('C:\\xampp\\htdocs...')
#13 {main}
CRITICAL - 2023-08-17 06:33:46 --> Column 'main_heading' cannot be null
in SYSTEMPATH\Database\BaseConnection.php on line 645.
 1 SYSTEMPATH\Database\BaseBuilder.php(2309): CodeIgniter\Database\BaseConnection->query('INSERT INTO `slider` (`main_heading`, `sub_heading`, `image`) VALUES (:main_heading:, :sub_heading:, :image:)', [...], false)
 2 SYSTEMPATH\Model.php(330): CodeIgniter\Database\BaseBuilder->insert()
 3 SYSTEMPATH\BaseModel.php(782): CodeIgniter\Model->doInsert([...])
 4 SYSTEMPATH\Model.php(730): CodeIgniter\BaseModel->insert([...], true)
 5 APPPATH\Controllers\AdminController.php(258): CodeIgniter\Model->insert([...])
 6 SYSTEMPATH\CodeIgniter.php(934): App\Controllers\AdminController->sliderStore()
 7 SYSTEMPATH\CodeIgniter.php(499): CodeIgniter\CodeIgniter->runController(Object(App\Controllers\AdminController))
 8 SYSTEMPATH\CodeIgniter.php(368): CodeIgniter\CodeIgniter->handleRequest(null, Object(Config\Cache), false)
 9 FCPATH\index.php(67): CodeIgniter\CodeIgniter->run()
10 SYSTEMPATH\Commands\Server\rewrite.php(47): require_once('FCPATH\\index.php')
ERROR - 2023-08-17 06:34:27 --> mysqli_sql_exception: Column 'main_heading' cannot be null in C:\xampp\htdocs\New folder\Darwin_Jewels\backend\system\Database\MySQLi\Connection.php:295
Stack trace:
#0 C:\xampp\htdocs\New folder\Darwin_Jewels\backend\system\Database\MySQLi\Connection.php(295): mysqli->query('INSERT INTO `sl...', 0)
#1 C:\xampp\htdocs\New folder\Darwin_Jewels\backend\system\Database\BaseConnection.php(691): CodeIgniter\Database\MySQLi\Connection->execute('INSERT INTO `sl...')
#2 C:\xampp\htdocs\New folder\Darwin_Jewels\backend\system\Database\BaseConnection.php(605): CodeIgniter\Database\BaseConnection->simpleQuery('INSERT INTO `sl...')
#3 C:\xampp\htdocs\New folder\Darwin_Jewels\backend\system\Database\BaseBuilder.php(2309): CodeIgniter\Database\BaseConnection->query('INSERT INTO `sl...', Array, false)
#4 C:\xampp\htdocs\New folder\Darwin_Jewels\backend\system\Model.php(330): CodeIgniter\Database\BaseBuilder->insert()
#5 C:\xampp\htdocs\New folder\Darwin_Jewels\backend\system\BaseModel.php(782): CodeIgniter\Model->doInsert(Array)
#6 C:\xampp\htdocs\New folder\Darwin_Jewels\backend\system\Model.php(730): CodeIgniter\BaseModel->insert(Array, true)
#7 C:\xampp\htdocs\New folder\Darwin_Jewels\backend\app\Controllers\AdminController.php(258): CodeIgniter\Model->insert(Array)
#8 C:\xampp\htdocs\New folder\Darwin_Jewels\backend\system\CodeIgniter.php(934): App\Controllers\AdminController->sliderStore()
#9 C:\xampp\htdocs\New folder\Darwin_Jewels\backend\system\CodeIgniter.php(499): CodeIgniter\CodeIgniter->runController(Object(App\Controllers\AdminController))
#10 C:\xampp\htdocs\New folder\Darwin_Jewels\backend\system\CodeIgniter.php(368): CodeIgniter\CodeIgniter->handleRequest(NULL, Object(Config\Cache), false)
#11 C:\xampp\htdocs\New folder\Darwin_Jewels\backend\public\index.php(67): CodeIgniter\CodeIgniter->run()
#12 C:\xampp\htdocs\New folder\Darwin_Jewels\backend\system\Commands\Server\rewrite.php(47): require_once('C:\\xampp\\htdocs...')
#13 {main}
CRITICAL - 2023-08-17 06:34:27 --> Column 'main_heading' cannot be null
in SYSTEMPATH\Database\BaseConnection.php on line 645.
 1 SYSTEMPATH\Database\BaseBuilder.php(2309): CodeIgniter\Database\BaseConnection->query('INSERT INTO `slider` (`main_heading`, `sub_heading`, `image`) VALUES (:main_heading:, :sub_heading:, :image:)', [...], false)
 2 SYSTEMPATH\Model.php(330): CodeIgniter\Database\BaseBuilder->insert()
 3 SYSTEMPATH\BaseModel.php(782): CodeIgniter\Model->doInsert([...])
 4 SYSTEMPATH\Model.php(730): CodeIgniter\BaseModel->insert([...], true)
 5 APPPATH\Controllers\AdminController.php(258): CodeIgniter\Model->insert([...])
 6 SYSTEMPATH\CodeIgniter.php(934): App\Controllers\AdminController->sliderStore()
 7 SYSTEMPATH\CodeIgniter.php(499): CodeIgniter\CodeIgniter->runController(Object(App\Controllers\AdminController))
 8 SYSTEMPATH\CodeIgniter.php(368): CodeIgniter\CodeIgniter->handleRequest(null, Object(Config\Cache), false)
 9 FCPATH\index.php(67): CodeIgniter\CodeIgniter->run()
10 SYSTEMPATH\Commands\Server\rewrite.php(47): require_once('FCPATH\\index.php')
ERROR - 2023-08-17 06:36:23 --> mysqli_sql_exception: Column 'main_heading' cannot be null in C:\xampp\htdocs\New folder\Darwin_Jewels\backend\system\Database\MySQLi\Connection.php:295
Stack trace:
#0 C:\xampp\htdocs\New folder\Darwin_Jewels\backend\system\Database\MySQLi\Connection.php(295): mysqli->query('INSERT INTO `sl...', 0)
#1 C:\xampp\htdocs\New folder\Darwin_Jewels\backend\system\Database\BaseConnection.php(691): CodeIgniter\Database\MySQLi\Connection->execute('INSERT INTO `sl...')
#2 C:\xampp\htdocs\New folder\Darwin_Jewels\backend\system\Database\BaseConnection.php(605): CodeIgniter\Database\BaseConnection->simpleQuery('INSERT INTO `sl...')
#3 C:\xampp\htdocs\New folder\Darwin_Jewels\backend\system\Database\BaseBuilder.php(2309): CodeIgniter\Database\BaseConnection->query('INSERT INTO `sl...', Array, false)
#4 C:\xampp\htdocs\New folder\Darwin_Jewels\backend\system\Model.php(330): CodeIgniter\Database\BaseBuilder->insert()
#5 C:\xampp\htdocs\New folder\Darwin_Jewels\backend\system\BaseModel.php(782): CodeIgniter\Model->doInsert(Array)
#6 C:\xampp\htdocs\New folder\Darwin_Jewels\backend\system\Model.php(730): CodeIgniter\BaseModel->insert(Array, true)
#7 C:\xampp\htdocs\New folder\Darwin_Jewels\backend\app\Controllers\AdminController.php(258): CodeIgniter\Model->insert(Array)
#8 C:\xampp\htdocs\New folder\Darwin_Jewels\backend\system\CodeIgniter.php(934): App\Controllers\AdminController->sliderStore()
#9 C:\xampp\htdocs\New folder\Darwin_Jewels\backend\system\CodeIgniter.php(499): CodeIgniter\CodeIgniter->runController(Object(App\Controllers\AdminController))
#10 C:\xampp\htdocs\New folder\Darwin_Jewels\backend\system\CodeIgniter.php(368): CodeIgniter\CodeIgniter->handleRequest(NULL, Object(Config\Cache), false)
#11 C:\xampp\htdocs\New folder\Darwin_Jewels\backend\public\index.php(67): CodeIgniter\CodeIgniter->run()
#12 C:\xampp\htdocs\New folder\Darwin_Jewels\backend\system\Commands\Server\rewrite.php(47): require_once('C:\\xampp\\htdocs...')
#13 {main}
CRITICAL - 2023-08-17 06:36:23 --> Column 'main_heading' cannot be null
in SYSTEMPATH\Database\BaseConnection.php on line 645.
 1 SYSTEMPATH\Database\BaseBuilder.php(2309): CodeIgniter\Database\BaseConnection->query('INSERT INTO `slider` (`main_heading`, `sub_heading`, `image`) VALUES (:main_heading:, :sub_heading:, :image:)', [...], false)
 2 SYSTEMPATH\Model.php(330): CodeIgniter\Database\BaseBuilder->insert()
 3 SYSTEMPATH\BaseModel.php(782): CodeIgniter\Model->doInsert([...])
 4 SYSTEMPATH\Model.php(730): CodeIgniter\BaseModel->insert([...], true)
 5 APPPATH\Controllers\AdminController.php(258): CodeIgniter\Model->insert([...])
 6 SYSTEMPATH\CodeIgniter.php(934): App\Controllers\AdminController->sliderStore()
 7 SYSTEMPATH\CodeIgniter.php(499): CodeIgniter\CodeIgniter->runController(Object(App\Controllers\AdminController))
 8 SYSTEMPATH\CodeIgniter.php(368): CodeIgniter\CodeIgniter->handleRequest(null, Object(Config\Cache), false)
 9 FCPATH\index.php(67): CodeIgniter\CodeIgniter->run()
10 SYSTEMPATH\Commands\Server\rewrite.php(47): require_once('FCPATH\\index.php')
ERROR - 2023-08-17 06:45:04 --> mysqli_sql_exception: Column 'main_heading' cannot be null in C:\xampp\htdocs\New folder\Darwin_Jewels\backend\system\Database\MySQLi\Connection.php:295
Stack trace:
#0 C:\xampp\htdocs\New folder\Darwin_Jewels\backend\system\Database\MySQLi\Connection.php(295): mysqli->query('INSERT INTO `sl...', 0)
#1 C:\xampp\htdocs\New folder\Darwin_Jewels\backend\system\Database\BaseConnection.php(691): CodeIgniter\Database\MySQLi\Connection->execute('INSERT INTO `sl...')
#2 C:\xampp\htdocs\New folder\Darwin_Jewels\backend\system\Database\BaseConnection.php(605): CodeIgniter\Database\BaseConnection->simpleQuery('INSERT INTO `sl...')
#3 C:\xampp\htdocs\New folder\Darwin_Jewels\backend\system\Database\BaseBuilder.php(2309): CodeIgniter\Database\BaseConnection->query('INSERT INTO `sl...', Array, false)
#4 C:\xampp\htdocs\New folder\Darwin_Jewels\backend\system\Model.php(330): CodeIgniter\Database\BaseBuilder->insert()
#5 C:\xampp\htdocs\New folder\Darwin_Jewels\backend\system\BaseModel.php(782): CodeIgniter\Model->doInsert(Array)
#6 C:\xampp\htdocs\New folder\Darwin_Jewels\backend\system\Model.php(730): CodeIgniter\BaseModel->insert(Array, true)
#7 C:\xampp\htdocs\New folder\Darwin_Jewels\backend\app\Controllers\AdminController.php(258): CodeIgniter\Model->insert(Array)
#8 C:\xampp\htdocs\New folder\Darwin_Jewels\backend\system\CodeIgniter.php(934): App\Controllers\AdminController->sliderStore()
#9 C:\xampp\htdocs\New folder\Darwin_Jewels\backend\system\CodeIgniter.php(499): CodeIgniter\CodeIgniter->runController(Object(App\Controllers\AdminController))
#10 C:\xampp\htdocs\New folder\Darwin_Jewels\backend\system\CodeIgniter.php(368): CodeIgniter\CodeIgniter->handleRequest(NULL, Object(Config\Cache), false)
#11 C:\xampp\htdocs\New folder\Darwin_Jewels\backend\public\index.php(67): CodeIgniter\CodeIgniter->run()
#12 C:\xampp\htdocs\New folder\Darwin_Jewels\backend\system\Commands\Server\rewrite.php(47): require_once('C:\\xampp\\htdocs...')
#13 {main}
CRITICAL - 2023-08-17 06:45:04 --> Column 'main_heading' cannot be null
in SYSTEMPATH\Database\BaseConnection.php on line 645.
 1 SYSTEMPATH\Database\BaseBuilder.php(2309): CodeIgniter\Database\BaseConnection->query('INSERT INTO `slider` (`main_heading`, `sub_heading`, `image`) VALUES (:main_heading:, :sub_heading:, :image:)', [...], false)
 2 SYSTEMPATH\Model.php(330): CodeIgniter\Database\BaseBuilder->insert()
 3 SYSTEMPATH\BaseModel.php(782): CodeIgniter\Model->doInsert([...])
 4 SYSTEMPATH\Model.php(730): CodeIgniter\BaseModel->insert([...], true)
 5 APPPATH\Controllers\AdminController.php(258): CodeIgniter\Model->insert([...])
 6 SYSTEMPATH\CodeIgniter.php(934): App\Controllers\AdminController->sliderStore()
 7 SYSTEMPATH\CodeIgniter.php(499): CodeIgniter\CodeIgniter->runController(Object(App\Controllers\AdminController))
 8 SYSTEMPATH\CodeIgniter.php(368): CodeIgniter\CodeIgniter->handleRequest(null, Object(Config\Cache), false)
 9 FCPATH\index.php(67): CodeIgniter\CodeIgniter->run()
10 SYSTEMPATH\Commands\Server\rewrite.php(47): require_once('FCPATH\\index.php')
ERROR - 2023-08-17 06:45:48 --> mysqli_sql_exception: Column 'main_heading' cannot be null in C:\xampp\htdocs\New folder\Darwin_Jewels\backend\system\Database\MySQLi\Connection.php:295
Stack trace:
#0 C:\xampp\htdocs\New folder\Darwin_Jewels\backend\system\Database\MySQLi\Connection.php(295): mysqli->query('INSERT INTO `sl...', 0)
#1 C:\xampp\htdocs\New folder\Darwin_Jewels\backend\system\Database\BaseConnection.php(691): CodeIgniter\Database\MySQLi\Connection->execute('INSERT INTO `sl...')
#2 C:\xampp\htdocs\New folder\Darwin_Jewels\backend\system\Database\BaseConnection.php(605): CodeIgniter\Database\BaseConnection->simpleQuery('INSERT INTO `sl...')
#3 C:\xampp\htdocs\New folder\Darwin_Jewels\backend\system\Database\BaseBuilder.php(2309): CodeIgniter\Database\BaseConnection->query('INSERT INTO `sl...', Array, false)
#4 C:\xampp\htdocs\New folder\Darwin_Jewels\backend\system\Model.php(330): CodeIgniter\Database\BaseBuilder->insert()
#5 C:\xampp\htdocs\New folder\Darwin_Jewels\backend\system\BaseModel.php(782): CodeIgniter\Model->doInsert(Array)
#6 C:\xampp\htdocs\New folder\Darwin_Jewels\backend\system\Model.php(730): CodeIgniter\BaseModel->insert(Array, true)
#7 C:\xampp\htdocs\New folder\Darwin_Jewels\backend\app\Controllers\AdminController.php(258): CodeIgniter\Model->insert(Array)
#8 C:\xampp\htdocs\New folder\Darwin_Jewels\backend\system\CodeIgniter.php(934): App\Controllers\AdminController->sliderStore()
#9 C:\xampp\htdocs\New folder\Darwin_Jewels\backend\system\CodeIgniter.php(499): CodeIgniter\CodeIgniter->runController(Object(App\Controllers\AdminController))
#10 C:\xampp\htdocs\New folder\Darwin_Jewels\backend\system\CodeIgniter.php(368): CodeIgniter\CodeIgniter->handleRequest(NULL, Object(Config\Cache), false)
#11 C:\xampp\htdocs\New folder\Darwin_Jewels\backend\public\index.php(67): CodeIgniter\CodeIgniter->run()
#12 C:\xampp\htdocs\New folder\Darwin_Jewels\backend\system\Commands\Server\rewrite.php(47): require_once('C:\\xampp\\htdocs...')
#13 {main}
CRITICAL - 2023-08-17 06:45:49 --> Column 'main_heading' cannot be null
in SYSTEMPATH\Database\BaseConnection.php on line 645.
 1 SYSTEMPATH\Database\BaseBuilder.php(2309): CodeIgniter\Database\BaseConnection->query('INSERT INTO `slider` (`main_heading`, `sub_heading`, `image`) VALUES (:main_heading:, :sub_heading:, :image:)', [...], false)
 2 SYSTEMPATH\Model.php(330): CodeIgniter\Database\BaseBuilder->insert()
 3 SYSTEMPATH\BaseModel.php(782): CodeIgniter\Model->doInsert([...])
 4 SYSTEMPATH\Model.php(730): CodeIgniter\BaseModel->insert([...], true)
 5 APPPATH\Controllers\AdminController.php(258): CodeIgniter\Model->insert([...])
 6 SYSTEMPATH\CodeIgniter.php(934): App\Controllers\AdminController->sliderStore()
 7 SYSTEMPATH\CodeIgniter.php(499): CodeIgniter\CodeIgniter->runController(Object(App\Controllers\AdminController))
 8 SYSTEMPATH\CodeIgniter.php(368): CodeIgniter\CodeIgniter->handleRequest(null, Object(Config\Cache), false)
 9 FCPATH\index.php(67): CodeIgniter\CodeIgniter->run()
10 SYSTEMPATH\Commands\Server\rewrite.php(47): require_once('FCPATH\\index.php')
ERROR - 2023-08-17 06:55:48 --> mysqli_sql_exception: Column 'main_heading' cannot be null in C:\xampp\htdocs\New folder\Darwin_Jewels\backend\system\Database\MySQLi\Connection.php:295
Stack trace:
#0 C:\xampp\htdocs\New folder\Darwin_Jewels\backend\system\Database\MySQLi\Connection.php(295): mysqli->query('INSERT INTO `sl...', 0)
#1 C:\xampp\htdocs\New folder\Darwin_Jewels\backend\system\Database\BaseConnection.php(691): CodeIgniter\Database\MySQLi\Connection->execute('INSERT INTO `sl...')
#2 C:\xampp\htdocs\New folder\Darwin_Jewels\backend\system\Database\BaseConnection.php(605): CodeIgniter\Database\BaseConnection->simpleQuery('INSERT INTO `sl...')
#3 C:\xampp\htdocs\New folder\Darwin_Jewels\backend\system\Database\BaseBuilder.php(2309): CodeIgniter\Database\BaseConnection->query('INSERT INTO `sl...', Array, false)
#4 C:\xampp\htdocs\New folder\Darwin_Jewels\backend\system\Model.php(330): CodeIgniter\Database\BaseBuilder->insert()
#5 C:\xampp\htdocs\New folder\Darwin_Jewels\backend\system\BaseModel.php(782): CodeIgniter\Model->doInsert(Array)
#6 C:\xampp\htdocs\New folder\Darwin_Jewels\backend\system\Model.php(730): CodeIgniter\BaseModel->insert(Array, true)
#7 C:\xampp\htdocs\New folder\Darwin_Jewels\backend\app\Controllers\AdminController.php(258): CodeIgniter\Model->insert(Array)
#8 C:\xampp\htdocs\New folder\Darwin_Jewels\backend\system\CodeIgniter.php(934): App\Controllers\AdminController->sliderStore()
#9 C:\xampp\htdocs\New folder\Darwin_Jewels\backend\system\CodeIgniter.php(499): CodeIgniter\CodeIgniter->runController(Object(App\Controllers\AdminController))
#10 C:\xampp\htdocs\New folder\Darwin_Jewels\backend\system\CodeIgniter.php(368): CodeIgniter\CodeIgniter->handleRequest(NULL, Object(Config\Cache), false)
#11 C:\xampp\htdocs\New folder\Darwin_Jewels\backend\public\index.php(67): CodeIgniter\CodeIgniter->run()
#12 C:\xampp\htdocs\New folder\Darwin_Jewels\backend\system\Commands\Server\rewrite.php(47): require_once('C:\\xampp\\htdocs...')
#13 {main}
CRITICAL - 2023-08-17 06:55:48 --> Column 'main_heading' cannot be null
in SYSTEMPATH\Database\BaseConnection.php on line 645.
 1 SYSTEMPATH\Database\BaseBuilder.php(2309): CodeIgniter\Database\BaseConnection->query('INSERT INTO `slider` (`main_heading`, `sub_heading`, `image`) VALUES (:main_heading:, :sub_heading:, :image:)', [...], false)
 2 SYSTEMPATH\Model.php(330): CodeIgniter\Database\BaseBuilder->insert()
 3 SYSTEMPATH\BaseModel.php(782): CodeIgniter\Model->doInsert([...])
 4 SYSTEMPATH\Model.php(730): CodeIgniter\BaseModel->insert([...], true)
 5 APPPATH\Controllers\AdminController.php(258): CodeIgniter\Model->insert([...])
 6 SYSTEMPATH\CodeIgniter.php(934): App\Controllers\AdminController->sliderStore()
 7 SYSTEMPATH\CodeIgniter.php(499): CodeIgniter\CodeIgniter->runController(Object(App\Controllers\AdminController))
 8 SYSTEMPATH\CodeIgniter.php(368): CodeIgniter\CodeIgniter->handleRequest(null, Object(Config\Cache), false)
 9 FCPATH\index.php(67): CodeIgniter\CodeIgniter->run()
10 SYSTEMPATH\Commands\Server\rewrite.php(47): require_once('FCPATH\\index.php')
ERROR - 2023-08-17 07:07:14 --> mysqli_sql_exception: Column 'main_heading' cannot be null in C:\xampp\htdocs\New folder\Darwin_Jewels\backend\system\Database\MySQLi\Connection.php:295
Stack trace:
#0 C:\xampp\htdocs\New folder\Darwin_Jewels\backend\system\Database\MySQLi\Connection.php(295): mysqli->query('INSERT INTO `sl...', 0)
#1 C:\xampp\htdocs\New folder\Darwin_Jewels\backend\system\Database\BaseConnection.php(691): CodeIgniter\Database\MySQLi\Connection->execute('INSERT INTO `sl...')
#2 C:\xampp\htdocs\New folder\Darwin_Jewels\backend\system\Database\BaseConnection.php(605): CodeIgniter\Database\BaseConnection->simpleQuery('INSERT INTO `sl...')
#3 C:\xampp\htdocs\New folder\Darwin_Jewels\backend\system\Database\BaseBuilder.php(2309): CodeIgniter\Database\BaseConnection->query('INSERT INTO `sl...', Array, false)
#4 C:\xampp\htdocs\New folder\Darwin_Jewels\backend\system\Model.php(330): CodeIgniter\Database\BaseBuilder->insert()
#5 C:\xampp\htdocs\New folder\Darwin_Jewels\backend\system\BaseModel.php(782): CodeIgniter\Model->doInsert(Array)
#6 C:\xampp\htdocs\New folder\Darwin_Jewels\backend\system\Model.php(730): CodeIgniter\BaseModel->insert(Array, true)
#7 C:\xampp\htdocs\New folder\Darwin_Jewels\backend\app\Controllers\AdminController.php(258): CodeIgniter\Model->insert(Array)
#8 C:\xampp\htdocs\New folder\Darwin_Jewels\backend\system\CodeIgniter.php(934): App\Controllers\AdminController->sliderStore()
#9 C:\xampp\htdocs\New folder\Darwin_Jewels\backend\system\CodeIgniter.php(499): CodeIgniter\CodeIgniter->runController(Object(App\Controllers\AdminController))
#10 C:\xampp\htdocs\New folder\Darwin_Jewels\backend\system\CodeIgniter.php(368): CodeIgniter\CodeIgniter->handleRequest(NULL, Object(Config\Cache), false)
#11 C:\xampp\htdocs\New folder\Darwin_Jewels\backend\public\index.php(67): CodeIgniter\CodeIgniter->run()
#12 C:\xampp\htdocs\New folder\Darwin_Jewels\backend\system\Commands\Server\rewrite.php(47): require_once('C:\\xampp\\htdocs...')
#13 {main}
CRITICAL - 2023-08-17 07:07:14 --> Column 'main_heading' cannot be null
in SYSTEMPATH\Database\BaseConnection.php on line 645.
 1 SYSTEMPATH\Database\BaseBuilder.php(2309): CodeIgniter\Database\BaseConnection->query('INSERT INTO `slider` (`main_heading`, `sub_heading`, `image`) VALUES (:main_heading:, :sub_heading:, :image:)', [...], false)
 2 SYSTEMPATH\Model.php(330): CodeIgniter\Database\BaseBuilder->insert()
 3 SYSTEMPATH\BaseModel.php(782): CodeIgniter\Model->doInsert([...])
 4 SYSTEMPATH\Model.php(730): CodeIgniter\BaseModel->insert([...], true)
 5 APPPATH\Controllers\AdminController.php(258): CodeIgniter\Model->insert([...])
 6 SYSTEMPATH\CodeIgniter.php(934): App\Controllers\AdminController->sliderStore()
 7 SYSTEMPATH\CodeIgniter.php(499): CodeIgniter\CodeIgniter->runController(Object(App\Controllers\AdminController))
 8 SYSTEMPATH\CodeIgniter.php(368): CodeIgniter\CodeIgniter->handleRequest(null, Object(Config\Cache), false)
 9 FCPATH\index.php(67): CodeIgniter\CodeIgniter->run()
10 SYSTEMPATH\Commands\Server\rewrite.php(47): require_once('FCPATH\\index.php')
ERROR - 2023-08-17 07:09:03 --> mysqli_sql_exception: Column 'main_heading' cannot be null in C:\xampp\htdocs\New folder\Darwin_Jewels\backend\system\Database\MySQLi\Connection.php:295
Stack trace:
#0 C:\xampp\htdocs\New folder\Darwin_Jewels\backend\system\Database\MySQLi\Connection.php(295): mysqli->query('INSERT INTO `sl...', 0)
#1 C:\xampp\htdocs\New folder\Darwin_Jewels\backend\system\Database\BaseConnection.php(691): CodeIgniter\Database\MySQLi\Connection->execute('INSERT INTO `sl...')
#2 C:\xampp\htdocs\New folder\Darwin_Jewels\backend\system\Database\BaseConnection.php(605): CodeIgniter\Database\BaseConnection->simpleQuery('INSERT INTO `sl...')
#3 C:\xampp\htdocs\New folder\Darwin_Jewels\backend\system\Database\BaseBuilder.php(2309): CodeIgniter\Database\BaseConnection->query('INSERT INTO `sl...', Array, false)
#4 C:\xampp\htdocs\New folder\Darwin_Jewels\backend\system\Model.php(330): CodeIgniter\Database\BaseBuilder->insert()
#5 C:\xampp\htdocs\New folder\Darwin_Jewels\backend\system\BaseModel.php(782): CodeIgniter\Model->doInsert(Array)
#6 C:\xampp\htdocs\New folder\Darwin_Jewels\backend\system\Model.php(730): CodeIgniter\BaseModel->insert(Array, true)
#7 C:\xampp\htdocs\New folder\Darwin_Jewels\backend\app\Controllers\AdminController.php(258): CodeIgniter\Model->insert(Array)
#8 C:\xampp\htdocs\New folder\Darwin_Jewels\backend\system\CodeIgniter.php(934): App\Controllers\AdminController->sliderStore()
#9 C:\xampp\htdocs\New folder\Darwin_Jewels\backend\system\CodeIgniter.php(499): CodeIgniter\CodeIgniter->runController(Object(App\Controllers\AdminController))
#10 C:\xampp\htdocs\New folder\Darwin_Jewels\backend\system\CodeIgniter.php(368): CodeIgniter\CodeIgniter->handleRequest(NULL, Object(Config\Cache), false)
#11 C:\xampp\htdocs\New folder\Darwin_Jewels\backend\public\index.php(67): CodeIgniter\CodeIgniter->run()
#12 C:\xampp\htdocs\New folder\Darwin_Jewels\backend\system\Commands\Server\rewrite.php(47): require_once('C:\\xampp\\htdocs...')
#13 {main}
CRITICAL - 2023-08-17 07:09:03 --> Column 'main_heading' cannot be null
in SYSTEMPATH\Database\BaseConnection.php on line 645.
 1 SYSTEMPATH\Database\BaseBuilder.php(2309): CodeIgniter\Database\BaseConnection->query('INSERT INTO `slider` (`main_heading`, `sub_heading`, `image`) VALUES (:main_heading:, :sub_heading:, :image:)', [...], false)
 2 SYSTEMPATH\Model.php(330): CodeIgniter\Database\BaseBuilder->insert()
 3 SYSTEMPATH\BaseModel.php(782): CodeIgniter\Model->doInsert([...])
 4 SYSTEMPATH\Model.php(730): CodeIgniter\BaseModel->insert([...], true)
 5 APPPATH\Controllers\AdminController.php(258): CodeIgniter\Model->insert([...])
 6 SYSTEMPATH\CodeIgniter.php(934): App\Controllers\AdminController->sliderStore()
 7 SYSTEMPATH\CodeIgniter.php(499): CodeIgniter\CodeIgniter->runController(Object(App\Controllers\AdminController))
 8 SYSTEMPATH\CodeIgniter.php(368): CodeIgniter\CodeIgniter->handleRequest(null, Object(Config\Cache), false)
 9 FCPATH\index.php(67): CodeIgniter\CodeIgniter->run()
10 SYSTEMPATH\Commands\Server\rewrite.php(47): require_once('FCPATH\\index.php')
ERROR - 2023-08-17 07:12:06 --> mysqli_sql_exception: Column 'main_heading' cannot be null in C:\xampp\htdocs\New folder\Darwin_Jewels\backend\system\Database\MySQLi\Connection.php:295
Stack trace:
#0 C:\xampp\htdocs\New folder\Darwin_Jewels\backend\system\Database\MySQLi\Connection.php(295): mysqli->query('INSERT INTO `sl...', 0)
#1 C:\xampp\htdocs\New folder\Darwin_Jewels\backend\system\Database\BaseConnection.php(691): CodeIgniter\Database\MySQLi\Connection->execute('INSERT INTO `sl...')
#2 C:\xampp\htdocs\New folder\Darwin_Jewels\backend\system\Database\BaseConnection.php(605): CodeIgniter\Database\BaseConnection->simpleQuery('INSERT INTO `sl...')
#3 C:\xampp\htdocs\New folder\Darwin_Jewels\backend\system\Database\BaseBuilder.php(2309): CodeIgniter\Database\BaseConnection->query('INSERT INTO `sl...', Array, false)
#4 C:\xampp\htdocs\New folder\Darwin_Jewels\backend\system\Model.php(330): CodeIgniter\Database\BaseBuilder->insert()
#5 C:\xampp\htdocs\New folder\Darwin_Jewels\backend\system\BaseModel.php(782): CodeIgniter\Model->doInsert(Array)
#6 C:\xampp\htdocs\New folder\Darwin_Jewels\backend\system\Model.php(730): CodeIgniter\BaseModel->insert(Array, true)
#7 C:\xampp\htdocs\New folder\Darwin_Jewels\backend\app\Controllers\AdminController.php(258): CodeIgniter\Model->insert(Array)
#8 C:\xampp\htdocs\New folder\Darwin_Jewels\backend\system\CodeIgniter.php(934): App\Controllers\AdminController->sliderStore()
#9 C:\xampp\htdocs\New folder\Darwin_Jewels\backend\system\CodeIgniter.php(499): CodeIgniter\CodeIgniter->runController(Object(App\Controllers\AdminController))
#10 C:\xampp\htdocs\New folder\Darwin_Jewels\backend\system\CodeIgniter.php(368): CodeIgniter\CodeIgniter->handleRequest(NULL, Object(Config\Cache), false)
#11 C:\xampp\htdocs\New folder\Darwin_Jewels\backend\public\index.php(67): CodeIgniter\CodeIgniter->run()
#12 C:\xampp\htdocs\New folder\Darwin_Jewels\backend\system\Commands\Server\rewrite.php(47): require_once('C:\\xampp\\htdocs...')
#13 {main}
CRITICAL - 2023-08-17 07:12:06 --> Column 'main_heading' cannot be null
in SYSTEMPATH\Database\BaseConnection.php on line 645.
 1 SYSTEMPATH\Database\BaseBuilder.php(2309): CodeIgniter\Database\BaseConnection->query('INSERT INTO `slider` (`main_heading`, `sub_heading`, `image`) VALUES (:main_heading:, :sub_heading:, :image:)', [...], false)
 2 SYSTEMPATH\Model.php(330): CodeIgniter\Database\BaseBuilder->insert()
 3 SYSTEMPATH\BaseModel.php(782): CodeIgniter\Model->doInsert([...])
 4 SYSTEMPATH\Model.php(730): CodeIgniter\BaseModel->insert([...], true)
 5 APPPATH\Controllers\AdminController.php(258): CodeIgniter\Model->insert([...])
 6 SYSTEMPATH\CodeIgniter.php(934): App\Controllers\AdminController->sliderStore()
 7 SYSTEMPATH\CodeIgniter.php(499): CodeIgniter\CodeIgniter->runController(Object(App\Controllers\AdminController))
 8 SYSTEMPATH\CodeIgniter.php(368): CodeIgniter\CodeIgniter->handleRequest(null, Object(Config\Cache), false)
 9 FCPATH\index.php(67): CodeIgniter\CodeIgniter->run()
10 SYSTEMPATH\Commands\Server\rewrite.php(47): require_once('FCPATH\\index.php')
ERROR - 2023-08-17 09:04:23 --> mysqli_sql_exception: Column 'main_heading' cannot be null in C:\xampp\htdocs\New folder\Darwin_Jewels\backend\system\Database\MySQLi\Connection.php:295
Stack trace:
#0 C:\xampp\htdocs\New folder\Darwin_Jewels\backend\system\Database\MySQLi\Connection.php(295): mysqli->query('INSERT INTO `sl...', 0)
#1 C:\xampp\htdocs\New folder\Darwin_Jewels\backend\system\Database\BaseConnection.php(691): CodeIgniter\Database\MySQLi\Connection->execute('INSERT INTO `sl...')
#2 C:\xampp\htdocs\New folder\Darwin_Jewels\backend\system\Database\BaseConnection.php(605): CodeIgniter\Database\BaseConnection->simpleQuery('INSERT INTO `sl...')
#3 C:\xampp\htdocs\New folder\Darwin_Jewels\backend\system\Database\BaseBuilder.php(2309): CodeIgniter\Database\BaseConnection->query('INSERT INTO `sl...', Array, false)
#4 C:\xampp\htdocs\New folder\Darwin_Jewels\backend\system\Model.php(330): CodeIgniter\Database\BaseBuilder->insert()
#5 C:\xampp\htdocs\New folder\Darwin_Jewels\backend\system\BaseModel.php(782): CodeIgniter\Model->doInsert(Array)
#6 C:\xampp\htdocs\New folder\Darwin_Jewels\backend\system\Model.php(730): CodeIgniter\BaseModel->insert(Array, true)
#7 C:\xampp\htdocs\New folder\Darwin_Jewels\backend\app\Controllers\AdminController.php(258): CodeIgniter\Model->insert(Array)
#8 C:\xampp\htdocs\New folder\Darwin_Jewels\backend\system\CodeIgniter.php(934): App\Controllers\AdminController->sliderStore()
#9 C:\xampp\htdocs\New folder\Darwin_Jewels\backend\system\CodeIgniter.php(499): CodeIgniter\CodeIgniter->runController(Object(App\Controllers\AdminController))
#10 C:\xampp\htdocs\New folder\Darwin_Jewels\backend\system\CodeIgniter.php(368): CodeIgniter\CodeIgniter->handleRequest(NULL, Object(Config\Cache), false)
#11 C:\xampp\htdocs\New folder\Darwin_Jewels\backend\public\index.php(67): CodeIgniter\CodeIgniter->run()
#12 C:\xampp\htdocs\New folder\Darwin_Jewels\backend\system\Commands\Server\rewrite.php(47): require_once('C:\\xampp\\htdocs...')
#13 {main}
CRITICAL - 2023-08-17 09:04:23 --> Column 'main_heading' cannot be null
in SYSTEMPATH\Database\BaseConnection.php on line 645.
 1 SYSTEMPATH\Database\BaseBuilder.php(2309): CodeIgniter\Database\BaseConnection->query('INSERT INTO `slider` (`main_heading`, `sub_heading`, `image`) VALUES (:main_heading:, :sub_heading:, :image:)', [...], false)
 2 SYSTEMPATH\Model.php(330): CodeIgniter\Database\BaseBuilder->insert()
 3 SYSTEMPATH\BaseModel.php(782): CodeIgniter\Model->doInsert([...])
 4 SYSTEMPATH\Model.php(730): CodeIgniter\BaseModel->insert([...], true)
 5 APPPATH\Controllers\AdminController.php(258): CodeIgniter\Model->insert([...])
 6 SYSTEMPATH\CodeIgniter.php(934): App\Controllers\AdminController->sliderStore()
 7 SYSTEMPATH\CodeIgniter.php(499): CodeIgniter\CodeIgniter->runController(Object(App\Controllers\AdminController))
 8 SYSTEMPATH\CodeIgniter.php(368): CodeIgniter\CodeIgniter->handleRequest(null, Object(Config\Cache), false)
 9 FCPATH\index.php(67): CodeIgniter\CodeIgniter->run()
10 SYSTEMPATH\Commands\Server\rewrite.php(47): require_once('FCPATH\\index.php')
ERROR - 2023-08-17 09:09:17 --> mysqli_sql_exception: Column 'main_heading' cannot be null in C:\xampp\htdocs\New folder\Darwin_Jewels\backend\system\Database\MySQLi\Connection.php:295
Stack trace:
#0 C:\xampp\htdocs\New folder\Darwin_Jewels\backend\system\Database\MySQLi\Connection.php(295): mysqli->query('INSERT INTO `sl...', 0)
#1 C:\xampp\htdocs\New folder\Darwin_Jewels\backend\system\Database\BaseConnection.php(691): CodeIgniter\Database\MySQLi\Connection->execute('INSERT INTO `sl...')
#2 C:\xampp\htdocs\New folder\Darwin_Jewels\backend\system\Database\BaseConnection.php(605): CodeIgniter\Database\BaseConnection->simpleQuery('INSERT INTO `sl...')
#3 C:\xampp\htdocs\New folder\Darwin_Jewels\backend\system\Database\BaseBuilder.php(2309): CodeIgniter\Database\BaseConnection->query('INSERT INTO `sl...', Array, false)
#4 C:\xampp\htdocs\New folder\Darwin_Jewels\backend\system\Model.php(330): CodeIgniter\Database\BaseBuilder->insert()
#5 C:\xampp\htdocs\New folder\Darwin_Jewels\backend\system\BaseModel.php(782): CodeIgniter\Model->doInsert(Array)
#6 C:\xampp\htdocs\New folder\Darwin_Jewels\backend\system\Model.php(730): CodeIgniter\BaseModel->insert(Array, true)
#7 C:\xampp\htdocs\New folder\Darwin_Jewels\backend\app\Controllers\AdminController.php(258): CodeIgniter\Model->insert(Array)
#8 C:\xampp\htdocs\New folder\Darwin_Jewels\backend\system\CodeIgniter.php(934): App\Controllers\AdminController->sliderStore()
#9 C:\xampp\htdocs\New folder\Darwin_Jewels\backend\system\CodeIgniter.php(499): CodeIgniter\CodeIgniter->runController(Object(App\Controllers\AdminController))
#10 C:\xampp\htdocs\New folder\Darwin_Jewels\backend\system\CodeIgniter.php(368): CodeIgniter\CodeIgniter->handleRequest(NULL, Object(Config\Cache), false)
#11 C:\xampp\htdocs\New folder\Darwin_Jewels\backend\public\index.php(67): CodeIgniter\CodeIgniter->run()
#12 C:\xampp\htdocs\New folder\Darwin_Jewels\backend\system\Commands\Server\rewrite.php(47): require_once('C:\\xampp\\htdocs...')
#13 {main}
CRITICAL - 2023-08-17 09:09:17 --> Column 'main_heading' cannot be null
in SYSTEMPATH\Database\BaseConnection.php on line 645.
 1 SYSTEMPATH\Database\BaseBuilder.php(2309): CodeIgniter\Database\BaseConnection->query('INSERT INTO `slider` (`main_heading`, `sub_heading`, `image`) VALUES (:main_heading:, :sub_heading:, :image:)', [...], false)
 2 SYSTEMPATH\Model.php(330): CodeIgniter\Database\BaseBuilder->insert()
 3 SYSTEMPATH\BaseModel.php(782): CodeIgniter\Model->doInsert([...])
 4 SYSTEMPATH\Model.php(730): CodeIgniter\BaseModel->insert([...], true)
 5 APPPATH\Controllers\AdminController.php(258): CodeIgniter\Model->insert([...])
 6 SYSTEMPATH\CodeIgniter.php(934): App\Controllers\AdminController->sliderStore()
 7 SYSTEMPATH\CodeIgniter.php(499): CodeIgniter\CodeIgniter->runController(Object(App\Controllers\AdminController))
 8 SYSTEMPATH\CodeIgniter.php(368): CodeIgniter\CodeIgniter->handleRequest(null, Object(Config\Cache), false)
 9 FCPATH\index.php(67): CodeIgniter\CodeIgniter->run()
10 SYSTEMPATH\Commands\Server\rewrite.php(47): require_once('FCPATH\\index.php')
ERROR - 2023-08-17 09:09:39 --> mysqli_sql_exception: Column 'main_heading' cannot be null in C:\xampp\htdocs\New folder\Darwin_Jewels\backend\system\Database\MySQLi\Connection.php:295
Stack trace:
#0 C:\xampp\htdocs\New folder\Darwin_Jewels\backend\system\Database\MySQLi\Connection.php(295): mysqli->query('INSERT INTO `sl...', 0)
#1 C:\xampp\htdocs\New folder\Darwin_Jewels\backend\system\Database\BaseConnection.php(691): CodeIgniter\Database\MySQLi\Connection->execute('INSERT INTO `sl...')
#2 C:\xampp\htdocs\New folder\Darwin_Jewels\backend\system\Database\BaseConnection.php(605): CodeIgniter\Database\BaseConnection->simpleQuery('INSERT INTO `sl...')
#3 C:\xampp\htdocs\New folder\Darwin_Jewels\backend\system\Database\BaseBuilder.php(2309): CodeIgniter\Database\BaseConnection->query('INSERT INTO `sl...', Array, false)
#4 C:\xampp\htdocs\New folder\Darwin_Jewels\backend\system\Model.php(330): CodeIgniter\Database\BaseBuilder->insert()
#5 C:\xampp\htdocs\New folder\Darwin_Jewels\backend\system\BaseModel.php(782): CodeIgniter\Model->doInsert(Array)
#6 C:\xampp\htdocs\New folder\Darwin_Jewels\backend\system\Model.php(730): CodeIgniter\BaseModel->insert(Array, true)
#7 C:\xampp\htdocs\New folder\Darwin_Jewels\backend\app\Controllers\AdminController.php(258): CodeIgniter\Model->insert(Array)
#8 C:\xampp\htdocs\New folder\Darwin_Jewels\backend\system\CodeIgniter.php(934): App\Controllers\AdminController->sliderStore()
#9 C:\xampp\htdocs\New folder\Darwin_Jewels\backend\system\CodeIgniter.php(499): CodeIgniter\CodeIgniter->runController(Object(App\Controllers\AdminController))
#10 C:\xampp\htdocs\New folder\Darwin_Jewels\backend\system\CodeIgniter.php(368): CodeIgniter\CodeIgniter->handleRequest(NULL, Object(Config\Cache), false)
#11 C:\xampp\htdocs\New folder\Darwin_Jewels\backend\public\index.php(67): CodeIgniter\CodeIgniter->run()
#12 C:\xampp\htdocs\New folder\Darwin_Jewels\backend\system\Commands\Server\rewrite.php(47): require_once('C:\\xampp\\htdocs...')
#13 {main}
CRITICAL - 2023-08-17 09:09:39 --> Column 'main_heading' cannot be null
in SYSTEMPATH\Database\BaseConnection.php on line 645.
 1 SYSTEMPATH\Database\BaseBuilder.php(2309): CodeIgniter\Database\BaseConnection->query('INSERT INTO `slider` (`main_heading`, `sub_heading`, `image`) VALUES (:main_heading:, :sub_heading:, :image:)', [...], false)
 2 SYSTEMPATH\Model.php(330): CodeIgniter\Database\BaseBuilder->insert()
 3 SYSTEMPATH\BaseModel.php(782): CodeIgniter\Model->doInsert([...])
 4 SYSTEMPATH\Model.php(730): CodeIgniter\BaseModel->insert([...], true)
 5 APPPATH\Controllers\AdminController.php(258): CodeIgniter\Model->insert([...])
 6 SYSTEMPATH\CodeIgniter.php(934): App\Controllers\AdminController->sliderStore()
 7 SYSTEMPATH\CodeIgniter.php(499): CodeIgniter\CodeIgniter->runController(Object(App\Controllers\AdminController))
 8 SYSTEMPATH\CodeIgniter.php(368): CodeIgniter\CodeIgniter->handleRequest(null, Object(Config\Cache), false)
 9 FCPATH\index.php(67): CodeIgniter\CodeIgniter->run()
10 SYSTEMPATH\Commands\Server\rewrite.php(47): require_once('FCPATH\\index.php')
ERROR - 2023-08-17 09:10:25 --> mysqli_sql_exception: Column 'main_heading' cannot be null in C:\xampp\htdocs\New folder\Darwin_Jewels\backend\system\Database\MySQLi\Connection.php:295
Stack trace:
#0 C:\xampp\htdocs\New folder\Darwin_Jewels\backend\system\Database\MySQLi\Connection.php(295): mysqli->query('INSERT INTO `sl...', 0)
#1 C:\xampp\htdocs\New folder\Darwin_Jewels\backend\system\Database\BaseConnection.php(691): CodeIgniter\Database\MySQLi\Connection->execute('INSERT INTO `sl...')
#2 C:\xampp\htdocs\New folder\Darwin_Jewels\backend\system\Database\BaseConnection.php(605): CodeIgniter\Database\BaseConnection->simpleQuery('INSERT INTO `sl...')
#3 C:\xampp\htdocs\New folder\Darwin_Jewels\backend\system\Database\BaseBuilder.php(2309): CodeIgniter\Database\BaseConnection->query('INSERT INTO `sl...', Array, false)
#4 C:\xampp\htdocs\New folder\Darwin_Jewels\backend\system\Model.php(330): CodeIgniter\Database\BaseBuilder->insert()
#5 C:\xampp\htdocs\New folder\Darwin_Jewels\backend\system\BaseModel.php(782): CodeIgniter\Model->doInsert(Array)
#6 C:\xampp\htdocs\New folder\Darwin_Jewels\backend\system\Model.php(730): CodeIgniter\BaseModel->insert(Array, true)
#7 C:\xampp\htdocs\New folder\Darwin_Jewels\backend\app\Controllers\AdminController.php(258): CodeIgniter\Model->insert(Array)
#8 C:\xampp\htdocs\New folder\Darwin_Jewels\backend\system\CodeIgniter.php(934): App\Controllers\AdminController->sliderStore()
#9 C:\xampp\htdocs\New folder\Darwin_Jewels\backend\system\CodeIgniter.php(499): CodeIgniter\CodeIgniter->runController(Object(App\Controllers\AdminController))
#10 C:\xampp\htdocs\New folder\Darwin_Jewels\backend\system\CodeIgniter.php(368): CodeIgniter\CodeIgniter->handleRequest(NULL, Object(Config\Cache), false)
#11 C:\xampp\htdocs\New folder\Darwin_Jewels\backend\public\index.php(67): CodeIgniter\CodeIgniter->run()
#12 C:\xampp\htdocs\New folder\Darwin_Jewels\backend\system\Commands\Server\rewrite.php(47): require_once('C:\\xampp\\htdocs...')
#13 {main}
CRITICAL - 2023-08-17 09:10:25 --> Column 'main_heading' cannot be null
in SYSTEMPATH\Database\BaseConnection.php on line 645.
 1 SYSTEMPATH\Database\BaseBuilder.php(2309): CodeIgniter\Database\BaseConnection->query('INSERT INTO `slider` (`main_heading`, `sub_heading`, `image`) VALUES (:main_heading:, :sub_heading:, :image:)', [...], false)
 2 SYSTEMPATH\Model.php(330): CodeIgniter\Database\BaseBuilder->insert()
 3 SYSTEMPATH\BaseModel.php(782): CodeIgniter\Model->doInsert([...])
 4 SYSTEMPATH\Model.php(730): CodeIgniter\BaseModel->insert([...], true)
 5 APPPATH\Controllers\AdminController.php(258): CodeIgniter\Model->insert([...])
 6 SYSTEMPATH\CodeIgniter.php(934): App\Controllers\AdminController->sliderStore()
 7 SYSTEMPATH\CodeIgniter.php(499): CodeIgniter\CodeIgniter->runController(Object(App\Controllers\AdminController))
 8 SYSTEMPATH\CodeIgniter.php(368): CodeIgniter\CodeIgniter->handleRequest(null, Object(Config\Cache), false)
 9 FCPATH\index.php(67): CodeIgniter\CodeIgniter->run()
10 SYSTEMPATH\Commands\Server\rewrite.php(47): require_once('FCPATH\\index.php')
ERROR - 2023-08-17 09:13:28 --> mysqli_sql_exception: Column 'main_heading' cannot be null in C:\xampp\htdocs\New folder\Darwin_Jewels\backend\system\Database\MySQLi\Connection.php:295
Stack trace:
#0 C:\xampp\htdocs\New folder\Darwin_Jewels\backend\system\Database\MySQLi\Connection.php(295): mysqli->query('INSERT INTO `sl...', 0)
#1 C:\xampp\htdocs\New folder\Darwin_Jewels\backend\system\Database\BaseConnection.php(691): CodeIgniter\Database\MySQLi\Connection->execute('INSERT INTO `sl...')
#2 C:\xampp\htdocs\New folder\Darwin_Jewels\backend\system\Database\BaseConnection.php(605): CodeIgniter\Database\BaseConnection->simpleQuery('INSERT INTO `sl...')
#3 C:\xampp\htdocs\New folder\Darwin_Jewels\backend\system\Database\BaseBuilder.php(2309): CodeIgniter\Database\BaseConnection->query('INSERT INTO `sl...', Array, false)
#4 C:\xampp\htdocs\New folder\Darwin_Jewels\backend\system\Model.php(330): CodeIgniter\Database\BaseBuilder->insert()
#5 C:\xampp\htdocs\New folder\Darwin_Jewels\backend\system\BaseModel.php(782): CodeIgniter\Model->doInsert(Array)
#6 C:\xampp\htdocs\New folder\Darwin_Jewels\backend\system\Model.php(730): CodeIgniter\BaseModel->insert(Array, true)
#7 C:\xampp\htdocs\New folder\Darwin_Jewels\backend\app\Controllers\AdminController.php(258): CodeIgniter\Model->insert(Array)
#8 C:\xampp\htdocs\New folder\Darwin_Jewels\backend\system\CodeIgniter.php(934): App\Controllers\AdminController->sliderStore()
#9 C:\xampp\htdocs\New folder\Darwin_Jewels\backend\system\CodeIgniter.php(499): CodeIgniter\CodeIgniter->runController(Object(App\Controllers\AdminController))
#10 C:\xampp\htdocs\New folder\Darwin_Jewels\backend\system\CodeIgniter.php(368): CodeIgniter\CodeIgniter->handleRequest(NULL, Object(Config\Cache), false)
#11 C:\xampp\htdocs\New folder\Darwin_Jewels\backend\public\index.php(67): CodeIgniter\CodeIgniter->run()
#12 C:\xampp\htdocs\New folder\Darwin_Jewels\backend\system\Commands\Server\rewrite.php(47): require_once('C:\\xampp\\htdocs...')
#13 {main}
CRITICAL - 2023-08-17 09:13:28 --> Column 'main_heading' cannot be null
in SYSTEMPATH\Database\BaseConnection.php on line 645.
 1 SYSTEMPATH\Database\BaseBuilder.php(2309): CodeIgniter\Database\BaseConnection->query('INSERT INTO `slider` (`main_heading`, `sub_heading`, `image`) VALUES (:main_heading:, :sub_heading:, :image:)', [...], false)
 2 SYSTEMPATH\Model.php(330): CodeIgniter\Database\BaseBuilder->insert()
 3 SYSTEMPATH\BaseModel.php(782): CodeIgniter\Model->doInsert([...])
 4 SYSTEMPATH\Model.php(730): CodeIgniter\BaseModel->insert([...], true)
 5 APPPATH\Controllers\AdminController.php(258): CodeIgniter\Model->insert([...])
 6 SYSTEMPATH\CodeIgniter.php(934): App\Controllers\AdminController->sliderStore()
 7 SYSTEMPATH\CodeIgniter.php(499): CodeIgniter\CodeIgniter->runController(Object(App\Controllers\AdminController))
 8 SYSTEMPATH\CodeIgniter.php(368): CodeIgniter\CodeIgniter->handleRequest(null, Object(Config\Cache), false)
 9 FCPATH\index.php(67): CodeIgniter\CodeIgniter->run()
10 SYSTEMPATH\Commands\Server\rewrite.php(47): require_once('FCPATH\\index.php')
ERROR - 2023-08-17 09:16:31 --> mysqli_sql_exception: Column 'main_heading' cannot be null in C:\xampp\htdocs\New folder\Darwin_Jewels\backend\system\Database\MySQLi\Connection.php:295
Stack trace:
#0 C:\xampp\htdocs\New folder\Darwin_Jewels\backend\system\Database\MySQLi\Connection.php(295): mysqli->query('INSERT INTO `sl...', 0)
#1 C:\xampp\htdocs\New folder\Darwin_Jewels\backend\system\Database\BaseConnection.php(691): CodeIgniter\Database\MySQLi\Connection->execute('INSERT INTO `sl...')
#2 C:\xampp\htdocs\New folder\Darwin_Jewels\backend\system\Database\BaseConnection.php(605): CodeIgniter\Database\BaseConnection->simpleQuery('INSERT INTO `sl...')
#3 C:\xampp\htdocs\New folder\Darwin_Jewels\backend\system\Database\BaseBuilder.php(2309): CodeIgniter\Database\BaseConnection->query('INSERT INTO `sl...', Array, false)
#4 C:\xampp\htdocs\New folder\Darwin_Jewels\backend\system\Model.php(330): CodeIgniter\Database\BaseBuilder->insert()
#5 C:\xampp\htdocs\New folder\Darwin_Jewels\backend\system\BaseModel.php(782): CodeIgniter\Model->doInsert(Array)
#6 C:\xampp\htdocs\New folder\Darwin_Jewels\backend\system\Model.php(730): CodeIgniter\BaseModel->insert(Array, true)
#7 C:\xampp\htdocs\New folder\Darwin_Jewels\backend\app\Controllers\AdminController.php(258): CodeIgniter\Model->insert(Array)
#8 C:\xampp\htdocs\New folder\Darwin_Jewels\backend\system\CodeIgniter.php(934): App\Controllers\AdminController->sliderStore()
#9 C:\xampp\htdocs\New folder\Darwin_Jewels\backend\system\CodeIgniter.php(499): CodeIgniter\CodeIgniter->runController(Object(App\Controllers\AdminController))
#10 C:\xampp\htdocs\New folder\Darwin_Jewels\backend\system\CodeIgniter.php(368): CodeIgniter\CodeIgniter->handleRequest(NULL, Object(Config\Cache), false)
#11 C:\xampp\htdocs\New folder\Darwin_Jewels\backend\public\index.php(67): CodeIgniter\CodeIgniter->run()
#12 C:\xampp\htdocs\New folder\Darwin_Jewels\backend\system\Commands\Server\rewrite.php(47): require_once('C:\\xampp\\htdocs...')
#13 {main}
CRITICAL - 2023-08-17 09:16:31 --> Column 'main_heading' cannot be null
in SYSTEMPATH\Database\BaseConnection.php on line 645.
 1 SYSTEMPATH\Database\BaseBuilder.php(2309): CodeIgniter\Database\BaseConnection->query('INSERT INTO `slider` (`main_heading`, `sub_heading`, `image`) VALUES (:main_heading:, :sub_heading:, :image:)', [...], false)
 2 SYSTEMPATH\Model.php(330): CodeIgniter\Database\BaseBuilder->insert()
 3 SYSTEMPATH\BaseModel.php(782): CodeIgniter\Model->doInsert([...])
 4 SYSTEMPATH\Model.php(730): CodeIgniter\BaseModel->insert([...], true)
 5 APPPATH\Controllers\AdminController.php(258): CodeIgniter\Model->insert([...])
 6 SYSTEMPATH\CodeIgniter.php(934): App\Controllers\AdminController->sliderStore()
 7 SYSTEMPATH\CodeIgniter.php(499): CodeIgniter\CodeIgniter->runController(Object(App\Controllers\AdminController))
 8 SYSTEMPATH\CodeIgniter.php(368): CodeIgniter\CodeIgniter->handleRequest(null, Object(Config\Cache), false)
 9 FCPATH\index.php(67): CodeIgniter\CodeIgniter->run()
10 SYSTEMPATH\Commands\Server\rewrite.php(47): require_once('FCPATH\\index.php')
ERROR - 2023-08-17 09:20:34 --> mysqli_sql_exception: Column 'main_heading' cannot be null in C:\xampp\htdocs\New folder\Darwin_Jewels\backend\system\Database\MySQLi\Connection.php:295
Stack trace:
#0 C:\xampp\htdocs\New folder\Darwin_Jewels\backend\system\Database\MySQLi\Connection.php(295): mysqli->query('INSERT INTO `sl...', 0)
#1 C:\xampp\htdocs\New folder\Darwin_Jewels\backend\system\Database\BaseConnection.php(691): CodeIgniter\Database\MySQLi\Connection->execute('INSERT INTO `sl...')
#2 C:\xampp\htdocs\New folder\Darwin_Jewels\backend\system\Database\BaseConnection.php(605): CodeIgniter\Database\BaseConnection->simpleQuery('INSERT INTO `sl...')
#3 C:\xampp\htdocs\New folder\Darwin_Jewels\backend\system\Database\BaseBuilder.php(2309): CodeIgniter\Database\BaseConnection->query('INSERT INTO `sl...', Array, false)
#4 C:\xampp\htdocs\New folder\Darwin_Jewels\backend\system\Model.php(330): CodeIgniter\Database\BaseBuilder->insert()
#5 C:\xampp\htdocs\New folder\Darwin_Jewels\backend\system\BaseModel.php(782): CodeIgniter\Model->doInsert(Array)
#6 C:\xampp\htdocs\New folder\Darwin_Jewels\backend\system\Model.php(730): CodeIgniter\BaseModel->insert(Array, true)
#7 C:\xampp\htdocs\New folder\Darwin_Jewels\backend\app\Controllers\AdminController.php(257): CodeIgniter\Model->insert(Array)
#8 C:\xampp\htdocs\New folder\Darwin_Jewels\backend\system\CodeIgniter.php(934): App\Controllers\AdminController->sliderStore()
#9 C:\xampp\htdocs\New folder\Darwin_Jewels\backend\system\CodeIgniter.php(499): CodeIgniter\CodeIgniter->runController(Object(App\Controllers\AdminController))
#10 C:\xampp\htdocs\New folder\Darwin_Jewels\backend\system\CodeIgniter.php(368): CodeIgniter\CodeIgniter->handleRequest(NULL, Object(Config\Cache), false)
#11 C:\xampp\htdocs\New folder\Darwin_Jewels\backend\public\index.php(67): CodeIgniter\CodeIgniter->run()
#12 C:\xampp\htdocs\New folder\Darwin_Jewels\backend\system\Commands\Server\rewrite.php(47): require_once('C:\\xampp\\htdocs...')
#13 {main}
CRITICAL - 2023-08-17 09:20:34 --> Column 'main_heading' cannot be null
in SYSTEMPATH\Database\BaseConnection.php on line 645.
 1 SYSTEMPATH\Database\BaseBuilder.php(2309): CodeIgniter\Database\BaseConnection->query('INSERT INTO `slider` (`main_heading`, `sub_heading`, `image`) VALUES (:main_heading:, :sub_heading:, :image:)', [...], false)
 2 SYSTEMPATH\Model.php(330): CodeIgniter\Database\BaseBuilder->insert()
 3 SYSTEMPATH\BaseModel.php(782): CodeIgniter\Model->doInsert([...])
 4 SYSTEMPATH\Model.php(730): CodeIgniter\BaseModel->insert([...], true)
 5 APPPATH\Controllers\AdminController.php(257): CodeIgniter\Model->insert([...])
 6 SYSTEMPATH\CodeIgniter.php(934): App\Controllers\AdminController->sliderStore()
 7 SYSTEMPATH\CodeIgniter.php(499): CodeIgniter\CodeIgniter->runController(Object(App\Controllers\AdminController))
 8 SYSTEMPATH\CodeIgniter.php(368): CodeIgniter\CodeIgniter->handleRequest(null, Object(Config\Cache), false)
 9 FCPATH\index.php(67): CodeIgniter\CodeIgniter->run()
10 SYSTEMPATH\Commands\Server\rewrite.php(47): require_once('FCPATH\\index.php')
