ERROR - 2023-08-22 05:18:56 --> mysqli_sql_exception: Unknown column 'registration_date' in 'where clause' in C:\xampp\htdocs\New folder\Darwin_Jewels\backend\system\Database\MySQLi\Connection.php:295
Stack trace:
#0 C:\xampp\htdocs\New folder\Darwin_Jewels\backend\system\Database\MySQLi\Connection.php(295): mysqli->query('SELECT *\nFROM `...', 0)
#1 C:\xampp\htdocs\New folder\Darwin_Jewels\backend\system\Database\BaseConnection.php(691): CodeIgniter\Database\MySQLi\Connection->execute('SELECT *\nFROM `...')
#2 C:\xampp\htdocs\New folder\Darwin_Jewels\backend\system\Database\BaseConnection.php(605): CodeIgniter\Database\BaseConnection->simpleQuery('SELECT *\nFROM `...')
#3 C:\xampp\htdocs\New folder\Darwin_Jewels\backend\system\Database\BaseBuilder.php(1616): CodeIgniter\Database\BaseConnection->query('SELECT *\nFROM `...', Array, false)
#4 C:\xampp\htdocs\New folder\Darwin_Jewels\backend\system\Model.php(241): CodeIgniter\Database\BaseBuilder->get()
#5 C:\xampp\htdocs\New folder\Darwin_Jewels\backend\system\BaseModel.php(618): CodeIgniter\Model->doFindAll(0, 0)
#6 C:\xampp\htdocs\New folder\Darwin_Jewels\backend\app\Models\UserModel.php(51): CodeIgniter\BaseModel->findAll()
#7 C:\xampp\htdocs\New folder\Darwin_Jewels\backend\app\Controllers\MarketingController.php(39): App\Models\UserModel->getUsersByFilter('last30')
#8 C:\xampp\htdocs\New folder\Darwin_Jewels\backend\system\CodeIgniter.php(934): App\Controllers\MarketingController->setSelectedFilter('last30')
#9 C:\xampp\htdocs\New folder\Darwin_Jewels\backend\system\CodeIgniter.php(499): CodeIgniter\CodeIgniter->runController(Object(App\Controllers\MarketingController))
#10 C:\xampp\htdocs\New folder\Darwin_Jewels\backend\system\CodeIgniter.php(368): CodeIgniter\CodeIgniter->handleRequest(NULL, Object(Config\Cache), false)
#11 C:\xampp\htdocs\New folder\Darwin_Jewels\backend\public\index.php(67): CodeIgniter\CodeIgniter->run()
#12 C:\xampp\htdocs\New folder\Darwin_Jewels\backend\system\Commands\Server\rewrite.php(47): require_once('C:\\xampp\\htdocs...')
#13 {main}
CRITICAL - 2023-08-22 05:18:56 --> Unknown column 'registration_date' in 'where clause'
in SYSTEMPATH\Database\BaseConnection.php on line 645.
 1 SYSTEMPATH\Database\BaseBuilder.php(1616): CodeIgniter\Database\BaseConnection->query('SELECT *
FROM `users`
WHERE `registration_date` > :registration_date:', [...], false)
 2 SYSTEMPATH\Model.php(241): CodeIgniter\Database\BaseBuilder->get()
 3 SYSTEMPATH\BaseModel.php(618): CodeIgniter\Model->doFindAll(0, 0)
 4 APPPATH\Models\UserModel.php(51): CodeIgniter\BaseModel->findAll()
 5 APPPATH\Controllers\MarketingController.php(39): App\Models\UserModel->getUsersByFilter('last30')
 6 SYSTEMPATH\CodeIgniter.php(934): App\Controllers\MarketingController->setSelectedFilter('last30')
 7 SYSTEMPATH\CodeIgniter.php(499): CodeIgniter\CodeIgniter->runController(Object(App\Controllers\MarketingController))
 8 SYSTEMPATH\CodeIgniter.php(368): CodeIgniter\CodeIgniter->handleRequest(null, Object(Config\Cache), false)
 9 FCPATH\index.php(67): CodeIgniter\CodeIgniter->run()
10 SYSTEMPATH\Commands\Server\rewrite.php(47): require_once('FCPATH\\index.php')
ERROR - 2023-08-22 05:33:25 --> mysqli_sql_exception: Unknown column 'registration_date' in 'where clause' in C:\xampp\htdocs\New folder\Darwin_Jewels\backend\system\Database\MySQLi\Connection.php:295
Stack trace:
#0 C:\xampp\htdocs\New folder\Darwin_Jewels\backend\system\Database\MySQLi\Connection.php(295): mysqli->query('SELECT *\nFROM `...', 0)
#1 C:\xampp\htdocs\New folder\Darwin_Jewels\backend\system\Database\BaseConnection.php(691): CodeIgniter\Database\MySQLi\Connection->execute('SELECT *\nFROM `...')
#2 C:\xampp\htdocs\New folder\Darwin_Jewels\backend\system\Database\BaseConnection.php(605): CodeIgniter\Database\BaseConnection->simpleQuery('SELECT *\nFROM `...')
#3 C:\xampp\htdocs\New folder\Darwin_Jewels\backend\system\Database\BaseBuilder.php(1616): CodeIgniter\Database\BaseConnection->query('SELECT *\nFROM `...', Array, false)
#4 C:\xampp\htdocs\New folder\Darwin_Jewels\backend\system\Model.php(241): CodeIgniter\Database\BaseBuilder->get()
#5 C:\xampp\htdocs\New folder\Darwin_Jewels\backend\system\BaseModel.php(618): CodeIgniter\Model->doFindAll(0, 0)
#6 C:\xampp\htdocs\New folder\Darwin_Jewels\backend\app\Models\UserModel.php(51): CodeIgniter\BaseModel->findAll()
#7 C:\xampp\htdocs\New folder\Darwin_Jewels\backend\app\Controllers\MarketingController.php(39): App\Models\UserModel->getUsersByFilter('last30')
#8 C:\xampp\htdocs\New folder\Darwin_Jewels\backend\system\CodeIgniter.php(934): App\Controllers\MarketingController->setSelectedFilter('last30')
#9 C:\xampp\htdocs\New folder\Darwin_Jewels\backend\system\CodeIgniter.php(499): CodeIgniter\CodeIgniter->runController(Object(App\Controllers\MarketingController))
#10 C:\xampp\htdocs\New folder\Darwin_Jewels\backend\system\CodeIgniter.php(368): CodeIgniter\CodeIgniter->handleRequest(NULL, Object(Config\Cache), false)
#11 C:\xampp\htdocs\New folder\Darwin_Jewels\backend\public\index.php(67): CodeIgniter\CodeIgniter->run()
#12 C:\xampp\htdocs\New folder\Darwin_Jewels\backend\system\Commands\Server\rewrite.php(47): require_once('C:\\xampp\\htdocs...')
#13 {main}
CRITICAL - 2023-08-22 05:33:25 --> Unknown column 'registration_date' in 'where clause'
in SYSTEMPATH\Database\BaseConnection.php on line 645.
 1 SYSTEMPATH\Database\BaseBuilder.php(1616): CodeIgniter\Database\BaseConnection->query('SELECT *
FROM `users`
WHERE `registration_date` > :registration_date:', [...], false)
 2 SYSTEMPATH\Model.php(241): CodeIgniter\Database\BaseBuilder->get()
 3 SYSTEMPATH\BaseModel.php(618): CodeIgniter\Model->doFindAll(0, 0)
 4 APPPATH\Models\UserModel.php(51): CodeIgniter\BaseModel->findAll()
 5 APPPATH\Controllers\MarketingController.php(39): App\Models\UserModel->getUsersByFilter('last30')
 6 SYSTEMPATH\CodeIgniter.php(934): App\Controllers\MarketingController->setSelectedFilter('last30')
 7 SYSTEMPATH\CodeIgniter.php(499): CodeIgniter\CodeIgniter->runController(Object(App\Controllers\MarketingController))
 8 SYSTEMPATH\CodeIgniter.php(368): CodeIgniter\CodeIgniter->handleRequest(null, Object(Config\Cache), false)
 9 FCPATH\index.php(67): CodeIgniter\CodeIgniter->run()
10 SYSTEMPATH\Commands\Server\rewrite.php(47): require_once('FCPATH\\index.php')
CRITICAL - 2023-08-22 09:47:12 --> Maximum execution time of 60 seconds exceeded
in SYSTEMPATH\Debug\Exceptions.php on line 165.
 1 [internal function]: CodeIgniter\Debug\Exceptions->shutdownHandler()
