CRITICAL - 2023-08-14 05:07:24 --> Call to undefined method Endroid\QrCode\QrCode::getContentType()
in APPPATH\Controllers\OrderController.php on line 56.
 1 SYSTEMPATH\CodeIgniter.php(934): App\Controllers\OrderController->generateQrCode('1')
 2 SYSTEMPATH\CodeIgniter.php(499): CodeIgniter\CodeIgniter->runController(Object(App\Controllers\OrderController))
 3 SYSTEMPATH\CodeIgniter.php(368): CodeIgniter\CodeIgniter->handleRequest(null, Object(Config\Cache), false)
 4 FCPATH\index.php(67): CodeIgniter\CodeIgniter->run()
 5 SYSTEMPATH\Commands\Server\rewrite.php(47): require_once('FCPATH\\index.php')
CRITICAL - 2023-08-14 05:07:24 --> Call to undefined method Endroid\QrCode\QrCode::getContentType()
in APPPATH\Controllers\OrderController.php on line 56.
 1 SYSTEMPATH\CodeIgniter.php(934): App\Controllers\OrderController->generateQrCode('2')
 2 SYSTEMPATH\CodeIgniter.php(499): CodeIgniter\CodeIgniter->runController(Object(App\Controllers\OrderController))
 3 SYSTEMPATH\CodeIgniter.php(368): CodeIgniter\CodeIgniter->handleRequest(null, Object(Config\Cache), false)
 4 FCPATH\index.php(67): CodeIgniter\CodeIgniter->run()
 5 SYSTEMPATH\Commands\Server\rewrite.php(47): require_once('FCPATH\\index.php')
CRITICAL - 2023-08-14 05:07:24 --> Call to undefined method Endroid\QrCode\QrCode::getContentType()
in APPPATH\Controllers\OrderController.php on line 56.
 1 SYSTEMPATH\CodeIgniter.php(934): App\Controllers\OrderController->generateQrCode('3')
 2 SYSTEMPATH\CodeIgniter.php(499): CodeIgniter\CodeIgniter->runController(Object(App\Controllers\OrderController))
 3 SYSTEMPATH\CodeIgniter.php(368): CodeIgniter\CodeIgniter->handleRequest(null, Object(Config\Cache), false)
 4 FCPATH\index.php(67): CodeIgniter\CodeIgniter->run()
 5 SYSTEMPATH\Commands\Server\rewrite.php(47): require_once('FCPATH\\index.php')
CRITICAL - 2023-08-14 05:07:24 --> Call to undefined method Endroid\QrCode\QrCode::getContentType()
in APPPATH\Controllers\OrderController.php on line 56.
 1 SYSTEMPATH\CodeIgniter.php(934): App\Controllers\OrderController->generateQrCode('4')
 2 SYSTEMPATH\CodeIgniter.php(499): CodeIgniter\CodeIgniter->runController(Object(App\Controllers\OrderController))
 3 SYSTEMPATH\CodeIgniter.php(368): CodeIgniter\CodeIgniter->handleRequest(null, Object(Config\Cache), false)
 4 FCPATH\index.php(67): CodeIgniter\CodeIgniter->run()
 5 SYSTEMPATH\Commands\Server\rewrite.php(47): require_once('FCPATH\\index.php')
CRITICAL - 2023-08-14 05:07:24 --> Call to undefined method Endroid\QrCode\QrCode::getContentType()
in APPPATH\Controllers\OrderController.php on line 56.
 1 SYSTEMPATH\CodeIgniter.php(934): App\Controllers\OrderController->generateQrCode('5')
 2 SYSTEMPATH\CodeIgniter.php(499): CodeIgniter\CodeIgniter->runController(Object(App\Controllers\OrderController))
 3 SYSTEMPATH\CodeIgniter.php(368): CodeIgniter\CodeIgniter->handleRequest(null, Object(Config\Cache), false)
 4 FCPATH\index.php(67): CodeIgniter\CodeIgniter->run()
 5 SYSTEMPATH\Commands\Server\rewrite.php(47): require_once('FCPATH\\index.php')
CRITICAL - 2023-08-14 05:07:24 --> Call to undefined method Endroid\QrCode\QrCode::getContentType()
in APPPATH\Controllers\OrderController.php on line 56.
 1 SYSTEMPATH\CodeIgniter.php(934): App\Controllers\OrderController->generateQrCode('6')
 2 SYSTEMPATH\CodeIgniter.php(499): CodeIgniter\CodeIgniter->runController(Object(App\Controllers\OrderController))
 3 SYSTEMPATH\CodeIgniter.php(368): CodeIgniter\CodeIgniter->handleRequest(null, Object(Config\Cache), false)
 4 FCPATH\index.php(67): CodeIgniter\CodeIgniter->run()
 5 SYSTEMPATH\Commands\Server\rewrite.php(47): require_once('FCPATH\\index.php')
CRITICAL - 2023-08-14 05:07:24 --> Call to undefined method Endroid\QrCode\QrCode::getContentType()
in APPPATH\Controllers\OrderController.php on line 56.
 1 SYSTEMPATH\CodeIgniter.php(934): App\Controllers\OrderController->generateQrCode('7')
 2 SYSTEMPATH\CodeIgniter.php(499): CodeIgniter\CodeIgniter->runController(Object(App\Controllers\OrderController))
 3 SYSTEMPATH\CodeIgniter.php(368): CodeIgniter\CodeIgniter->handleRequest(null, Object(Config\Cache), false)
 4 FCPATH\index.php(67): CodeIgniter\CodeIgniter->run()
 5 SYSTEMPATH\Commands\Server\rewrite.php(47): require_once('FCPATH\\index.php')
CRITICAL - 2023-08-14 05:09:04 --> Call to undefined method Endroid\QrCode\QrCode::getContentType()
in APPPATH\Controllers\OrderController.php on line 56.
 1 SYSTEMPATH\CodeIgniter.php(934): App\Controllers\OrderController->generateQrCode('1')
 2 SYSTEMPATH\CodeIgniter.php(499): CodeIgniter\CodeIgniter->runController(Object(App\Controllers\OrderController))
 3 SYSTEMPATH\CodeIgniter.php(368): CodeIgniter\CodeIgniter->handleRequest(null, Object(Config\Cache), false)
 4 FCPATH\index.php(67): CodeIgniter\CodeIgniter->run()
 5 SYSTEMPATH\Commands\Server\rewrite.php(47): require_once('FCPATH\\index.php')
CRITICAL - 2023-08-14 05:09:04 --> Call to undefined method Endroid\QrCode\QrCode::getContentType()
in APPPATH\Controllers\OrderController.php on line 56.
 1 SYSTEMPATH\CodeIgniter.php(934): App\Controllers\OrderController->generateQrCode('2')
 2 SYSTEMPATH\CodeIgniter.php(499): CodeIgniter\CodeIgniter->runController(Object(App\Controllers\OrderController))
 3 SYSTEMPATH\CodeIgniter.php(368): CodeIgniter\CodeIgniter->handleRequest(null, Object(Config\Cache), false)
 4 FCPATH\index.php(67): CodeIgniter\CodeIgniter->run()
 5 SYSTEMPATH\Commands\Server\rewrite.php(47): require_once('FCPATH\\index.php')
CRITICAL - 2023-08-14 05:09:04 --> Call to undefined method Endroid\QrCode\QrCode::getContentType()
in APPPATH\Controllers\OrderController.php on line 56.
 1 SYSTEMPATH\CodeIgniter.php(934): App\Controllers\OrderController->generateQrCode('3')
 2 SYSTEMPATH\CodeIgniter.php(499): CodeIgniter\CodeIgniter->runController(Object(App\Controllers\OrderController))
 3 SYSTEMPATH\CodeIgniter.php(368): CodeIgniter\CodeIgniter->handleRequest(null, Object(Config\Cache), false)
 4 FCPATH\index.php(67): CodeIgniter\CodeIgniter->run()
 5 SYSTEMPATH\Commands\Server\rewrite.php(47): require_once('FCPATH\\index.php')
CRITICAL - 2023-08-14 05:09:04 --> Call to undefined method Endroid\QrCode\QrCode::getContentType()
in APPPATH\Controllers\OrderController.php on line 56.
 1 SYSTEMPATH\CodeIgniter.php(934): App\Controllers\OrderController->generateQrCode('4')
 2 SYSTEMPATH\CodeIgniter.php(499): CodeIgniter\CodeIgniter->runController(Object(App\Controllers\OrderController))
 3 SYSTEMPATH\CodeIgniter.php(368): CodeIgniter\CodeIgniter->handleRequest(null, Object(Config\Cache), false)
 4 FCPATH\index.php(67): CodeIgniter\CodeIgniter->run()
 5 SYSTEMPATH\Commands\Server\rewrite.php(47): require_once('FCPATH\\index.php')
CRITICAL - 2023-08-14 05:09:04 --> Call to undefined method Endroid\QrCode\QrCode::getContentType()
in APPPATH\Controllers\OrderController.php on line 56.
 1 SYSTEMPATH\CodeIgniter.php(934): App\Controllers\OrderController->generateQrCode('5')
 2 SYSTEMPATH\CodeIgniter.php(499): CodeIgniter\CodeIgniter->runController(Object(App\Controllers\OrderController))
 3 SYSTEMPATH\CodeIgniter.php(368): CodeIgniter\CodeIgniter->handleRequest(null, Object(Config\Cache), false)
 4 FCPATH\index.php(67): CodeIgniter\CodeIgniter->run()
 5 SYSTEMPATH\Commands\Server\rewrite.php(47): require_once('FCPATH\\index.php')
CRITICAL - 2023-08-14 05:09:04 --> Call to undefined method Endroid\QrCode\QrCode::getContentType()
in APPPATH\Controllers\OrderController.php on line 56.
 1 SYSTEMPATH\CodeIgniter.php(934): App\Controllers\OrderController->generateQrCode('6')
 2 SYSTEMPATH\CodeIgniter.php(499): CodeIgniter\CodeIgniter->runController(Object(App\Controllers\OrderController))
 3 SYSTEMPATH\CodeIgniter.php(368): CodeIgniter\CodeIgniter->handleRequest(null, Object(Config\Cache), false)
 4 FCPATH\index.php(67): CodeIgniter\CodeIgniter->run()
 5 SYSTEMPATH\Commands\Server\rewrite.php(47): require_once('FCPATH\\index.php')
CRITICAL - 2023-08-14 05:09:04 --> Call to undefined method Endroid\QrCode\QrCode::getContentType()
in APPPATH\Controllers\OrderController.php on line 56.
 1 SYSTEMPATH\CodeIgniter.php(934): App\Controllers\OrderController->generateQrCode('7')
 2 SYSTEMPATH\CodeIgniter.php(499): CodeIgniter\CodeIgniter->runController(Object(App\Controllers\OrderController))
 3 SYSTEMPATH\CodeIgniter.php(368): CodeIgniter\CodeIgniter->handleRequest(null, Object(Config\Cache), false)
 4 FCPATH\index.php(67): CodeIgniter\CodeIgniter->run()
 5 SYSTEMPATH\Commands\Server\rewrite.php(47): require_once('FCPATH\\index.php')
CRITICAL - 2023-08-14 05:09:21 --> Call to undefined method Endroid\QrCode\QrCode::getContentType()
in APPPATH\Controllers\OrderController.php on line 56.
 1 SYSTEMPATH\CodeIgniter.php(934): App\Controllers\OrderController->generateQrCode('1')
 2 SYSTEMPATH\CodeIgniter.php(499): CodeIgniter\CodeIgniter->runController(Object(App\Controllers\OrderController))
 3 SYSTEMPATH\CodeIgniter.php(368): CodeIgniter\CodeIgniter->handleRequest(null, Object(Config\Cache), false)
 4 FCPATH\index.php(67): CodeIgniter\CodeIgniter->run()
 5 SYSTEMPATH\Commands\Server\rewrite.php(47): require_once('FCPATH\\index.php')
CRITICAL - 2023-08-14 05:09:21 --> Call to undefined method Endroid\QrCode\QrCode::getContentType()
in APPPATH\Controllers\OrderController.php on line 56.
 1 SYSTEMPATH\CodeIgniter.php(934): App\Controllers\OrderController->generateQrCode('2')
 2 SYSTEMPATH\CodeIgniter.php(499): CodeIgniter\CodeIgniter->runController(Object(App\Controllers\OrderController))
 3 SYSTEMPATH\CodeIgniter.php(368): CodeIgniter\CodeIgniter->handleRequest(null, Object(Config\Cache), false)
 4 FCPATH\index.php(67): CodeIgniter\CodeIgniter->run()
 5 SYSTEMPATH\Commands\Server\rewrite.php(47): require_once('FCPATH\\index.php')
CRITICAL - 2023-08-14 05:09:21 --> Call to undefined method Endroid\QrCode\QrCode::getContentType()
in APPPATH\Controllers\OrderController.php on line 56.
 1 SYSTEMPATH\CodeIgniter.php(934): App\Controllers\OrderController->generateQrCode('3')
 2 SYSTEMPATH\CodeIgniter.php(499): CodeIgniter\CodeIgniter->runController(Object(App\Controllers\OrderController))
 3 SYSTEMPATH\CodeIgniter.php(368): CodeIgniter\CodeIgniter->handleRequest(null, Object(Config\Cache), false)
 4 FCPATH\index.php(67): CodeIgniter\CodeIgniter->run()
 5 SYSTEMPATH\Commands\Server\rewrite.php(47): require_once('FCPATH\\index.php')
CRITICAL - 2023-08-14 05:09:21 --> Call to undefined method Endroid\QrCode\QrCode::getContentType()
in APPPATH\Controllers\OrderController.php on line 56.
 1 SYSTEMPATH\CodeIgniter.php(934): App\Controllers\OrderController->generateQrCode('4')
 2 SYSTEMPATH\CodeIgniter.php(499): CodeIgniter\CodeIgniter->runController(Object(App\Controllers\OrderController))
 3 SYSTEMPATH\CodeIgniter.php(368): CodeIgniter\CodeIgniter->handleRequest(null, Object(Config\Cache), false)
 4 FCPATH\index.php(67): CodeIgniter\CodeIgniter->run()
 5 SYSTEMPATH\Commands\Server\rewrite.php(47): require_once('FCPATH\\index.php')
CRITICAL - 2023-08-14 05:09:21 --> Call to undefined method Endroid\QrCode\QrCode::getContentType()
in APPPATH\Controllers\OrderController.php on line 56.
 1 SYSTEMPATH\CodeIgniter.php(934): App\Controllers\OrderController->generateQrCode('5')
 2 SYSTEMPATH\CodeIgniter.php(499): CodeIgniter\CodeIgniter->runController(Object(App\Controllers\OrderController))
 3 SYSTEMPATH\CodeIgniter.php(368): CodeIgniter\CodeIgniter->handleRequest(null, Object(Config\Cache), false)
 4 FCPATH\index.php(67): CodeIgniter\CodeIgniter->run()
 5 SYSTEMPATH\Commands\Server\rewrite.php(47): require_once('FCPATH\\index.php')
CRITICAL - 2023-08-14 05:09:21 --> Call to undefined method Endroid\QrCode\QrCode::getContentType()
in APPPATH\Controllers\OrderController.php on line 56.
 1 SYSTEMPATH\CodeIgniter.php(934): App\Controllers\OrderController->generateQrCode('7')
 2 SYSTEMPATH\CodeIgniter.php(499): CodeIgniter\CodeIgniter->runController(Object(App\Controllers\OrderController))
 3 SYSTEMPATH\CodeIgniter.php(368): CodeIgniter\CodeIgniter->handleRequest(null, Object(Config\Cache), false)
 4 FCPATH\index.php(67): CodeIgniter\CodeIgniter->run()
 5 SYSTEMPATH\Commands\Server\rewrite.php(47): require_once('FCPATH\\index.php')
CRITICAL - 2023-08-14 05:09:21 --> Call to undefined method Endroid\QrCode\QrCode::getContentType()
in APPPATH\Controllers\OrderController.php on line 56.
 1 SYSTEMPATH\CodeIgniter.php(934): App\Controllers\OrderController->generateQrCode('6')
 2 SYSTEMPATH\CodeIgniter.php(499): CodeIgniter\CodeIgniter->runController(Object(App\Controllers\OrderController))
 3 SYSTEMPATH\CodeIgniter.php(368): CodeIgniter\CodeIgniter->handleRequest(null, Object(Config\Cache), false)
 4 FCPATH\index.php(67): CodeIgniter\CodeIgniter->run()
 5 SYSTEMPATH\Commands\Server\rewrite.php(47): require_once('FCPATH\\index.php')
CRITICAL - 2023-08-14 05:09:23 --> Call to undefined method Endroid\QrCode\QrCode::getContentType()
in APPPATH\Controllers\OrderController.php on line 56.
 1 SYSTEMPATH\CodeIgniter.php(934): App\Controllers\OrderController->generateQrCode('8')
 2 SYSTEMPATH\CodeIgniter.php(499): CodeIgniter\CodeIgniter->runController(Object(App\Controllers\OrderController))
 3 SYSTEMPATH\CodeIgniter.php(368): CodeIgniter\CodeIgniter->handleRequest(null, Object(Config\Cache), false)
 4 FCPATH\index.php(67): CodeIgniter\CodeIgniter->run()
 5 SYSTEMPATH\Commands\Server\rewrite.php(47): require_once('FCPATH\\index.php')
CRITICAL - 2023-08-14 05:09:24 --> Call to undefined method Endroid\QrCode\QrCode::getContentType()
in APPPATH\Controllers\OrderController.php on line 56.
 1 SYSTEMPATH\CodeIgniter.php(934): App\Controllers\OrderController->generateQrCode('9')
 2 SYSTEMPATH\CodeIgniter.php(499): CodeIgniter\CodeIgniter->runController(Object(App\Controllers\OrderController))
 3 SYSTEMPATH\CodeIgniter.php(368): CodeIgniter\CodeIgniter->handleRequest(null, Object(Config\Cache), false)
 4 FCPATH\index.php(67): CodeIgniter\CodeIgniter->run()
 5 SYSTEMPATH\Commands\Server\rewrite.php(47): require_once('FCPATH\\index.php')
CRITICAL - 2023-08-14 05:09:24 --> Call to undefined method Endroid\QrCode\QrCode::getContentType()
in APPPATH\Controllers\OrderController.php on line 56.
 1 SYSTEMPATH\CodeIgniter.php(934): App\Controllers\OrderController->generateQrCode('10')
 2 SYSTEMPATH\CodeIgniter.php(499): CodeIgniter\CodeIgniter->runController(Object(App\Controllers\OrderController))
 3 SYSTEMPATH\CodeIgniter.php(368): CodeIgniter\CodeIgniter->handleRequest(null, Object(Config\Cache), false)
 4 FCPATH\index.php(67): CodeIgniter\CodeIgniter->run()
 5 SYSTEMPATH\Commands\Server\rewrite.php(47): require_once('FCPATH\\index.php')
CRITICAL - 2023-08-14 05:09:24 --> Call to undefined method Endroid\QrCode\QrCode::getContentType()
in APPPATH\Controllers\OrderController.php on line 56.
 1 SYSTEMPATH\CodeIgniter.php(934): App\Controllers\OrderController->generateQrCode('11')
 2 SYSTEMPATH\CodeIgniter.php(499): CodeIgniter\CodeIgniter->runController(Object(App\Controllers\OrderController))
 3 SYSTEMPATH\CodeIgniter.php(368): CodeIgniter\CodeIgniter->handleRequest(null, Object(Config\Cache), false)
 4 FCPATH\index.php(67): CodeIgniter\CodeIgniter->run()
 5 SYSTEMPATH\Commands\Server\rewrite.php(47): require_once('FCPATH\\index.php')
CRITICAL - 2023-08-14 05:09:24 --> Call to undefined method Endroid\QrCode\QrCode::getContentType()
in APPPATH\Controllers\OrderController.php on line 56.
 1 SYSTEMPATH\CodeIgniter.php(934): App\Controllers\OrderController->generateQrCode('15')
 2 SYSTEMPATH\CodeIgniter.php(499): CodeIgniter\CodeIgniter->runController(Object(App\Controllers\OrderController))
 3 SYSTEMPATH\CodeIgniter.php(368): CodeIgniter\CodeIgniter->handleRequest(null, Object(Config\Cache), false)
 4 FCPATH\index.php(67): CodeIgniter\CodeIgniter->run()
 5 SYSTEMPATH\Commands\Server\rewrite.php(47): require_once('FCPATH\\index.php')
CRITICAL - 2023-08-14 05:09:24 --> Call to undefined method Endroid\QrCode\QrCode::getContentType()
in APPPATH\Controllers\OrderController.php on line 56.
 1 SYSTEMPATH\CodeIgniter.php(934): App\Controllers\OrderController->generateQrCode('13')
 2 SYSTEMPATH\CodeIgniter.php(499): CodeIgniter\CodeIgniter->runController(Object(App\Controllers\OrderController))
 3 SYSTEMPATH\CodeIgniter.php(368): CodeIgniter\CodeIgniter->handleRequest(null, Object(Config\Cache), false)
 4 FCPATH\index.php(67): CodeIgniter\CodeIgniter->run()
 5 SYSTEMPATH\Commands\Server\rewrite.php(47): require_once('FCPATH\\index.php')
CRITICAL - 2023-08-14 05:09:24 --> Call to undefined method Endroid\QrCode\QrCode::getContentType()
in APPPATH\Controllers\OrderController.php on line 56.
 1 SYSTEMPATH\CodeIgniter.php(934): App\Controllers\OrderController->generateQrCode('12')
 2 SYSTEMPATH\CodeIgniter.php(499): CodeIgniter\CodeIgniter->runController(Object(App\Controllers\OrderController))
 3 SYSTEMPATH\CodeIgniter.php(368): CodeIgniter\CodeIgniter->handleRequest(null, Object(Config\Cache), false)
 4 FCPATH\index.php(67): CodeIgniter\CodeIgniter->run()
 5 SYSTEMPATH\Commands\Server\rewrite.php(47): require_once('FCPATH\\index.php')
CRITICAL - 2023-08-14 05:09:24 --> Call to undefined method Endroid\QrCode\QrCode::getContentType()
in APPPATH\Controllers\OrderController.php on line 56.
 1 SYSTEMPATH\CodeIgniter.php(934): App\Controllers\OrderController->generateQrCode('17')
 2 SYSTEMPATH\CodeIgniter.php(499): CodeIgniter\CodeIgniter->runController(Object(App\Controllers\OrderController))
 3 SYSTEMPATH\CodeIgniter.php(368): CodeIgniter\CodeIgniter->handleRequest(null, Object(Config\Cache), false)
 4 FCPATH\index.php(67): CodeIgniter\CodeIgniter->run()
 5 SYSTEMPATH\Commands\Server\rewrite.php(47): require_once('FCPATH\\index.php')
CRITICAL - 2023-08-14 05:09:24 --> Call to undefined method Endroid\QrCode\QrCode::getContentType()
in APPPATH\Controllers\OrderController.php on line 56.
 1 SYSTEMPATH\CodeIgniter.php(934): App\Controllers\OrderController->generateQrCode('16')
 2 SYSTEMPATH\CodeIgniter.php(499): CodeIgniter\CodeIgniter->runController(Object(App\Controllers\OrderController))
 3 SYSTEMPATH\CodeIgniter.php(368): CodeIgniter\CodeIgniter->handleRequest(null, Object(Config\Cache), false)
 4 FCPATH\index.php(67): CodeIgniter\CodeIgniter->run()
 5 SYSTEMPATH\Commands\Server\rewrite.php(47): require_once('FCPATH\\index.php')
CRITICAL - 2023-08-14 05:09:25 --> Call to undefined method Endroid\QrCode\QrCode::getContentType()
in APPPATH\Controllers\OrderController.php on line 56.
 1 SYSTEMPATH\CodeIgniter.php(934): App\Controllers\OrderController->generateQrCode('14')
 2 SYSTEMPATH\CodeIgniter.php(499): CodeIgniter\CodeIgniter->runController(Object(App\Controllers\OrderController))
 3 SYSTEMPATH\CodeIgniter.php(368): CodeIgniter\CodeIgniter->handleRequest(null, Object(Config\Cache), false)
 4 FCPATH\index.php(67): CodeIgniter\CodeIgniter->run()
 5 SYSTEMPATH\Commands\Server\rewrite.php(47): require_once('FCPATH\\index.php')
CRITICAL - 2023-08-14 05:09:32 --> Call to undefined method Endroid\QrCode\QrCode::getContentType()
in APPPATH\Controllers\OrderController.php on line 56.
 1 SYSTEMPATH\CodeIgniter.php(934): App\Controllers\OrderController->generateQrCode('1')
 2 SYSTEMPATH\CodeIgniter.php(499): CodeIgniter\CodeIgniter->runController(Object(App\Controllers\OrderController))
 3 SYSTEMPATH\CodeIgniter.php(368): CodeIgniter\CodeIgniter->handleRequest(null, Object(Config\Cache), false)
 4 FCPATH\index.php(67): CodeIgniter\CodeIgniter->run()
 5 SYSTEMPATH\Commands\Server\rewrite.php(47): require_once('FCPATH\\index.php')
CRITICAL - 2023-08-14 05:09:32 --> Call to undefined method Endroid\QrCode\QrCode::getContentType()
in APPPATH\Controllers\OrderController.php on line 56.
 1 SYSTEMPATH\CodeIgniter.php(934): App\Controllers\OrderController->generateQrCode('2')
 2 SYSTEMPATH\CodeIgniter.php(499): CodeIgniter\CodeIgniter->runController(Object(App\Controllers\OrderController))
 3 SYSTEMPATH\CodeIgniter.php(368): CodeIgniter\CodeIgniter->handleRequest(null, Object(Config\Cache), false)
 4 FCPATH\index.php(67): CodeIgniter\CodeIgniter->run()
 5 SYSTEMPATH\Commands\Server\rewrite.php(47): require_once('FCPATH\\index.php')
CRITICAL - 2023-08-14 05:09:32 --> Call to undefined method Endroid\QrCode\QrCode::getContentType()
in APPPATH\Controllers\OrderController.php on line 56.
 1 SYSTEMPATH\CodeIgniter.php(934): App\Controllers\OrderController->generateQrCode('3')
 2 SYSTEMPATH\CodeIgniter.php(499): CodeIgniter\CodeIgniter->runController(Object(App\Controllers\OrderController))
 3 SYSTEMPATH\CodeIgniter.php(368): CodeIgniter\CodeIgniter->handleRequest(null, Object(Config\Cache), false)
 4 FCPATH\index.php(67): CodeIgniter\CodeIgniter->run()
 5 SYSTEMPATH\Commands\Server\rewrite.php(47): require_once('FCPATH\\index.php')
CRITICAL - 2023-08-14 05:09:33 --> Call to undefined method Endroid\QrCode\QrCode::getContentType()
in APPPATH\Controllers\OrderController.php on line 56.
 1 SYSTEMPATH\CodeIgniter.php(934): App\Controllers\OrderController->generateQrCode('6')
 2 SYSTEMPATH\CodeIgniter.php(499): CodeIgniter\CodeIgniter->runController(Object(App\Controllers\OrderController))
 3 SYSTEMPATH\CodeIgniter.php(368): CodeIgniter\CodeIgniter->handleRequest(null, Object(Config\Cache), false)
 4 FCPATH\index.php(67): CodeIgniter\CodeIgniter->run()
 5 SYSTEMPATH\Commands\Server\rewrite.php(47): require_once('FCPATH\\index.php')
CRITICAL - 2023-08-14 05:09:33 --> Call to undefined method Endroid\QrCode\QrCode::getContentType()
in APPPATH\Controllers\OrderController.php on line 56.
 1 SYSTEMPATH\CodeIgniter.php(934): App\Controllers\OrderController->generateQrCode('4')
 2 SYSTEMPATH\CodeIgniter.php(499): CodeIgniter\CodeIgniter->runController(Object(App\Controllers\OrderController))
 3 SYSTEMPATH\CodeIgniter.php(368): CodeIgniter\CodeIgniter->handleRequest(null, Object(Config\Cache), false)
 4 FCPATH\index.php(67): CodeIgniter\CodeIgniter->run()
 5 SYSTEMPATH\Commands\Server\rewrite.php(47): require_once('FCPATH\\index.php')
CRITICAL - 2023-08-14 05:09:33 --> Call to undefined method Endroid\QrCode\QrCode::getContentType()
in APPPATH\Controllers\OrderController.php on line 56.
 1 SYSTEMPATH\CodeIgniter.php(934): App\Controllers\OrderController->generateQrCode('7')
 2 SYSTEMPATH\CodeIgniter.php(499): CodeIgniter\CodeIgniter->runController(Object(App\Controllers\OrderController))
 3 SYSTEMPATH\CodeIgniter.php(368): CodeIgniter\CodeIgniter->handleRequest(null, Object(Config\Cache), false)
 4 FCPATH\index.php(67): CodeIgniter\CodeIgniter->run()
 5 SYSTEMPATH\Commands\Server\rewrite.php(47): require_once('FCPATH\\index.php')
CRITICAL - 2023-08-14 05:09:33 --> Call to undefined method Endroid\QrCode\QrCode::getContentType()
in APPPATH\Controllers\OrderController.php on line 56.
 1 SYSTEMPATH\CodeIgniter.php(934): App\Controllers\OrderController->generateQrCode('5')
 2 SYSTEMPATH\CodeIgniter.php(499): CodeIgniter\CodeIgniter->runController(Object(App\Controllers\OrderController))
 3 SYSTEMPATH\CodeIgniter.php(368): CodeIgniter\CodeIgniter->handleRequest(null, Object(Config\Cache), false)
 4 FCPATH\index.php(67): CodeIgniter\CodeIgniter->run()
 5 SYSTEMPATH\Commands\Server\rewrite.php(47): require_once('FCPATH\\index.php')
CRITICAL - 2023-08-14 05:09:33 --> Call to undefined method Endroid\QrCode\QrCode::getContentType()
in APPPATH\Controllers\OrderController.php on line 56.
 1 SYSTEMPATH\CodeIgniter.php(934): App\Controllers\OrderController->generateQrCode('1')
 2 SYSTEMPATH\CodeIgniter.php(499): CodeIgniter\CodeIgniter->runController(Object(App\Controllers\OrderController))
 3 SYSTEMPATH\CodeIgniter.php(368): CodeIgniter\CodeIgniter->handleRequest(null, Object(Config\Cache), false)
 4 FCPATH\index.php(67): CodeIgniter\CodeIgniter->run()
 5 SYSTEMPATH\Commands\Server\rewrite.php(47): require_once('FCPATH\\index.php')
CRITICAL - 2023-08-14 05:09:34 --> Call to undefined method Endroid\QrCode\QrCode::getContentType()
in APPPATH\Controllers\OrderController.php on line 56.
 1 SYSTEMPATH\CodeIgniter.php(934): App\Controllers\OrderController->generateQrCode('2')
 2 SYSTEMPATH\CodeIgniter.php(499): CodeIgniter\CodeIgniter->runController(Object(App\Controllers\OrderController))
 3 SYSTEMPATH\CodeIgniter.php(368): CodeIgniter\CodeIgniter->handleRequest(null, Object(Config\Cache), false)
 4 FCPATH\index.php(67): CodeIgniter\CodeIgniter->run()
 5 SYSTEMPATH\Commands\Server\rewrite.php(47): require_once('FCPATH\\index.php')
CRITICAL - 2023-08-14 05:09:34 --> Call to undefined method Endroid\QrCode\QrCode::getContentType()
in APPPATH\Controllers\OrderController.php on line 56.
 1 SYSTEMPATH\CodeIgniter.php(934): App\Controllers\OrderController->generateQrCode('3')
 2 SYSTEMPATH\CodeIgniter.php(499): CodeIgniter\CodeIgniter->runController(Object(App\Controllers\OrderController))
 3 SYSTEMPATH\CodeIgniter.php(368): CodeIgniter\CodeIgniter->handleRequest(null, Object(Config\Cache), false)
 4 FCPATH\index.php(67): CodeIgniter\CodeIgniter->run()
 5 SYSTEMPATH\Commands\Server\rewrite.php(47): require_once('FCPATH\\index.php')
CRITICAL - 2023-08-14 05:09:34 --> Call to undefined method Endroid\QrCode\QrCode::getContentType()
in APPPATH\Controllers\OrderController.php on line 56.
 1 SYSTEMPATH\CodeIgniter.php(934): App\Controllers\OrderController->generateQrCode('6')
 2 SYSTEMPATH\CodeIgniter.php(499): CodeIgniter\CodeIgniter->runController(Object(App\Controllers\OrderController))
 3 SYSTEMPATH\CodeIgniter.php(368): CodeIgniter\CodeIgniter->handleRequest(null, Object(Config\Cache), false)
 4 FCPATH\index.php(67): CodeIgniter\CodeIgniter->run()
 5 SYSTEMPATH\Commands\Server\rewrite.php(47): require_once('FCPATH\\index.php')
CRITICAL - 2023-08-14 05:09:34 --> Call to undefined method Endroid\QrCode\QrCode::getContentType()
in APPPATH\Controllers\OrderController.php on line 56.
 1 SYSTEMPATH\CodeIgniter.php(934): App\Controllers\OrderController->generateQrCode('4')
 2 SYSTEMPATH\CodeIgniter.php(499): CodeIgniter\CodeIgniter->runController(Object(App\Controllers\OrderController))
 3 SYSTEMPATH\CodeIgniter.php(368): CodeIgniter\CodeIgniter->handleRequest(null, Object(Config\Cache), false)
 4 FCPATH\index.php(67): CodeIgniter\CodeIgniter->run()
 5 SYSTEMPATH\Commands\Server\rewrite.php(47): require_once('FCPATH\\index.php')
CRITICAL - 2023-08-14 05:09:34 --> Call to undefined method Endroid\QrCode\QrCode::getContentType()
in APPPATH\Controllers\OrderController.php on line 56.
 1 SYSTEMPATH\CodeIgniter.php(934): App\Controllers\OrderController->generateQrCode('7')
 2 SYSTEMPATH\CodeIgniter.php(499): CodeIgniter\CodeIgniter->runController(Object(App\Controllers\OrderController))
 3 SYSTEMPATH\CodeIgniter.php(368): CodeIgniter\CodeIgniter->handleRequest(null, Object(Config\Cache), false)
 4 FCPATH\index.php(67): CodeIgniter\CodeIgniter->run()
 5 SYSTEMPATH\Commands\Server\rewrite.php(47): require_once('FCPATH\\index.php')
CRITICAL - 2023-08-14 05:09:35 --> Call to undefined method Endroid\QrCode\QrCode::getContentType()
in APPPATH\Controllers\OrderController.php on line 56.
 1 SYSTEMPATH\CodeIgniter.php(934): App\Controllers\OrderController->generateQrCode('5')
 2 SYSTEMPATH\CodeIgniter.php(499): CodeIgniter\CodeIgniter->runController(Object(App\Controllers\OrderController))
 3 SYSTEMPATH\CodeIgniter.php(368): CodeIgniter\CodeIgniter->handleRequest(null, Object(Config\Cache), false)
 4 FCPATH\index.php(67): CodeIgniter\CodeIgniter->run()
 5 SYSTEMPATH\Commands\Server\rewrite.php(47): require_once('FCPATH\\index.php')
CRITICAL - 2023-08-14 05:25:37 --> Class "BaconQrCode\Renderer\Image\Png" not found
in APPPATH\Controllers\OrderController.php on line 38.
 1 SYSTEMPATH\CodeIgniter.php(934): App\Controllers\OrderController->index()
 2 SYSTEMPATH\CodeIgniter.php(499): CodeIgniter\CodeIgniter->runController(Object(App\Controllers\OrderController))
 3 SYSTEMPATH\CodeIgniter.php(368): CodeIgniter\CodeIgniter->handleRequest(null, Object(Config\Cache), false)
 4 FCPATH\index.php(67): CodeIgniter\CodeIgniter->run()
 5 SYSTEMPATH\Commands\Server\rewrite.php(47): require_once('FCPATH\\index.php')
CRITICAL - 2023-08-14 05:25:46 --> Class "BaconQrCode\Renderer\Image\Png" not found
in APPPATH\Controllers\OrderController.php on line 38.
 1 SYSTEMPATH\CodeIgniter.php(934): App\Controllers\OrderController->index()
 2 SYSTEMPATH\CodeIgniter.php(499): CodeIgniter\CodeIgniter->runController(Object(App\Controllers\OrderController))
 3 SYSTEMPATH\CodeIgniter.php(368): CodeIgniter\CodeIgniter->handleRequest(null, Object(Config\Cache), false)
 4 FCPATH\index.php(67): CodeIgniter\CodeIgniter->run()
 5 SYSTEMPATH\Commands\Server\rewrite.php(47): require_once('FCPATH\\index.php')
CRITICAL - 2023-08-14 05:27:47 --> Class "BaconQrCode\Renderer\Image\Png" not found
in APPPATH\Controllers\OrderController.php on line 37.
 1 SYSTEMPATH\CodeIgniter.php(934): App\Controllers\OrderController->index()
 2 SYSTEMPATH\CodeIgniter.php(499): CodeIgniter\CodeIgniter->runController(Object(App\Controllers\OrderController))
 3 SYSTEMPATH\CodeIgniter.php(368): CodeIgniter\CodeIgniter->handleRequest(null, Object(Config\Cache), false)
 4 FCPATH\index.php(67): CodeIgniter\CodeIgniter->run()
 5 SYSTEMPATH\Commands\Server\rewrite.php(47): require_once('FCPATH\\index.php')
CRITICAL - 2023-08-14 05:27:48 --> Class "BaconQrCode\Renderer\Image\Png" not found
in APPPATH\Controllers\OrderController.php on line 37.
 1 SYSTEMPATH\CodeIgniter.php(934): App\Controllers\OrderController->index()
 2 SYSTEMPATH\CodeIgniter.php(499): CodeIgniter\CodeIgniter->runController(Object(App\Controllers\OrderController))
 3 SYSTEMPATH\CodeIgniter.php(368): CodeIgniter\CodeIgniter->handleRequest(null, Object(Config\Cache), false)
 4 FCPATH\index.php(67): CodeIgniter\CodeIgniter->run()
 5 SYSTEMPATH\Commands\Server\rewrite.php(47): require_once('FCPATH\\index.php')
CRITICAL - 2023-08-14 05:27:48 --> Class "BaconQrCode\Renderer\Image\Png" not found
in APPPATH\Controllers\OrderController.php on line 37.
 1 SYSTEMPATH\CodeIgniter.php(934): App\Controllers\OrderController->index()
 2 SYSTEMPATH\CodeIgniter.php(499): CodeIgniter\CodeIgniter->runController(Object(App\Controllers\OrderController))
 3 SYSTEMPATH\CodeIgniter.php(368): CodeIgniter\CodeIgniter->handleRequest(null, Object(Config\Cache), false)
 4 FCPATH\index.php(67): CodeIgniter\CodeIgniter->run()
 5 SYSTEMPATH\Commands\Server\rewrite.php(47): require_once('FCPATH\\index.php')
CRITICAL - 2023-08-14 05:27:48 --> Class "BaconQrCode\Renderer\Image\Png" not found
in APPPATH\Controllers\OrderController.php on line 37.
 1 SYSTEMPATH\CodeIgniter.php(934): App\Controllers\OrderController->index()
 2 SYSTEMPATH\CodeIgniter.php(499): CodeIgniter\CodeIgniter->runController(Object(App\Controllers\OrderController))
 3 SYSTEMPATH\CodeIgniter.php(368): CodeIgniter\CodeIgniter->handleRequest(null, Object(Config\Cache), false)
 4 FCPATH\index.php(67): CodeIgniter\CodeIgniter->run()
 5 SYSTEMPATH\Commands\Server\rewrite.php(47): require_once('FCPATH\\index.php')
CRITICAL - 2023-08-14 05:27:48 --> Class "BaconQrCode\Renderer\Image\Png" not found
in APPPATH\Controllers\OrderController.php on line 37.
 1 SYSTEMPATH\CodeIgniter.php(934): App\Controllers\OrderController->index()
 2 SYSTEMPATH\CodeIgniter.php(499): CodeIgniter\CodeIgniter->runController(Object(App\Controllers\OrderController))
 3 SYSTEMPATH\CodeIgniter.php(368): CodeIgniter\CodeIgniter->handleRequest(null, Object(Config\Cache), false)
 4 FCPATH\index.php(67): CodeIgniter\CodeIgniter->run()
 5 SYSTEMPATH\Commands\Server\rewrite.php(47): require_once('FCPATH\\index.php')
CRITICAL - 2023-08-14 05:27:49 --> Class "BaconQrCode\Renderer\Image\Png" not found
in APPPATH\Controllers\OrderController.php on line 37.
 1 SYSTEMPATH\CodeIgniter.php(934): App\Controllers\OrderController->index()
 2 SYSTEMPATH\CodeIgniter.php(499): CodeIgniter\CodeIgniter->runController(Object(App\Controllers\OrderController))
 3 SYSTEMPATH\CodeIgniter.php(368): CodeIgniter\CodeIgniter->handleRequest(null, Object(Config\Cache), false)
 4 FCPATH\index.php(67): CodeIgniter\CodeIgniter->run()
 5 SYSTEMPATH\Commands\Server\rewrite.php(47): require_once('FCPATH\\index.php')
CRITICAL - 2023-08-14 05:27:49 --> Class "BaconQrCode\Renderer\Image\Png" not found
in APPPATH\Controllers\OrderController.php on line 37.
 1 SYSTEMPATH\CodeIgniter.php(934): App\Controllers\OrderController->index()
 2 SYSTEMPATH\CodeIgniter.php(499): CodeIgniter\CodeIgniter->runController(Object(App\Controllers\OrderController))
 3 SYSTEMPATH\CodeIgniter.php(368): CodeIgniter\CodeIgniter->handleRequest(null, Object(Config\Cache), false)
 4 FCPATH\index.php(67): CodeIgniter\CodeIgniter->run()
 5 SYSTEMPATH\Commands\Server\rewrite.php(47): require_once('FCPATH\\index.php')
CRITICAL - 2023-08-14 05:27:49 --> Class "BaconQrCode\Renderer\Image\Png" not found
in APPPATH\Controllers\OrderController.php on line 37.
 1 SYSTEMPATH\CodeIgniter.php(934): App\Controllers\OrderController->index()
 2 SYSTEMPATH\CodeIgniter.php(499): CodeIgniter\CodeIgniter->runController(Object(App\Controllers\OrderController))
 3 SYSTEMPATH\CodeIgniter.php(368): CodeIgniter\CodeIgniter->handleRequest(null, Object(Config\Cache), false)
 4 FCPATH\index.php(67): CodeIgniter\CodeIgniter->run()
 5 SYSTEMPATH\Commands\Server\rewrite.php(47): require_once('FCPATH\\index.php')
CRITICAL - 2023-08-14 05:27:49 --> Class "BaconQrCode\Renderer\Image\Png" not found
in APPPATH\Controllers\OrderController.php on line 37.
 1 SYSTEMPATH\CodeIgniter.php(934): App\Controllers\OrderController->index()
 2 SYSTEMPATH\CodeIgniter.php(499): CodeIgniter\CodeIgniter->runController(Object(App\Controllers\OrderController))
 3 SYSTEMPATH\CodeIgniter.php(368): CodeIgniter\CodeIgniter->handleRequest(null, Object(Config\Cache), false)
 4 FCPATH\index.php(67): CodeIgniter\CodeIgniter->run()
 5 SYSTEMPATH\Commands\Server\rewrite.php(47): require_once('FCPATH\\index.php')
CRITICAL - 2023-08-14 05:27:50 --> Class "BaconQrCode\Renderer\Image\Png" not found
in APPPATH\Controllers\OrderController.php on line 37.
 1 SYSTEMPATH\CodeIgniter.php(934): App\Controllers\OrderController->index()
 2 SYSTEMPATH\CodeIgniter.php(499): CodeIgniter\CodeIgniter->runController(Object(App\Controllers\OrderController))
 3 SYSTEMPATH\CodeIgniter.php(368): CodeIgniter\CodeIgniter->handleRequest(null, Object(Config\Cache), false)
 4 FCPATH\index.php(67): CodeIgniter\CodeIgniter->run()
 5 SYSTEMPATH\Commands\Server\rewrite.php(47): require_once('FCPATH\\index.php')
CRITICAL - 2023-08-14 05:27:50 --> Class "BaconQrCode\Renderer\Image\Png" not found
in APPPATH\Controllers\OrderController.php on line 37.
 1 SYSTEMPATH\CodeIgniter.php(934): App\Controllers\OrderController->index()
 2 SYSTEMPATH\CodeIgniter.php(499): CodeIgniter\CodeIgniter->runController(Object(App\Controllers\OrderController))
 3 SYSTEMPATH\CodeIgniter.php(368): CodeIgniter\CodeIgniter->handleRequest(null, Object(Config\Cache), false)
 4 FCPATH\index.php(67): CodeIgniter\CodeIgniter->run()
 5 SYSTEMPATH\Commands\Server\rewrite.php(47): require_once('FCPATH\\index.php')
CRITICAL - 2023-08-14 05:28:33 --> Class "BaconQrCode\Renderer\Image\Png" not found
in APPPATH\Controllers\OrderController.php on line 37.
 1 SYSTEMPATH\CodeIgniter.php(934): App\Controllers\OrderController->index()
 2 SYSTEMPATH\CodeIgniter.php(499): CodeIgniter\CodeIgniter->runController(Object(App\Controllers\OrderController))
 3 SYSTEMPATH\CodeIgniter.php(368): CodeIgniter\CodeIgniter->handleRequest(null, Object(Config\Cache), false)
 4 FCPATH\index.php(67): CodeIgniter\CodeIgniter->run()
 5 SYSTEMPATH\Commands\Server\rewrite.php(47): require_once('FCPATH\\index.php')
CRITICAL - 2023-08-14 05:29:08 --> Class "BaconQrCode\Renderer\Image\Png" not found
in APPPATH\Controllers\OrderController.php on line 37.
 1 SYSTEMPATH\CodeIgniter.php(934): App\Controllers\OrderController->index()
 2 SYSTEMPATH\CodeIgniter.php(499): CodeIgniter\CodeIgniter->runController(Object(App\Controllers\OrderController))
 3 SYSTEMPATH\CodeIgniter.php(368): CodeIgniter\CodeIgniter->handleRequest(null, Object(Config\Cache), false)
 4 FCPATH\index.php(67): CodeIgniter\CodeIgniter->run()
 5 SYSTEMPATH\Commands\Server\rewrite.php(47): require_once('FCPATH\\index.php')
CRITICAL - 2023-08-14 05:29:35 --> Class "BaconQrCode\Renderer\Image\Png" not found
in APPPATH\Controllers\OrderController.php on line 37.
 1 SYSTEMPATH\CodeIgniter.php(934): App\Controllers\OrderController->index()
 2 SYSTEMPATH\CodeIgniter.php(499): CodeIgniter\CodeIgniter->runController(Object(App\Controllers\OrderController))
 3 SYSTEMPATH\CodeIgniter.php(368): CodeIgniter\CodeIgniter->handleRequest(null, Object(Config\Cache), false)
 4 FCPATH\index.php(67): CodeIgniter\CodeIgniter->run()
 5 SYSTEMPATH\Commands\Server\rewrite.php(47): require_once('FCPATH\\index.php')
CRITICAL - 2023-08-14 05:31:26 --> Class "BaconQrCode\Renderer\RendererStyle\ImageRendererStyle" not found
in APPPATH\Controllers\OrderController.php on line 37.
 1 SYSTEMPATH\CodeIgniter.php(934): App\Controllers\OrderController->index()
 2 SYSTEMPATH\CodeIgniter.php(499): CodeIgniter\CodeIgniter->runController(Object(App\Controllers\OrderController))
 3 SYSTEMPATH\CodeIgniter.php(368): CodeIgniter\CodeIgniter->handleRequest(null, Object(Config\Cache), false)
 4 FCPATH\index.php(67): CodeIgniter\CodeIgniter->run()
 5 SYSTEMPATH\Commands\Server\rewrite.php(47): require_once('FCPATH\\index.php')
CRITICAL - 2023-08-14 05:32:45 --> Too few arguments to function BaconQrCode\Renderer\ImageRenderer::__construct(), 0 passed in C:\xampp\htdocs\New folder\Darwin_Jewels\backend\app\Controllers\OrderController.php on line 38 and exactly 2 expected
in VENDORPATH\bacon\bacon-qr-code\src\Renderer\ImageRenderer.php on line 26.
 1 APPPATH\Controllers\OrderController.php(38): BaconQrCode\Renderer\ImageRenderer->__construct()
 2 SYSTEMPATH\CodeIgniter.php(934): App\Controllers\OrderController->index()
 3 SYSTEMPATH\CodeIgniter.php(499): CodeIgniter\CodeIgniter->runController(Object(App\Controllers\OrderController))
 4 SYSTEMPATH\CodeIgniter.php(368): CodeIgniter\CodeIgniter->handleRequest(null, Object(Config\Cache), false)
 5 FCPATH\index.php(67): CodeIgniter\CodeIgniter->run()
 6 SYSTEMPATH\Commands\Server\rewrite.php(47): require_once('FCPATH\\index.php')
CRITICAL - 2023-08-14 05:33:45 --> Too few arguments to function BaconQrCode\Renderer\ImageRenderer::__construct(), 0 passed in C:\xampp\htdocs\New folder\Darwin_Jewels\backend\app\Controllers\OrderController.php on line 40 and exactly 2 expected
in VENDORPATH\bacon\bacon-qr-code\src\Renderer\ImageRenderer.php on line 26.
 1 APPPATH\Controllers\OrderController.php(40): BaconQrCode\Renderer\ImageRenderer->__construct()
 2 SYSTEMPATH\CodeIgniter.php(934): App\Controllers\OrderController->index()
 3 SYSTEMPATH\CodeIgniter.php(499): CodeIgniter\CodeIgniter->runController(Object(App\Controllers\OrderController))
 4 SYSTEMPATH\CodeIgniter.php(368): CodeIgniter\CodeIgniter->handleRequest(null, Object(Config\Cache), false)
 5 FCPATH\index.php(67): CodeIgniter\CodeIgniter->run()
 6 SYSTEMPATH\Commands\Server\rewrite.php(47): require_once('FCPATH\\index.php')
CRITICAL - 2023-08-14 05:33:47 --> Too few arguments to function BaconQrCode\Renderer\ImageRenderer::__construct(), 0 passed in C:\xampp\htdocs\New folder\Darwin_Jewels\backend\app\Controllers\OrderController.php on line 40 and exactly 2 expected
in VENDORPATH\bacon\bacon-qr-code\src\Renderer\ImageRenderer.php on line 26.
 1 APPPATH\Controllers\OrderController.php(40): BaconQrCode\Renderer\ImageRenderer->__construct()
 2 SYSTEMPATH\CodeIgniter.php(934): App\Controllers\OrderController->index()
 3 SYSTEMPATH\CodeIgniter.php(499): CodeIgniter\CodeIgniter->runController(Object(App\Controllers\OrderController))
 4 SYSTEMPATH\CodeIgniter.php(368): CodeIgniter\CodeIgniter->handleRequest(null, Object(Config\Cache), false)
 5 FCPATH\index.php(67): CodeIgniter\CodeIgniter->run()
 6 SYSTEMPATH\Commands\Server\rewrite.php(47): require_once('FCPATH\\index.php')
CRITICAL - 2023-08-14 05:33:47 --> Too few arguments to function BaconQrCode\Renderer\ImageRenderer::__construct(), 0 passed in C:\xampp\htdocs\New folder\Darwin_Jewels\backend\app\Controllers\OrderController.php on line 40 and exactly 2 expected
in VENDORPATH\bacon\bacon-qr-code\src\Renderer\ImageRenderer.php on line 26.
 1 APPPATH\Controllers\OrderController.php(40): BaconQrCode\Renderer\ImageRenderer->__construct()
 2 SYSTEMPATH\CodeIgniter.php(934): App\Controllers\OrderController->index()
 3 SYSTEMPATH\CodeIgniter.php(499): CodeIgniter\CodeIgniter->runController(Object(App\Controllers\OrderController))
 4 SYSTEMPATH\CodeIgniter.php(368): CodeIgniter\CodeIgniter->handleRequest(null, Object(Config\Cache), false)
 5 FCPATH\index.php(67): CodeIgniter\CodeIgniter->run()
 6 SYSTEMPATH\Commands\Server\rewrite.php(47): require_once('FCPATH\\index.php')
CRITICAL - 2023-08-14 05:33:47 --> Too few arguments to function BaconQrCode\Renderer\ImageRenderer::__construct(), 0 passed in C:\xampp\htdocs\New folder\Darwin_Jewels\backend\app\Controllers\OrderController.php on line 40 and exactly 2 expected
in VENDORPATH\bacon\bacon-qr-code\src\Renderer\ImageRenderer.php on line 26.
 1 APPPATH\Controllers\OrderController.php(40): BaconQrCode\Renderer\ImageRenderer->__construct()
 2 SYSTEMPATH\CodeIgniter.php(934): App\Controllers\OrderController->index()
 3 SYSTEMPATH\CodeIgniter.php(499): CodeIgniter\CodeIgniter->runController(Object(App\Controllers\OrderController))
 4 SYSTEMPATH\CodeIgniter.php(368): CodeIgniter\CodeIgniter->handleRequest(null, Object(Config\Cache), false)
 5 FCPATH\index.php(67): CodeIgniter\CodeIgniter->run()
 6 SYSTEMPATH\Commands\Server\rewrite.php(47): require_once('FCPATH\\index.php')
CRITICAL - 2023-08-14 05:33:47 --> Too few arguments to function BaconQrCode\Renderer\ImageRenderer::__construct(), 0 passed in C:\xampp\htdocs\New folder\Darwin_Jewels\backend\app\Controllers\OrderController.php on line 40 and exactly 2 expected
in VENDORPATH\bacon\bacon-qr-code\src\Renderer\ImageRenderer.php on line 26.
 1 APPPATH\Controllers\OrderController.php(40): BaconQrCode\Renderer\ImageRenderer->__construct()
 2 SYSTEMPATH\CodeIgniter.php(934): App\Controllers\OrderController->index()
 3 SYSTEMPATH\CodeIgniter.php(499): CodeIgniter\CodeIgniter->runController(Object(App\Controllers\OrderController))
 4 SYSTEMPATH\CodeIgniter.php(368): CodeIgniter\CodeIgniter->handleRequest(null, Object(Config\Cache), false)
 5 FCPATH\index.php(67): CodeIgniter\CodeIgniter->run()
 6 SYSTEMPATH\Commands\Server\rewrite.php(47): require_once('FCPATH\\index.php')
CRITICAL - 2023-08-14 05:33:48 --> Too few arguments to function BaconQrCode\Renderer\ImageRenderer::__construct(), 0 passed in C:\xampp\htdocs\New folder\Darwin_Jewels\backend\app\Controllers\OrderController.php on line 40 and exactly 2 expected
in VENDORPATH\bacon\bacon-qr-code\src\Renderer\ImageRenderer.php on line 26.
 1 APPPATH\Controllers\OrderController.php(40): BaconQrCode\Renderer\ImageRenderer->__construct()
 2 SYSTEMPATH\CodeIgniter.php(934): App\Controllers\OrderController->index()
 3 SYSTEMPATH\CodeIgniter.php(499): CodeIgniter\CodeIgniter->runController(Object(App\Controllers\OrderController))
 4 SYSTEMPATH\CodeIgniter.php(368): CodeIgniter\CodeIgniter->handleRequest(null, Object(Config\Cache), false)
 5 FCPATH\index.php(67): CodeIgniter\CodeIgniter->run()
 6 SYSTEMPATH\Commands\Server\rewrite.php(47): require_once('FCPATH\\index.php')
CRITICAL - 2023-08-14 05:33:48 --> Too few arguments to function BaconQrCode\Renderer\ImageRenderer::__construct(), 0 passed in C:\xampp\htdocs\New folder\Darwin_Jewels\backend\app\Controllers\OrderController.php on line 40 and exactly 2 expected
in VENDORPATH\bacon\bacon-qr-code\src\Renderer\ImageRenderer.php on line 26.
 1 APPPATH\Controllers\OrderController.php(40): BaconQrCode\Renderer\ImageRenderer->__construct()
 2 SYSTEMPATH\CodeIgniter.php(934): App\Controllers\OrderController->index()
 3 SYSTEMPATH\CodeIgniter.php(499): CodeIgniter\CodeIgniter->runController(Object(App\Controllers\OrderController))
 4 SYSTEMPATH\CodeIgniter.php(368): CodeIgniter\CodeIgniter->handleRequest(null, Object(Config\Cache), false)
 5 FCPATH\index.php(67): CodeIgniter\CodeIgniter->run()
 6 SYSTEMPATH\Commands\Server\rewrite.php(47): require_once('FCPATH\\index.php')
CRITICAL - 2023-08-14 05:33:48 --> Too few arguments to function BaconQrCode\Renderer\ImageRenderer::__construct(), 0 passed in C:\xampp\htdocs\New folder\Darwin_Jewels\backend\app\Controllers\OrderController.php on line 40 and exactly 2 expected
in VENDORPATH\bacon\bacon-qr-code\src\Renderer\ImageRenderer.php on line 26.
 1 APPPATH\Controllers\OrderController.php(40): BaconQrCode\Renderer\ImageRenderer->__construct()
 2 SYSTEMPATH\CodeIgniter.php(934): App\Controllers\OrderController->index()
 3 SYSTEMPATH\CodeIgniter.php(499): CodeIgniter\CodeIgniter->runController(Object(App\Controllers\OrderController))
 4 SYSTEMPATH\CodeIgniter.php(368): CodeIgniter\CodeIgniter->handleRequest(null, Object(Config\Cache), false)
 5 FCPATH\index.php(67): CodeIgniter\CodeIgniter->run()
 6 SYSTEMPATH\Commands\Server\rewrite.php(47): require_once('FCPATH\\index.php')
CRITICAL - 2023-08-14 05:34:39 --> Class "BaconQrCode\Renderer\RendererStyle\ImageRendererStyle" not found
in APPPATH\Controllers\OrderController.php on line 40.
 1 SYSTEMPATH\CodeIgniter.php(934): App\Controllers\OrderController->index()
 2 SYSTEMPATH\CodeIgniter.php(499): CodeIgniter\CodeIgniter->runController(Object(App\Controllers\OrderController))
 3 SYSTEMPATH\CodeIgniter.php(368): CodeIgniter\CodeIgniter->handleRequest(null, Object(Config\Cache), false)
 4 FCPATH\index.php(67): CodeIgniter\CodeIgniter->run()
 5 SYSTEMPATH\Commands\Server\rewrite.php(47): require_once('FCPATH\\index.php')
CRITICAL - 2023-08-14 05:46:16 --> Undefined property: App\Controllers\OrderController::$load
in APPPATH\Controllers\OrderController.php on line 40.
 1 APPPATH\Controllers\OrderController.php(40): CodeIgniter\Debug\Exceptions->errorHandler(2, 'Undefined property: App\\Controllers\\OrderController::$load', 'APPPATH\\Controllers\\OrderController.php', 40)
 2 SYSTEMPATH\CodeIgniter.php(934): App\Controllers\OrderController->index()
 3 SYSTEMPATH\CodeIgniter.php(499): CodeIgniter\CodeIgniter->runController(Object(App\Controllers\OrderController))
 4 SYSTEMPATH\CodeIgniter.php(368): CodeIgniter\CodeIgniter->handleRequest(null, Object(Config\Cache), false)
 5 FCPATH\index.php(67): CodeIgniter\CodeIgniter->run()
 6 SYSTEMPATH\Commands\Server\rewrite.php(47): require_once('FCPATH\\index.php')
CRITICAL - 2023-08-14 05:47:19 --> Undefined property: App\Controllers\OrderController::$load
in APPPATH\Controllers\OrderController.php on line 42.
 1 APPPATH\Controllers\OrderController.php(42): CodeIgniter\Debug\Exceptions->errorHandler(2, 'Undefined property: App\\Controllers\\OrderController::$load', 'APPPATH\\Controllers\\OrderController.php', 42)
 2 SYSTEMPATH\CodeIgniter.php(934): App\Controllers\OrderController->index()
 3 SYSTEMPATH\CodeIgniter.php(499): CodeIgniter\CodeIgniter->runController(Object(App\Controllers\OrderController))
 4 SYSTEMPATH\CodeIgniter.php(368): CodeIgniter\CodeIgniter->handleRequest(null, Object(Config\Cache), false)
 5 FCPATH\index.php(67): CodeIgniter\CodeIgniter->run()
 6 SYSTEMPATH\Commands\Server\rewrite.php(47): require_once('FCPATH\\index.php')
CRITICAL - 2023-08-14 05:47:20 --> Undefined property: App\Controllers\OrderController::$load
in APPPATH\Controllers\OrderController.php on line 42.
 1 APPPATH\Controllers\OrderController.php(42): CodeIgniter\Debug\Exceptions->errorHandler(2, 'Undefined property: App\\Controllers\\OrderController::$load', 'APPPATH\\Controllers\\OrderController.php', 42)
 2 SYSTEMPATH\CodeIgniter.php(934): App\Controllers\OrderController->index()
 3 SYSTEMPATH\CodeIgniter.php(499): CodeIgniter\CodeIgniter->runController(Object(App\Controllers\OrderController))
 4 SYSTEMPATH\CodeIgniter.php(368): CodeIgniter\CodeIgniter->handleRequest(null, Object(Config\Cache), false)
 5 FCPATH\index.php(67): CodeIgniter\CodeIgniter->run()
 6 SYSTEMPATH\Commands\Server\rewrite.php(47): require_once('FCPATH\\index.php')
CRITICAL - 2023-08-14 05:47:20 --> Undefined property: App\Controllers\OrderController::$load
in APPPATH\Controllers\OrderController.php on line 42.
 1 APPPATH\Controllers\OrderController.php(42): CodeIgniter\Debug\Exceptions->errorHandler(2, 'Undefined property: App\\Controllers\\OrderController::$load', 'APPPATH\\Controllers\\OrderController.php', 42)
 2 SYSTEMPATH\CodeIgniter.php(934): App\Controllers\OrderController->index()
 3 SYSTEMPATH\CodeIgniter.php(499): CodeIgniter\CodeIgniter->runController(Object(App\Controllers\OrderController))
 4 SYSTEMPATH\CodeIgniter.php(368): CodeIgniter\CodeIgniter->handleRequest(null, Object(Config\Cache), false)
 5 FCPATH\index.php(67): CodeIgniter\CodeIgniter->run()
 6 SYSTEMPATH\Commands\Server\rewrite.php(47): require_once('FCPATH\\index.php')
CRITICAL - 2023-08-14 05:47:51 --> Call to undefined method App\Controllers\OrderController::generate_qrcode()
in APPPATH\Controllers\OrderController.php on line 47.
 1 SYSTEMPATH\CodeIgniter.php(934): App\Controllers\OrderController->index()
 2 SYSTEMPATH\CodeIgniter.php(499): CodeIgniter\CodeIgniter->runController(Object(App\Controllers\OrderController))
 3 SYSTEMPATH\CodeIgniter.php(368): CodeIgniter\CodeIgniter->handleRequest(null, Object(Config\Cache), false)
 4 FCPATH\index.php(67): CodeIgniter\CodeIgniter->run()
 5 SYSTEMPATH\Commands\Server\rewrite.php(47): require_once('FCPATH\\index.php')
CRITICAL - 2023-08-14 05:47:54 --> Call to undefined method App\Controllers\OrderController::generate_qrcode()
in APPPATH\Controllers\OrderController.php on line 47.
 1 SYSTEMPATH\CodeIgniter.php(934): App\Controllers\OrderController->index()
 2 SYSTEMPATH\CodeIgniter.php(499): CodeIgniter\CodeIgniter->runController(Object(App\Controllers\OrderController))
 3 SYSTEMPATH\CodeIgniter.php(368): CodeIgniter\CodeIgniter->handleRequest(null, Object(Config\Cache), false)
 4 FCPATH\index.php(67): CodeIgniter\CodeIgniter->run()
 5 SYSTEMPATH\Commands\Server\rewrite.php(47): require_once('FCPATH\\index.php')
CRITICAL - 2023-08-14 05:47:54 --> Call to undefined method App\Controllers\OrderController::generate_qrcode()
in APPPATH\Controllers\OrderController.php on line 47.
 1 SYSTEMPATH\CodeIgniter.php(934): App\Controllers\OrderController->index()
 2 SYSTEMPATH\CodeIgniter.php(499): CodeIgniter\CodeIgniter->runController(Object(App\Controllers\OrderController))
 3 SYSTEMPATH\CodeIgniter.php(368): CodeIgniter\CodeIgniter->handleRequest(null, Object(Config\Cache), false)
 4 FCPATH\index.php(67): CodeIgniter\CodeIgniter->run()
 5 SYSTEMPATH\Commands\Server\rewrite.php(47): require_once('FCPATH\\index.php')
CRITICAL - 2023-08-14 05:47:55 --> Call to undefined method App\Controllers\OrderController::generate_qrcode()
in APPPATH\Controllers\OrderController.php on line 47.
 1 SYSTEMPATH\CodeIgniter.php(934): App\Controllers\OrderController->index()
 2 SYSTEMPATH\CodeIgniter.php(499): CodeIgniter\CodeIgniter->runController(Object(App\Controllers\OrderController))
 3 SYSTEMPATH\CodeIgniter.php(368): CodeIgniter\CodeIgniter->handleRequest(null, Object(Config\Cache), false)
 4 FCPATH\index.php(67): CodeIgniter\CodeIgniter->run()
 5 SYSTEMPATH\Commands\Server\rewrite.php(47): require_once('FCPATH\\index.php')
CRITICAL - 2023-08-14 05:47:55 --> Call to undefined method App\Controllers\OrderController::generate_qrcode()
in APPPATH\Controllers\OrderController.php on line 47.
 1 SYSTEMPATH\CodeIgniter.php(934): App\Controllers\OrderController->index()
 2 SYSTEMPATH\CodeIgniter.php(499): CodeIgniter\CodeIgniter->runController(Object(App\Controllers\OrderController))
 3 SYSTEMPATH\CodeIgniter.php(368): CodeIgniter\CodeIgniter->handleRequest(null, Object(Config\Cache), false)
 4 FCPATH\index.php(67): CodeIgniter\CodeIgniter->run()
 5 SYSTEMPATH\Commands\Server\rewrite.php(47): require_once('FCPATH\\index.php')
CRITICAL - 2023-08-14 05:47:55 --> Call to undefined method App\Controllers\OrderController::generate_qrcode()
in APPPATH\Controllers\OrderController.php on line 47.
 1 SYSTEMPATH\CodeIgniter.php(934): App\Controllers\OrderController->index()
 2 SYSTEMPATH\CodeIgniter.php(499): CodeIgniter\CodeIgniter->runController(Object(App\Controllers\OrderController))
 3 SYSTEMPATH\CodeIgniter.php(368): CodeIgniter\CodeIgniter->handleRequest(null, Object(Config\Cache), false)
 4 FCPATH\index.php(67): CodeIgniter\CodeIgniter->run()
 5 SYSTEMPATH\Commands\Server\rewrite.php(47): require_once('FCPATH\\index.php')
CRITICAL - 2023-08-14 05:47:55 --> Call to undefined method App\Controllers\OrderController::generate_qrcode()
in APPPATH\Controllers\OrderController.php on line 47.
 1 SYSTEMPATH\CodeIgniter.php(934): App\Controllers\OrderController->index()
 2 SYSTEMPATH\CodeIgniter.php(499): CodeIgniter\CodeIgniter->runController(Object(App\Controllers\OrderController))
 3 SYSTEMPATH\CodeIgniter.php(368): CodeIgniter\CodeIgniter->handleRequest(null, Object(Config\Cache), false)
 4 FCPATH\index.php(67): CodeIgniter\CodeIgniter->run()
 5 SYSTEMPATH\Commands\Server\rewrite.php(47): require_once('FCPATH\\index.php')
CRITICAL - 2023-08-14 05:47:56 --> Call to undefined method App\Controllers\OrderController::generate_qrcode()
in APPPATH\Controllers\OrderController.php on line 47.
 1 SYSTEMPATH\CodeIgniter.php(934): App\Controllers\OrderController->index()
 2 SYSTEMPATH\CodeIgniter.php(499): CodeIgniter\CodeIgniter->runController(Object(App\Controllers\OrderController))
 3 SYSTEMPATH\CodeIgniter.php(368): CodeIgniter\CodeIgniter->handleRequest(null, Object(Config\Cache), false)
 4 FCPATH\index.php(67): CodeIgniter\CodeIgniter->run()
 5 SYSTEMPATH\Commands\Server\rewrite.php(47): require_once('FCPATH\\index.php')
CRITICAL - 2023-08-14 05:47:56 --> Call to undefined method App\Controllers\OrderController::generate_qrcode()
in APPPATH\Controllers\OrderController.php on line 47.
 1 SYSTEMPATH\CodeIgniter.php(934): App\Controllers\OrderController->index()
 2 SYSTEMPATH\CodeIgniter.php(499): CodeIgniter\CodeIgniter->runController(Object(App\Controllers\OrderController))
 3 SYSTEMPATH\CodeIgniter.php(368): CodeIgniter\CodeIgniter->handleRequest(null, Object(Config\Cache), false)
 4 FCPATH\index.php(67): CodeIgniter\CodeIgniter->run()
 5 SYSTEMPATH\Commands\Server\rewrite.php(47): require_once('FCPATH\\index.php')
CRITICAL - 2023-08-14 05:48:08 --> Call to undefined method App\Controllers\OrderController::generate_qrcode()
in APPPATH\Controllers\OrderController.php on line 47.
 1 SYSTEMPATH\CodeIgniter.php(934): App\Controllers\OrderController->index()
 2 SYSTEMPATH\CodeIgniter.php(499): CodeIgniter\CodeIgniter->runController(Object(App\Controllers\OrderController))
 3 SYSTEMPATH\CodeIgniter.php(368): CodeIgniter\CodeIgniter->handleRequest(null, Object(Config\Cache), false)
 4 FCPATH\index.php(67): CodeIgniter\CodeIgniter->run()
 5 SYSTEMPATH\Commands\Server\rewrite.php(47): require_once('FCPATH\\index.php')
CRITICAL - 2023-08-14 05:48:10 --> Call to undefined method App\Controllers\OrderController::generate_qrcode()
in APPPATH\Controllers\OrderController.php on line 47.
 1 SYSTEMPATH\CodeIgniter.php(934): App\Controllers\OrderController->index()
 2 SYSTEMPATH\CodeIgniter.php(499): CodeIgniter\CodeIgniter->runController(Object(App\Controllers\OrderController))
 3 SYSTEMPATH\CodeIgniter.php(368): CodeIgniter\CodeIgniter->handleRequest(null, Object(Config\Cache), false)
 4 FCPATH\index.php(67): CodeIgniter\CodeIgniter->run()
 5 SYSTEMPATH\Commands\Server\rewrite.php(47): require_once('FCPATH\\index.php')
CRITICAL - 2023-08-14 05:48:13 --> Call to undefined method App\Controllers\OrderController::generate_qrcode()
in APPPATH\Controllers\OrderController.php on line 47.
 1 SYSTEMPATH\CodeIgniter.php(934): App\Controllers\OrderController->index()
 2 SYSTEMPATH\CodeIgniter.php(499): CodeIgniter\CodeIgniter->runController(Object(App\Controllers\OrderController))
 3 SYSTEMPATH\CodeIgniter.php(368): CodeIgniter\CodeIgniter->handleRequest(null, Object(Config\Cache), false)
 4 FCPATH\index.php(67): CodeIgniter\CodeIgniter->run()
 5 SYSTEMPATH\Commands\Server\rewrite.php(47): require_once('FCPATH\\index.php')
CRITICAL - 2023-08-14 05:48:13 --> Call to undefined method App\Controllers\OrderController::generate_qrcode()
in APPPATH\Controllers\OrderController.php on line 47.
 1 SYSTEMPATH\CodeIgniter.php(934): App\Controllers\OrderController->index()
 2 SYSTEMPATH\CodeIgniter.php(499): CodeIgniter\CodeIgniter->runController(Object(App\Controllers\OrderController))
 3 SYSTEMPATH\CodeIgniter.php(368): CodeIgniter\CodeIgniter->handleRequest(null, Object(Config\Cache), false)
 4 FCPATH\index.php(67): CodeIgniter\CodeIgniter->run()
 5 SYSTEMPATH\Commands\Server\rewrite.php(47): require_once('FCPATH\\index.php')
CRITICAL - 2023-08-14 05:49:03 --> Call to undefined method App\Controllers\OrderController::generate_qrcode()
in APPPATH\Controllers\OrderController.php on line 70.
 1 APPPATH\Controllers\OrderController.php(47): App\Controllers\OrderController->generateQrCode('{"order_id":"1"}', null)
 2 SYSTEMPATH\CodeIgniter.php(934): App\Controllers\OrderController->index()
 3 SYSTEMPATH\CodeIgniter.php(499): CodeIgniter\CodeIgniter->runController(Object(App\Controllers\OrderController))
 4 SYSTEMPATH\CodeIgniter.php(368): CodeIgniter\CodeIgniter->handleRequest(null, Object(Config\Cache), false)
 5 FCPATH\index.php(67): CodeIgniter\CodeIgniter->run()
 6 SYSTEMPATH\Commands\Server\rewrite.php(47): require_once('FCPATH\\index.php')
CRITICAL - 2023-08-14 05:49:36 --> Call to undefined method App\Controllers\OrderController::generateQrCode()
in APPPATH\Controllers\OrderController.php on line 47.
 1 SYSTEMPATH\CodeIgniter.php(934): App\Controllers\OrderController->index()
 2 SYSTEMPATH\CodeIgniter.php(499): CodeIgniter\CodeIgniter->runController(Object(App\Controllers\OrderController))
 3 SYSTEMPATH\CodeIgniter.php(368): CodeIgniter\CodeIgniter->handleRequest(null, Object(Config\Cache), false)
 4 FCPATH\index.php(67): CodeIgniter\CodeIgniter->run()
 5 SYSTEMPATH\Commands\Server\rewrite.php(47): require_once('FCPATH\\index.php')
CRITICAL - 2023-08-14 05:50:36 --> Undefined variable $orderId
in APPPATH\Controllers\OrderController.php on line 65.
 1 APPPATH\Controllers\OrderController.php(65): CodeIgniter\Debug\Exceptions->errorHandler(2, 'Undefined variable $orderId', 'APPPATH\\Controllers\\OrderController.php', 65)
 2 APPPATH\Controllers\OrderController.php(47): App\Controllers\OrderController->generateQrCode('{"order_id":"1"}', null)
 3 SYSTEMPATH\CodeIgniter.php(934): App\Controllers\OrderController->index()
 4 SYSTEMPATH\CodeIgniter.php(499): CodeIgniter\CodeIgniter->runController(Object(App\Controllers\OrderController))
 5 SYSTEMPATH\CodeIgniter.php(368): CodeIgniter\CodeIgniter->handleRequest(null, Object(Config\Cache), false)
 6 FCPATH\index.php(67): CodeIgniter\CodeIgniter->run()
 7 SYSTEMPATH\Commands\Server\rewrite.php(47): require_once('FCPATH\\index.php')
CRITICAL - 2023-08-14 05:55:23 --> Call to a member function initialize() on null
in APPPATH\Controllers\OrderController.php on line 79.
 1 APPPATH\Controllers\OrderController.php(47): App\Controllers\OrderController->generateQrCode('{"order_id":"1"}', null)
 2 SYSTEMPATH\CodeIgniter.php(934): App\Controllers\OrderController->index()
 3 SYSTEMPATH\CodeIgniter.php(499): CodeIgniter\CodeIgniter->runController(Object(App\Controllers\OrderController))
 4 SYSTEMPATH\CodeIgniter.php(368): CodeIgniter\CodeIgniter->handleRequest(null, Object(Config\Cache), false)
 5 FCPATH\index.php(67): CodeIgniter\CodeIgniter->run()
 6 SYSTEMPATH\Commands\Server\rewrite.php(47): require_once('FCPATH\\index.php')
CRITICAL - 2023-08-14 05:55:57 --> Call to a member function initialize() on null
in APPPATH\Controllers\OrderController.php on line 79.
 1 APPPATH\Controllers\OrderController.php(47): App\Controllers\OrderController->generateQrCode([...], null)
 2 SYSTEMPATH\CodeIgniter.php(934): App\Controllers\OrderController->index()
 3 SYSTEMPATH\CodeIgniter.php(499): CodeIgniter\CodeIgniter->runController(Object(App\Controllers\OrderController))
 4 SYSTEMPATH\CodeIgniter.php(368): CodeIgniter\CodeIgniter->handleRequest(null, Object(Config\Cache), false)
 5 FCPATH\index.php(67): CodeIgniter\CodeIgniter->run()
 6 SYSTEMPATH\Commands\Server\rewrite.php(47): require_once('FCPATH\\index.php')
CRITICAL - 2023-08-14 05:56:19 --> Call to a member function generate() on null
in APPPATH\Controllers\OrderController.php on line 86.
 1 APPPATH\Controllers\OrderController.php(47): App\Controllers\OrderController->generateQrCode([...], null)
 2 SYSTEMPATH\CodeIgniter.php(934): App\Controllers\OrderController->index()
 3 SYSTEMPATH\CodeIgniter.php(499): CodeIgniter\CodeIgniter->runController(Object(App\Controllers\OrderController))
 4 SYSTEMPATH\CodeIgniter.php(368): CodeIgniter\CodeIgniter->handleRequest(null, Object(Config\Cache), false)
 5 FCPATH\index.php(67): CodeIgniter\CodeIgniter->run()
 6 SYSTEMPATH\Commands\Server\rewrite.php(47): require_once('FCPATH\\index.php')
CRITICAL - 2023-08-14 05:56:26 --> Undefined array key "qr_code"
in APPPATH\Views\Order\order_details.php on line 26.
 1 APPPATH\Views\Order\order_details.php(26): CodeIgniter\Debug\Exceptions->errorHandler(2, 'Undefined array key "qr_code"', 'APPPATH\\Views\\Order\\order_details.php', 26)
 2 SYSTEMPATH\View\View.php(213): include('APPPATH\\Views\\Order\\order_details.php')
 3 SYSTEMPATH\View\View.php(216): CodeIgniter\View\View->CodeIgniter\View\{closure}()
 4 SYSTEMPATH\Common.php(1184): CodeIgniter\View\View->render('order/order_details', [], true)
 5 APPPATH\Controllers\OrderController.php(57): view('order/order_details', [...])
 6 SYSTEMPATH\CodeIgniter.php(934): App\Controllers\OrderController->index()
 7 SYSTEMPATH\CodeIgniter.php(499): CodeIgniter\CodeIgniter->runController(Object(App\Controllers\OrderController))
 8 SYSTEMPATH\CodeIgniter.php(368): CodeIgniter\CodeIgniter->handleRequest(null, Object(Config\Cache), false)
 9 FCPATH\index.php(67): CodeIgniter\CodeIgniter->run()
10 SYSTEMPATH\Commands\Server\rewrite.php(47): require_once('FCPATH\\index.php')
CRITICAL - 2023-08-14 05:57:13 --> Call to a member function generate() on null
in APPPATH\Controllers\OrderController.php on line 77.
 1 APPPATH\Controllers\OrderController.php(44): App\Controllers\OrderController->generateQrCode([...])
 2 SYSTEMPATH\CodeIgniter.php(934): App\Controllers\OrderController->index()
 3 SYSTEMPATH\CodeIgniter.php(499): CodeIgniter\CodeIgniter->runController(Object(App\Controllers\OrderController))
 4 SYSTEMPATH\CodeIgniter.php(368): CodeIgniter\CodeIgniter->handleRequest(null, Object(Config\Cache), false)
 5 FCPATH\index.php(67): CodeIgniter\CodeIgniter->run()
 6 SYSTEMPATH\Commands\Server\rewrite.php(47): require_once('FCPATH\\index.php')
CRITICAL - 2023-08-14 06:01:41 --> Call to a member function generate() on null
in APPPATH\Controllers\OrderController.php on line 77.
 1 APPPATH\Controllers\OrderController.php(44): App\Controllers\OrderController->generateQrCode([...])
 2 SYSTEMPATH\CodeIgniter.php(934): App\Controllers\OrderController->index()
 3 SYSTEMPATH\CodeIgniter.php(499): CodeIgniter\CodeIgniter->runController(Object(App\Controllers\OrderController))
 4 SYSTEMPATH\CodeIgniter.php(368): CodeIgniter\CodeIgniter->handleRequest(null, Object(Config\Cache), false)
 5 FCPATH\index.php(67): CodeIgniter\CodeIgniter->run()
 6 SYSTEMPATH\Commands\Server\rewrite.php(47): require_once('FCPATH\\index.php')
CRITICAL - 2023-08-14 06:01:42 --> Call to a member function generate() on null
in APPPATH\Controllers\OrderController.php on line 77.
 1 APPPATH\Controllers\OrderController.php(44): App\Controllers\OrderController->generateQrCode([...])
 2 SYSTEMPATH\CodeIgniter.php(934): App\Controllers\OrderController->index()
 3 SYSTEMPATH\CodeIgniter.php(499): CodeIgniter\CodeIgniter->runController(Object(App\Controllers\OrderController))
 4 SYSTEMPATH\CodeIgniter.php(368): CodeIgniter\CodeIgniter->handleRequest(null, Object(Config\Cache), false)
 5 FCPATH\index.php(67): CodeIgniter\CodeIgniter->run()
 6 SYSTEMPATH\Commands\Server\rewrite.php(47): require_once('FCPATH\\index.php')
CRITICAL - 2023-08-14 06:01:42 --> Call to a member function generate() on null
in APPPATH\Controllers\OrderController.php on line 77.
 1 APPPATH\Controllers\OrderController.php(44): App\Controllers\OrderController->generateQrCode([...])
 2 SYSTEMPATH\CodeIgniter.php(934): App\Controllers\OrderController->index()
 3 SYSTEMPATH\CodeIgniter.php(499): CodeIgniter\CodeIgniter->runController(Object(App\Controllers\OrderController))
 4 SYSTEMPATH\CodeIgniter.php(368): CodeIgniter\CodeIgniter->handleRequest(null, Object(Config\Cache), false)
 5 FCPATH\index.php(67): CodeIgniter\CodeIgniter->run()
 6 SYSTEMPATH\Commands\Server\rewrite.php(47): require_once('FCPATH\\index.php')
CRITICAL - 2023-08-14 06:01:43 --> Call to a member function generate() on null
in APPPATH\Controllers\OrderController.php on line 77.
 1 APPPATH\Controllers\OrderController.php(44): App\Controllers\OrderController->generateQrCode([...])
 2 SYSTEMPATH\CodeIgniter.php(934): App\Controllers\OrderController->index()
 3 SYSTEMPATH\CodeIgniter.php(499): CodeIgniter\CodeIgniter->runController(Object(App\Controllers\OrderController))
 4 SYSTEMPATH\CodeIgniter.php(368): CodeIgniter\CodeIgniter->handleRequest(null, Object(Config\Cache), false)
 5 FCPATH\index.php(67): CodeIgniter\CodeIgniter->run()
 6 SYSTEMPATH\Commands\Server\rewrite.php(47): require_once('FCPATH\\index.php')
CRITICAL - 2023-08-14 06:08:59 --> Invalid data at path "C:\xampp\htdocs\New folder\Darwin_Jewels\backend\public\assets/symfony.png"
in VENDORPATH\endroid\qr-code\src\ImageData\LogoImageData.php on line 26.
 1 VENDORPATH\endroid\qr-code\src\Writer\AbstractGdWriter.php(125): Endroid\QrCode\ImageData\LogoImageData::createForLogo(Object(Endroid\QrCode\Logo\Logo))
 2 VENDORPATH\endroid\qr-code\src\Writer\AbstractGdWriter.php(113): Endroid\QrCode\Writer\AbstractGdWriter->addLogo(Object(Endroid\QrCode\Logo\Logo), Object(Endroid\QrCode\Writer\Result\GdResult))
 3 VENDORPATH\endroid\qr-code\src\Writer\PngWriter.php(25): Endroid\QrCode\Writer\AbstractGdWriter->write(Object(Endroid\QrCode\QrCode), Object(Endroid\QrCode\Logo\Logo), Object(Endroid\QrCode\Label\Label), [...])
 4 APPPATH\Controllers\OrderController.php(85): Endroid\QrCode\Writer\PngWriter->write(Object(Endroid\QrCode\QrCode), Object(Endroid\QrCode\Logo\Logo), Object(Endroid\QrCode\Label\Label))
 5 APPPATH\Controllers\OrderController.php(48): App\Controllers\OrderController->generateQrCode('Life is too short to be generating QR codes')
 6 SYSTEMPATH\CodeIgniter.php(934): App\Controllers\OrderController->index()
 7 SYSTEMPATH\CodeIgniter.php(499): CodeIgniter\CodeIgniter->runController(Object(App\Controllers\OrderController))
 8 SYSTEMPATH\CodeIgniter.php(368): CodeIgniter\CodeIgniter->handleRequest(null, Object(Config\Cache), false)
 9 FCPATH\index.php(67): CodeIgniter\CodeIgniter->run()
10 SYSTEMPATH\Commands\Server\rewrite.php(47): require_once('FCPATH\\index.php')
CRITICAL - 2023-08-14 06:12:24 --> require_once(C:\xampp\htdocs\New folder\Darwin_Jewels\backend\public\vendor/autoload.php): Failed to open stream: No such file or directory
in FCPATH\index.php on line 68.
 1 FCPATH\index.php(68): CodeIgniter\Debug\Exceptions->errorHandler(2, 'require_once(C:\\xampp\\htdocs\\New folder\\Darwin_Jewels\\backend\\public\\vendor/autoload.php): Failed to open stream: No such file or directory', 'FCPATH\\index.php', 68)
 2 FCPATH\index.php(68): require_once()
 3 SYSTEMPATH\Commands\Server\rewrite.php(47): require_once('FCPATH\\index.php')
CRITICAL - 2023-08-14 06:12:24 --> require_once(C:\xampp\htdocs\New folder\Darwin_Jewels\backend\public\vendor/autoload.php): Failed to open stream: No such file or directory
in FCPATH\index.php on line 68.
 1 FCPATH\index.php(68): CodeIgniter\Debug\Exceptions->errorHandler(2, 'require_once(C:\\xampp\\htdocs\\New folder\\Darwin_Jewels\\backend\\public\\vendor/autoload.php): Failed to open stream: No such file or directory', 'FCPATH\\index.php', 68)
 2 FCPATH\index.php(68): require_once()
 3 SYSTEMPATH\Commands\Server\rewrite.php(47): require_once('FCPATH\\index.php')
CRITICAL - 2023-08-14 06:12:24 --> require_once(C:\xampp\htdocs\New folder\Darwin_Jewels\backend\public\vendor/autoload.php): Failed to open stream: No such file or directory
in FCPATH\index.php on line 68.
 1 FCPATH\index.php(68): CodeIgniter\Debug\Exceptions->errorHandler(2, 'require_once(C:\\xampp\\htdocs\\New folder\\Darwin_Jewels\\backend\\public\\vendor/autoload.php): Failed to open stream: No such file or directory', 'FCPATH\\index.php', 68)
 2 FCPATH\index.php(68): require_once()
 3 SYSTEMPATH\Commands\Server\rewrite.php(47): require_once('FCPATH\\index.php')
CRITICAL - 2023-08-14 06:12:26 --> Invalid data at path "C:\xampp\htdocs\New folder\Darwin_Jewels\backend\public\assets/symfony.png"
in VENDORPATH\endroid\qr-code\src\ImageData\LogoImageData.php on line 26.
 1 VENDORPATH\endroid\qr-code\src\Writer\AbstractGdWriter.php(125): Endroid\QrCode\ImageData\LogoImageData::createForLogo(Object(Endroid\QrCode\Logo\Logo))
 2 VENDORPATH\endroid\qr-code\src\Writer\AbstractGdWriter.php(113): Endroid\QrCode\Writer\AbstractGdWriter->addLogo(Object(Endroid\QrCode\Logo\Logo), Object(Endroid\QrCode\Writer\Result\GdResult))
 3 VENDORPATH\endroid\qr-code\src\Writer\PngWriter.php(25): Endroid\QrCode\Writer\AbstractGdWriter->write(Object(Endroid\QrCode\QrCode), Object(Endroid\QrCode\Logo\Logo), Object(Endroid\QrCode\Label\Label), [...])
 4 APPPATH\Controllers\OrderController.php(85): Endroid\QrCode\Writer\PngWriter->write(Object(Endroid\QrCode\QrCode), Object(Endroid\QrCode\Logo\Logo), Object(Endroid\QrCode\Label\Label))
 5 APPPATH\Controllers\OrderController.php(48): App\Controllers\OrderController->generateQrCode('Life is too short to be generating QR codes')
 6 SYSTEMPATH\CodeIgniter.php(934): App\Controllers\OrderController->index()
 7 SYSTEMPATH\CodeIgniter.php(499): CodeIgniter\CodeIgniter->runController(Object(App\Controllers\OrderController))
 8 SYSTEMPATH\CodeIgniter.php(368): CodeIgniter\CodeIgniter->handleRequest(null, Object(Config\Cache), false)
 9 FCPATH\index.php(67): CodeIgniter\CodeIgniter->run()
10 SYSTEMPATH\Commands\Server\rewrite.php(47): require_once('FCPATH\\index.php')
CRITICAL - 2023-08-14 06:21:33 --> Invalid data at path "C:\xampp\htdocs\New folder\Darwin_Jewels\backend\public\/uploads/FeatureProduct/symfony.png"
in VENDORPATH\endroid\qr-code\src\ImageData\LogoImageData.php on line 26.
 1 VENDORPATH\endroid\qr-code\src\Writer\AbstractGdWriter.php(125): Endroid\QrCode\ImageData\LogoImageData::createForLogo(Object(Endroid\QrCode\Logo\Logo))
 2 VENDORPATH\endroid\qr-code\src\Writer\AbstractGdWriter.php(113): Endroid\QrCode\Writer\AbstractGdWriter->addLogo(Object(Endroid\QrCode\Logo\Logo), Object(Endroid\QrCode\Writer\Result\GdResult))
 3 VENDORPATH\endroid\qr-code\src\Writer\PngWriter.php(25): Endroid\QrCode\Writer\AbstractGdWriter->write(Object(Endroid\QrCode\QrCode), Object(Endroid\QrCode\Logo\Logo), Object(Endroid\QrCode\Label\Label), [...])
 4 APPPATH\Controllers\OrderController.php(85): Endroid\QrCode\Writer\PngWriter->write(Object(Endroid\QrCode\QrCode), Object(Endroid\QrCode\Logo\Logo), Object(Endroid\QrCode\Label\Label))
 5 APPPATH\Controllers\OrderController.php(48): App\Controllers\OrderController->generateQrCode('Life is too short to be generating QR codes')
 6 SYSTEMPATH\CodeIgniter.php(934): App\Controllers\OrderController->index()
 7 SYSTEMPATH\CodeIgniter.php(499): CodeIgniter\CodeIgniter->runController(Object(App\Controllers\OrderController))
 8 SYSTEMPATH\CodeIgniter.php(368): CodeIgniter\CodeIgniter->handleRequest(null, Object(Config\Cache), false)
 9 FCPATH\index.php(67): CodeIgniter\CodeIgniter->run()
10 SYSTEMPATH\Commands\Server\rewrite.php(47): require_once('FCPATH\\index.php')
CRITICAL - 2023-08-14 06:21:49 --> Invalid data at path "C:\xampp\htdocs\New folder\Darwin_Jewels\backend\public\uploads/FeatureProduct/symfony.png"
in VENDORPATH\endroid\qr-code\src\ImageData\LogoImageData.php on line 26.
 1 VENDORPATH\endroid\qr-code\src\Writer\AbstractGdWriter.php(125): Endroid\QrCode\ImageData\LogoImageData::createForLogo(Object(Endroid\QrCode\Logo\Logo))
 2 VENDORPATH\endroid\qr-code\src\Writer\AbstractGdWriter.php(113): Endroid\QrCode\Writer\AbstractGdWriter->addLogo(Object(Endroid\QrCode\Logo\Logo), Object(Endroid\QrCode\Writer\Result\GdResult))
 3 VENDORPATH\endroid\qr-code\src\Writer\PngWriter.php(25): Endroid\QrCode\Writer\AbstractGdWriter->write(Object(Endroid\QrCode\QrCode), Object(Endroid\QrCode\Logo\Logo), Object(Endroid\QrCode\Label\Label), [...])
 4 APPPATH\Controllers\OrderController.php(85): Endroid\QrCode\Writer\PngWriter->write(Object(Endroid\QrCode\QrCode), Object(Endroid\QrCode\Logo\Logo), Object(Endroid\QrCode\Label\Label))
 5 APPPATH\Controllers\OrderController.php(48): App\Controllers\OrderController->generateQrCode('Life is too short to be generating QR codes')
 6 SYSTEMPATH\CodeIgniter.php(934): App\Controllers\OrderController->index()
 7 SYSTEMPATH\CodeIgniter.php(499): CodeIgniter\CodeIgniter->runController(Object(App\Controllers\OrderController))
 8 SYSTEMPATH\CodeIgniter.php(368): CodeIgniter\CodeIgniter->handleRequest(null, Object(Config\Cache), false)
 9 FCPATH\index.php(67): CodeIgniter\CodeIgniter->run()
10 SYSTEMPATH\Commands\Server\rewrite.php(47): require_once('FCPATH\\index.php')
CRITICAL - 2023-08-14 06:23:13 --> Undefined array key "qr_code"
in APPPATH\Views\Order\order_details.php on line 26.
 1 APPPATH\Views\Order\order_details.php(26): CodeIgniter\Debug\Exceptions->errorHandler(2, 'Undefined array key "qr_code"', 'APPPATH\\Views\\Order\\order_details.php', 26)
 2 SYSTEMPATH\View\View.php(213): include('APPPATH\\Views\\Order\\order_details.php')
 3 SYSTEMPATH\View\View.php(216): CodeIgniter\View\View->CodeIgniter\View\{closure}()
 4 SYSTEMPATH\Common.php(1184): CodeIgniter\View\View->render('order/order_details', [], true)
 5 APPPATH\Controllers\OrderController.php(58): view('order/order_details', [...])
 6 SYSTEMPATH\CodeIgniter.php(934): App\Controllers\OrderController->index()
 7 SYSTEMPATH\CodeIgniter.php(499): CodeIgniter\CodeIgniter->runController(Object(App\Controllers\OrderController))
 8 SYSTEMPATH\CodeIgniter.php(368): CodeIgniter\CodeIgniter->handleRequest(null, Object(Config\Cache), false)
 9 FCPATH\index.php(67): CodeIgniter\CodeIgniter->run()
10 SYSTEMPATH\Commands\Server\rewrite.php(47): require_once('FCPATH\\index.php')
CRITICAL - 2023-08-14 06:26:48 --> Undefined array key "qr_code"
in APPPATH\Views\Order\order_details.php on line 26.
 1 APPPATH\Views\Order\order_details.php(26): CodeIgniter\Debug\Exceptions->errorHandler(2, 'Undefined array key "qr_code"', 'APPPATH\\Views\\Order\\order_details.php', 26)
 2 SYSTEMPATH\View\View.php(213): include('APPPATH\\Views\\Order\\order_details.php')
 3 SYSTEMPATH\View\View.php(216): CodeIgniter\View\View->CodeIgniter\View\{closure}()
 4 SYSTEMPATH\Common.php(1184): CodeIgniter\View\View->render('order/order_details', [], true)
 5 APPPATH\Controllers\OrderController.php(58): view('order/order_details', [...])
 6 SYSTEMPATH\CodeIgniter.php(934): App\Controllers\OrderController->index()
 7 SYSTEMPATH\CodeIgniter.php(499): CodeIgniter\CodeIgniter->runController(Object(App\Controllers\OrderController))
 8 SYSTEMPATH\CodeIgniter.php(368): CodeIgniter\CodeIgniter->handleRequest(null, Object(Config\Cache), false)
 9 FCPATH\index.php(67): CodeIgniter\CodeIgniter->run()
10 SYSTEMPATH\Commands\Server\rewrite.php(47): require_once('FCPATH\\index.php')
CRITICAL - 2023-08-14 06:26:50 --> Undefined array key "qr_code"
in APPPATH\Views\Order\order_details.php on line 26.
 1 APPPATH\Views\Order\order_details.php(26): CodeIgniter\Debug\Exceptions->errorHandler(2, 'Undefined array key "qr_code"', 'APPPATH\\Views\\Order\\order_details.php', 26)
 2 SYSTEMPATH\View\View.php(213): include('APPPATH\\Views\\Order\\order_details.php')
 3 SYSTEMPATH\View\View.php(216): CodeIgniter\View\View->CodeIgniter\View\{closure}()
 4 SYSTEMPATH\Common.php(1184): CodeIgniter\View\View->render('order/order_details', [], true)
 5 APPPATH\Controllers\OrderController.php(58): view('order/order_details', [...])
 6 SYSTEMPATH\CodeIgniter.php(934): App\Controllers\OrderController->index()
 7 SYSTEMPATH\CodeIgniter.php(499): CodeIgniter\CodeIgniter->runController(Object(App\Controllers\OrderController))
 8 SYSTEMPATH\CodeIgniter.php(368): CodeIgniter\CodeIgniter->handleRequest(null, Object(Config\Cache), false)
 9 FCPATH\index.php(67): CodeIgniter\CodeIgniter->run()
10 SYSTEMPATH\Commands\Server\rewrite.php(47): require_once('FCPATH\\index.php')
CRITICAL - 2023-08-14 06:26:59 --> Cannot access offset of type string on string
in APPPATH\Controllers\OrderController.php on line 51.
 1 SYSTEMPATH\CodeIgniter.php(934): App\Controllers\OrderController->index()
 2 SYSTEMPATH\CodeIgniter.php(499): CodeIgniter\CodeIgniter->runController(Object(App\Controllers\OrderController))
 3 SYSTEMPATH\CodeIgniter.php(368): CodeIgniter\CodeIgniter->handleRequest(null, Object(Config\Cache), false)
 4 FCPATH\index.php(67): CodeIgniter\CodeIgniter->run()
 5 SYSTEMPATH\Commands\Server\rewrite.php(47): require_once('FCPATH\\index.php')
CRITICAL - 2023-08-14 06:27:03 --> Cannot access offset of type string on string
in APPPATH\Controllers\OrderController.php on line 51.
 1 SYSTEMPATH\CodeIgniter.php(934): App\Controllers\OrderController->index()
 2 SYSTEMPATH\CodeIgniter.php(499): CodeIgniter\CodeIgniter->runController(Object(App\Controllers\OrderController))
 3 SYSTEMPATH\CodeIgniter.php(368): CodeIgniter\CodeIgniter->handleRequest(null, Object(Config\Cache), false)
 4 FCPATH\index.php(67): CodeIgniter\CodeIgniter->run()
 5 SYSTEMPATH\Commands\Server\rewrite.php(47): require_once('FCPATH\\index.php')
CRITICAL - 2023-08-14 06:27:03 --> Cannot access offset of type string on string
in APPPATH\Controllers\OrderController.php on line 51.
 1 SYSTEMPATH\CodeIgniter.php(934): App\Controllers\OrderController->index()
 2 SYSTEMPATH\CodeIgniter.php(499): CodeIgniter\CodeIgniter->runController(Object(App\Controllers\OrderController))
 3 SYSTEMPATH\CodeIgniter.php(368): CodeIgniter\CodeIgniter->handleRequest(null, Object(Config\Cache), false)
 4 FCPATH\index.php(67): CodeIgniter\CodeIgniter->run()
 5 SYSTEMPATH\Commands\Server\rewrite.php(47): require_once('FCPATH\\index.php')
CRITICAL - 2023-08-14 06:28:07 --> Undefined array key "qr_code"
in APPPATH\Views\Order\order_details.php on line 26.
 1 APPPATH\Views\Order\order_details.php(26): CodeIgniter\Debug\Exceptions->errorHandler(2, 'Undefined array key "qr_code"', 'APPPATH\\Views\\Order\\order_details.php', 26)
 2 SYSTEMPATH\View\View.php(213): include('APPPATH\\Views\\Order\\order_details.php')
 3 SYSTEMPATH\View\View.php(216): CodeIgniter\View\View->CodeIgniter\View\{closure}()
 4 SYSTEMPATH\Common.php(1184): CodeIgniter\View\View->render('order/order_details', [], true)
 5 APPPATH\Controllers\OrderController.php(48): view('order/order_details', [...])
 6 SYSTEMPATH\CodeIgniter.php(934): App\Controllers\OrderController->index()
 7 SYSTEMPATH\CodeIgniter.php(499): CodeIgniter\CodeIgniter->runController(Object(App\Controllers\OrderController))
 8 SYSTEMPATH\CodeIgniter.php(368): CodeIgniter\CodeIgniter->handleRequest(null, Object(Config\Cache), false)
 9 FCPATH\index.php(67): CodeIgniter\CodeIgniter->run()
10 SYSTEMPATH\Commands\Server\rewrite.php(47): require_once('FCPATH\\index.php')
CRITICAL - 2023-08-14 06:28:22 --> require_once(C:\xampp\htdocs\New folder\Darwin_Jewels\backend\public\vendor/autoload.php): Failed to open stream: No such file or directory
in FCPATH\index.php on line 68.
 1 FCPATH\index.php(68): CodeIgniter\Debug\Exceptions->errorHandler(2, 'require_once(C:\\xampp\\htdocs\\New folder\\Darwin_Jewels\\backend\\public\\vendor/autoload.php): Failed to open stream: No such file or directory', 'FCPATH\\index.php', 68)
 2 FCPATH\index.php(68): require_once()
 3 SYSTEMPATH\Commands\Server\rewrite.php(47): require_once('FCPATH\\index.php')
CRITICAL - 2023-08-14 06:28:22 --> require_once(C:\xampp\htdocs\New folder\Darwin_Jewels\backend\public\vendor/autoload.php): Failed to open stream: No such file or directory
in FCPATH\index.php on line 68.
 1 FCPATH\index.php(68): CodeIgniter\Debug\Exceptions->errorHandler(2, 'require_once(C:\\xampp\\htdocs\\New folder\\Darwin_Jewels\\backend\\public\\vendor/autoload.php): Failed to open stream: No such file or directory', 'FCPATH\\index.php', 68)
 2 FCPATH\index.php(68): require_once()
 3 SYSTEMPATH\Commands\Server\rewrite.php(47): require_once('FCPATH\\index.php')
CRITICAL - 2023-08-14 06:28:23 --> require_once(C:\xampp\htdocs\New folder\Darwin_Jewels\backend\public\vendor/autoload.php): Failed to open stream: No such file or directory
in FCPATH\index.php on line 68.
 1 FCPATH\index.php(68): CodeIgniter\Debug\Exceptions->errorHandler(2, 'require_once(C:\\xampp\\htdocs\\New folder\\Darwin_Jewels\\backend\\public\\vendor/autoload.php): Failed to open stream: No such file or directory', 'FCPATH\\index.php', 68)
 2 FCPATH\index.php(68): require_once()
 3 SYSTEMPATH\Commands\Server\rewrite.php(47): require_once('FCPATH\\index.php')
CRITICAL - 2023-08-14 06:28:23 --> require_once(C:\xampp\htdocs\New folder\Darwin_Jewels\backend\public\vendor/autoload.php): Failed to open stream: No such file or directory
in FCPATH\index.php on line 68.
 1 FCPATH\index.php(68): CodeIgniter\Debug\Exceptions->errorHandler(2, 'require_once(C:\\xampp\\htdocs\\New folder\\Darwin_Jewels\\backend\\public\\vendor/autoload.php): Failed to open stream: No such file or directory', 'FCPATH\\index.php', 68)
 2 FCPATH\index.php(68): require_once()
 3 SYSTEMPATH\Commands\Server\rewrite.php(47): require_once('FCPATH\\index.php')
