CRITICAL - 2023-07-17 04:39:09 --> Undefined variable $categories
in APPPATH\Views\Product\list.php on line 45.
 1 APPPATH\Views\Product\list.php(45): CodeIgniter\Debug\Exceptions->errorHandler(2, 'Undefined variable $categories', 'APPPATH\\Views\\Product\\list.php', 45)
 2 SYSTEMPATH\View\View.php(213): include('APPPATH\\Views\\Product\\list.php')
 3 SYSTEMPATH\View\View.php(216): CodeIgniter\View\View->CodeIgniter\View\{closure}()
 4 SYSTEMPATH\Common.php(1184): CodeIgniter\View\View->render('Product/list', [], true)
 5 APPPATH\Controllers\ProductController.php(290): view('Product/list')
 6 SYSTEMPATH\CodeIgniter.php(934): App\Controllers\ProductController->index()
 7 SYSTEMPATH\CodeIgniter.php(499): CodeIgniter\CodeIgniter->runController(Object(App\Controllers\ProductController))
 8 SYSTEMPATH\CodeIgniter.php(368): CodeIgniter\CodeIgniter->handleRequest(null, Object(Config\Cache), false)
 9 FCPATH\index.php(67): CodeIgniter\CodeIgniter->run()
10 SYSTEMPATH\Commands\Server\rewrite.php(47): require_once('FCPATH\\index.php')
CRITICAL - 2023-07-17 04:43:18 --> unlink(C:\xampp\htdocs\New folder\Darwin_Jewels\backend\public/uploads/): Is a directory
in APPPATH\Controllers\ProductController.php on line 370.
 1 [internal function]: CodeIgniter\Debug\Exceptions->errorHandler(2, 'unlink(C:\\xampp\\htdocs\\New folder\\Darwin_Jewels\\backend\\public/uploads/): Is a directory', 'APPPATH\\Controllers\\ProductController.php', 370)
 2 APPPATH\Controllers\ProductController.php(370): unlink('FCPATH\\uploads')
 3 SYSTEMPATH\CodeIgniter.php(934): App\Controllers\ProductController->saveProduct()
 4 SYSTEMPATH\CodeIgniter.php(499): CodeIgniter\CodeIgniter->runController(Object(App\Controllers\ProductController))
 5 SYSTEMPATH\CodeIgniter.php(368): CodeIgniter\CodeIgniter->handleRequest(null, Object(Config\Cache), false)
 6 FCPATH\index.php(67): CodeIgniter\CodeIgniter->run()
 7 SYSTEMPATH\Commands\Server\rewrite.php(47): require_once('FCPATH\\index.php')
CRITICAL - 2023-07-17 04:43:19 --> unlink(C:\xampp\htdocs\New folder\Darwin_Jewels\backend\public/uploads/): Is a directory
in APPPATH\Controllers\ProductController.php on line 370.
 1 [internal function]: CodeIgniter\Debug\Exceptions->errorHandler(2, 'unlink(C:\\xampp\\htdocs\\New folder\\Darwin_Jewels\\backend\\public/uploads/): Is a directory', 'APPPATH\\Controllers\\ProductController.php', 370)
 2 APPPATH\Controllers\ProductController.php(370): unlink('FCPATH\\uploads')
 3 SYSTEMPATH\CodeIgniter.php(934): App\Controllers\ProductController->saveProduct()
 4 SYSTEMPATH\CodeIgniter.php(499): CodeIgniter\CodeIgniter->runController(Object(App\Controllers\ProductController))
 5 SYSTEMPATH\CodeIgniter.php(368): CodeIgniter\CodeIgniter->handleRequest(null, Object(Config\Cache), false)
 6 FCPATH\index.php(67): CodeIgniter\CodeIgniter->run()
 7 SYSTEMPATH\Commands\Server\rewrite.php(47): require_once('FCPATH\\index.php')
CRITICAL - 2023-07-17 04:43:30 --> unlink(C:\xampp\htdocs\New folder\Darwin_Jewels\backend\public/uploads/): Is a directory
in APPPATH\Controllers\ProductController.php on line 370.
 1 [internal function]: CodeIgniter\Debug\Exceptions->errorHandler(2, 'unlink(C:\\xampp\\htdocs\\New folder\\Darwin_Jewels\\backend\\public/uploads/): Is a directory', 'APPPATH\\Controllers\\ProductController.php', 370)
 2 APPPATH\Controllers\ProductController.php(370): unlink('FCPATH\\uploads')
 3 SYSTEMPATH\CodeIgniter.php(934): App\Controllers\ProductController->saveProduct()
 4 SYSTEMPATH\CodeIgniter.php(499): CodeIgniter\CodeIgniter->runController(Object(App\Controllers\ProductController))
 5 SYSTEMPATH\CodeIgniter.php(368): CodeIgniter\CodeIgniter->handleRequest(null, Object(Config\Cache), false)
 6 FCPATH\index.php(67): CodeIgniter\CodeIgniter->run()
 7 SYSTEMPATH\Commands\Server\rewrite.php(47): require_once('FCPATH\\index.php')
CRITICAL - 2023-07-17 04:44:00 --> unlink(C:\xampp\htdocs\New folder\Darwin_Jewels\backend\public/uploads/): Is a directory
in APPPATH\Controllers\ProductController.php on line 370.
 1 [internal function]: CodeIgniter\Debug\Exceptions->errorHandler(2, 'unlink(C:\\xampp\\htdocs\\New folder\\Darwin_Jewels\\backend\\public/uploads/): Is a directory', 'APPPATH\\Controllers\\ProductController.php', 370)
 2 APPPATH\Controllers\ProductController.php(370): unlink('FCPATH\\uploads')
 3 SYSTEMPATH\CodeIgniter.php(934): App\Controllers\ProductController->saveProduct()
 4 SYSTEMPATH\CodeIgniter.php(499): CodeIgniter\CodeIgniter->runController(Object(App\Controllers\ProductController))
 5 SYSTEMPATH\CodeIgniter.php(368): CodeIgniter\CodeIgniter->handleRequest(null, Object(Config\Cache), false)
 6 FCPATH\index.php(67): CodeIgniter\CodeIgniter->run()
 7 SYSTEMPATH\Commands\Server\rewrite.php(47): require_once('FCPATH\\index.php')
CRITICAL - 2023-07-17 04:44:37 --> unlink(C:\xampp\htdocs\New folder\Darwin_Jewels\backend\public/uploads/): Is a directory
in APPPATH\Controllers\ProductController.php on line 370.
 1 [internal function]: CodeIgniter\Debug\Exceptions->errorHandler(2, 'unlink(C:\\xampp\\htdocs\\New folder\\Darwin_Jewels\\backend\\public/uploads/): Is a directory', 'APPPATH\\Controllers\\ProductController.php', 370)
 2 APPPATH\Controllers\ProductController.php(370): unlink('FCPATH\\uploads')
 3 SYSTEMPATH\CodeIgniter.php(934): App\Controllers\ProductController->saveProduct()
 4 SYSTEMPATH\CodeIgniter.php(499): CodeIgniter\CodeIgniter->runController(Object(App\Controllers\ProductController))
 5 SYSTEMPATH\CodeIgniter.php(368): CodeIgniter\CodeIgniter->handleRequest(null, Object(Config\Cache), false)
 6 FCPATH\index.php(67): CodeIgniter\CodeIgniter->run()
 7 SYSTEMPATH\Commands\Server\rewrite.php(47): require_once('FCPATH\\index.php')
CRITICAL - 2023-07-17 04:44:39 --> unlink(C:\xampp\htdocs\New folder\Darwin_Jewels\backend\public/uploads/): Is a directory
in APPPATH\Controllers\ProductController.php on line 370.
 1 [internal function]: CodeIgniter\Debug\Exceptions->errorHandler(2, 'unlink(C:\\xampp\\htdocs\\New folder\\Darwin_Jewels\\backend\\public/uploads/): Is a directory', 'APPPATH\\Controllers\\ProductController.php', 370)
 2 APPPATH\Controllers\ProductController.php(370): unlink('FCPATH\\uploads')
 3 SYSTEMPATH\CodeIgniter.php(934): App\Controllers\ProductController->saveProduct()
 4 SYSTEMPATH\CodeIgniter.php(499): CodeIgniter\CodeIgniter->runController(Object(App\Controllers\ProductController))
 5 SYSTEMPATH\CodeIgniter.php(368): CodeIgniter\CodeIgniter->handleRequest(null, Object(Config\Cache), false)
 6 FCPATH\index.php(67): CodeIgniter\CodeIgniter->run()
 7 SYSTEMPATH\Commands\Server\rewrite.php(47): require_once('FCPATH\\index.php')
CRITICAL - 2023-07-17 04:44:39 --> unlink(C:\xampp\htdocs\New folder\Darwin_Jewels\backend\public/uploads/): Is a directory
in APPPATH\Controllers\ProductController.php on line 370.
 1 [internal function]: CodeIgniter\Debug\Exceptions->errorHandler(2, 'unlink(C:\\xampp\\htdocs\\New folder\\Darwin_Jewels\\backend\\public/uploads/): Is a directory', 'APPPATH\\Controllers\\ProductController.php', 370)
 2 APPPATH\Controllers\ProductController.php(370): unlink('FCPATH\\uploads')
 3 SYSTEMPATH\CodeIgniter.php(934): App\Controllers\ProductController->saveProduct()
 4 SYSTEMPATH\CodeIgniter.php(499): CodeIgniter\CodeIgniter->runController(Object(App\Controllers\ProductController))
 5 SYSTEMPATH\CodeIgniter.php(368): CodeIgniter\CodeIgniter->handleRequest(null, Object(Config\Cache), false)
 6 FCPATH\index.php(67): CodeIgniter\CodeIgniter->run()
 7 SYSTEMPATH\Commands\Server\rewrite.php(47): require_once('FCPATH\\index.php')
CRITICAL - 2023-07-17 04:44:39 --> unlink(C:\xampp\htdocs\New folder\Darwin_Jewels\backend\public/uploads/): Is a directory
in APPPATH\Controllers\ProductController.php on line 370.
 1 [internal function]: CodeIgniter\Debug\Exceptions->errorHandler(2, 'unlink(C:\\xampp\\htdocs\\New folder\\Darwin_Jewels\\backend\\public/uploads/): Is a directory', 'APPPATH\\Controllers\\ProductController.php', 370)
 2 APPPATH\Controllers\ProductController.php(370): unlink('FCPATH\\uploads')
 3 SYSTEMPATH\CodeIgniter.php(934): App\Controllers\ProductController->saveProduct()
 4 SYSTEMPATH\CodeIgniter.php(499): CodeIgniter\CodeIgniter->runController(Object(App\Controllers\ProductController))
 5 SYSTEMPATH\CodeIgniter.php(368): CodeIgniter\CodeIgniter->handleRequest(null, Object(Config\Cache), false)
 6 FCPATH\index.php(67): CodeIgniter\CodeIgniter->run()
 7 SYSTEMPATH\Commands\Server\rewrite.php(47): require_once('FCPATH\\index.php')
CRITICAL - 2023-07-17 04:44:39 --> unlink(C:\xampp\htdocs\New folder\Darwin_Jewels\backend\public/uploads/): Is a directory
in APPPATH\Controllers\ProductController.php on line 370.
 1 [internal function]: CodeIgniter\Debug\Exceptions->errorHandler(2, 'unlink(C:\\xampp\\htdocs\\New folder\\Darwin_Jewels\\backend\\public/uploads/): Is a directory', 'APPPATH\\Controllers\\ProductController.php', 370)
 2 APPPATH\Controllers\ProductController.php(370): unlink('FCPATH\\uploads')
 3 SYSTEMPATH\CodeIgniter.php(934): App\Controllers\ProductController->saveProduct()
 4 SYSTEMPATH\CodeIgniter.php(499): CodeIgniter\CodeIgniter->runController(Object(App\Controllers\ProductController))
 5 SYSTEMPATH\CodeIgniter.php(368): CodeIgniter\CodeIgniter->handleRequest(null, Object(Config\Cache), false)
 6 FCPATH\index.php(67): CodeIgniter\CodeIgniter->run()
 7 SYSTEMPATH\Commands\Server\rewrite.php(47): require_once('FCPATH\\index.php')
CRITICAL - 2023-07-17 04:44:39 --> unlink(C:\xampp\htdocs\New folder\Darwin_Jewels\backend\public/uploads/): Is a directory
in APPPATH\Controllers\ProductController.php on line 370.
 1 [internal function]: CodeIgniter\Debug\Exceptions->errorHandler(2, 'unlink(C:\\xampp\\htdocs\\New folder\\Darwin_Jewels\\backend\\public/uploads/): Is a directory', 'APPPATH\\Controllers\\ProductController.php', 370)
 2 APPPATH\Controllers\ProductController.php(370): unlink('FCPATH\\uploads')
 3 SYSTEMPATH\CodeIgniter.php(934): App\Controllers\ProductController->saveProduct()
 4 SYSTEMPATH\CodeIgniter.php(499): CodeIgniter\CodeIgniter->runController(Object(App\Controllers\ProductController))
 5 SYSTEMPATH\CodeIgniter.php(368): CodeIgniter\CodeIgniter->handleRequest(null, Object(Config\Cache), false)
 6 FCPATH\index.php(67): CodeIgniter\CodeIgniter->run()
 7 SYSTEMPATH\Commands\Server\rewrite.php(47): require_once('FCPATH\\index.php')
CRITICAL - 2023-07-17 04:45:39 --> unlink(C:\xampp\htdocs\New folder\Darwin_Jewels\backend\public/uploads/): Is a directory
in APPPATH\Controllers\ProductController.php on line 367.
 1 [internal function]: CodeIgniter\Debug\Exceptions->errorHandler(2, 'unlink(C:\\xampp\\htdocs\\New folder\\Darwin_Jewels\\backend\\public/uploads/): Is a directory', 'APPPATH\\Controllers\\ProductController.php', 367)
 2 APPPATH\Controllers\ProductController.php(367): unlink('FCPATH\\uploads')
 3 SYSTEMPATH\CodeIgniter.php(934): App\Controllers\ProductController->saveProduct()
 4 SYSTEMPATH\CodeIgniter.php(499): CodeIgniter\CodeIgniter->runController(Object(App\Controllers\ProductController))
 5 SYSTEMPATH\CodeIgniter.php(368): CodeIgniter\CodeIgniter->handleRequest(null, Object(Config\Cache), false)
 6 FCPATH\index.php(67): CodeIgniter\CodeIgniter->run()
 7 SYSTEMPATH\Commands\Server\rewrite.php(47): require_once('FCPATH\\index.php')
CRITICAL - 2023-07-17 04:45:40 --> unlink(C:\xampp\htdocs\New folder\Darwin_Jewels\backend\public/uploads/): Is a directory
in APPPATH\Controllers\ProductController.php on line 367.
 1 [internal function]: CodeIgniter\Debug\Exceptions->errorHandler(2, 'unlink(C:\\xampp\\htdocs\\New folder\\Darwin_Jewels\\backend\\public/uploads/): Is a directory', 'APPPATH\\Controllers\\ProductController.php', 367)
 2 APPPATH\Controllers\ProductController.php(367): unlink('FCPATH\\uploads')
 3 SYSTEMPATH\CodeIgniter.php(934): App\Controllers\ProductController->saveProduct()
 4 SYSTEMPATH\CodeIgniter.php(499): CodeIgniter\CodeIgniter->runController(Object(App\Controllers\ProductController))
 5 SYSTEMPATH\CodeIgniter.php(368): CodeIgniter\CodeIgniter->handleRequest(null, Object(Config\Cache), false)
 6 FCPATH\index.php(67): CodeIgniter\CodeIgniter->run()
 7 SYSTEMPATH\Commands\Server\rewrite.php(47): require_once('FCPATH\\index.php')
CRITICAL - 2023-07-17 04:45:40 --> unlink(C:\xampp\htdocs\New folder\Darwin_Jewels\backend\public/uploads/): Is a directory
in APPPATH\Controllers\ProductController.php on line 367.
 1 [internal function]: CodeIgniter\Debug\Exceptions->errorHandler(2, 'unlink(C:\\xampp\\htdocs\\New folder\\Darwin_Jewels\\backend\\public/uploads/): Is a directory', 'APPPATH\\Controllers\\ProductController.php', 367)
 2 APPPATH\Controllers\ProductController.php(367): unlink('FCPATH\\uploads')
 3 SYSTEMPATH\CodeIgniter.php(934): App\Controllers\ProductController->saveProduct()
 4 SYSTEMPATH\CodeIgniter.php(499): CodeIgniter\CodeIgniter->runController(Object(App\Controllers\ProductController))
 5 SYSTEMPATH\CodeIgniter.php(368): CodeIgniter\CodeIgniter->handleRequest(null, Object(Config\Cache), false)
 6 FCPATH\index.php(67): CodeIgniter\CodeIgniter->run()
 7 SYSTEMPATH\Commands\Server\rewrite.php(47): require_once('FCPATH\\index.php')
CRITICAL - 2023-07-17 04:45:41 --> unlink(C:\xampp\htdocs\New folder\Darwin_Jewels\backend\public/uploads/): Is a directory
in APPPATH\Controllers\ProductController.php on line 367.
 1 [internal function]: CodeIgniter\Debug\Exceptions->errorHandler(2, 'unlink(C:\\xampp\\htdocs\\New folder\\Darwin_Jewels\\backend\\public/uploads/): Is a directory', 'APPPATH\\Controllers\\ProductController.php', 367)
 2 APPPATH\Controllers\ProductController.php(367): unlink('FCPATH\\uploads')
 3 SYSTEMPATH\CodeIgniter.php(934): App\Controllers\ProductController->saveProduct()
 4 SYSTEMPATH\CodeIgniter.php(499): CodeIgniter\CodeIgniter->runController(Object(App\Controllers\ProductController))
 5 SYSTEMPATH\CodeIgniter.php(368): CodeIgniter\CodeIgniter->handleRequest(null, Object(Config\Cache), false)
 6 FCPATH\index.php(67): CodeIgniter\CodeIgniter->run()
 7 SYSTEMPATH\Commands\Server\rewrite.php(47): require_once('FCPATH\\index.php')
CRITICAL - 2023-07-17 04:45:54 --> unlink(C:\xampp\htdocs\New folder\Darwin_Jewels\backend\public/uploads/): Is a directory
in APPPATH\Controllers\ProductController.php on line 367.
 1 [internal function]: CodeIgniter\Debug\Exceptions->errorHandler(2, 'unlink(C:\\xampp\\htdocs\\New folder\\Darwin_Jewels\\backend\\public/uploads/): Is a directory', 'APPPATH\\Controllers\\ProductController.php', 367)
 2 APPPATH\Controllers\ProductController.php(367): unlink('FCPATH\\uploads')
 3 SYSTEMPATH\CodeIgniter.php(934): App\Controllers\ProductController->saveProduct()
 4 SYSTEMPATH\CodeIgniter.php(499): CodeIgniter\CodeIgniter->runController(Object(App\Controllers\ProductController))
 5 SYSTEMPATH\CodeIgniter.php(368): CodeIgniter\CodeIgniter->handleRequest(null, Object(Config\Cache), false)
 6 FCPATH\index.php(67): CodeIgniter\CodeIgniter->run()
 7 SYSTEMPATH\Commands\Server\rewrite.php(47): require_once('FCPATH\\index.php')
CRITICAL - 2023-07-17 05:28:52 --> Trait "App\Controllers\CodeIgniter\HTTP\Files\UploadedFile" not found
in APPPATH\Controllers\ProductController.php on line 8.
 1 [internal function]: CodeIgniter\Debug\Exceptions->shutdownHandler()
