CRITICAL - 2023-08-04 09:58:29 --> Undefined variable $orders
in APPPATH\Views\Order\order_details.php on line 19.
 1 APPPATH\Views\Order\order_details.php(19): CodeIgniter\Debug\Exceptions->errorHandler(2, 'Undefined variable $orders', 'APPPATH\\Views\\Order\\order_details.php', 19)
 2 SYSTEMPATH\View\View.php(213): include('APPPATH\\Views\\Order\\order_details.php')
 3 SYSTEMPATH\View\View.php(216): CodeIgniter\View\View->CodeIgniter\View\{closure}()
 4 SYSTEMPATH\Common.php(1184): CodeIgniter\View\View->render('Order/order_details', [], true)
 5 APPPATH\Controllers\OrderController.php(29): view('Order/order_details', [...])
 6 SYSTEMPATH\CodeIgniter.php(934): App\Controllers\OrderController->index()
 7 SYSTEMPATH\CodeIgniter.php(499): CodeIgniter\CodeIgniter->runController(Object(App\Controllers\OrderController))
 8 SYSTEMPATH\CodeIgniter.php(368): CodeIgniter\CodeIgniter->handleRequest(null, Object(Config\Cache), false)
 9 FCPATH\index.php(67): CodeIgniter\CodeIgniter->run()
10 SYSTEMPATH\Commands\Server\rewrite.php(47): require_once('FCPATH\\index.php')
CRITICAL - 2023-08-04 10:45:45 --> Undefined variable $orders
in APPPATH\Views\Order\order_details.php on line 19.
 1 APPPATH\Views\Order\order_details.php(19): CodeIgniter\Debug\Exceptions->errorHandler(2, 'Undefined variable $orders', 'APPPATH\\Views\\Order\\order_details.php', 19)
 2 SYSTEMPATH\View\View.php(213): include('APPPATH\\Views\\Order\\order_details.php')
 3 SYSTEMPATH\View\View.php(216): CodeIgniter\View\View->CodeIgniter\View\{closure}()
 4 SYSTEMPATH\Common.php(1184): CodeIgniter\View\View->render('Order/order_details', [], true)
 5 APPPATH\Controllers\OrderController.php(29): view('Order/order_details', [...])
 6 SYSTEMPATH\CodeIgniter.php(934): App\Controllers\OrderController->index()
 7 SYSTEMPATH\CodeIgniter.php(499): CodeIgniter\CodeIgniter->runController(Object(App\Controllers\OrderController))
 8 SYSTEMPATH\CodeIgniter.php(368): CodeIgniter\CodeIgniter->handleRequest(null, Object(Config\Cache), false)
 9 FCPATH\index.php(67): CodeIgniter\CodeIgniter->run()
10 SYSTEMPATH\Commands\Server\rewrite.php(47): require_once('FCPATH\\index.php')
CRITICAL - 2023-08-04 12:03:31 --> Undefined property: App\Controllers\OrderController::$input
in APPPATH\Controllers\OrderController.php on line 40.
 1 APPPATH\Controllers\OrderController.php(40): CodeIgniter\Debug\Exceptions->errorHandler(2, 'Undefined property: App\\Controllers\\OrderController::$input', 'APPPATH\\Controllers\\OrderController.php', 40)
 2 SYSTEMPATH\CodeIgniter.php(934): App\Controllers\OrderController->update_order_status()
 3 SYSTEMPATH\CodeIgniter.php(499): CodeIgniter\CodeIgniter->runController(Object(App\Controllers\OrderController))
 4 SYSTEMPATH\CodeIgniter.php(368): CodeIgniter\CodeIgniter->handleRequest(null, Object(Config\Cache), false)
 5 FCPATH\index.php(67): CodeIgniter\CodeIgniter->run()
 6 SYSTEMPATH\Commands\Server\rewrite.php(47): require_once('FCPATH\\index.php')
CRITICAL - 2023-08-04 12:03:36 --> Undefined property: App\Controllers\OrderController::$input
in APPPATH\Controllers\OrderController.php on line 40.
 1 APPPATH\Controllers\OrderController.php(40): CodeIgniter\Debug\Exceptions->errorHandler(2, 'Undefined property: App\\Controllers\\OrderController::$input', 'APPPATH\\Controllers\\OrderController.php', 40)
 2 SYSTEMPATH\CodeIgniter.php(934): App\Controllers\OrderController->update_order_status()
 3 SYSTEMPATH\CodeIgniter.php(499): CodeIgniter\CodeIgniter->runController(Object(App\Controllers\OrderController))
 4 SYSTEMPATH\CodeIgniter.php(368): CodeIgniter\CodeIgniter->handleRequest(null, Object(Config\Cache), false)
 5 FCPATH\index.php(67): CodeIgniter\CodeIgniter->run()
 6 SYSTEMPATH\Commands\Server\rewrite.php(47): require_once('FCPATH\\index.php')
CRITICAL - 2023-08-04 12:04:05 --> Undefined property: App\Controllers\OrderController::$input
in APPPATH\Controllers\OrderController.php on line 40.
 1 APPPATH\Controllers\OrderController.php(40): CodeIgniter\Debug\Exceptions->errorHandler(2, 'Undefined property: App\\Controllers\\OrderController::$input', 'APPPATH\\Controllers\\OrderController.php', 40)
 2 SYSTEMPATH\CodeIgniter.php(934): App\Controllers\OrderController->update_order_status()
 3 SYSTEMPATH\CodeIgniter.php(499): CodeIgniter\CodeIgniter->runController(Object(App\Controllers\OrderController))
 4 SYSTEMPATH\CodeIgniter.php(368): CodeIgniter\CodeIgniter->handleRequest(null, Object(Config\Cache), false)
 5 FCPATH\index.php(67): CodeIgniter\CodeIgniter->run()
 6 SYSTEMPATH\Commands\Server\rewrite.php(47): require_once('FCPATH\\index.php')
CRITICAL - 2023-08-04 12:06:36 --> Undefined property: App\Controllers\OrderController::$input
in APPPATH\Controllers\OrderController.php on line 40.
 1 APPPATH\Controllers\OrderController.php(40): CodeIgniter\Debug\Exceptions->errorHandler(2, 'Undefined property: App\\Controllers\\OrderController::$input', 'APPPATH\\Controllers\\OrderController.php', 40)
 2 SYSTEMPATH\CodeIgniter.php(934): App\Controllers\OrderController->update_order_status()
 3 SYSTEMPATH\CodeIgniter.php(499): CodeIgniter\CodeIgniter->runController(Object(App\Controllers\OrderController))
 4 SYSTEMPATH\CodeIgniter.php(368): CodeIgniter\CodeIgniter->handleRequest(null, Object(Config\Cache), false)
 5 FCPATH\index.php(67): CodeIgniter\CodeIgniter->run()
 6 SYSTEMPATH\Commands\Server\rewrite.php(47): require_once('FCPATH\\index.php')
CRITICAL - 2023-08-04 12:10:01 --> Undefined property: App\Controllers\OrderController::$input
in APPPATH\Controllers\OrderController.php on line 44.
 1 APPPATH\Controllers\OrderController.php(44): CodeIgniter\Debug\Exceptions->errorHandler(2, 'Undefined property: App\\Controllers\\OrderController::$input', 'APPPATH\\Controllers\\OrderController.php', 44)
 2 SYSTEMPATH\CodeIgniter.php(934): App\Controllers\OrderController->update_order_status()
 3 SYSTEMPATH\CodeIgniter.php(499): CodeIgniter\CodeIgniter->runController(Object(App\Controllers\OrderController))
 4 SYSTEMPATH\CodeIgniter.php(368): CodeIgniter\CodeIgniter->handleRequest(null, Object(Config\Cache), false)
 5 FCPATH\index.php(67): CodeIgniter\CodeIgniter->run()
 6 SYSTEMPATH\Commands\Server\rewrite.php(47): require_once('FCPATH\\index.php')
CRITICAL - 2023-08-04 12:12:18 --> Undefined property: App\Controllers\OrderController::$input
in APPPATH\Controllers\OrderController.php on line 44.
 1 APPPATH\Controllers\OrderController.php(44): CodeIgniter\Debug\Exceptions->errorHandler(2, 'Undefined property: App\\Controllers\\OrderController::$input', 'APPPATH\\Controllers\\OrderController.php', 44)
 2 SYSTEMPATH\CodeIgniter.php(934): App\Controllers\OrderController->update_order_status()
 3 SYSTEMPATH\CodeIgniter.php(499): CodeIgniter\CodeIgniter->runController(Object(App\Controllers\OrderController))
 4 SYSTEMPATH\CodeIgniter.php(368): CodeIgniter\CodeIgniter->handleRequest(null, Object(Config\Cache), false)
 5 FCPATH\index.php(67): CodeIgniter\CodeIgniter->run()
 6 SYSTEMPATH\Commands\Server\rewrite.php(47): require_once('FCPATH\\index.php')
CRITICAL - 2023-08-04 12:13:06 --> Undefined property: App\Controllers\OrderController::$input
in APPPATH\Controllers\OrderController.php on line 44.
 1 APPPATH\Controllers\OrderController.php(44): CodeIgniter\Debug\Exceptions->errorHandler(2, 'Undefined property: App\\Controllers\\OrderController::$input', 'APPPATH\\Controllers\\OrderController.php', 44)
 2 SYSTEMPATH\CodeIgniter.php(934): App\Controllers\OrderController->update_order_status()
 3 SYSTEMPATH\CodeIgniter.php(499): CodeIgniter\CodeIgniter->runController(Object(App\Controllers\OrderController))
 4 SYSTEMPATH\CodeIgniter.php(368): CodeIgniter\CodeIgniter->handleRequest(null, Object(Config\Cache), false)
 5 FCPATH\index.php(67): CodeIgniter\CodeIgniter->run()
 6 SYSTEMPATH\Commands\Server\rewrite.php(47): require_once('FCPATH\\index.php')
CRITICAL - 2023-08-04 12:32:34 --> Undefined property: App\Controllers\OrderController::$input
in APPPATH\Controllers\OrderController.php on line 44.
 1 APPPATH\Controllers\OrderController.php(44): CodeIgniter\Debug\Exceptions->errorHandler(2, 'Undefined property: App\\Controllers\\OrderController::$input', 'APPPATH\\Controllers\\OrderController.php', 44)
 2 SYSTEMPATH\CodeIgniter.php(934): App\Controllers\OrderController->update_order_status()
 3 SYSTEMPATH\CodeIgniter.php(499): CodeIgniter\CodeIgniter->runController(Object(App\Controllers\OrderController))
 4 SYSTEMPATH\CodeIgniter.php(368): CodeIgniter\CodeIgniter->handleRequest(null, Object(Config\Cache), false)
 5 FCPATH\index.php(67): CodeIgniter\CodeIgniter->run()
 6 SYSTEMPATH\Commands\Server\rewrite.php(47): require_once('FCPATH\\index.php')
CRITICAL - 2023-08-04 12:33:03 --> Undefined property: App\Controllers\OrderController::$input
in APPPATH\Controllers\OrderController.php on line 44.
 1 APPPATH\Controllers\OrderController.php(44): CodeIgniter\Debug\Exceptions->errorHandler(2, 'Undefined property: App\\Controllers\\OrderController::$input', 'APPPATH\\Controllers\\OrderController.php', 44)
 2 SYSTEMPATH\CodeIgniter.php(934): App\Controllers\OrderController->update_order_status()
 3 SYSTEMPATH\CodeIgniter.php(499): CodeIgniter\CodeIgniter->runController(Object(App\Controllers\OrderController))
 4 SYSTEMPATH\CodeIgniter.php(368): CodeIgniter\CodeIgniter->handleRequest(null, Object(Config\Cache), false)
 5 FCPATH\index.php(67): CodeIgniter\CodeIgniter->run()
 6 SYSTEMPATH\Commands\Server\rewrite.php(47): require_once('FCPATH\\index.php')
CRITICAL - 2023-08-04 12:35:39 --> Undefined property: App\Controllers\OrderController::$input
in APPPATH\Controllers\OrderController.php on line 44.
 1 APPPATH\Controllers\OrderController.php(44): CodeIgniter\Debug\Exceptions->errorHandler(2, 'Undefined property: App\\Controllers\\OrderController::$input', 'APPPATH\\Controllers\\OrderController.php', 44)
 2 SYSTEMPATH\CodeIgniter.php(934): App\Controllers\OrderController->update_order_status()
 3 SYSTEMPATH\CodeIgniter.php(499): CodeIgniter\CodeIgniter->runController(Object(App\Controllers\OrderController))
 4 SYSTEMPATH\CodeIgniter.php(368): CodeIgniter\CodeIgniter->handleRequest(null, Object(Config\Cache), false)
 5 FCPATH\index.php(67): CodeIgniter\CodeIgniter->run()
 6 SYSTEMPATH\Commands\Server\rewrite.php(47): require_once('FCPATH\\index.php')
CRITICAL - 2023-08-04 12:39:50 --> Undefined property: App\Controllers\OrderController::$input
in APPPATH\Controllers\OrderController.php on line 44.
 1 APPPATH\Controllers\OrderController.php(44): CodeIgniter\Debug\Exceptions->errorHandler(2, 'Undefined property: App\\Controllers\\OrderController::$input', 'APPPATH\\Controllers\\OrderController.php', 44)
 2 SYSTEMPATH\CodeIgniter.php(934): App\Controllers\OrderController->update_order_status()
 3 SYSTEMPATH\CodeIgniter.php(499): CodeIgniter\CodeIgniter->runController(Object(App\Controllers\OrderController))
 4 SYSTEMPATH\CodeIgniter.php(368): CodeIgniter\CodeIgniter->handleRequest(null, Object(Config\Cache), false)
 5 FCPATH\index.php(67): CodeIgniter\CodeIgniter->run()
 6 SYSTEMPATH\Commands\Server\rewrite.php(47): require_once('FCPATH\\index.php')
CRITICAL - 2023-08-04 12:40:01 --> Undefined property: App\Controllers\OrderController::$input
in APPPATH\Controllers\OrderController.php on line 44.
 1 APPPATH\Controllers\OrderController.php(44): CodeIgniter\Debug\Exceptions->errorHandler(2, 'Undefined property: App\\Controllers\\OrderController::$input', 'APPPATH\\Controllers\\OrderController.php', 44)
 2 SYSTEMPATH\CodeIgniter.php(934): App\Controllers\OrderController->update_order_status()
 3 SYSTEMPATH\CodeIgniter.php(499): CodeIgniter\CodeIgniter->runController(Object(App\Controllers\OrderController))
 4 SYSTEMPATH\CodeIgniter.php(368): CodeIgniter\CodeIgniter->handleRequest(null, Object(Config\Cache), false)
 5 FCPATH\index.php(67): CodeIgniter\CodeIgniter->run()
 6 SYSTEMPATH\Commands\Server\rewrite.php(47): require_once('FCPATH\\index.php')
CRITICAL - 2023-08-04 12:40:02 --> Undefined property: App\Controllers\OrderController::$input
in APPPATH\Controllers\OrderController.php on line 44.
 1 APPPATH\Controllers\OrderController.php(44): CodeIgniter\Debug\Exceptions->errorHandler(2, 'Undefined property: App\\Controllers\\OrderController::$input', 'APPPATH\\Controllers\\OrderController.php', 44)
 2 SYSTEMPATH\CodeIgniter.php(934): App\Controllers\OrderController->update_order_status()
 3 SYSTEMPATH\CodeIgniter.php(499): CodeIgniter\CodeIgniter->runController(Object(App\Controllers\OrderController))
 4 SYSTEMPATH\CodeIgniter.php(368): CodeIgniter\CodeIgniter->handleRequest(null, Object(Config\Cache), false)
 5 FCPATH\index.php(67): CodeIgniter\CodeIgniter->run()
 6 SYSTEMPATH\Commands\Server\rewrite.php(47): require_once('FCPATH\\index.php')
