CRITICAL - 2023-07-07 09:15:06 --> Undefined variable $Category
in APPPATH\Views\Admin\signin.php on line 34.
 1 APPPATH\Views\Admin\signin.php(34): CodeIgniter\Debug\Exceptions->errorHandler(2, 'Undefined variable $Category', 'APPPATH\\Views\\Admin\\signin.php', 34)
 2 SYSTEMPATH\View\View.php(213): include('APPPATH\\Views\\Admin\\signin.php')
 3 SYSTEMPATH\View\View.php(216): CodeIgniter\View\View->CodeIgniter\View\{closure}()
 4 SYSTEMPATH\Common.php(1184): CodeIgniter\View\View->render('Admin/signin', [], true)
 5 APPPATH\Controllers\AdminController.php(9): view('Admin/signin')
 6 SYSTEMPATH\CodeIgniter.php(934): App\Controllers\AdminController->index()
 7 SYSTEMPATH\CodeIgniter.php(499): CodeIgniter\CodeIgniter->runController(Object(App\Controllers\AdminController))
 8 SYSTEMPATH\CodeIgniter.php(368): CodeIgniter\CodeIgniter->handleRequest(null, Object(Config\Cache), false)
 9 FCPATH\index.php(67): CodeIgniter\CodeIgniter->run()
10 SYSTEMPATH\Commands\Server\rewrite.php(47): require_once('FCPATH\\index.php')
CRITICAL - 2023-07-07 09:15:07 --> Undefined variable $Category
in APPPATH\Views\Admin\signin.php on line 34.
 1 APPPATH\Views\Admin\signin.php(34): CodeIgniter\Debug\Exceptions->errorHandler(2, 'Undefined variable $Category', 'APPPATH\\Views\\Admin\\signin.php', 34)
 2 SYSTEMPATH\View\View.php(213): include('APPPATH\\Views\\Admin\\signin.php')
 3 SYSTEMPATH\View\View.php(216): CodeIgniter\View\View->CodeIgniter\View\{closure}()
 4 SYSTEMPATH\Common.php(1184): CodeIgniter\View\View->render('Admin/signin', [], true)
 5 APPPATH\Controllers\AdminController.php(9): view('Admin/signin')
 6 SYSTEMPATH\CodeIgniter.php(934): App\Controllers\AdminController->index()
 7 SYSTEMPATH\CodeIgniter.php(499): CodeIgniter\CodeIgniter->runController(Object(App\Controllers\AdminController))
 8 SYSTEMPATH\CodeIgniter.php(368): CodeIgniter\CodeIgniter->handleRequest(null, Object(Config\Cache), false)
 9 FCPATH\index.php(67): CodeIgniter\CodeIgniter->run()
10 SYSTEMPATH\Commands\Server\rewrite.php(47): require_once('FCPATH\\index.php')
CRITICAL - 2023-07-07 09:16:34 --> Undefined variable $Category
in APPPATH\Views\Admin\signin.php on line 34.
 1 APPPATH\Views\Admin\signin.php(34): CodeIgniter\Debug\Exceptions->errorHandler(2, 'Undefined variable $Category', 'APPPATH\\Views\\Admin\\signin.php', 34)
 2 SYSTEMPATH\View\View.php(213): include('APPPATH\\Views\\Admin\\signin.php')
 3 SYSTEMPATH\View\View.php(216): CodeIgniter\View\View->CodeIgniter\View\{closure}()
 4 SYSTEMPATH\Common.php(1184): CodeIgniter\View\View->render('Admin/signin', [], true)
 5 APPPATH\Controllers\AdminController.php(9): view('Admin/signin')
 6 SYSTEMPATH\CodeIgniter.php(934): App\Controllers\AdminController->index()
 7 SYSTEMPATH\CodeIgniter.php(499): CodeIgniter\CodeIgniter->runController(Object(App\Controllers\AdminController))
 8 SYSTEMPATH\CodeIgniter.php(368): CodeIgniter\CodeIgniter->handleRequest(null, Object(Config\Cache), false)
 9 FCPATH\index.php(67): CodeIgniter\CodeIgniter->run()
10 SYSTEMPATH\Commands\Server\rewrite.php(47): require_once('FCPATH\\index.php')
ERROR - 2023-07-07 10:08:29 --> mysqli_sql_exception: Table 'ecom.admin' doesn't exist in C:\xampp\htdocs\Darwin_Jewels\backend\system\Database\MySQLi\Connection.php:295
Stack trace:
#0 C:\xampp\htdocs\Darwin_Jewels\backend\system\Database\MySQLi\Connection.php(295): mysqli->query('SELECT 1\nFROM `...', 0)
#1 C:\xampp\htdocs\Darwin_Jewels\backend\system\Database\BaseConnection.php(691): CodeIgniter\Database\MySQLi\Connection->execute('SELECT 1\nFROM `...')
#2 C:\xampp\htdocs\Darwin_Jewels\backend\system\Database\BaseConnection.php(605): CodeIgniter\Database\BaseConnection->simpleQuery('SELECT 1\nFROM `...')
#3 C:\xampp\htdocs\Darwin_Jewels\backend\system\Database\BaseBuilder.php(1616): CodeIgniter\Database\BaseConnection->query('SELECT 1\nFROM `...', Array, false)
#4 C:\xampp\htdocs\Darwin_Jewels\backend\system\Validation\StrictRules\Rules.php(206): CodeIgniter\Database\BaseBuilder->get()
#5 C:\xampp\htdocs\Darwin_Jewels\backend\system\Validation\Validation.php(312): CodeIgniter\Validation\StrictRules\Rules->is_unique('dsfssdf', 'username', Array, NULL, 'username')
#6 C:\xampp\htdocs\Darwin_Jewels\backend\system\Validation\Validation.php(170): CodeIgniter\Validation\Validation->processRules('username', 'username', 'dsfssdf', Array, Array)
#7 C:\xampp\htdocs\Darwin_Jewels\backend\system\Controller.php(140): CodeIgniter\Validation\Validation->run()
#8 C:\xampp\htdocs\Darwin_Jewels\backend\app\Controllers\AdminController.php(15): CodeIgniter\Controller->validate(Array)
#9 C:\xampp\htdocs\Darwin_Jewels\backend\system\CodeIgniter.php(934): App\Controllers\AdminController->index()
#10 C:\xampp\htdocs\Darwin_Jewels\backend\system\CodeIgniter.php(499): CodeIgniter\CodeIgniter->runController(Object(App\Controllers\AdminController))
#11 C:\xampp\htdocs\Darwin_Jewels\backend\system\CodeIgniter.php(368): CodeIgniter\CodeIgniter->handleRequest(NULL, Object(Config\Cache), false)
#12 C:\xampp\htdocs\Darwin_Jewels\backend\public\index.php(67): CodeIgniter\CodeIgniter->run()
#13 C:\xampp\htdocs\Darwin_Jewels\backend\system\Commands\Server\rewrite.php(47): require_once('C:\\xampp\\htdocs...')
#14 {main}
CRITICAL - 2023-07-07 10:08:29 --> Table 'ecom.admin' doesn't exist
in SYSTEMPATH\Database\BaseConnection.php on line 645.
 1 SYSTEMPATH\Database\BaseBuilder.php(1616): CodeIgniter\Database\BaseConnection->query('SELECT 1
FROM `admin`
WHERE `username` = :username:
 LIMIT 1', [...], false)
 2 SYSTEMPATH\Validation\StrictRules\Rules.php(206): CodeIgniter\Database\BaseBuilder->get()
 3 SYSTEMPATH\Validation\Validation.php(312): CodeIgniter\Validation\StrictRules\Rules->is_unique('dsfssdf', 'username', [...], null, 'username')
 4 SYSTEMPATH\Validation\Validation.php(170): CodeIgniter\Validation\Validation->processRules('username', 'username', 'dsfssdf', [...], [...])
 5 SYSTEMPATH\Controller.php(140): CodeIgniter\Validation\Validation->run()
 6 APPPATH\Controllers\AdminController.php(15): CodeIgniter\Controller->validate([...])
 7 SYSTEMPATH\CodeIgniter.php(934): App\Controllers\AdminController->index()
 8 SYSTEMPATH\CodeIgniter.php(499): CodeIgniter\CodeIgniter->runController(Object(App\Controllers\AdminController))
 9 SYSTEMPATH\CodeIgniter.php(368): CodeIgniter\CodeIgniter->handleRequest(null, Object(Config\Cache), false)
10 FCPATH\index.php(67): CodeIgniter\CodeIgniter->run()
11 SYSTEMPATH\Commands\Server\rewrite.php(47): require_once('FCPATH\\index.php')
ERROR - 2023-07-07 10:08:40 --> mysqli_sql_exception: Table 'ecom.admin' doesn't exist in C:\xampp\htdocs\Darwin_Jewels\backend\system\Database\MySQLi\Connection.php:295
Stack trace:
#0 C:\xampp\htdocs\Darwin_Jewels\backend\system\Database\MySQLi\Connection.php(295): mysqli->query('SELECT 1\nFROM `...', 0)
#1 C:\xampp\htdocs\Darwin_Jewels\backend\system\Database\BaseConnection.php(691): CodeIgniter\Database\MySQLi\Connection->execute('SELECT 1\nFROM `...')
#2 C:\xampp\htdocs\Darwin_Jewels\backend\system\Database\BaseConnection.php(605): CodeIgniter\Database\BaseConnection->simpleQuery('SELECT 1\nFROM `...')
#3 C:\xampp\htdocs\Darwin_Jewels\backend\system\Database\BaseBuilder.php(1616): CodeIgniter\Database\BaseConnection->query('SELECT 1\nFROM `...', Array, false)
#4 C:\xampp\htdocs\Darwin_Jewels\backend\system\Validation\StrictRules\Rules.php(206): CodeIgniter\Database\BaseBuilder->get()
#5 C:\xampp\htdocs\Darwin_Jewels\backend\system\Validation\Validation.php(312): CodeIgniter\Validation\StrictRules\Rules->is_unique('dsfssdf', 'username', Array, NULL, 'username')
#6 C:\xampp\htdocs\Darwin_Jewels\backend\system\Validation\Validation.php(170): CodeIgniter\Validation\Validation->processRules('username', 'username', 'dsfssdf', Array, Array)
#7 C:\xampp\htdocs\Darwin_Jewels\backend\system\Controller.php(140): CodeIgniter\Validation\Validation->run()
#8 C:\xampp\htdocs\Darwin_Jewels\backend\app\Controllers\AdminController.php(15): CodeIgniter\Controller->validate(Array)
#9 C:\xampp\htdocs\Darwin_Jewels\backend\system\CodeIgniter.php(934): App\Controllers\AdminController->index()
#10 C:\xampp\htdocs\Darwin_Jewels\backend\system\CodeIgniter.php(499): CodeIgniter\CodeIgniter->runController(Object(App\Controllers\AdminController))
#11 C:\xampp\htdocs\Darwin_Jewels\backend\system\CodeIgniter.php(368): CodeIgniter\CodeIgniter->handleRequest(NULL, Object(Config\Cache), false)
#12 C:\xampp\htdocs\Darwin_Jewels\backend\public\index.php(67): CodeIgniter\CodeIgniter->run()
#13 C:\xampp\htdocs\Darwin_Jewels\backend\system\Commands\Server\rewrite.php(47): require_once('C:\\xampp\\htdocs...')
#14 {main}
CRITICAL - 2023-07-07 10:08:40 --> Table 'ecom.admin' doesn't exist
in SYSTEMPATH\Database\BaseConnection.php on line 645.
 1 SYSTEMPATH\Database\BaseBuilder.php(1616): CodeIgniter\Database\BaseConnection->query('SELECT 1
FROM `admin`
WHERE `username` = :username:
 LIMIT 1', [...], false)
 2 SYSTEMPATH\Validation\StrictRules\Rules.php(206): CodeIgniter\Database\BaseBuilder->get()
 3 SYSTEMPATH\Validation\Validation.php(312): CodeIgniter\Validation\StrictRules\Rules->is_unique('dsfssdf', 'username', [...], null, 'username')
 4 SYSTEMPATH\Validation\Validation.php(170): CodeIgniter\Validation\Validation->processRules('username', 'username', 'dsfssdf', [...], [...])
 5 SYSTEMPATH\Controller.php(140): CodeIgniter\Validation\Validation->run()
 6 APPPATH\Controllers\AdminController.php(15): CodeIgniter\Controller->validate([...])
 7 SYSTEMPATH\CodeIgniter.php(934): App\Controllers\AdminController->index()
 8 SYSTEMPATH\CodeIgniter.php(499): CodeIgniter\CodeIgniter->runController(Object(App\Controllers\AdminController))
 9 SYSTEMPATH\CodeIgniter.php(368): CodeIgniter\CodeIgniter->handleRequest(null, Object(Config\Cache), false)
10 FCPATH\index.php(67): CodeIgniter\CodeIgniter->run()
11 SYSTEMPATH\Commands\Server\rewrite.php(47): require_once('FCPATH\\index.php')
ERROR - 2023-07-07 10:08:45 --> mysqli_sql_exception: Table 'ecom.admin' doesn't exist in C:\xampp\htdocs\Darwin_Jewels\backend\system\Database\MySQLi\Connection.php:295
Stack trace:
#0 C:\xampp\htdocs\Darwin_Jewels\backend\system\Database\MySQLi\Connection.php(295): mysqli->query('SELECT 1\nFROM `...', 0)
#1 C:\xampp\htdocs\Darwin_Jewels\backend\system\Database\BaseConnection.php(691): CodeIgniter\Database\MySQLi\Connection->execute('SELECT 1\nFROM `...')
#2 C:\xampp\htdocs\Darwin_Jewels\backend\system\Database\BaseConnection.php(605): CodeIgniter\Database\BaseConnection->simpleQuery('SELECT 1\nFROM `...')
#3 C:\xampp\htdocs\Darwin_Jewels\backend\system\Database\BaseBuilder.php(1616): CodeIgniter\Database\BaseConnection->query('SELECT 1\nFROM `...', Array, false)
#4 C:\xampp\htdocs\Darwin_Jewels\backend\system\Validation\StrictRules\Rules.php(206): CodeIgniter\Database\BaseBuilder->get()
#5 C:\xampp\htdocs\Darwin_Jewels\backend\system\Validation\Validation.php(312): CodeIgniter\Validation\StrictRules\Rules->is_unique('dsfssdf', 'username', Array, NULL, 'username')
#6 C:\xampp\htdocs\Darwin_Jewels\backend\system\Validation\Validation.php(170): CodeIgniter\Validation\Validation->processRules('username', 'username', 'dsfssdf', Array, Array)
#7 C:\xampp\htdocs\Darwin_Jewels\backend\system\Controller.php(140): CodeIgniter\Validation\Validation->run()
#8 C:\xampp\htdocs\Darwin_Jewels\backend\app\Controllers\AdminController.php(15): CodeIgniter\Controller->validate(Array)
#9 C:\xampp\htdocs\Darwin_Jewels\backend\system\CodeIgniter.php(934): App\Controllers\AdminController->index()
#10 C:\xampp\htdocs\Darwin_Jewels\backend\system\CodeIgniter.php(499): CodeIgniter\CodeIgniter->runController(Object(App\Controllers\AdminController))
#11 C:\xampp\htdocs\Darwin_Jewels\backend\system\CodeIgniter.php(368): CodeIgniter\CodeIgniter->handleRequest(NULL, Object(Config\Cache), false)
#12 C:\xampp\htdocs\Darwin_Jewels\backend\public\index.php(67): CodeIgniter\CodeIgniter->run()
#13 C:\xampp\htdocs\Darwin_Jewels\backend\system\Commands\Server\rewrite.php(47): require_once('C:\\xampp\\htdocs...')
#14 {main}
CRITICAL - 2023-07-07 10:08:45 --> Table 'ecom.admin' doesn't exist
in SYSTEMPATH\Database\BaseConnection.php on line 645.
 1 SYSTEMPATH\Database\BaseBuilder.php(1616): CodeIgniter\Database\BaseConnection->query('SELECT 1
FROM `admin`
WHERE `username` = :username:
 LIMIT 1', [...], false)
 2 SYSTEMPATH\Validation\StrictRules\Rules.php(206): CodeIgniter\Database\BaseBuilder->get()
 3 SYSTEMPATH\Validation\Validation.php(312): CodeIgniter\Validation\StrictRules\Rules->is_unique('dsfssdf', 'username', [...], null, 'username')
 4 SYSTEMPATH\Validation\Validation.php(170): CodeIgniter\Validation\Validation->processRules('username', 'username', 'dsfssdf', [...], [...])
 5 SYSTEMPATH\Controller.php(140): CodeIgniter\Validation\Validation->run()
 6 APPPATH\Controllers\AdminController.php(15): CodeIgniter\Controller->validate([...])
 7 SYSTEMPATH\CodeIgniter.php(934): App\Controllers\AdminController->index()
 8 SYSTEMPATH\CodeIgniter.php(499): CodeIgniter\CodeIgniter->runController(Object(App\Controllers\AdminController))
 9 SYSTEMPATH\CodeIgniter.php(368): CodeIgniter\CodeIgniter->handleRequest(null, Object(Config\Cache), false)
10 FCPATH\index.php(67): CodeIgniter\CodeIgniter->run()
11 SYSTEMPATH\Commands\Server\rewrite.php(47): require_once('FCPATH\\index.php')
CRITICAL - 2023-07-07 11:25:08 --> Call to a member function listErrors() on string
in APPPATH\Views\Admin\signin.php on line 7.
 1 SYSTEMPATH\View\View.php(213): include()
 2 SYSTEMPATH\View\View.php(216): CodeIgniter\View\View->CodeIgniter\View\{closure}()
 3 SYSTEMPATH\Common.php(1184): CodeIgniter\View\View->render('Admin/signin', [], true)
 4 APPPATH\Controllers\AdminController.php(77): view('Admin/signin', [...])
 5 SYSTEMPATH\CodeIgniter.php(934): App\Controllers\AdminController->login()
 6 SYSTEMPATH\CodeIgniter.php(499): CodeIgniter\CodeIgniter->runController(Object(App\Controllers\AdminController))
 7 SYSTEMPATH\CodeIgniter.php(368): CodeIgniter\CodeIgniter->handleRequest(null, Object(Config\Cache), false)
 8 FCPATH\index.php(67): CodeIgniter\CodeIgniter->run()
 9 SYSTEMPATH\Commands\Server\rewrite.php(47): require_once('FCPATH\\index.php')
CRITICAL - 2023-07-07 11:25:37 --> Call to a member function listErrors() on string
in APPPATH\Views\Admin\signin.php on line 7.
 1 SYSTEMPATH\View\View.php(213): include()
 2 SYSTEMPATH\View\View.php(216): CodeIgniter\View\View->CodeIgniter\View\{closure}()
 3 SYSTEMPATH\Common.php(1184): CodeIgniter\View\View->render('Admin/signin', [], true)
 4 APPPATH\Controllers\AdminController.php(77): view('Admin/signin', [...])
 5 SYSTEMPATH\CodeIgniter.php(934): App\Controllers\AdminController->login()
 6 SYSTEMPATH\CodeIgniter.php(499): CodeIgniter\CodeIgniter->runController(Object(App\Controllers\AdminController))
 7 SYSTEMPATH\CodeIgniter.php(368): CodeIgniter\CodeIgniter->handleRequest(null, Object(Config\Cache), false)
 8 FCPATH\index.php(67): CodeIgniter\CodeIgniter->run()
 9 SYSTEMPATH\Commands\Server\rewrite.php(47): require_once('FCPATH\\index.php')
CRITICAL - 2023-07-07 11:25:49 --> Call to a member function listErrors() on string
in APPPATH\Views\Admin\signin.php on line 7.
 1 SYSTEMPATH\View\View.php(213): include()
 2 SYSTEMPATH\View\View.php(216): CodeIgniter\View\View->CodeIgniter\View\{closure}()
 3 SYSTEMPATH\Common.php(1184): CodeIgniter\View\View->render('Admin/signin', [], true)
 4 APPPATH\Controllers\AdminController.php(77): view('Admin/signin', [...])
 5 SYSTEMPATH\CodeIgniter.php(934): App\Controllers\AdminController->login()
 6 SYSTEMPATH\CodeIgniter.php(499): CodeIgniter\CodeIgniter->runController(Object(App\Controllers\AdminController))
 7 SYSTEMPATH\CodeIgniter.php(368): CodeIgniter\CodeIgniter->handleRequest(null, Object(Config\Cache), false)
 8 FCPATH\index.php(67): CodeIgniter\CodeIgniter->run()
 9 SYSTEMPATH\Commands\Server\rewrite.php(47): require_once('FCPATH\\index.php')
CRITICAL - 2023-07-07 11:26:44 --> Call to a member function listErrors() on string
in APPPATH\Views\Admin\signin.php on line 7.
 1 SYSTEMPATH\View\View.php(213): include()
 2 SYSTEMPATH\View\View.php(216): CodeIgniter\View\View->CodeIgniter\View\{closure}()
 3 SYSTEMPATH\Common.php(1184): CodeIgniter\View\View->render('Admin/signin', [], true)
 4 APPPATH\Controllers\AdminController.php(77): view('Admin/signin', [...])
 5 SYSTEMPATH\CodeIgniter.php(934): App\Controllers\AdminController->login()
 6 SYSTEMPATH\CodeIgniter.php(499): CodeIgniter\CodeIgniter->runController(Object(App\Controllers\AdminController))
 7 SYSTEMPATH\CodeIgniter.php(368): CodeIgniter\CodeIgniter->handleRequest(null, Object(Config\Cache), false)
 8 FCPATH\index.php(67): CodeIgniter\CodeIgniter->run()
 9 SYSTEMPATH\Commands\Server\rewrite.php(47): require_once('FCPATH\\index.php')
CRITICAL - 2023-07-07 11:26:59 --> Call to a member function listErrors() on string
in APPPATH\Views\Admin\signin.php on line 7.
 1 SYSTEMPATH\View\View.php(213): include()
 2 SYSTEMPATH\View\View.php(216): CodeIgniter\View\View->CodeIgniter\View\{closure}()
 3 SYSTEMPATH\Common.php(1184): CodeIgniter\View\View->render('Admin/signin', [], true)
 4 APPPATH\Controllers\AdminController.php(77): view('Admin/signin', [...])
 5 SYSTEMPATH\CodeIgniter.php(934): App\Controllers\AdminController->login()
 6 SYSTEMPATH\CodeIgniter.php(499): CodeIgniter\CodeIgniter->runController(Object(App\Controllers\AdminController))
 7 SYSTEMPATH\CodeIgniter.php(368): CodeIgniter\CodeIgniter->handleRequest(null, Object(Config\Cache), false)
 8 FCPATH\index.php(67): CodeIgniter\CodeIgniter->run()
 9 SYSTEMPATH\Commands\Server\rewrite.php(47): require_once('FCPATH\\index.php')
CRITICAL - 2023-07-07 11:31:57 --> Call to a member function listErrors() on string
in APPPATH\Views\Admin\signin.php on line 7.
 1 SYSTEMPATH\View\View.php(213): include()
 2 SYSTEMPATH\View\View.php(216): CodeIgniter\View\View->CodeIgniter\View\{closure}()
 3 SYSTEMPATH\Common.php(1184): CodeIgniter\View\View->render('Admin/signin', [], true)
 4 APPPATH\Controllers\AdminController.php(77): view('Admin/signin', [...])
 5 SYSTEMPATH\CodeIgniter.php(934): App\Controllers\AdminController->login()
 6 SYSTEMPATH\CodeIgniter.php(499): CodeIgniter\CodeIgniter->runController(Object(App\Controllers\AdminController))
 7 SYSTEMPATH\CodeIgniter.php(368): CodeIgniter\CodeIgniter->handleRequest(null, Object(Config\Cache), false)
 8 FCPATH\index.php(67): CodeIgniter\CodeIgniter->run()
 9 SYSTEMPATH\Commands\Server\rewrite.php(47): require_once('FCPATH\\index.php')
CRITICAL - 2023-07-07 11:32:49 --> Call to a member function listErrors() on string
in APPPATH\Views\Admin\signin.php on line 7.
 1 SYSTEMPATH\View\View.php(213): include()
 2 SYSTEMPATH\View\View.php(216): CodeIgniter\View\View->CodeIgniter\View\{closure}()
 3 SYSTEMPATH\Common.php(1184): CodeIgniter\View\View->render('Admin/signin', [], true)
 4 APPPATH\Controllers\AdminController.php(77): view('Admin/signin', [...])
 5 SYSTEMPATH\CodeIgniter.php(934): App\Controllers\AdminController->login()
 6 SYSTEMPATH\CodeIgniter.php(499): CodeIgniter\CodeIgniter->runController(Object(App\Controllers\AdminController))
 7 SYSTEMPATH\CodeIgniter.php(368): CodeIgniter\CodeIgniter->handleRequest(null, Object(Config\Cache), false)
 8 FCPATH\index.php(67): CodeIgniter\CodeIgniter->run()
 9 SYSTEMPATH\Commands\Server\rewrite.php(47): require_once('FCPATH\\index.php')
CRITICAL - 2023-07-07 11:34:43 --> Call to a member function listErrors() on string
in APPPATH\Views\Admin\signin.php on line 7.
 1 SYSTEMPATH\View\View.php(213): include()
 2 SYSTEMPATH\View\View.php(216): CodeIgniter\View\View->CodeIgniter\View\{closure}()
 3 SYSTEMPATH\Common.php(1184): CodeIgniter\View\View->render('Admin/signin', [], true)
 4 APPPATH\Controllers\AdminController.php(77): view('Admin/signin', [...])
 5 SYSTEMPATH\CodeIgniter.php(934): App\Controllers\AdminController->login()
 6 SYSTEMPATH\CodeIgniter.php(499): CodeIgniter\CodeIgniter->runController(Object(App\Controllers\AdminController))
 7 SYSTEMPATH\CodeIgniter.php(368): CodeIgniter\CodeIgniter->handleRequest(null, Object(Config\Cache), false)
 8 FCPATH\index.php(67): CodeIgniter\CodeIgniter->run()
 9 SYSTEMPATH\Commands\Server\rewrite.php(47): require_once('FCPATH\\index.php')
CRITICAL - 2023-07-07 11:34:58 --> Call to a member function listErrors() on string
in APPPATH\Views\Admin\signin.php on line 7.
 1 SYSTEMPATH\View\View.php(213): include()
 2 SYSTEMPATH\View\View.php(216): CodeIgniter\View\View->CodeIgniter\View\{closure}()
 3 SYSTEMPATH\Common.php(1184): CodeIgniter\View\View->render('Admin/signin', [], true)
 4 APPPATH\Controllers\AdminController.php(77): view('Admin/signin', [...])
 5 SYSTEMPATH\CodeIgniter.php(934): App\Controllers\AdminController->login()
 6 SYSTEMPATH\CodeIgniter.php(499): CodeIgniter\CodeIgniter->runController(Object(App\Controllers\AdminController))
 7 SYSTEMPATH\CodeIgniter.php(368): CodeIgniter\CodeIgniter->handleRequest(null, Object(Config\Cache), false)
 8 FCPATH\index.php(67): CodeIgniter\CodeIgniter->run()
 9 SYSTEMPATH\Commands\Server\rewrite.php(47): require_once('FCPATH\\index.php')
CRITICAL - 2023-07-07 11:36:28 --> Call to a member function listErrors() on string
in APPPATH\Views\Admin\signin.php on line 7.
 1 SYSTEMPATH\View\View.php(213): include()
 2 SYSTEMPATH\View\View.php(216): CodeIgniter\View\View->CodeIgniter\View\{closure}()
 3 SYSTEMPATH\Common.php(1184): CodeIgniter\View\View->render('Admin/signin', [], true)
 4 APPPATH\Controllers\AdminController.php(77): view('Admin/signin', [...])
 5 SYSTEMPATH\CodeIgniter.php(934): App\Controllers\AdminController->login()
 6 SYSTEMPATH\CodeIgniter.php(499): CodeIgniter\CodeIgniter->runController(Object(App\Controllers\AdminController))
 7 SYSTEMPATH\CodeIgniter.php(368): CodeIgniter\CodeIgniter->handleRequest(null, Object(Config\Cache), false)
 8 FCPATH\index.php(67): CodeIgniter\CodeIgniter->run()
 9 SYSTEMPATH\Commands\Server\rewrite.php(47): require_once('FCPATH\\index.php')
CRITICAL - 2023-07-07 12:09:52 --> Call to undefined method App\Models\AdminModel::updateOTP
in SYSTEMPATH\Model.php on line 842.
 1 APPPATH\Controllers\AdminController.php(106): CodeIgniter\Model->__call('updateOTP', [...])
 2 SYSTEMPATH\CodeIgniter.php(934): App\Controllers\AdminController->forgotPassword()
 3 SYSTEMPATH\CodeIgniter.php(499): CodeIgniter\CodeIgniter->runController(Object(App\Controllers\AdminController))
 4 SYSTEMPATH\CodeIgniter.php(368): CodeIgniter\CodeIgniter->handleRequest(null, Object(Config\Cache), false)
 5 FCPATH\index.php(67): CodeIgniter\CodeIgniter->run()
 6 SYSTEMPATH\Commands\Server\rewrite.php(47): require_once('FCPATH\\index.php')
CRITICAL - 2023-07-07 12:18:38 --> Call to undefined method App\Models\AdminModel::updateOTP
in SYSTEMPATH\Model.php on line 842.
 1 APPPATH\Controllers\AdminController.php(106): CodeIgniter\Model->__call('updateOTP', [...])
 2 SYSTEMPATH\CodeIgniter.php(934): App\Controllers\AdminController->forgotPassword()
 3 SYSTEMPATH\CodeIgniter.php(499): CodeIgniter\CodeIgniter->runController(Object(App\Controllers\AdminController))
 4 SYSTEMPATH\CodeIgniter.php(368): CodeIgniter\CodeIgniter->handleRequest(null, Object(Config\Cache), false)
 5 FCPATH\index.php(67): CodeIgniter\CodeIgniter->run()
 6 SYSTEMPATH\Commands\Server\rewrite.php(47): require_once('FCPATH\\index.php')
CRITICAL - 2023-07-07 12:23:12 --> There is no data to update.
in SYSTEMPATH\BaseModel.php on line 924.
 1 SYSTEMPATH\BaseModel.php(924): CodeIgniter\Database\Exceptions\DataException::forEmptyDataset('update')
 2 SYSTEMPATH\Model.php(756): CodeIgniter\BaseModel->update([...], [])
 3 APPPATH\Models\AdminModel.php(52): CodeIgniter\Model->update('1', [...])
 4 APPPATH\Controllers\AdminController.php(106): App\Models\AdminModel->updateOTP('1', 160209)
 5 SYSTEMPATH\CodeIgniter.php(934): App\Controllers\AdminController->forgotPassword()
 6 SYSTEMPATH\CodeIgniter.php(499): CodeIgniter\CodeIgniter->runController(Object(App\Controllers\AdminController))
 7 SYSTEMPATH\CodeIgniter.php(368): CodeIgniter\CodeIgniter->handleRequest(null, Object(Config\Cache), false)
 8 FCPATH\index.php(67): CodeIgniter\CodeIgniter->run()
 9 SYSTEMPATH\Commands\Server\rewrite.php(47): require_once('FCPATH\\index.php')
CRITICAL - 2023-07-07 12:23:28 --> There is no data to update.
in SYSTEMPATH\BaseModel.php on line 924.
 1 SYSTEMPATH\BaseModel.php(924): CodeIgniter\Database\Exceptions\DataException::forEmptyDataset('update')
 2 SYSTEMPATH\Model.php(756): CodeIgniter\BaseModel->update([...], [])
 3 APPPATH\Models\AdminModel.php(52): CodeIgniter\Model->update('1', [...])
 4 APPPATH\Controllers\AdminController.php(106): App\Models\AdminModel->updateOTP('1', 122354)
 5 SYSTEMPATH\CodeIgniter.php(934): App\Controllers\AdminController->forgotPassword()
 6 SYSTEMPATH\CodeIgniter.php(499): CodeIgniter\CodeIgniter->runController(Object(App\Controllers\AdminController))
 7 SYSTEMPATH\CodeIgniter.php(368): CodeIgniter\CodeIgniter->handleRequest(null, Object(Config\Cache), false)
 8 FCPATH\index.php(67): CodeIgniter\CodeIgniter->run()
 9 SYSTEMPATH\Commands\Server\rewrite.php(47): require_once('FCPATH\\index.php')
CRITICAL - 2023-07-07 12:24:32 --> strpos(): Argument #1 ($haystack) must be of type string, CodeIgniter\Email\Email given
in SYSTEMPATH\Email\Email.php on line 737.
 1 SYSTEMPATH\Email\Email.php(737): strpos(Object(CodeIgniter\Email\Email), ',')
 2 SYSTEMPATH\Email\Email.php(550): CodeIgniter\Email\Email->stringToArray(Object(CodeIgniter\Email\Email))
 3 APPPATH\Controllers\AdminController.php(140): CodeIgniter\Email\Email->setTo(Object(CodeIgniter\Email\Email))
 4 APPPATH\Controllers\AdminController.php(109): App\Controllers\AdminController->sendPasswordResetEmail('vishal', Object(CodeIgniter\Email\Email), 638621)
 5 SYSTEMPATH\CodeIgniter.php(934): App\Controllers\AdminController->forgotPassword()
 6 SYSTEMPATH\CodeIgniter.php(499): CodeIgniter\CodeIgniter->runController(Object(App\Controllers\AdminController))
 7 SYSTEMPATH\CodeIgniter.php(368): CodeIgniter\CodeIgniter->handleRequest(null, Object(Config\Cache), false)
 8 FCPATH\index.php(67): CodeIgniter\CodeIgniter->run()
 9 SYSTEMPATH\Commands\Server\rewrite.php(47): require_once('FCPATH\\index.php')
CRITICAL - 2023-07-07 12:24:41 --> strpos(): Argument #1 ($haystack) must be of type string, CodeIgniter\Email\Email given
in SYSTEMPATH\Email\Email.php on line 737.
 1 SYSTEMPATH\Email\Email.php(737): strpos(Object(CodeIgniter\Email\Email), ',')
 2 SYSTEMPATH\Email\Email.php(550): CodeIgniter\Email\Email->stringToArray(Object(CodeIgniter\Email\Email))
 3 APPPATH\Controllers\AdminController.php(140): CodeIgniter\Email\Email->setTo(Object(CodeIgniter\Email\Email))
 4 APPPATH\Controllers\AdminController.php(109): App\Controllers\AdminController->sendPasswordResetEmail('vishal', Object(CodeIgniter\Email\Email), 993584)
 5 SYSTEMPATH\CodeIgniter.php(934): App\Controllers\AdminController->forgotPassword()
 6 SYSTEMPATH\CodeIgniter.php(499): CodeIgniter\CodeIgniter->runController(Object(App\Controllers\AdminController))
 7 SYSTEMPATH\CodeIgniter.php(368): CodeIgniter\CodeIgniter->handleRequest(null, Object(Config\Cache), false)
 8 FCPATH\index.php(67): CodeIgniter\CodeIgniter->run()
 9 SYSTEMPATH\Commands\Server\rewrite.php(47): require_once('FCPATH\\index.php')
CRITICAL - 2023-07-07 12:29:04 --> Call to undefined function App\Controllers\generateOTP()
in APPPATH\Controllers\AdminController.php on line 98.
 1 SYSTEMPATH\CodeIgniter.php(934): App\Controllers\AdminController->forgotPassword()
 2 SYSTEMPATH\CodeIgniter.php(499): CodeIgniter\CodeIgniter->runController(Object(App\Controllers\AdminController))
 3 SYSTEMPATH\CodeIgniter.php(368): CodeIgniter\CodeIgniter->handleRequest(null, Object(Config\Cache), false)
 4 FCPATH\index.php(67): CodeIgniter\CodeIgniter->run()
 5 SYSTEMPATH\Commands\Server\rewrite.php(47): require_once('FCPATH\\index.php')
CRITICAL - 2023-07-07 12:30:34 --> Call to undefined function App\Controllers\generateOTP()
in APPPATH\Controllers\AdminController.php on line 98.
 1 SYSTEMPATH\CodeIgniter.php(934): App\Controllers\AdminController->forgotPassword()
 2 SYSTEMPATH\CodeIgniter.php(499): CodeIgniter\CodeIgniter->runController(Object(App\Controllers\AdminController))
 3 SYSTEMPATH\CodeIgniter.php(368): CodeIgniter\CodeIgniter->handleRequest(null, Object(Config\Cache), false)
 4 FCPATH\index.php(67): CodeIgniter\CodeIgniter->run()
 5 SYSTEMPATH\Commands\Server\rewrite.php(47): require_once('FCPATH\\index.php')
CRITICAL - 2023-07-07 12:30:41 --> Call to undefined function App\Controllers\generateOTP()
in APPPATH\Controllers\AdminController.php on line 98.
 1 SYSTEMPATH\CodeIgniter.php(934): App\Controllers\AdminController->forgotPassword()
 2 SYSTEMPATH\CodeIgniter.php(499): CodeIgniter\CodeIgniter->runController(Object(App\Controllers\AdminController))
 3 SYSTEMPATH\CodeIgniter.php(368): CodeIgniter\CodeIgniter->handleRequest(null, Object(Config\Cache), false)
 4 FCPATH\index.php(67): CodeIgniter\CodeIgniter->run()
 5 SYSTEMPATH\Commands\Server\rewrite.php(47): require_once('FCPATH\\index.php')
